[2022-11-11T06:47:23.025+0000] {taskinstance.py:1165} INFO - Dependencies all met for <TaskInstance: twitter_dag.etl scheduled__2022-11-10T00:00:00+00:00 [queued]>
[2022-11-11T06:47:23.043+0000] {taskinstance.py:1165} INFO - Dependencies all met for <TaskInstance: twitter_dag.etl scheduled__2022-11-10T00:00:00+00:00 [queued]>
[2022-11-11T06:47:23.044+0000] {taskinstance.py:1362} INFO - 
--------------------------------------------------------------------------------
[2022-11-11T06:47:23.046+0000] {taskinstance.py:1363} INFO - Starting attempt 1 of 1
[2022-11-11T06:47:23.050+0000] {taskinstance.py:1364} INFO - 
--------------------------------------------------------------------------------
[2022-11-11T06:47:23.091+0000] {taskinstance.py:1383} INFO - Executing <Task(PythonOperator): etl> on 2022-11-10 00:00:00+00:00
[2022-11-11T06:47:23.113+0000] {standard_task_runner.py:55} INFO - Started process 88 to run task
[2022-11-11T06:47:23.118+0000] {standard_task_runner.py:82} INFO - Running: ['***', 'tasks', 'run', 'twitter_dag', 'etl', 'scheduled__2022-11-10T00:00:00+00:00', '--job-id', '8', '--raw', '--subdir', 'DAGS_FOLDER/twitter_dag.py', '--cfg-path', '/tmp/tmp158wnfx6']
[2022-11-11T06:47:23.128+0000] {standard_task_runner.py:83} INFO - Job 8: Subtask etl
[2022-11-11T06:47:23.226+0000] {task_command.py:376} INFO - Running <TaskInstance: twitter_dag.etl scheduled__2022-11-10T00:00:00+00:00 [running]> on host a428794d5959
[2022-11-11T06:47:23.305+0000] {taskinstance.py:1592} INFO - Exporting the following env vars:
AIRFLOW_CTX_DAG_OWNER=***
AIRFLOW_CTX_DAG_ID=twitter_dag
AIRFLOW_CTX_TASK_ID=etl
AIRFLOW_CTX_EXECUTION_DATE=2022-11-10T00:00:00+00:00
AIRFLOW_CTX_TRY_NUMBER=1
AIRFLOW_CTX_DAG_RUN_ID=scheduled__2022-11-10T00:00:00+00:00
[2022-11-11T06:47:24.272+0000] {python.py:177} INFO - Done. Returned value was: None
[2022-11-11T06:47:24.288+0000] {taskinstance.py:1406} INFO - Marking task as SUCCESS. dag_id=twitter_dag, task_id=etl, execution_date=20221110T000000, start_date=20221111T064723, end_date=20221111T064724
[2022-11-11T06:47:24.327+0000] {local_task_job.py:164} INFO - Task exited with return code 0
[2022-11-11T06:47:24.350+0000] {local_task_job.py:273} INFO - 0 downstream tasks scheduled from follow-on schedule check
