[2022-11-11T06:47:23.047+0000] {taskinstance.py:1165} INFO - Dependencies all met for <TaskInstance: twitter_dag.etl manual__2022-11-11T06:47:20.702275+00:00 [queued]>
[2022-11-11T06:47:23.072+0000] {taskinstance.py:1165} INFO - Dependencies all met for <TaskInstance: twitter_dag.etl manual__2022-11-11T06:47:20.702275+00:00 [queued]>
[2022-11-11T06:47:23.074+0000] {taskinstance.py:1362} INFO - 
--------------------------------------------------------------------------------
[2022-11-11T06:47:23.074+0000] {taskinstance.py:1363} INFO - Starting attempt 1 of 1
[2022-11-11T06:47:23.075+0000] {taskinstance.py:1364} INFO - 
--------------------------------------------------------------------------------
[2022-11-11T06:47:23.108+0000] {taskinstance.py:1383} INFO - Executing <Task(PythonOperator): etl> on 2022-11-11 06:47:20.702275+00:00
[2022-11-11T06:47:23.117+0000] {standard_task_runner.py:55} INFO - Started process 89 to run task
[2022-11-11T06:47:23.136+0000] {standard_task_runner.py:82} INFO - Running: ['***', 'tasks', 'run', 'twitter_dag', 'etl', 'manual__2022-11-11T06:47:20.702275+00:00', '--job-id', '7', '--raw', '--subdir', 'DAGS_FOLDER/twitter_dag.py', '--cfg-path', '/tmp/tmpcrl6z40v']
[2022-11-11T06:47:23.142+0000] {standard_task_runner.py:83} INFO - Job 7: Subtask etl
[2022-11-11T06:47:23.234+0000] {task_command.py:376} INFO - Running <TaskInstance: twitter_dag.etl manual__2022-11-11T06:47:20.702275+00:00 [running]> on host a428794d5959
[2022-11-11T06:47:23.314+0000] {taskinstance.py:1592} INFO - Exporting the following env vars:
AIRFLOW_CTX_DAG_OWNER=***
AIRFLOW_CTX_DAG_ID=twitter_dag
AIRFLOW_CTX_TASK_ID=etl
AIRFLOW_CTX_EXECUTION_DATE=2022-11-11T06:47:20.702275+00:00
AIRFLOW_CTX_TRY_NUMBER=1
AIRFLOW_CTX_DAG_RUN_ID=manual__2022-11-11T06:47:20.702275+00:00
[2022-11-11T06:47:24.245+0000] {python.py:177} INFO - Done. Returned value was: None
[2022-11-11T06:47:24.260+0000] {taskinstance.py:1406} INFO - Marking task as SUCCESS. dag_id=twitter_dag, task_id=etl, execution_date=20221111T064720, start_date=20221111T064723, end_date=20221111T064724
[2022-11-11T06:47:24.290+0000] {local_task_job.py:164} INFO - Task exited with return code 0
[2022-11-11T06:47:24.310+0000] {local_task_job.py:273} INFO - 0 downstream tasks scheduled from follow-on schedule check
