[2022-11-11T01:36:31.897+0000] {processor.py:154} INFO - Started process (PID=47) to work on /home/airflow/.local/lib/python3.7/site-packages/airflow/example_dags/example_datasets.py
[2022-11-11T01:36:31.903+0000] {processor.py:756} INFO - Processing file /home/airflow/.local/lib/python3.7/site-packages/airflow/example_dags/example_datasets.py for tasks to queue
[2022-11-11T01:36:31.913+0000] {logging_mixin.py:120} INFO - [2022-11-11T01:36:31.912+0000] {dagbag.py:537} INFO - Filling up the DagBag from /home/airflow/.local/lib/python3.7/site-packages/airflow/example_dags/example_datasets.py
[2022-11-11T01:36:31.968+0000] {processor.py:766} INFO - DAG(s) dict_keys(['dataset_consumes_1', 'dataset_produces_2', 'dataset_produces_1', 'dataset_consumes_1_and_2', 'dataset_consumes_1_never_scheduled', 'dataset_consumes_unknown_never_scheduled']) retrieved from /home/airflow/.local/lib/python3.7/site-packages/airflow/example_dags/example_datasets.py
[2022-11-11T01:36:32.031+0000] {logging_mixin.py:120} INFO - [2022-11-11T01:36:32.031+0000] {dag.py:2585} INFO - Sync 6 DAGs
[2022-11-11T01:36:32.064+0000] {logging_mixin.py:120} INFO - [2022-11-11T01:36:32.064+0000] {dag.py:3340} INFO - Setting next_dagrun for dataset_consumes_1 to None, run_after=None
[2022-11-11T01:36:32.077+0000] {logging_mixin.py:120} INFO - [2022-11-11T01:36:32.077+0000] {dag.py:3340} INFO - Setting next_dagrun for dataset_consumes_1_and_2 to None, run_after=None
[2022-11-11T01:36:32.080+0000] {logging_mixin.py:120} INFO - [2022-11-11T01:36:32.080+0000] {dag.py:3340} INFO - Setting next_dagrun for dataset_consumes_1_never_scheduled to None, run_after=None
[2022-11-11T01:36:32.082+0000] {logging_mixin.py:120} INFO - [2022-11-11T01:36:32.082+0000] {dag.py:3340} INFO - Setting next_dagrun for dataset_consumes_unknown_never_scheduled to None, run_after=None
[2022-11-11T01:36:32.086+0000] {logging_mixin.py:120} INFO - [2022-11-11T01:36:32.086+0000] {dag.py:3340} INFO - Setting next_dagrun for dataset_produces_1 to 2022-11-10T00:00:00+00:00, run_after=2022-11-11T00:00:00+00:00
[2022-11-11T01:36:32.091+0000] {logging_mixin.py:120} INFO - [2022-11-11T01:36:32.091+0000] {dag.py:3340} INFO - Setting next_dagrun for dataset_produces_2 to None, run_after=None
[2022-11-11T01:36:32.126+0000] {processor.py:176} INFO - Processing /home/airflow/.local/lib/python3.7/site-packages/airflow/example_dags/example_datasets.py took 0.233 seconds
[2022-11-11T01:37:02.800+0000] {processor.py:154} INFO - Started process (PID=109) to work on /home/airflow/.local/lib/python3.7/site-packages/airflow/example_dags/example_datasets.py
[2022-11-11T01:37:02.802+0000] {processor.py:756} INFO - Processing file /home/airflow/.local/lib/python3.7/site-packages/airflow/example_dags/example_datasets.py for tasks to queue
[2022-11-11T01:37:02.804+0000] {logging_mixin.py:120} INFO - [2022-11-11T01:37:02.803+0000] {dagbag.py:537} INFO - Filling up the DagBag from /home/airflow/.local/lib/python3.7/site-packages/airflow/example_dags/example_datasets.py
[2022-11-11T01:37:02.818+0000] {processor.py:766} INFO - DAG(s) dict_keys(['dataset_consumes_unknown_never_scheduled', 'dataset_consumes_1_never_scheduled', 'dataset_produces_1', 'dataset_consumes_1', 'dataset_consumes_1_and_2', 'dataset_produces_2']) retrieved from /home/airflow/.local/lib/python3.7/site-packages/airflow/example_dags/example_datasets.py
[2022-11-11T01:37:02.898+0000] {logging_mixin.py:120} INFO - [2022-11-11T01:37:02.898+0000] {dag.py:2585} INFO - Sync 6 DAGs
[2022-11-11T01:37:02.915+0000] {logging_mixin.py:120} INFO - [2022-11-11T01:37:02.915+0000] {dag.py:3340} INFO - Setting next_dagrun for dataset_consumes_1 to None, run_after=None
[2022-11-11T01:37:02.919+0000] {logging_mixin.py:120} INFO - [2022-11-11T01:37:02.918+0000] {dag.py:3340} INFO - Setting next_dagrun for dataset_consumes_1_and_2 to None, run_after=None
[2022-11-11T01:37:02.920+0000] {logging_mixin.py:120} INFO - [2022-11-11T01:37:02.920+0000] {dag.py:3340} INFO - Setting next_dagrun for dataset_consumes_1_never_scheduled to None, run_after=None
[2022-11-11T01:37:02.922+0000] {logging_mixin.py:120} INFO - [2022-11-11T01:37:02.922+0000] {dag.py:3340} INFO - Setting next_dagrun for dataset_consumes_unknown_never_scheduled to None, run_after=None
[2022-11-11T01:37:02.926+0000] {logging_mixin.py:120} INFO - [2022-11-11T01:37:02.926+0000] {dag.py:3340} INFO - Setting next_dagrun for dataset_produces_1 to 2022-11-10T00:00:00+00:00, run_after=2022-11-11T00:00:00+00:00
[2022-11-11T01:37:02.928+0000] {logging_mixin.py:120} INFO - [2022-11-11T01:37:02.928+0000] {dag.py:3340} INFO - Setting next_dagrun for dataset_produces_2 to None, run_after=None
[2022-11-11T01:37:02.949+0000] {processor.py:176} INFO - Processing /home/airflow/.local/lib/python3.7/site-packages/airflow/example_dags/example_datasets.py took 0.151 seconds
[2022-11-11T01:37:33.622+0000] {processor.py:154} INFO - Started process (PID=173) to work on /home/airflow/.local/lib/python3.7/site-packages/airflow/example_dags/example_datasets.py
[2022-11-11T01:37:33.625+0000] {processor.py:756} INFO - Processing file /home/airflow/.local/lib/python3.7/site-packages/airflow/example_dags/example_datasets.py for tasks to queue
[2022-11-11T01:37:33.627+0000] {logging_mixin.py:120} INFO - [2022-11-11T01:37:33.627+0000] {dagbag.py:537} INFO - Filling up the DagBag from /home/airflow/.local/lib/python3.7/site-packages/airflow/example_dags/example_datasets.py
[2022-11-11T01:37:33.640+0000] {processor.py:766} INFO - DAG(s) dict_keys(['dataset_consumes_1_never_scheduled', 'dataset_consumes_unknown_never_scheduled', 'dataset_consumes_1_and_2', 'dataset_produces_1', 'dataset_produces_2', 'dataset_consumes_1']) retrieved from /home/airflow/.local/lib/python3.7/site-packages/airflow/example_dags/example_datasets.py
[2022-11-11T01:37:33.684+0000] {logging_mixin.py:120} INFO - [2022-11-11T01:37:33.684+0000] {dag.py:2585} INFO - Sync 6 DAGs
[2022-11-11T01:37:33.701+0000] {logging_mixin.py:120} INFO - [2022-11-11T01:37:33.701+0000] {dag.py:3340} INFO - Setting next_dagrun for dataset_consumes_1 to None, run_after=None
[2022-11-11T01:37:33.705+0000] {logging_mixin.py:120} INFO - [2022-11-11T01:37:33.705+0000] {dag.py:3340} INFO - Setting next_dagrun for dataset_consumes_1_and_2 to None, run_after=None
[2022-11-11T01:37:33.708+0000] {logging_mixin.py:120} INFO - [2022-11-11T01:37:33.708+0000] {dag.py:3340} INFO - Setting next_dagrun for dataset_consumes_1_never_scheduled to None, run_after=None
[2022-11-11T01:37:33.710+0000] {logging_mixin.py:120} INFO - [2022-11-11T01:37:33.710+0000] {dag.py:3340} INFO - Setting next_dagrun for dataset_consumes_unknown_never_scheduled to None, run_after=None
[2022-11-11T01:37:33.712+0000] {logging_mixin.py:120} INFO - [2022-11-11T01:37:33.712+0000] {dag.py:3340} INFO - Setting next_dagrun for dataset_produces_1 to 2022-11-10T00:00:00+00:00, run_after=2022-11-11T00:00:00+00:00
[2022-11-11T01:37:33.714+0000] {logging_mixin.py:120} INFO - [2022-11-11T01:37:33.714+0000] {dag.py:3340} INFO - Setting next_dagrun for dataset_produces_2 to None, run_after=None
[2022-11-11T01:37:33.736+0000] {processor.py:176} INFO - Processing /home/airflow/.local/lib/python3.7/site-packages/airflow/example_dags/example_datasets.py took 0.116 seconds
[2022-11-11T01:38:04.257+0000] {processor.py:154} INFO - Started process (PID=236) to work on /home/airflow/.local/lib/python3.7/site-packages/airflow/example_dags/example_datasets.py
[2022-11-11T01:38:04.260+0000] {processor.py:756} INFO - Processing file /home/airflow/.local/lib/python3.7/site-packages/airflow/example_dags/example_datasets.py for tasks to queue
[2022-11-11T01:38:04.262+0000] {logging_mixin.py:120} INFO - [2022-11-11T01:38:04.262+0000] {dagbag.py:537} INFO - Filling up the DagBag from /home/airflow/.local/lib/python3.7/site-packages/airflow/example_dags/example_datasets.py
[2022-11-11T01:38:04.275+0000] {processor.py:766} INFO - DAG(s) dict_keys(['dataset_consumes_1_and_2', 'dataset_consumes_1', 'dataset_produces_2', 'dataset_consumes_unknown_never_scheduled', 'dataset_consumes_1_never_scheduled', 'dataset_produces_1']) retrieved from /home/airflow/.local/lib/python3.7/site-packages/airflow/example_dags/example_datasets.py
[2022-11-11T01:38:04.336+0000] {logging_mixin.py:120} INFO - [2022-11-11T01:38:04.336+0000] {dag.py:2585} INFO - Sync 6 DAGs
[2022-11-11T01:38:04.356+0000] {logging_mixin.py:120} INFO - [2022-11-11T01:38:04.356+0000] {dag.py:3340} INFO - Setting next_dagrun for dataset_consumes_1 to None, run_after=None
[2022-11-11T01:38:04.360+0000] {logging_mixin.py:120} INFO - [2022-11-11T01:38:04.360+0000] {dag.py:3340} INFO - Setting next_dagrun for dataset_consumes_1_and_2 to None, run_after=None
[2022-11-11T01:38:04.362+0000] {logging_mixin.py:120} INFO - [2022-11-11T01:38:04.362+0000] {dag.py:3340} INFO - Setting next_dagrun for dataset_consumes_1_never_scheduled to None, run_after=None
[2022-11-11T01:38:04.364+0000] {logging_mixin.py:120} INFO - [2022-11-11T01:38:04.364+0000] {dag.py:3340} INFO - Setting next_dagrun for dataset_consumes_unknown_never_scheduled to None, run_after=None
[2022-11-11T01:38:04.368+0000] {logging_mixin.py:120} INFO - [2022-11-11T01:38:04.368+0000] {dag.py:3340} INFO - Setting next_dagrun for dataset_produces_1 to 2022-11-10T00:00:00+00:00, run_after=2022-11-11T00:00:00+00:00
[2022-11-11T01:38:04.371+0000] {logging_mixin.py:120} INFO - [2022-11-11T01:38:04.371+0000] {dag.py:3340} INFO - Setting next_dagrun for dataset_produces_2 to None, run_after=None
[2022-11-11T01:38:04.396+0000] {processor.py:176} INFO - Processing /home/airflow/.local/lib/python3.7/site-packages/airflow/example_dags/example_datasets.py took 0.141 seconds
[2022-11-11T01:38:34.894+0000] {processor.py:154} INFO - Started process (PID=300) to work on /home/airflow/.local/lib/python3.7/site-packages/airflow/example_dags/example_datasets.py
[2022-11-11T01:38:34.896+0000] {processor.py:756} INFO - Processing file /home/airflow/.local/lib/python3.7/site-packages/airflow/example_dags/example_datasets.py for tasks to queue
[2022-11-11T01:38:34.897+0000] {logging_mixin.py:120} INFO - [2022-11-11T01:38:34.897+0000] {dagbag.py:537} INFO - Filling up the DagBag from /home/airflow/.local/lib/python3.7/site-packages/airflow/example_dags/example_datasets.py
[2022-11-11T01:38:34.911+0000] {processor.py:766} INFO - DAG(s) dict_keys(['dataset_consumes_1_never_scheduled', 'dataset_produces_2', 'dataset_consumes_unknown_never_scheduled', 'dataset_consumes_1_and_2', 'dataset_consumes_1', 'dataset_produces_1']) retrieved from /home/airflow/.local/lib/python3.7/site-packages/airflow/example_dags/example_datasets.py
[2022-11-11T01:38:34.955+0000] {logging_mixin.py:120} INFO - [2022-11-11T01:38:34.955+0000] {dag.py:2585} INFO - Sync 6 DAGs
[2022-11-11T01:38:34.974+0000] {logging_mixin.py:120} INFO - [2022-11-11T01:38:34.973+0000] {dag.py:3340} INFO - Setting next_dagrun for dataset_consumes_1 to None, run_after=None
[2022-11-11T01:38:34.978+0000] {logging_mixin.py:120} INFO - [2022-11-11T01:38:34.977+0000] {dag.py:3340} INFO - Setting next_dagrun for dataset_consumes_1_and_2 to None, run_after=None
[2022-11-11T01:38:34.979+0000] {logging_mixin.py:120} INFO - [2022-11-11T01:38:34.979+0000] {dag.py:3340} INFO - Setting next_dagrun for dataset_consumes_1_never_scheduled to None, run_after=None
[2022-11-11T01:38:34.981+0000] {logging_mixin.py:120} INFO - [2022-11-11T01:38:34.981+0000] {dag.py:3340} INFO - Setting next_dagrun for dataset_consumes_unknown_never_scheduled to None, run_after=None
[2022-11-11T01:38:34.984+0000] {logging_mixin.py:120} INFO - [2022-11-11T01:38:34.983+0000] {dag.py:3340} INFO - Setting next_dagrun for dataset_produces_1 to 2022-11-10T00:00:00+00:00, run_after=2022-11-11T00:00:00+00:00
[2022-11-11T01:38:34.985+0000] {logging_mixin.py:120} INFO - [2022-11-11T01:38:34.985+0000] {dag.py:3340} INFO - Setting next_dagrun for dataset_produces_2 to None, run_after=None
[2022-11-11T01:38:35.014+0000] {processor.py:176} INFO - Processing /home/airflow/.local/lib/python3.7/site-packages/airflow/example_dags/example_datasets.py took 0.122 seconds
[2022-11-11T01:39:05.578+0000] {processor.py:154} INFO - Started process (PID=354) to work on /home/airflow/.local/lib/python3.7/site-packages/airflow/example_dags/example_datasets.py
[2022-11-11T01:39:05.582+0000] {processor.py:756} INFO - Processing file /home/airflow/.local/lib/python3.7/site-packages/airflow/example_dags/example_datasets.py for tasks to queue
[2022-11-11T01:39:05.583+0000] {logging_mixin.py:120} INFO - [2022-11-11T01:39:05.583+0000] {dagbag.py:537} INFO - Filling up the DagBag from /home/airflow/.local/lib/python3.7/site-packages/airflow/example_dags/example_datasets.py
[2022-11-11T01:39:05.597+0000] {processor.py:766} INFO - DAG(s) dict_keys(['dataset_consumes_unknown_never_scheduled', 'dataset_consumes_1_never_scheduled', 'dataset_produces_1', 'dataset_produces_2', 'dataset_consumes_1_and_2', 'dataset_consumes_1']) retrieved from /home/airflow/.local/lib/python3.7/site-packages/airflow/example_dags/example_datasets.py
[2022-11-11T01:39:05.642+0000] {logging_mixin.py:120} INFO - [2022-11-11T01:39:05.642+0000] {dag.py:2585} INFO - Sync 6 DAGs
[2022-11-11T01:39:05.662+0000] {logging_mixin.py:120} INFO - [2022-11-11T01:39:05.662+0000] {dag.py:3340} INFO - Setting next_dagrun for dataset_consumes_1 to None, run_after=None
[2022-11-11T01:39:05.666+0000] {logging_mixin.py:120} INFO - [2022-11-11T01:39:05.666+0000] {dag.py:3340} INFO - Setting next_dagrun for dataset_consumes_1_and_2 to None, run_after=None
[2022-11-11T01:39:05.668+0000] {logging_mixin.py:120} INFO - [2022-11-11T01:39:05.668+0000] {dag.py:3340} INFO - Setting next_dagrun for dataset_consumes_1_never_scheduled to None, run_after=None
[2022-11-11T01:39:05.670+0000] {logging_mixin.py:120} INFO - [2022-11-11T01:39:05.670+0000] {dag.py:3340} INFO - Setting next_dagrun for dataset_consumes_unknown_never_scheduled to None, run_after=None
[2022-11-11T01:39:05.673+0000] {logging_mixin.py:120} INFO - [2022-11-11T01:39:05.673+0000] {dag.py:3340} INFO - Setting next_dagrun for dataset_produces_1 to 2022-11-10T00:00:00+00:00, run_after=2022-11-11T00:00:00+00:00
[2022-11-11T01:39:05.674+0000] {logging_mixin.py:120} INFO - [2022-11-11T01:39:05.674+0000] {dag.py:3340} INFO - Setting next_dagrun for dataset_produces_2 to None, run_after=None
[2022-11-11T01:39:05.699+0000] {processor.py:176} INFO - Processing /home/airflow/.local/lib/python3.7/site-packages/airflow/example_dags/example_datasets.py took 0.123 seconds
[2022-11-11T01:39:36.369+0000] {processor.py:154} INFO - Started process (PID=416) to work on /home/airflow/.local/lib/python3.7/site-packages/airflow/example_dags/example_datasets.py
[2022-11-11T01:39:36.371+0000] {processor.py:756} INFO - Processing file /home/airflow/.local/lib/python3.7/site-packages/airflow/example_dags/example_datasets.py for tasks to queue
[2022-11-11T01:39:36.373+0000] {logging_mixin.py:120} INFO - [2022-11-11T01:39:36.373+0000] {dagbag.py:537} INFO - Filling up the DagBag from /home/airflow/.local/lib/python3.7/site-packages/airflow/example_dags/example_datasets.py
[2022-11-11T01:39:36.388+0000] {processor.py:766} INFO - DAG(s) dict_keys(['dataset_produces_1', 'dataset_consumes_1_never_scheduled', 'dataset_produces_2', 'dataset_consumes_1_and_2', 'dataset_consumes_1', 'dataset_consumes_unknown_never_scheduled']) retrieved from /home/airflow/.local/lib/python3.7/site-packages/airflow/example_dags/example_datasets.py
[2022-11-11T01:39:36.435+0000] {logging_mixin.py:120} INFO - [2022-11-11T01:39:36.435+0000] {dag.py:2585} INFO - Sync 6 DAGs
[2022-11-11T01:39:36.451+0000] {logging_mixin.py:120} INFO - [2022-11-11T01:39:36.451+0000] {dag.py:3340} INFO - Setting next_dagrun for dataset_consumes_1 to None, run_after=None
[2022-11-11T01:39:36.455+0000] {logging_mixin.py:120} INFO - [2022-11-11T01:39:36.454+0000] {dag.py:3340} INFO - Setting next_dagrun for dataset_consumes_1_and_2 to None, run_after=None
[2022-11-11T01:39:36.456+0000] {logging_mixin.py:120} INFO - [2022-11-11T01:39:36.456+0000] {dag.py:3340} INFO - Setting next_dagrun for dataset_consumes_1_never_scheduled to None, run_after=None
[2022-11-11T01:39:36.458+0000] {logging_mixin.py:120} INFO - [2022-11-11T01:39:36.458+0000] {dag.py:3340} INFO - Setting next_dagrun for dataset_consumes_unknown_never_scheduled to None, run_after=None
[2022-11-11T01:39:36.460+0000] {logging_mixin.py:120} INFO - [2022-11-11T01:39:36.460+0000] {dag.py:3340} INFO - Setting next_dagrun for dataset_produces_1 to 2022-11-10T00:00:00+00:00, run_after=2022-11-11T00:00:00+00:00
[2022-11-11T01:39:36.464+0000] {logging_mixin.py:120} INFO - [2022-11-11T01:39:36.463+0000] {dag.py:3340} INFO - Setting next_dagrun for dataset_produces_2 to None, run_after=None
[2022-11-11T01:39:36.482+0000] {processor.py:176} INFO - Processing /home/airflow/.local/lib/python3.7/site-packages/airflow/example_dags/example_datasets.py took 0.115 seconds
[2022-11-11T01:40:07.228+0000] {processor.py:154} INFO - Started process (PID=479) to work on /home/airflow/.local/lib/python3.7/site-packages/airflow/example_dags/example_datasets.py
[2022-11-11T01:40:07.230+0000] {processor.py:756} INFO - Processing file /home/airflow/.local/lib/python3.7/site-packages/airflow/example_dags/example_datasets.py for tasks to queue
[2022-11-11T01:40:07.231+0000] {logging_mixin.py:120} INFO - [2022-11-11T01:40:07.231+0000] {dagbag.py:537} INFO - Filling up the DagBag from /home/airflow/.local/lib/python3.7/site-packages/airflow/example_dags/example_datasets.py
[2022-11-11T01:40:07.244+0000] {processor.py:766} INFO - DAG(s) dict_keys(['dataset_consumes_unknown_never_scheduled', 'dataset_consumes_1', 'dataset_produces_1', 'dataset_consumes_1_never_scheduled', 'dataset_consumes_1_and_2', 'dataset_produces_2']) retrieved from /home/airflow/.local/lib/python3.7/site-packages/airflow/example_dags/example_datasets.py
[2022-11-11T01:40:07.290+0000] {logging_mixin.py:120} INFO - [2022-11-11T01:40:07.290+0000] {dag.py:2585} INFO - Sync 6 DAGs
[2022-11-11T01:40:07.307+0000] {logging_mixin.py:120} INFO - [2022-11-11T01:40:07.307+0000] {dag.py:3340} INFO - Setting next_dagrun for dataset_consumes_1 to None, run_after=None
[2022-11-11T01:40:07.311+0000] {logging_mixin.py:120} INFO - [2022-11-11T01:40:07.311+0000] {dag.py:3340} INFO - Setting next_dagrun for dataset_consumes_1_and_2 to None, run_after=None
[2022-11-11T01:40:07.313+0000] {logging_mixin.py:120} INFO - [2022-11-11T01:40:07.312+0000] {dag.py:3340} INFO - Setting next_dagrun for dataset_consumes_1_never_scheduled to None, run_after=None
[2022-11-11T01:40:07.314+0000] {logging_mixin.py:120} INFO - [2022-11-11T01:40:07.314+0000] {dag.py:3340} INFO - Setting next_dagrun for dataset_consumes_unknown_never_scheduled to None, run_after=None
[2022-11-11T01:40:07.317+0000] {logging_mixin.py:120} INFO - [2022-11-11T01:40:07.317+0000] {dag.py:3340} INFO - Setting next_dagrun for dataset_produces_1 to 2022-11-10T00:00:00+00:00, run_after=2022-11-11T00:00:00+00:00
[2022-11-11T01:40:07.319+0000] {logging_mixin.py:120} INFO - [2022-11-11T01:40:07.319+0000] {dag.py:3340} INFO - Setting next_dagrun for dataset_produces_2 to None, run_after=None
[2022-11-11T01:40:07.338+0000] {processor.py:176} INFO - Processing /home/airflow/.local/lib/python3.7/site-packages/airflow/example_dags/example_datasets.py took 0.112 seconds
[2022-11-11T01:40:37.874+0000] {processor.py:154} INFO - Started process (PID=541) to work on /home/airflow/.local/lib/python3.7/site-packages/airflow/example_dags/example_datasets.py
[2022-11-11T01:40:37.877+0000] {processor.py:756} INFO - Processing file /home/airflow/.local/lib/python3.7/site-packages/airflow/example_dags/example_datasets.py for tasks to queue
[2022-11-11T01:40:37.878+0000] {logging_mixin.py:120} INFO - [2022-11-11T01:40:37.878+0000] {dagbag.py:537} INFO - Filling up the DagBag from /home/airflow/.local/lib/python3.7/site-packages/airflow/example_dags/example_datasets.py
[2022-11-11T01:40:37.891+0000] {processor.py:766} INFO - DAG(s) dict_keys(['dataset_consumes_1_and_2', 'dataset_consumes_1_never_scheduled', 'dataset_consumes_1', 'dataset_produces_1', 'dataset_produces_2', 'dataset_consumes_unknown_never_scheduled']) retrieved from /home/airflow/.local/lib/python3.7/site-packages/airflow/example_dags/example_datasets.py
[2022-11-11T01:40:37.932+0000] {logging_mixin.py:120} INFO - [2022-11-11T01:40:37.932+0000] {dag.py:2585} INFO - Sync 6 DAGs
[2022-11-11T01:40:37.948+0000] {logging_mixin.py:120} INFO - [2022-11-11T01:40:37.948+0000] {dag.py:3340} INFO - Setting next_dagrun for dataset_consumes_1 to None, run_after=None
[2022-11-11T01:40:37.953+0000] {logging_mixin.py:120} INFO - [2022-11-11T01:40:37.953+0000] {dag.py:3340} INFO - Setting next_dagrun for dataset_consumes_1_and_2 to None, run_after=None
[2022-11-11T01:40:37.955+0000] {logging_mixin.py:120} INFO - [2022-11-11T01:40:37.955+0000] {dag.py:3340} INFO - Setting next_dagrun for dataset_consumes_1_never_scheduled to None, run_after=None
[2022-11-11T01:40:37.957+0000] {logging_mixin.py:120} INFO - [2022-11-11T01:40:37.957+0000] {dag.py:3340} INFO - Setting next_dagrun for dataset_consumes_unknown_never_scheduled to None, run_after=None
[2022-11-11T01:40:37.960+0000] {logging_mixin.py:120} INFO - [2022-11-11T01:40:37.960+0000] {dag.py:3340} INFO - Setting next_dagrun for dataset_produces_1 to 2022-11-10T00:00:00+00:00, run_after=2022-11-11T00:00:00+00:00
[2022-11-11T01:40:37.963+0000] {logging_mixin.py:120} INFO - [2022-11-11T01:40:37.962+0000] {dag.py:3340} INFO - Setting next_dagrun for dataset_produces_2 to None, run_after=None
[2022-11-11T01:40:37.980+0000] {processor.py:176} INFO - Processing /home/airflow/.local/lib/python3.7/site-packages/airflow/example_dags/example_datasets.py took 0.109 seconds
[2022-11-11T01:41:09.179+0000] {processor.py:154} INFO - Started process (PID=605) to work on /home/airflow/.local/lib/python3.7/site-packages/airflow/example_dags/example_datasets.py
[2022-11-11T01:41:09.182+0000] {processor.py:756} INFO - Processing file /home/airflow/.local/lib/python3.7/site-packages/airflow/example_dags/example_datasets.py for tasks to queue
[2022-11-11T01:41:09.183+0000] {logging_mixin.py:120} INFO - [2022-11-11T01:41:09.183+0000] {dagbag.py:537} INFO - Filling up the DagBag from /home/airflow/.local/lib/python3.7/site-packages/airflow/example_dags/example_datasets.py
[2022-11-11T01:41:09.199+0000] {processor.py:766} INFO - DAG(s) dict_keys(['dataset_consumes_1_never_scheduled', 'dataset_consumes_1_and_2', 'dataset_consumes_unknown_never_scheduled', 'dataset_consumes_1', 'dataset_produces_2', 'dataset_produces_1']) retrieved from /home/airflow/.local/lib/python3.7/site-packages/airflow/example_dags/example_datasets.py
[2022-11-11T01:41:09.255+0000] {logging_mixin.py:120} INFO - [2022-11-11T01:41:09.255+0000] {dag.py:2585} INFO - Sync 6 DAGs
[2022-11-11T01:41:09.275+0000] {logging_mixin.py:120} INFO - [2022-11-11T01:41:09.275+0000] {dag.py:3340} INFO - Setting next_dagrun for dataset_consumes_1 to None, run_after=None
[2022-11-11T01:41:09.279+0000] {logging_mixin.py:120} INFO - [2022-11-11T01:41:09.279+0000] {dag.py:3340} INFO - Setting next_dagrun for dataset_consumes_1_and_2 to None, run_after=None
[2022-11-11T01:41:09.281+0000] {logging_mixin.py:120} INFO - [2022-11-11T01:41:09.281+0000] {dag.py:3340} INFO - Setting next_dagrun for dataset_consumes_1_never_scheduled to None, run_after=None
[2022-11-11T01:41:09.283+0000] {logging_mixin.py:120} INFO - [2022-11-11T01:41:09.282+0000] {dag.py:3340} INFO - Setting next_dagrun for dataset_consumes_unknown_never_scheduled to None, run_after=None
[2022-11-11T01:41:09.286+0000] {logging_mixin.py:120} INFO - [2022-11-11T01:41:09.286+0000] {dag.py:3340} INFO - Setting next_dagrun for dataset_produces_1 to 2022-11-10T00:00:00+00:00, run_after=2022-11-11T00:00:00+00:00
[2022-11-11T01:41:09.289+0000] {logging_mixin.py:120} INFO - [2022-11-11T01:41:09.288+0000] {dag.py:3340} INFO - Setting next_dagrun for dataset_produces_2 to None, run_after=None
[2022-11-11T01:41:09.311+0000] {processor.py:176} INFO - Processing /home/airflow/.local/lib/python3.7/site-packages/airflow/example_dags/example_datasets.py took 0.137 seconds
