[2022-11-11T01:36:36.043+0000] {processor.py:154} INFO - Started process (PID=74) to work on /home/airflow/.local/lib/python3.7/site-packages/airflow/example_dags/example_xcom.py
[2022-11-11T01:36:36.057+0000] {processor.py:756} INFO - Processing file /home/airflow/.local/lib/python3.7/site-packages/airflow/example_dags/example_xcom.py for tasks to queue
[2022-11-11T01:36:36.060+0000] {logging_mixin.py:120} INFO - [2022-11-11T01:36:36.059+0000] {dagbag.py:537} INFO - Filling up the DagBag from /home/airflow/.local/lib/python3.7/site-packages/airflow/example_dags/example_xcom.py
[2022-11-11T01:36:36.101+0000] {processor.py:766} INFO - DAG(s) dict_keys(['example_xcom']) retrieved from /home/airflow/.local/lib/python3.7/site-packages/airflow/example_dags/example_xcom.py
[2022-11-11T01:36:36.138+0000] {logging_mixin.py:120} INFO - [2022-11-11T01:36:36.137+0000] {dag.py:2585} INFO - Sync 1 DAGs
[2022-11-11T01:36:36.159+0000] {logging_mixin.py:120} INFO - [2022-11-11T01:36:36.159+0000] {dag.py:3340} INFO - Setting next_dagrun for example_xcom to 2021-01-01T00:00:00+00:00, run_after=2021-01-01T00:00:00+00:00
[2022-11-11T01:36:36.188+0000] {processor.py:176} INFO - Processing /home/airflow/.local/lib/python3.7/site-packages/airflow/example_dags/example_xcom.py took 0.151 seconds
[2022-11-11T01:37:06.294+0000] {processor.py:154} INFO - Started process (PID=128) to work on /home/airflow/.local/lib/python3.7/site-packages/airflow/example_dags/example_xcom.py
[2022-11-11T01:37:06.296+0000] {processor.py:756} INFO - Processing file /home/airflow/.local/lib/python3.7/site-packages/airflow/example_dags/example_xcom.py for tasks to queue
[2022-11-11T01:37:06.298+0000] {logging_mixin.py:120} INFO - [2022-11-11T01:37:06.298+0000] {dagbag.py:537} INFO - Filling up the DagBag from /home/airflow/.local/lib/python3.7/site-packages/airflow/example_dags/example_xcom.py
[2022-11-11T01:37:06.318+0000] {processor.py:766} INFO - DAG(s) dict_keys(['example_xcom']) retrieved from /home/airflow/.local/lib/python3.7/site-packages/airflow/example_dags/example_xcom.py
[2022-11-11T01:37:06.349+0000] {logging_mixin.py:120} INFO - [2022-11-11T01:37:06.348+0000] {dag.py:2585} INFO - Sync 1 DAGs
[2022-11-11T01:37:06.365+0000] {logging_mixin.py:120} INFO - [2022-11-11T01:37:06.365+0000] {dag.py:3340} INFO - Setting next_dagrun for example_xcom to 2021-01-01T00:00:00+00:00, run_after=2021-01-01T00:00:00+00:00
[2022-11-11T01:37:06.379+0000] {processor.py:176} INFO - Processing /home/airflow/.local/lib/python3.7/site-packages/airflow/example_dags/example_xcom.py took 0.087 seconds
[2022-11-11T01:37:36.889+0000] {processor.py:154} INFO - Started process (PID=192) to work on /home/airflow/.local/lib/python3.7/site-packages/airflow/example_dags/example_xcom.py
[2022-11-11T01:37:36.891+0000] {processor.py:756} INFO - Processing file /home/airflow/.local/lib/python3.7/site-packages/airflow/example_dags/example_xcom.py for tasks to queue
[2022-11-11T01:37:36.892+0000] {logging_mixin.py:120} INFO - [2022-11-11T01:37:36.892+0000] {dagbag.py:537} INFO - Filling up the DagBag from /home/airflow/.local/lib/python3.7/site-packages/airflow/example_dags/example_xcom.py
[2022-11-11T01:37:36.909+0000] {processor.py:766} INFO - DAG(s) dict_keys(['example_xcom']) retrieved from /home/airflow/.local/lib/python3.7/site-packages/airflow/example_dags/example_xcom.py
[2022-11-11T01:37:36.943+0000] {logging_mixin.py:120} INFO - [2022-11-11T01:37:36.942+0000] {dag.py:2585} INFO - Sync 1 DAGs
[2022-11-11T01:37:36.959+0000] {logging_mixin.py:120} INFO - [2022-11-11T01:37:36.959+0000] {dag.py:3340} INFO - Setting next_dagrun for example_xcom to 2021-01-01T00:00:00+00:00, run_after=2021-01-01T00:00:00+00:00
[2022-11-11T01:37:36.973+0000] {processor.py:176} INFO - Processing /home/airflow/.local/lib/python3.7/site-packages/airflow/example_dags/example_xcom.py took 0.086 seconds
[2022-11-11T01:38:07.521+0000] {processor.py:154} INFO - Started process (PID=255) to work on /home/airflow/.local/lib/python3.7/site-packages/airflow/example_dags/example_xcom.py
[2022-11-11T01:38:07.522+0000] {processor.py:756} INFO - Processing file /home/airflow/.local/lib/python3.7/site-packages/airflow/example_dags/example_xcom.py for tasks to queue
[2022-11-11T01:38:07.525+0000] {logging_mixin.py:120} INFO - [2022-11-11T01:38:07.525+0000] {dagbag.py:537} INFO - Filling up the DagBag from /home/airflow/.local/lib/python3.7/site-packages/airflow/example_dags/example_xcom.py
[2022-11-11T01:38:07.540+0000] {processor.py:766} INFO - DAG(s) dict_keys(['example_xcom']) retrieved from /home/airflow/.local/lib/python3.7/site-packages/airflow/example_dags/example_xcom.py
[2022-11-11T01:38:07.575+0000] {logging_mixin.py:120} INFO - [2022-11-11T01:38:07.575+0000] {dag.py:2585} INFO - Sync 1 DAGs
[2022-11-11T01:38:07.598+0000] {logging_mixin.py:120} INFO - [2022-11-11T01:38:07.598+0000] {dag.py:3340} INFO - Setting next_dagrun for example_xcom to 2021-01-01T00:00:00+00:00, run_after=2021-01-01T00:00:00+00:00
[2022-11-11T01:38:07.615+0000] {processor.py:176} INFO - Processing /home/airflow/.local/lib/python3.7/site-packages/airflow/example_dags/example_xcom.py took 0.097 seconds
[2022-11-11T01:38:38.224+0000] {processor.py:154} INFO - Started process (PID=319) to work on /home/airflow/.local/lib/python3.7/site-packages/airflow/example_dags/example_xcom.py
[2022-11-11T01:38:38.227+0000] {processor.py:756} INFO - Processing file /home/airflow/.local/lib/python3.7/site-packages/airflow/example_dags/example_xcom.py for tasks to queue
[2022-11-11T01:38:38.228+0000] {logging_mixin.py:120} INFO - [2022-11-11T01:38:38.228+0000] {dagbag.py:537} INFO - Filling up the DagBag from /home/airflow/.local/lib/python3.7/site-packages/airflow/example_dags/example_xcom.py
[2022-11-11T01:38:38.246+0000] {processor.py:766} INFO - DAG(s) dict_keys(['example_xcom']) retrieved from /home/airflow/.local/lib/python3.7/site-packages/airflow/example_dags/example_xcom.py
[2022-11-11T01:38:38.285+0000] {logging_mixin.py:120} INFO - [2022-11-11T01:38:38.285+0000] {dag.py:2585} INFO - Sync 1 DAGs
[2022-11-11T01:38:38.303+0000] {logging_mixin.py:120} INFO - [2022-11-11T01:38:38.302+0000] {dag.py:3340} INFO - Setting next_dagrun for example_xcom to 2021-01-01T00:00:00+00:00, run_after=2021-01-01T00:00:00+00:00
[2022-11-11T01:38:38.318+0000] {processor.py:176} INFO - Processing /home/airflow/.local/lib/python3.7/site-packages/airflow/example_dags/example_xcom.py took 0.096 seconds
[2022-11-11T01:39:08.876+0000] {processor.py:154} INFO - Started process (PID=382) to work on /home/airflow/.local/lib/python3.7/site-packages/airflow/example_dags/example_xcom.py
[2022-11-11T01:39:08.878+0000] {processor.py:756} INFO - Processing file /home/airflow/.local/lib/python3.7/site-packages/airflow/example_dags/example_xcom.py for tasks to queue
[2022-11-11T01:39:08.880+0000] {logging_mixin.py:120} INFO - [2022-11-11T01:39:08.880+0000] {dagbag.py:537} INFO - Filling up the DagBag from /home/airflow/.local/lib/python3.7/site-packages/airflow/example_dags/example_xcom.py
[2022-11-11T01:39:08.899+0000] {processor.py:766} INFO - DAG(s) dict_keys(['example_xcom']) retrieved from /home/airflow/.local/lib/python3.7/site-packages/airflow/example_dags/example_xcom.py
[2022-11-11T01:39:08.935+0000] {logging_mixin.py:120} INFO - [2022-11-11T01:39:08.935+0000] {dag.py:2585} INFO - Sync 1 DAGs
[2022-11-11T01:39:08.954+0000] {logging_mixin.py:120} INFO - [2022-11-11T01:39:08.954+0000] {dag.py:3340} INFO - Setting next_dagrun for example_xcom to 2021-01-01T00:00:00+00:00, run_after=2021-01-01T00:00:00+00:00
[2022-11-11T01:39:08.971+0000] {processor.py:176} INFO - Processing /home/airflow/.local/lib/python3.7/site-packages/airflow/example_dags/example_xcom.py took 0.097 seconds
[2022-11-11T01:39:39.739+0000] {processor.py:154} INFO - Started process (PID=444) to work on /home/airflow/.local/lib/python3.7/site-packages/airflow/example_dags/example_xcom.py
[2022-11-11T01:39:39.741+0000] {processor.py:756} INFO - Processing file /home/airflow/.local/lib/python3.7/site-packages/airflow/example_dags/example_xcom.py for tasks to queue
[2022-11-11T01:39:39.743+0000] {logging_mixin.py:120} INFO - [2022-11-11T01:39:39.743+0000] {dagbag.py:537} INFO - Filling up the DagBag from /home/airflow/.local/lib/python3.7/site-packages/airflow/example_dags/example_xcom.py
[2022-11-11T01:39:39.761+0000] {processor.py:766} INFO - DAG(s) dict_keys(['example_xcom']) retrieved from /home/airflow/.local/lib/python3.7/site-packages/airflow/example_dags/example_xcom.py
[2022-11-11T01:39:39.798+0000] {logging_mixin.py:120} INFO - [2022-11-11T01:39:39.798+0000] {dag.py:2585} INFO - Sync 1 DAGs
[2022-11-11T01:39:39.816+0000] {logging_mixin.py:120} INFO - [2022-11-11T01:39:39.816+0000] {dag.py:3340} INFO - Setting next_dagrun for example_xcom to 2021-01-01T00:00:00+00:00, run_after=2021-01-01T00:00:00+00:00
[2022-11-11T01:39:39.831+0000] {processor.py:176} INFO - Processing /home/airflow/.local/lib/python3.7/site-packages/airflow/example_dags/example_xcom.py took 0.094 seconds
[2022-11-11T01:40:10.449+0000] {processor.py:154} INFO - Started process (PID=498) to work on /home/airflow/.local/lib/python3.7/site-packages/airflow/example_dags/example_xcom.py
[2022-11-11T01:40:10.450+0000] {processor.py:756} INFO - Processing file /home/airflow/.local/lib/python3.7/site-packages/airflow/example_dags/example_xcom.py for tasks to queue
[2022-11-11T01:40:10.452+0000] {logging_mixin.py:120} INFO - [2022-11-11T01:40:10.452+0000] {dagbag.py:537} INFO - Filling up the DagBag from /home/airflow/.local/lib/python3.7/site-packages/airflow/example_dags/example_xcom.py
[2022-11-11T01:40:10.472+0000] {processor.py:766} INFO - DAG(s) dict_keys(['example_xcom']) retrieved from /home/airflow/.local/lib/python3.7/site-packages/airflow/example_dags/example_xcom.py
[2022-11-11T01:40:10.508+0000] {logging_mixin.py:120} INFO - [2022-11-11T01:40:10.508+0000] {dag.py:2585} INFO - Sync 1 DAGs
[2022-11-11T01:40:10.529+0000] {logging_mixin.py:120} INFO - [2022-11-11T01:40:10.529+0000] {dag.py:3340} INFO - Setting next_dagrun for example_xcom to 2021-01-01T00:00:00+00:00, run_after=2021-01-01T00:00:00+00:00
[2022-11-11T01:40:10.549+0000] {processor.py:176} INFO - Processing /home/airflow/.local/lib/python3.7/site-packages/airflow/example_dags/example_xcom.py took 0.103 seconds
[2022-11-11T01:40:41.406+0000] {processor.py:154} INFO - Started process (PID=560) to work on /home/airflow/.local/lib/python3.7/site-packages/airflow/example_dags/example_xcom.py
[2022-11-11T01:40:41.407+0000] {processor.py:756} INFO - Processing file /home/airflow/.local/lib/python3.7/site-packages/airflow/example_dags/example_xcom.py for tasks to queue
[2022-11-11T01:40:41.409+0000] {logging_mixin.py:120} INFO - [2022-11-11T01:40:41.409+0000] {dagbag.py:537} INFO - Filling up the DagBag from /home/airflow/.local/lib/python3.7/site-packages/airflow/example_dags/example_xcom.py
[2022-11-11T01:40:41.425+0000] {processor.py:766} INFO - DAG(s) dict_keys(['example_xcom']) retrieved from /home/airflow/.local/lib/python3.7/site-packages/airflow/example_dags/example_xcom.py
[2022-11-11T01:40:41.466+0000] {logging_mixin.py:120} INFO - [2022-11-11T01:40:41.465+0000] {dag.py:2585} INFO - Sync 1 DAGs
[2022-11-11T01:40:41.485+0000] {logging_mixin.py:120} INFO - [2022-11-11T01:40:41.485+0000] {dag.py:3340} INFO - Setting next_dagrun for example_xcom to 2021-01-01T00:00:00+00:00, run_after=2021-01-01T00:00:00+00:00
[2022-11-11T01:40:41.499+0000] {processor.py:176} INFO - Processing /home/airflow/.local/lib/python3.7/site-packages/airflow/example_dags/example_xcom.py took 0.096 seconds
[2022-11-11T01:41:11.618+0000] {processor.py:154} INFO - Started process (PID=624) to work on /home/airflow/.local/lib/python3.7/site-packages/airflow/example_dags/example_xcom.py
[2022-11-11T01:41:11.620+0000] {processor.py:756} INFO - Processing file /home/airflow/.local/lib/python3.7/site-packages/airflow/example_dags/example_xcom.py for tasks to queue
[2022-11-11T01:41:11.621+0000] {logging_mixin.py:120} INFO - [2022-11-11T01:41:11.621+0000] {dagbag.py:537} INFO - Filling up the DagBag from /home/airflow/.local/lib/python3.7/site-packages/airflow/example_dags/example_xcom.py
[2022-11-11T01:41:11.638+0000] {processor.py:766} INFO - DAG(s) dict_keys(['example_xcom']) retrieved from /home/airflow/.local/lib/python3.7/site-packages/airflow/example_dags/example_xcom.py
[2022-11-11T01:41:11.676+0000] {logging_mixin.py:120} INFO - [2022-11-11T01:41:11.676+0000] {dag.py:2585} INFO - Sync 1 DAGs
[2022-11-11T01:41:11.695+0000] {logging_mixin.py:120} INFO - [2022-11-11T01:41:11.695+0000] {dag.py:3340} INFO - Setting next_dagrun for example_xcom to 2021-01-01T00:00:00+00:00, run_after=2021-01-01T00:00:00+00:00
[2022-11-11T01:41:11.710+0000] {processor.py:176} INFO - Processing /home/airflow/.local/lib/python3.7/site-packages/airflow/example_dags/example_xcom.py took 0.095 seconds
