[2022-11-11T01:36:32.942+0000] {processor.py:154} INFO - Started process (PID=55) to work on /home/airflow/.local/lib/python3.7/site-packages/airflow/example_dags/example_external_task_marker_dag.py
[2022-11-11T01:36:32.945+0000] {processor.py:756} INFO - Processing file /home/airflow/.local/lib/python3.7/site-packages/airflow/example_dags/example_external_task_marker_dag.py for tasks to queue
[2022-11-11T01:36:32.947+0000] {logging_mixin.py:120} INFO - [2022-11-11T01:36:32.947+0000] {dagbag.py:537} INFO - Filling up the DagBag from /home/airflow/.local/lib/python3.7/site-packages/airflow/example_dags/example_external_task_marker_dag.py
[2022-11-11T01:36:32.999+0000] {processor.py:766} INFO - DAG(s) dict_keys(['example_external_task_marker_parent', 'example_external_task_marker_child']) retrieved from /home/airflow/.local/lib/python3.7/site-packages/airflow/example_dags/example_external_task_marker_dag.py
[2022-11-11T01:36:33.063+0000] {logging_mixin.py:120} INFO - [2022-11-11T01:36:33.063+0000] {dag.py:2585} INFO - Sync 2 DAGs
[2022-11-11T01:36:33.216+0000] {logging_mixin.py:120} INFO - [2022-11-11T01:36:33.216+0000] {dag.py:3340} INFO - Setting next_dagrun for example_external_task_marker_child to None, run_after=None
[2022-11-11T01:36:33.238+0000] {logging_mixin.py:120} INFO - [2022-11-11T01:36:33.238+0000] {dag.py:3340} INFO - Setting next_dagrun for example_external_task_marker_parent to None, run_after=None
[2022-11-11T01:36:33.259+0000] {processor.py:176} INFO - Processing /home/airflow/.local/lib/python3.7/site-packages/airflow/example_dags/example_external_task_marker_dag.py took 0.328 seconds
[2022-11-11T01:37:03.373+0000] {processor.py:154} INFO - Started process (PID=117) to work on /home/airflow/.local/lib/python3.7/site-packages/airflow/example_dags/example_external_task_marker_dag.py
[2022-11-11T01:37:03.376+0000] {processor.py:756} INFO - Processing file /home/airflow/.local/lib/python3.7/site-packages/airflow/example_dags/example_external_task_marker_dag.py for tasks to queue
[2022-11-11T01:37:03.378+0000] {logging_mixin.py:120} INFO - [2022-11-11T01:37:03.378+0000] {dagbag.py:537} INFO - Filling up the DagBag from /home/airflow/.local/lib/python3.7/site-packages/airflow/example_dags/example_external_task_marker_dag.py
[2022-11-11T01:37:03.391+0000] {processor.py:766} INFO - DAG(s) dict_keys(['example_external_task_marker_parent', 'example_external_task_marker_child']) retrieved from /home/airflow/.local/lib/python3.7/site-packages/airflow/example_dags/example_external_task_marker_dag.py
[2022-11-11T01:37:03.521+0000] {logging_mixin.py:120} INFO - [2022-11-11T01:37:03.521+0000] {dag.py:2585} INFO - Sync 2 DAGs
[2022-11-11T01:37:03.537+0000] {logging_mixin.py:120} INFO - [2022-11-11T01:37:03.537+0000] {dag.py:3340} INFO - Setting next_dagrun for example_external_task_marker_child to None, run_after=None
[2022-11-11T01:37:03.540+0000] {logging_mixin.py:120} INFO - [2022-11-11T01:37:03.540+0000] {dag.py:3340} INFO - Setting next_dagrun for example_external_task_marker_parent to None, run_after=None
[2022-11-11T01:37:03.554+0000] {processor.py:176} INFO - Processing /home/airflow/.local/lib/python3.7/site-packages/airflow/example_dags/example_external_task_marker_dag.py took 0.184 seconds
[2022-11-11T01:37:34.261+0000] {processor.py:154} INFO - Started process (PID=181) to work on /home/airflow/.local/lib/python3.7/site-packages/airflow/example_dags/example_external_task_marker_dag.py
[2022-11-11T01:37:34.264+0000] {processor.py:756} INFO - Processing file /home/airflow/.local/lib/python3.7/site-packages/airflow/example_dags/example_external_task_marker_dag.py for tasks to queue
[2022-11-11T01:37:34.265+0000] {logging_mixin.py:120} INFO - [2022-11-11T01:37:34.265+0000] {dagbag.py:537} INFO - Filling up the DagBag from /home/airflow/.local/lib/python3.7/site-packages/airflow/example_dags/example_external_task_marker_dag.py
[2022-11-11T01:37:34.282+0000] {processor.py:766} INFO - DAG(s) dict_keys(['example_external_task_marker_parent', 'example_external_task_marker_child']) retrieved from /home/airflow/.local/lib/python3.7/site-packages/airflow/example_dags/example_external_task_marker_dag.py
[2022-11-11T01:37:34.389+0000] {logging_mixin.py:120} INFO - [2022-11-11T01:37:34.389+0000] {dag.py:2585} INFO - Sync 2 DAGs
[2022-11-11T01:37:34.406+0000] {logging_mixin.py:120} INFO - [2022-11-11T01:37:34.406+0000] {dag.py:3340} INFO - Setting next_dagrun for example_external_task_marker_child to None, run_after=None
[2022-11-11T01:37:34.410+0000] {logging_mixin.py:120} INFO - [2022-11-11T01:37:34.410+0000] {dag.py:3340} INFO - Setting next_dagrun for example_external_task_marker_parent to None, run_after=None
[2022-11-11T01:37:34.422+0000] {processor.py:176} INFO - Processing /home/airflow/.local/lib/python3.7/site-packages/airflow/example_dags/example_external_task_marker_dag.py took 0.164 seconds
[2022-11-11T01:38:04.822+0000] {processor.py:154} INFO - Started process (PID=244) to work on /home/airflow/.local/lib/python3.7/site-packages/airflow/example_dags/example_external_task_marker_dag.py
[2022-11-11T01:38:04.824+0000] {processor.py:756} INFO - Processing file /home/airflow/.local/lib/python3.7/site-packages/airflow/example_dags/example_external_task_marker_dag.py for tasks to queue
[2022-11-11T01:38:04.825+0000] {logging_mixin.py:120} INFO - [2022-11-11T01:38:04.825+0000] {dagbag.py:537} INFO - Filling up the DagBag from /home/airflow/.local/lib/python3.7/site-packages/airflow/example_dags/example_external_task_marker_dag.py
[2022-11-11T01:38:04.837+0000] {processor.py:766} INFO - DAG(s) dict_keys(['example_external_task_marker_child', 'example_external_task_marker_parent']) retrieved from /home/airflow/.local/lib/python3.7/site-packages/airflow/example_dags/example_external_task_marker_dag.py
[2022-11-11T01:38:04.944+0000] {logging_mixin.py:120} INFO - [2022-11-11T01:38:04.944+0000] {dag.py:2585} INFO - Sync 2 DAGs
[2022-11-11T01:38:04.960+0000] {logging_mixin.py:120} INFO - [2022-11-11T01:38:04.960+0000] {dag.py:3340} INFO - Setting next_dagrun for example_external_task_marker_child to None, run_after=None
[2022-11-11T01:38:04.964+0000] {logging_mixin.py:120} INFO - [2022-11-11T01:38:04.964+0000] {dag.py:3340} INFO - Setting next_dagrun for example_external_task_marker_parent to None, run_after=None
[2022-11-11T01:38:04.977+0000] {processor.py:176} INFO - Processing /home/airflow/.local/lib/python3.7/site-packages/airflow/example_dags/example_external_task_marker_dag.py took 0.157 seconds
[2022-11-11T01:38:35.561+0000] {processor.py:154} INFO - Started process (PID=308) to work on /home/airflow/.local/lib/python3.7/site-packages/airflow/example_dags/example_external_task_marker_dag.py
[2022-11-11T01:38:35.563+0000] {processor.py:756} INFO - Processing file /home/airflow/.local/lib/python3.7/site-packages/airflow/example_dags/example_external_task_marker_dag.py for tasks to queue
[2022-11-11T01:38:35.564+0000] {logging_mixin.py:120} INFO - [2022-11-11T01:38:35.564+0000] {dagbag.py:537} INFO - Filling up the DagBag from /home/airflow/.local/lib/python3.7/site-packages/airflow/example_dags/example_external_task_marker_dag.py
[2022-11-11T01:38:35.575+0000] {processor.py:766} INFO - DAG(s) dict_keys(['example_external_task_marker_child', 'example_external_task_marker_parent']) retrieved from /home/airflow/.local/lib/python3.7/site-packages/airflow/example_dags/example_external_task_marker_dag.py
[2022-11-11T01:38:35.675+0000] {logging_mixin.py:120} INFO - [2022-11-11T01:38:35.675+0000] {dag.py:2585} INFO - Sync 2 DAGs
[2022-11-11T01:38:35.693+0000] {logging_mixin.py:120} INFO - [2022-11-11T01:38:35.692+0000] {dag.py:3340} INFO - Setting next_dagrun for example_external_task_marker_child to None, run_after=None
[2022-11-11T01:38:35.696+0000] {logging_mixin.py:120} INFO - [2022-11-11T01:38:35.696+0000] {dag.py:3340} INFO - Setting next_dagrun for example_external_task_marker_parent to None, run_after=None
[2022-11-11T01:38:35.707+0000] {processor.py:176} INFO - Processing /home/airflow/.local/lib/python3.7/site-packages/airflow/example_dags/example_external_task_marker_dag.py took 0.149 seconds
[2022-11-11T01:39:06.120+0000] {processor.py:154} INFO - Started process (PID=362) to work on /home/airflow/.local/lib/python3.7/site-packages/airflow/example_dags/example_external_task_marker_dag.py
[2022-11-11T01:39:06.124+0000] {processor.py:756} INFO - Processing file /home/airflow/.local/lib/python3.7/site-packages/airflow/example_dags/example_external_task_marker_dag.py for tasks to queue
[2022-11-11T01:39:06.125+0000] {logging_mixin.py:120} INFO - [2022-11-11T01:39:06.124+0000] {dagbag.py:537} INFO - Filling up the DagBag from /home/airflow/.local/lib/python3.7/site-packages/airflow/example_dags/example_external_task_marker_dag.py
[2022-11-11T01:39:06.136+0000] {processor.py:766} INFO - DAG(s) dict_keys(['example_external_task_marker_parent', 'example_external_task_marker_child']) retrieved from /home/airflow/.local/lib/python3.7/site-packages/airflow/example_dags/example_external_task_marker_dag.py
[2022-11-11T01:39:06.250+0000] {logging_mixin.py:120} INFO - [2022-11-11T01:39:06.250+0000] {dag.py:2585} INFO - Sync 2 DAGs
[2022-11-11T01:39:06.267+0000] {logging_mixin.py:120} INFO - [2022-11-11T01:39:06.267+0000] {dag.py:3340} INFO - Setting next_dagrun for example_external_task_marker_child to None, run_after=None
[2022-11-11T01:39:06.271+0000] {logging_mixin.py:120} INFO - [2022-11-11T01:39:06.271+0000] {dag.py:3340} INFO - Setting next_dagrun for example_external_task_marker_parent to None, run_after=None
[2022-11-11T01:39:06.283+0000] {processor.py:176} INFO - Processing /home/airflow/.local/lib/python3.7/site-packages/airflow/example_dags/example_external_task_marker_dag.py took 0.166 seconds
[2022-11-11T01:39:36.981+0000] {processor.py:154} INFO - Started process (PID=424) to work on /home/airflow/.local/lib/python3.7/site-packages/airflow/example_dags/example_external_task_marker_dag.py
[2022-11-11T01:39:36.984+0000] {processor.py:756} INFO - Processing file /home/airflow/.local/lib/python3.7/site-packages/airflow/example_dags/example_external_task_marker_dag.py for tasks to queue
[2022-11-11T01:39:36.985+0000] {logging_mixin.py:120} INFO - [2022-11-11T01:39:36.985+0000] {dagbag.py:537} INFO - Filling up the DagBag from /home/airflow/.local/lib/python3.7/site-packages/airflow/example_dags/example_external_task_marker_dag.py
[2022-11-11T01:39:36.995+0000] {processor.py:766} INFO - DAG(s) dict_keys(['example_external_task_marker_parent', 'example_external_task_marker_child']) retrieved from /home/airflow/.local/lib/python3.7/site-packages/airflow/example_dags/example_external_task_marker_dag.py
[2022-11-11T01:39:37.104+0000] {logging_mixin.py:120} INFO - [2022-11-11T01:39:37.104+0000] {dag.py:2585} INFO - Sync 2 DAGs
[2022-11-11T01:39:37.119+0000] {logging_mixin.py:120} INFO - [2022-11-11T01:39:37.119+0000] {dag.py:3340} INFO - Setting next_dagrun for example_external_task_marker_child to None, run_after=None
[2022-11-11T01:39:37.122+0000] {logging_mixin.py:120} INFO - [2022-11-11T01:39:37.122+0000] {dag.py:3340} INFO - Setting next_dagrun for example_external_task_marker_parent to None, run_after=None
[2022-11-11T01:39:37.132+0000] {processor.py:176} INFO - Processing /home/airflow/.local/lib/python3.7/site-packages/airflow/example_dags/example_external_task_marker_dag.py took 0.156 seconds
[2022-11-11T01:40:07.707+0000] {processor.py:154} INFO - Started process (PID=487) to work on /home/airflow/.local/lib/python3.7/site-packages/airflow/example_dags/example_external_task_marker_dag.py
[2022-11-11T01:40:07.709+0000] {processor.py:756} INFO - Processing file /home/airflow/.local/lib/python3.7/site-packages/airflow/example_dags/example_external_task_marker_dag.py for tasks to queue
[2022-11-11T01:40:07.710+0000] {logging_mixin.py:120} INFO - [2022-11-11T01:40:07.710+0000] {dagbag.py:537} INFO - Filling up the DagBag from /home/airflow/.local/lib/python3.7/site-packages/airflow/example_dags/example_external_task_marker_dag.py
[2022-11-11T01:40:07.720+0000] {processor.py:766} INFO - DAG(s) dict_keys(['example_external_task_marker_parent', 'example_external_task_marker_child']) retrieved from /home/airflow/.local/lib/python3.7/site-packages/airflow/example_dags/example_external_task_marker_dag.py
[2022-11-11T01:40:07.828+0000] {logging_mixin.py:120} INFO - [2022-11-11T01:40:07.827+0000] {dag.py:2585} INFO - Sync 2 DAGs
[2022-11-11T01:40:07.845+0000] {logging_mixin.py:120} INFO - [2022-11-11T01:40:07.845+0000] {dag.py:3340} INFO - Setting next_dagrun for example_external_task_marker_child to None, run_after=None
[2022-11-11T01:40:07.848+0000] {logging_mixin.py:120} INFO - [2022-11-11T01:40:07.848+0000] {dag.py:3340} INFO - Setting next_dagrun for example_external_task_marker_parent to None, run_after=None
[2022-11-11T01:40:07.860+0000] {processor.py:176} INFO - Processing /home/airflow/.local/lib/python3.7/site-packages/airflow/example_dags/example_external_task_marker_dag.py took 0.156 seconds
[2022-11-11T01:40:38.505+0000] {processor.py:154} INFO - Started process (PID=549) to work on /home/airflow/.local/lib/python3.7/site-packages/airflow/example_dags/example_external_task_marker_dag.py
[2022-11-11T01:40:38.508+0000] {processor.py:756} INFO - Processing file /home/airflow/.local/lib/python3.7/site-packages/airflow/example_dags/example_external_task_marker_dag.py for tasks to queue
[2022-11-11T01:40:38.510+0000] {logging_mixin.py:120} INFO - [2022-11-11T01:40:38.509+0000] {dagbag.py:537} INFO - Filling up the DagBag from /home/airflow/.local/lib/python3.7/site-packages/airflow/example_dags/example_external_task_marker_dag.py
[2022-11-11T01:40:38.520+0000] {processor.py:766} INFO - DAG(s) dict_keys(['example_external_task_marker_parent', 'example_external_task_marker_child']) retrieved from /home/airflow/.local/lib/python3.7/site-packages/airflow/example_dags/example_external_task_marker_dag.py
[2022-11-11T01:40:38.632+0000] {logging_mixin.py:120} INFO - [2022-11-11T01:40:38.632+0000] {dag.py:2585} INFO - Sync 2 DAGs
[2022-11-11T01:40:38.650+0000] {logging_mixin.py:120} INFO - [2022-11-11T01:40:38.650+0000] {dag.py:3340} INFO - Setting next_dagrun for example_external_task_marker_child to None, run_after=None
[2022-11-11T01:40:38.653+0000] {logging_mixin.py:120} INFO - [2022-11-11T01:40:38.653+0000] {dag.py:3340} INFO - Setting next_dagrun for example_external_task_marker_parent to None, run_after=None
[2022-11-11T01:40:38.664+0000] {processor.py:176} INFO - Processing /home/airflow/.local/lib/python3.7/site-packages/airflow/example_dags/example_external_task_marker_dag.py took 0.162 seconds
[2022-11-11T01:41:09.687+0000] {processor.py:154} INFO - Started process (PID=613) to work on /home/airflow/.local/lib/python3.7/site-packages/airflow/example_dags/example_external_task_marker_dag.py
[2022-11-11T01:41:09.689+0000] {processor.py:756} INFO - Processing file /home/airflow/.local/lib/python3.7/site-packages/airflow/example_dags/example_external_task_marker_dag.py for tasks to queue
[2022-11-11T01:41:09.692+0000] {logging_mixin.py:120} INFO - [2022-11-11T01:41:09.692+0000] {dagbag.py:537} INFO - Filling up the DagBag from /home/airflow/.local/lib/python3.7/site-packages/airflow/example_dags/example_external_task_marker_dag.py
[2022-11-11T01:41:09.704+0000] {processor.py:766} INFO - DAG(s) dict_keys(['example_external_task_marker_child', 'example_external_task_marker_parent']) retrieved from /home/airflow/.local/lib/python3.7/site-packages/airflow/example_dags/example_external_task_marker_dag.py
[2022-11-11T01:41:09.821+0000] {logging_mixin.py:120} INFO - [2022-11-11T01:41:09.821+0000] {dag.py:2585} INFO - Sync 2 DAGs
[2022-11-11T01:41:09.838+0000] {logging_mixin.py:120} INFO - [2022-11-11T01:41:09.838+0000] {dag.py:3340} INFO - Setting next_dagrun for example_external_task_marker_child to None, run_after=None
[2022-11-11T01:41:09.841+0000] {logging_mixin.py:120} INFO - [2022-11-11T01:41:09.841+0000] {dag.py:3340} INFO - Setting next_dagrun for example_external_task_marker_parent to None, run_after=None
[2022-11-11T01:41:09.853+0000] {processor.py:176} INFO - Processing /home/airflow/.local/lib/python3.7/site-packages/airflow/example_dags/example_external_task_marker_dag.py took 0.169 seconds
