[2022-11-11T01:36:32.624+0000] {processor.py:154} INFO - Started process (PID=52) to work on /home/airflow/.local/lib/python3.7/site-packages/airflow/example_dags/example_dag_decorator.py
[2022-11-11T01:36:32.627+0000] {processor.py:756} INFO - Processing file /home/airflow/.local/lib/python3.7/site-packages/airflow/example_dags/example_dag_decorator.py for tasks to queue
[2022-11-11T01:36:32.630+0000] {logging_mixin.py:120} INFO - [2022-11-11T01:36:32.630+0000] {dagbag.py:537} INFO - Filling up the DagBag from /home/airflow/.local/lib/python3.7/site-packages/airflow/example_dags/example_dag_decorator.py
[2022-11-11T01:36:32.655+0000] {logging_mixin.py:120} INFO - [2022-11-11T01:36:32.655+0000] {taskmixin.py:205} WARNING - Dependency <Task(_PythonDecoratedOperator): prepare_email>, send_email already registered for DAG: example_dag_decorator
[2022-11-11T01:36:32.656+0000] {logging_mixin.py:120} INFO - [2022-11-11T01:36:32.656+0000] {taskmixin.py:205} WARNING - Dependency <Task(EmailOperator): send_email>, prepare_email already registered for DAG: example_dag_decorator
[2022-11-11T01:36:32.680+0000] {processor.py:766} INFO - DAG(s) dict_keys(['example_dag_decorator']) retrieved from /home/airflow/.local/lib/python3.7/site-packages/airflow/example_dags/example_dag_decorator.py
[2022-11-11T01:36:32.741+0000] {logging_mixin.py:120} INFO - [2022-11-11T01:36:32.741+0000] {dag.py:2585} INFO - Sync 1 DAGs
[2022-11-11T01:36:32.785+0000] {logging_mixin.py:120} INFO - [2022-11-11T01:36:32.785+0000] {dag.py:3340} INFO - Setting next_dagrun for example_dag_decorator to None, run_after=None
[2022-11-11T01:36:32.815+0000] {processor.py:176} INFO - Processing /home/airflow/.local/lib/python3.7/site-packages/airflow/example_dags/example_dag_decorator.py took 0.196 seconds
[2022-11-11T01:37:03.161+0000] {processor.py:154} INFO - Started process (PID=114) to work on /home/airflow/.local/lib/python3.7/site-packages/airflow/example_dags/example_dag_decorator.py
[2022-11-11T01:37:03.164+0000] {processor.py:756} INFO - Processing file /home/airflow/.local/lib/python3.7/site-packages/airflow/example_dags/example_dag_decorator.py for tasks to queue
[2022-11-11T01:37:03.165+0000] {logging_mixin.py:120} INFO - [2022-11-11T01:37:03.165+0000] {dagbag.py:537} INFO - Filling up the DagBag from /home/airflow/.local/lib/python3.7/site-packages/airflow/example_dags/example_dag_decorator.py
[2022-11-11T01:37:03.178+0000] {logging_mixin.py:120} INFO - [2022-11-11T01:37:03.178+0000] {taskmixin.py:205} WARNING - Dependency <Task(_PythonDecoratedOperator): prepare_email>, send_email already registered for DAG: example_dag_decorator
[2022-11-11T01:37:03.179+0000] {logging_mixin.py:120} INFO - [2022-11-11T01:37:03.179+0000] {taskmixin.py:205} WARNING - Dependency <Task(EmailOperator): send_email>, prepare_email already registered for DAG: example_dag_decorator
[2022-11-11T01:37:03.190+0000] {processor.py:766} INFO - DAG(s) dict_keys(['example_dag_decorator']) retrieved from /home/airflow/.local/lib/python3.7/site-packages/airflow/example_dags/example_dag_decorator.py
[2022-11-11T01:37:03.250+0000] {logging_mixin.py:120} INFO - [2022-11-11T01:37:03.250+0000] {dag.py:2585} INFO - Sync 1 DAGs
[2022-11-11T01:37:03.264+0000] {logging_mixin.py:120} INFO - [2022-11-11T01:37:03.264+0000] {dag.py:3340} INFO - Setting next_dagrun for example_dag_decorator to None, run_after=None
[2022-11-11T01:37:03.279+0000] {processor.py:176} INFO - Processing /home/airflow/.local/lib/python3.7/site-packages/airflow/example_dags/example_dag_decorator.py took 0.121 seconds
[2022-11-11T01:37:33.970+0000] {processor.py:154} INFO - Started process (PID=178) to work on /home/airflow/.local/lib/python3.7/site-packages/airflow/example_dags/example_dag_decorator.py
[2022-11-11T01:37:33.973+0000] {processor.py:756} INFO - Processing file /home/airflow/.local/lib/python3.7/site-packages/airflow/example_dags/example_dag_decorator.py for tasks to queue
[2022-11-11T01:37:33.974+0000] {logging_mixin.py:120} INFO - [2022-11-11T01:37:33.974+0000] {dagbag.py:537} INFO - Filling up the DagBag from /home/airflow/.local/lib/python3.7/site-packages/airflow/example_dags/example_dag_decorator.py
[2022-11-11T01:37:33.988+0000] {logging_mixin.py:120} INFO - [2022-11-11T01:37:33.988+0000] {taskmixin.py:205} WARNING - Dependency <Task(_PythonDecoratedOperator): prepare_email>, send_email already registered for DAG: example_dag_decorator
[2022-11-11T01:37:33.990+0000] {logging_mixin.py:120} INFO - [2022-11-11T01:37:33.990+0000] {taskmixin.py:205} WARNING - Dependency <Task(EmailOperator): send_email>, prepare_email already registered for DAG: example_dag_decorator
[2022-11-11T01:37:34.002+0000] {processor.py:766} INFO - DAG(s) dict_keys(['example_dag_decorator']) retrieved from /home/airflow/.local/lib/python3.7/site-packages/airflow/example_dags/example_dag_decorator.py
[2022-11-11T01:37:34.063+0000] {logging_mixin.py:120} INFO - [2022-11-11T01:37:34.062+0000] {dag.py:2585} INFO - Sync 1 DAGs
[2022-11-11T01:37:34.080+0000] {logging_mixin.py:120} INFO - [2022-11-11T01:37:34.080+0000] {dag.py:3340} INFO - Setting next_dagrun for example_dag_decorator to None, run_after=None
[2022-11-11T01:37:34.095+0000] {processor.py:176} INFO - Processing /home/airflow/.local/lib/python3.7/site-packages/airflow/example_dags/example_dag_decorator.py took 0.128 seconds
[2022-11-11T01:38:04.606+0000] {processor.py:154} INFO - Started process (PID=241) to work on /home/airflow/.local/lib/python3.7/site-packages/airflow/example_dags/example_dag_decorator.py
[2022-11-11T01:38:04.608+0000] {processor.py:756} INFO - Processing file /home/airflow/.local/lib/python3.7/site-packages/airflow/example_dags/example_dag_decorator.py for tasks to queue
[2022-11-11T01:38:04.609+0000] {logging_mixin.py:120} INFO - [2022-11-11T01:38:04.609+0000] {dagbag.py:537} INFO - Filling up the DagBag from /home/airflow/.local/lib/python3.7/site-packages/airflow/example_dags/example_dag_decorator.py
[2022-11-11T01:38:04.620+0000] {logging_mixin.py:120} INFO - [2022-11-11T01:38:04.620+0000] {taskmixin.py:205} WARNING - Dependency <Task(_PythonDecoratedOperator): prepare_email>, send_email already registered for DAG: example_dag_decorator
[2022-11-11T01:38:04.621+0000] {logging_mixin.py:120} INFO - [2022-11-11T01:38:04.621+0000] {taskmixin.py:205} WARNING - Dependency <Task(EmailOperator): send_email>, prepare_email already registered for DAG: example_dag_decorator
[2022-11-11T01:38:04.632+0000] {processor.py:766} INFO - DAG(s) dict_keys(['example_dag_decorator']) retrieved from /home/airflow/.local/lib/python3.7/site-packages/airflow/example_dags/example_dag_decorator.py
[2022-11-11T01:38:04.695+0000] {logging_mixin.py:120} INFO - [2022-11-11T01:38:04.695+0000] {dag.py:2585} INFO - Sync 1 DAGs
[2022-11-11T01:38:04.720+0000] {logging_mixin.py:120} INFO - [2022-11-11T01:38:04.720+0000] {dag.py:3340} INFO - Setting next_dagrun for example_dag_decorator to None, run_after=None
[2022-11-11T01:38:04.737+0000] {processor.py:176} INFO - Processing /home/airflow/.local/lib/python3.7/site-packages/airflow/example_dags/example_dag_decorator.py took 0.135 seconds
[2022-11-11T01:38:35.263+0000] {processor.py:154} INFO - Started process (PID=305) to work on /home/airflow/.local/lib/python3.7/site-packages/airflow/example_dags/example_dag_decorator.py
[2022-11-11T01:38:35.265+0000] {processor.py:756} INFO - Processing file /home/airflow/.local/lib/python3.7/site-packages/airflow/example_dags/example_dag_decorator.py for tasks to queue
[2022-11-11T01:38:35.266+0000] {logging_mixin.py:120} INFO - [2022-11-11T01:38:35.266+0000] {dagbag.py:537} INFO - Filling up the DagBag from /home/airflow/.local/lib/python3.7/site-packages/airflow/example_dags/example_dag_decorator.py
[2022-11-11T01:38:35.279+0000] {logging_mixin.py:120} INFO - [2022-11-11T01:38:35.279+0000] {taskmixin.py:205} WARNING - Dependency <Task(_PythonDecoratedOperator): prepare_email>, send_email already registered for DAG: example_dag_decorator
[2022-11-11T01:38:35.280+0000] {logging_mixin.py:120} INFO - [2022-11-11T01:38:35.280+0000] {taskmixin.py:205} WARNING - Dependency <Task(EmailOperator): send_email>, prepare_email already registered for DAG: example_dag_decorator
[2022-11-11T01:38:35.298+0000] {processor.py:766} INFO - DAG(s) dict_keys(['example_dag_decorator']) retrieved from /home/airflow/.local/lib/python3.7/site-packages/airflow/example_dags/example_dag_decorator.py
[2022-11-11T01:38:35.359+0000] {logging_mixin.py:120} INFO - [2022-11-11T01:38:35.359+0000] {dag.py:2585} INFO - Sync 1 DAGs
[2022-11-11T01:38:35.380+0000] {logging_mixin.py:120} INFO - [2022-11-11T01:38:35.380+0000] {dag.py:3340} INFO - Setting next_dagrun for example_dag_decorator to None, run_after=None
[2022-11-11T01:38:35.395+0000] {processor.py:176} INFO - Processing /home/airflow/.local/lib/python3.7/site-packages/airflow/example_dags/example_dag_decorator.py took 0.135 seconds
[2022-11-11T01:39:05.941+0000] {processor.py:154} INFO - Started process (PID=359) to work on /home/airflow/.local/lib/python3.7/site-packages/airflow/example_dags/example_dag_decorator.py
[2022-11-11T01:39:05.943+0000] {processor.py:756} INFO - Processing file /home/airflow/.local/lib/python3.7/site-packages/airflow/example_dags/example_dag_decorator.py for tasks to queue
[2022-11-11T01:39:05.944+0000] {logging_mixin.py:120} INFO - [2022-11-11T01:39:05.944+0000] {dagbag.py:537} INFO - Filling up the DagBag from /home/airflow/.local/lib/python3.7/site-packages/airflow/example_dags/example_dag_decorator.py
[2022-11-11T01:39:05.956+0000] {logging_mixin.py:120} INFO - [2022-11-11T01:39:05.956+0000] {taskmixin.py:205} WARNING - Dependency <Task(_PythonDecoratedOperator): prepare_email>, send_email already registered for DAG: example_dag_decorator
[2022-11-11T01:39:05.957+0000] {logging_mixin.py:120} INFO - [2022-11-11T01:39:05.957+0000] {taskmixin.py:205} WARNING - Dependency <Task(EmailOperator): send_email>, prepare_email already registered for DAG: example_dag_decorator
[2022-11-11T01:39:05.968+0000] {processor.py:766} INFO - DAG(s) dict_keys(['example_dag_decorator']) retrieved from /home/airflow/.local/lib/python3.7/site-packages/airflow/example_dags/example_dag_decorator.py
[2022-11-11T01:39:06.030+0000] {logging_mixin.py:120} INFO - [2022-11-11T01:39:06.030+0000] {dag.py:2585} INFO - Sync 1 DAGs
[2022-11-11T01:39:06.048+0000] {logging_mixin.py:120} INFO - [2022-11-11T01:39:06.048+0000] {dag.py:3340} INFO - Setting next_dagrun for example_dag_decorator to None, run_after=None
[2022-11-11T01:39:06.066+0000] {processor.py:176} INFO - Processing /home/airflow/.local/lib/python3.7/site-packages/airflow/example_dags/example_dag_decorator.py took 0.129 seconds
[2022-11-11T01:39:36.729+0000] {processor.py:154} INFO - Started process (PID=421) to work on /home/airflow/.local/lib/python3.7/site-packages/airflow/example_dags/example_dag_decorator.py
[2022-11-11T01:39:36.731+0000] {processor.py:756} INFO - Processing file /home/airflow/.local/lib/python3.7/site-packages/airflow/example_dags/example_dag_decorator.py for tasks to queue
[2022-11-11T01:39:36.733+0000] {logging_mixin.py:120} INFO - [2022-11-11T01:39:36.733+0000] {dagbag.py:537} INFO - Filling up the DagBag from /home/airflow/.local/lib/python3.7/site-packages/airflow/example_dags/example_dag_decorator.py
[2022-11-11T01:39:36.744+0000] {logging_mixin.py:120} INFO - [2022-11-11T01:39:36.743+0000] {taskmixin.py:205} WARNING - Dependency <Task(_PythonDecoratedOperator): prepare_email>, send_email already registered for DAG: example_dag_decorator
[2022-11-11T01:39:36.745+0000] {logging_mixin.py:120} INFO - [2022-11-11T01:39:36.745+0000] {taskmixin.py:205} WARNING - Dependency <Task(EmailOperator): send_email>, prepare_email already registered for DAG: example_dag_decorator
[2022-11-11T01:39:36.756+0000] {processor.py:766} INFO - DAG(s) dict_keys(['example_dag_decorator']) retrieved from /home/airflow/.local/lib/python3.7/site-packages/airflow/example_dags/example_dag_decorator.py
[2022-11-11T01:39:36.810+0000] {logging_mixin.py:120} INFO - [2022-11-11T01:39:36.810+0000] {dag.py:2585} INFO - Sync 1 DAGs
[2022-11-11T01:39:36.826+0000] {logging_mixin.py:120} INFO - [2022-11-11T01:39:36.826+0000] {dag.py:3340} INFO - Setting next_dagrun for example_dag_decorator to None, run_after=None
[2022-11-11T01:39:36.838+0000] {processor.py:176} INFO - Processing /home/airflow/.local/lib/python3.7/site-packages/airflow/example_dags/example_dag_decorator.py took 0.112 seconds
[2022-11-11T01:40:07.515+0000] {processor.py:154} INFO - Started process (PID=484) to work on /home/airflow/.local/lib/python3.7/site-packages/airflow/example_dags/example_dag_decorator.py
[2022-11-11T01:40:07.517+0000] {processor.py:756} INFO - Processing file /home/airflow/.local/lib/python3.7/site-packages/airflow/example_dags/example_dag_decorator.py for tasks to queue
[2022-11-11T01:40:07.518+0000] {logging_mixin.py:120} INFO - [2022-11-11T01:40:07.518+0000] {dagbag.py:537} INFO - Filling up the DagBag from /home/airflow/.local/lib/python3.7/site-packages/airflow/example_dags/example_dag_decorator.py
[2022-11-11T01:40:07.529+0000] {logging_mixin.py:120} INFO - [2022-11-11T01:40:07.529+0000] {taskmixin.py:205} WARNING - Dependency <Task(_PythonDecoratedOperator): prepare_email>, send_email already registered for DAG: example_dag_decorator
[2022-11-11T01:40:07.530+0000] {logging_mixin.py:120} INFO - [2022-11-11T01:40:07.530+0000] {taskmixin.py:205} WARNING - Dependency <Task(EmailOperator): send_email>, prepare_email already registered for DAG: example_dag_decorator
[2022-11-11T01:40:07.541+0000] {processor.py:766} INFO - DAG(s) dict_keys(['example_dag_decorator']) retrieved from /home/airflow/.local/lib/python3.7/site-packages/airflow/example_dags/example_dag_decorator.py
[2022-11-11T01:40:07.600+0000] {logging_mixin.py:120} INFO - [2022-11-11T01:40:07.600+0000] {dag.py:2585} INFO - Sync 1 DAGs
[2022-11-11T01:40:07.615+0000] {logging_mixin.py:120} INFO - [2022-11-11T01:40:07.615+0000] {dag.py:3340} INFO - Setting next_dagrun for example_dag_decorator to None, run_after=None
[2022-11-11T01:40:07.630+0000] {processor.py:176} INFO - Processing /home/airflow/.local/lib/python3.7/site-packages/airflow/example_dags/example_dag_decorator.py took 0.118 seconds
[2022-11-11T01:40:38.353+0000] {processor.py:154} INFO - Started process (PID=546) to work on /home/airflow/.local/lib/python3.7/site-packages/airflow/example_dags/example_dag_decorator.py
[2022-11-11T01:40:38.355+0000] {processor.py:756} INFO - Processing file /home/airflow/.local/lib/python3.7/site-packages/airflow/example_dags/example_dag_decorator.py for tasks to queue
[2022-11-11T01:40:38.356+0000] {logging_mixin.py:120} INFO - [2022-11-11T01:40:38.356+0000] {dagbag.py:537} INFO - Filling up the DagBag from /home/airflow/.local/lib/python3.7/site-packages/airflow/example_dags/example_dag_decorator.py
[2022-11-11T01:40:38.369+0000] {logging_mixin.py:120} INFO - [2022-11-11T01:40:38.369+0000] {taskmixin.py:205} WARNING - Dependency <Task(_PythonDecoratedOperator): prepare_email>, send_email already registered for DAG: example_dag_decorator
[2022-11-11T01:40:38.370+0000] {logging_mixin.py:120} INFO - [2022-11-11T01:40:38.370+0000] {taskmixin.py:205} WARNING - Dependency <Task(EmailOperator): send_email>, prepare_email already registered for DAG: example_dag_decorator
[2022-11-11T01:40:38.380+0000] {processor.py:766} INFO - DAG(s) dict_keys(['example_dag_decorator']) retrieved from /home/airflow/.local/lib/python3.7/site-packages/airflow/example_dags/example_dag_decorator.py
[2022-11-11T01:40:38.438+0000] {logging_mixin.py:120} INFO - [2022-11-11T01:40:38.438+0000] {dag.py:2585} INFO - Sync 1 DAGs
[2022-11-11T01:40:38.453+0000] {logging_mixin.py:120} INFO - [2022-11-11T01:40:38.453+0000] {dag.py:3340} INFO - Setting next_dagrun for example_dag_decorator to None, run_after=None
[2022-11-11T01:40:38.470+0000] {processor.py:176} INFO - Processing /home/airflow/.local/lib/python3.7/site-packages/airflow/example_dags/example_dag_decorator.py took 0.120 seconds
[2022-11-11T01:41:09.472+0000] {processor.py:154} INFO - Started process (PID=610) to work on /home/airflow/.local/lib/python3.7/site-packages/airflow/example_dags/example_dag_decorator.py
[2022-11-11T01:41:09.475+0000] {processor.py:756} INFO - Processing file /home/airflow/.local/lib/python3.7/site-packages/airflow/example_dags/example_dag_decorator.py for tasks to queue
[2022-11-11T01:41:09.477+0000] {logging_mixin.py:120} INFO - [2022-11-11T01:41:09.477+0000] {dagbag.py:537} INFO - Filling up the DagBag from /home/airflow/.local/lib/python3.7/site-packages/airflow/example_dags/example_dag_decorator.py
[2022-11-11T01:41:09.488+0000] {logging_mixin.py:120} INFO - [2022-11-11T01:41:09.488+0000] {taskmixin.py:205} WARNING - Dependency <Task(_PythonDecoratedOperator): prepare_email>, send_email already registered for DAG: example_dag_decorator
[2022-11-11T01:41:09.490+0000] {logging_mixin.py:120} INFO - [2022-11-11T01:41:09.490+0000] {taskmixin.py:205} WARNING - Dependency <Task(EmailOperator): send_email>, prepare_email already registered for DAG: example_dag_decorator
[2022-11-11T01:41:09.500+0000] {processor.py:766} INFO - DAG(s) dict_keys(['example_dag_decorator']) retrieved from /home/airflow/.local/lib/python3.7/site-packages/airflow/example_dags/example_dag_decorator.py
[2022-11-11T01:41:09.562+0000] {logging_mixin.py:120} INFO - [2022-11-11T01:41:09.561+0000] {dag.py:2585} INFO - Sync 1 DAGs
[2022-11-11T01:41:09.577+0000] {logging_mixin.py:120} INFO - [2022-11-11T01:41:09.577+0000] {dag.py:3340} INFO - Setting next_dagrun for example_dag_decorator to None, run_after=None
[2022-11-11T01:41:09.591+0000] {processor.py:176} INFO - Processing /home/airflow/.local/lib/python3.7/site-packages/airflow/example_dags/example_dag_decorator.py took 0.122 seconds
