[2022-11-11T01:36:31.532+0000] {processor.py:154} INFO - Started process (PID=44) to work on /home/airflow/.local/lib/python3.7/site-packages/airflow/example_dags/example_short_circuit_decorator.py
[2022-11-11T01:36:31.535+0000] {processor.py:756} INFO - Processing file /home/airflow/.local/lib/python3.7/site-packages/airflow/example_dags/example_short_circuit_decorator.py for tasks to queue
[2022-11-11T01:36:31.538+0000] {logging_mixin.py:120} INFO - [2022-11-11T01:36:31.538+0000] {dagbag.py:537} INFO - Filling up the DagBag from /home/airflow/.local/lib/python3.7/site-packages/airflow/example_dags/example_short_circuit_decorator.py
[2022-11-11T01:36:31.591+0000] {processor.py:766} INFO - DAG(s) dict_keys(['example_short_circuit_decorator']) retrieved from /home/airflow/.local/lib/python3.7/site-packages/airflow/example_dags/example_short_circuit_decorator.py
[2022-11-11T01:36:31.675+0000] {logging_mixin.py:120} INFO - [2022-11-11T01:36:31.675+0000] {dag.py:2585} INFO - Sync 1 DAGs
[2022-11-11T01:36:31.729+0000] {logging_mixin.py:120} INFO - [2022-11-11T01:36:31.728+0000] {dag.py:3340} INFO - Setting next_dagrun for example_short_circuit_decorator to 2022-11-10T01:36:31.728657+00:00, run_after=2022-11-11T01:36:31.728657+00:00
[2022-11-11T01:36:31.766+0000] {processor.py:176} INFO - Processing /home/airflow/.local/lib/python3.7/site-packages/airflow/example_dags/example_short_circuit_decorator.py took 0.238 seconds
[2022-11-11T01:37:02.649+0000] {processor.py:154} INFO - Started process (PID=106) to work on /home/airflow/.local/lib/python3.7/site-packages/airflow/example_dags/example_short_circuit_decorator.py
[2022-11-11T01:37:02.652+0000] {processor.py:756} INFO - Processing file /home/airflow/.local/lib/python3.7/site-packages/airflow/example_dags/example_short_circuit_decorator.py for tasks to queue
[2022-11-11T01:37:02.653+0000] {logging_mixin.py:120} INFO - [2022-11-11T01:37:02.653+0000] {dagbag.py:537} INFO - Filling up the DagBag from /home/airflow/.local/lib/python3.7/site-packages/airflow/example_dags/example_short_circuit_decorator.py
[2022-11-11T01:37:02.681+0000] {processor.py:766} INFO - DAG(s) dict_keys(['example_short_circuit_decorator']) retrieved from /home/airflow/.local/lib/python3.7/site-packages/airflow/example_dags/example_short_circuit_decorator.py
[2022-11-11T01:37:02.715+0000] {logging_mixin.py:120} INFO - [2022-11-11T01:37:02.715+0000] {dag.py:2585} INFO - Sync 1 DAGs
[2022-11-11T01:37:02.733+0000] {logging_mixin.py:120} INFO - [2022-11-11T01:37:02.733+0000] {dag.py:3340} INFO - Setting next_dagrun for example_short_circuit_decorator to 2022-11-10T01:37:02.733200+00:00, run_after=2022-11-11T01:37:02.733200+00:00
[2022-11-11T01:37:02.747+0000] {processor.py:176} INFO - Processing /home/airflow/.local/lib/python3.7/site-packages/airflow/example_dags/example_short_circuit_decorator.py took 0.102 seconds
[2022-11-11T01:37:33.463+0000] {processor.py:154} INFO - Started process (PID=170) to work on /home/airflow/.local/lib/python3.7/site-packages/airflow/example_dags/example_short_circuit_decorator.py
[2022-11-11T01:37:33.466+0000] {processor.py:756} INFO - Processing file /home/airflow/.local/lib/python3.7/site-packages/airflow/example_dags/example_short_circuit_decorator.py for tasks to queue
[2022-11-11T01:37:33.468+0000] {logging_mixin.py:120} INFO - [2022-11-11T01:37:33.467+0000] {dagbag.py:537} INFO - Filling up the DagBag from /home/airflow/.local/lib/python3.7/site-packages/airflow/example_dags/example_short_circuit_decorator.py
[2022-11-11T01:37:33.494+0000] {processor.py:766} INFO - DAG(s) dict_keys(['example_short_circuit_decorator']) retrieved from /home/airflow/.local/lib/python3.7/site-packages/airflow/example_dags/example_short_circuit_decorator.py
[2022-11-11T01:37:33.531+0000] {logging_mixin.py:120} INFO - [2022-11-11T01:37:33.531+0000] {dag.py:2585} INFO - Sync 1 DAGs
[2022-11-11T01:37:33.548+0000] {logging_mixin.py:120} INFO - [2022-11-11T01:37:33.548+0000] {dag.py:3340} INFO - Setting next_dagrun for example_short_circuit_decorator to 2022-11-10T01:37:33.548156+00:00, run_after=2022-11-11T01:37:33.548156+00:00
[2022-11-11T01:37:33.568+0000] {processor.py:176} INFO - Processing /home/airflow/.local/lib/python3.7/site-packages/airflow/example_dags/example_short_circuit_decorator.py took 0.108 seconds
[2022-11-11T01:38:04.054+0000] {processor.py:154} INFO - Started process (PID=233) to work on /home/airflow/.local/lib/python3.7/site-packages/airflow/example_dags/example_short_circuit_decorator.py
[2022-11-11T01:38:04.056+0000] {processor.py:756} INFO - Processing file /home/airflow/.local/lib/python3.7/site-packages/airflow/example_dags/example_short_circuit_decorator.py for tasks to queue
[2022-11-11T01:38:04.057+0000] {logging_mixin.py:120} INFO - [2022-11-11T01:38:04.057+0000] {dagbag.py:537} INFO - Filling up the DagBag from /home/airflow/.local/lib/python3.7/site-packages/airflow/example_dags/example_short_circuit_decorator.py
[2022-11-11T01:38:04.077+0000] {processor.py:766} INFO - DAG(s) dict_keys(['example_short_circuit_decorator']) retrieved from /home/airflow/.local/lib/python3.7/site-packages/airflow/example_dags/example_short_circuit_decorator.py
[2022-11-11T01:38:04.112+0000] {logging_mixin.py:120} INFO - [2022-11-11T01:38:04.112+0000] {dag.py:2585} INFO - Sync 1 DAGs
[2022-11-11T01:38:04.132+0000] {logging_mixin.py:120} INFO - [2022-11-11T01:38:04.132+0000] {dag.py:3340} INFO - Setting next_dagrun for example_short_circuit_decorator to 2022-11-10T01:38:04.131983+00:00, run_after=2022-11-11T01:38:04.131983+00:00
[2022-11-11T01:38:04.150+0000] {processor.py:176} INFO - Processing /home/airflow/.local/lib/python3.7/site-packages/airflow/example_dags/example_short_circuit_decorator.py took 0.099 seconds
[2022-11-11T01:38:34.728+0000] {processor.py:154} INFO - Started process (PID=295) to work on /home/airflow/.local/lib/python3.7/site-packages/airflow/example_dags/example_short_circuit_decorator.py
[2022-11-11T01:38:34.730+0000] {processor.py:756} INFO - Processing file /home/airflow/.local/lib/python3.7/site-packages/airflow/example_dags/example_short_circuit_decorator.py for tasks to queue
[2022-11-11T01:38:34.732+0000] {logging_mixin.py:120} INFO - [2022-11-11T01:38:34.732+0000] {dagbag.py:537} INFO - Filling up the DagBag from /home/airflow/.local/lib/python3.7/site-packages/airflow/example_dags/example_short_circuit_decorator.py
[2022-11-11T01:38:34.755+0000] {processor.py:766} INFO - DAG(s) dict_keys(['example_short_circuit_decorator']) retrieved from /home/airflow/.local/lib/python3.7/site-packages/airflow/example_dags/example_short_circuit_decorator.py
[2022-11-11T01:38:34.794+0000] {logging_mixin.py:120} INFO - [2022-11-11T01:38:34.794+0000] {dag.py:2585} INFO - Sync 1 DAGs
[2022-11-11T01:38:34.816+0000] {logging_mixin.py:120} INFO - [2022-11-11T01:38:34.816+0000] {dag.py:3340} INFO - Setting next_dagrun for example_short_circuit_decorator to 2022-11-10T01:38:34.816711+00:00, run_after=2022-11-11T01:38:34.816711+00:00
[2022-11-11T01:38:34.832+0000] {processor.py:176} INFO - Processing /home/airflow/.local/lib/python3.7/site-packages/airflow/example_dags/example_short_circuit_decorator.py took 0.107 seconds
[2022-11-11T01:39:05.419+0000] {processor.py:154} INFO - Started process (PID=351) to work on /home/airflow/.local/lib/python3.7/site-packages/airflow/example_dags/example_short_circuit_decorator.py
[2022-11-11T01:39:05.421+0000] {processor.py:756} INFO - Processing file /home/airflow/.local/lib/python3.7/site-packages/airflow/example_dags/example_short_circuit_decorator.py for tasks to queue
[2022-11-11T01:39:05.422+0000] {logging_mixin.py:120} INFO - [2022-11-11T01:39:05.422+0000] {dagbag.py:537} INFO - Filling up the DagBag from /home/airflow/.local/lib/python3.7/site-packages/airflow/example_dags/example_short_circuit_decorator.py
[2022-11-11T01:39:05.442+0000] {processor.py:766} INFO - DAG(s) dict_keys(['example_short_circuit_decorator']) retrieved from /home/airflow/.local/lib/python3.7/site-packages/airflow/example_dags/example_short_circuit_decorator.py
[2022-11-11T01:39:05.478+0000] {logging_mixin.py:120} INFO - [2022-11-11T01:39:05.478+0000] {dag.py:2585} INFO - Sync 1 DAGs
[2022-11-11T01:39:05.497+0000] {logging_mixin.py:120} INFO - [2022-11-11T01:39:05.497+0000] {dag.py:3340} INFO - Setting next_dagrun for example_short_circuit_decorator to 2022-11-10T01:39:05.496984+00:00, run_after=2022-11-11T01:39:05.496984+00:00
[2022-11-11T01:39:05.512+0000] {processor.py:176} INFO - Processing /home/airflow/.local/lib/python3.7/site-packages/airflow/example_dags/example_short_circuit_decorator.py took 0.096 seconds
[2022-11-11T01:39:36.167+0000] {processor.py:154} INFO - Started process (PID=413) to work on /home/airflow/.local/lib/python3.7/site-packages/airflow/example_dags/example_short_circuit_decorator.py
[2022-11-11T01:39:36.169+0000] {processor.py:756} INFO - Processing file /home/airflow/.local/lib/python3.7/site-packages/airflow/example_dags/example_short_circuit_decorator.py for tasks to queue
[2022-11-11T01:39:36.170+0000] {logging_mixin.py:120} INFO - [2022-11-11T01:39:36.170+0000] {dagbag.py:537} INFO - Filling up the DagBag from /home/airflow/.local/lib/python3.7/site-packages/airflow/example_dags/example_short_circuit_decorator.py
[2022-11-11T01:39:36.188+0000] {processor.py:766} INFO - DAG(s) dict_keys(['example_short_circuit_decorator']) retrieved from /home/airflow/.local/lib/python3.7/site-packages/airflow/example_dags/example_short_circuit_decorator.py
[2022-11-11T01:39:36.221+0000] {logging_mixin.py:120} INFO - [2022-11-11T01:39:36.221+0000] {dag.py:2585} INFO - Sync 1 DAGs
[2022-11-11T01:39:36.238+0000] {logging_mixin.py:120} INFO - [2022-11-11T01:39:36.238+0000] {dag.py:3340} INFO - Setting next_dagrun for example_short_circuit_decorator to 2022-11-10T01:39:36.238412+00:00, run_after=2022-11-11T01:39:36.238412+00:00
[2022-11-11T01:39:36.252+0000] {processor.py:176} INFO - Processing /home/airflow/.local/lib/python3.7/site-packages/airflow/example_dags/example_short_circuit_decorator.py took 0.088 seconds
[2022-11-11T01:40:07.023+0000] {processor.py:154} INFO - Started process (PID=476) to work on /home/airflow/.local/lib/python3.7/site-packages/airflow/example_dags/example_short_circuit_decorator.py
[2022-11-11T01:40:07.025+0000] {processor.py:756} INFO - Processing file /home/airflow/.local/lib/python3.7/site-packages/airflow/example_dags/example_short_circuit_decorator.py for tasks to queue
[2022-11-11T01:40:07.027+0000] {logging_mixin.py:120} INFO - [2022-11-11T01:40:07.027+0000] {dagbag.py:537} INFO - Filling up the DagBag from /home/airflow/.local/lib/python3.7/site-packages/airflow/example_dags/example_short_circuit_decorator.py
[2022-11-11T01:40:07.049+0000] {processor.py:766} INFO - DAG(s) dict_keys(['example_short_circuit_decorator']) retrieved from /home/airflow/.local/lib/python3.7/site-packages/airflow/example_dags/example_short_circuit_decorator.py
[2022-11-11T01:40:07.087+0000] {logging_mixin.py:120} INFO - [2022-11-11T01:40:07.087+0000] {dag.py:2585} INFO - Sync 1 DAGs
[2022-11-11T01:40:07.109+0000] {logging_mixin.py:120} INFO - [2022-11-11T01:40:07.109+0000] {dag.py:3340} INFO - Setting next_dagrun for example_short_circuit_decorator to 2022-11-10T01:40:07.109586+00:00, run_after=2022-11-11T01:40:07.109586+00:00
[2022-11-11T01:40:07.125+0000] {processor.py:176} INFO - Processing /home/airflow/.local/lib/python3.7/site-packages/airflow/example_dags/example_short_circuit_decorator.py took 0.105 seconds
[2022-11-11T01:40:37.627+0000] {processor.py:154} INFO - Started process (PID=538) to work on /home/airflow/.local/lib/python3.7/site-packages/airflow/example_dags/example_short_circuit_decorator.py
[2022-11-11T01:40:37.629+0000] {processor.py:756} INFO - Processing file /home/airflow/.local/lib/python3.7/site-packages/airflow/example_dags/example_short_circuit_decorator.py for tasks to queue
[2022-11-11T01:40:37.630+0000] {logging_mixin.py:120} INFO - [2022-11-11T01:40:37.630+0000] {dagbag.py:537} INFO - Filling up the DagBag from /home/airflow/.local/lib/python3.7/site-packages/airflow/example_dags/example_short_circuit_decorator.py
[2022-11-11T01:40:37.646+0000] {processor.py:766} INFO - DAG(s) dict_keys(['example_short_circuit_decorator']) retrieved from /home/airflow/.local/lib/python3.7/site-packages/airflow/example_dags/example_short_circuit_decorator.py
[2022-11-11T01:40:37.677+0000] {logging_mixin.py:120} INFO - [2022-11-11T01:40:37.677+0000] {dag.py:2585} INFO - Sync 1 DAGs
[2022-11-11T01:40:37.692+0000] {logging_mixin.py:120} INFO - [2022-11-11T01:40:37.692+0000] {dag.py:3340} INFO - Setting next_dagrun for example_short_circuit_decorator to 2022-11-10T01:40:37.692754+00:00, run_after=2022-11-11T01:40:37.692754+00:00
[2022-11-11T01:40:37.704+0000] {processor.py:176} INFO - Processing /home/airflow/.local/lib/python3.7/site-packages/airflow/example_dags/example_short_circuit_decorator.py took 0.080 seconds
[2022-11-11T01:41:08.767+0000] {processor.py:154} INFO - Started process (PID=602) to work on /home/airflow/.local/lib/python3.7/site-packages/airflow/example_dags/example_short_circuit_decorator.py
[2022-11-11T01:41:08.769+0000] {processor.py:756} INFO - Processing file /home/airflow/.local/lib/python3.7/site-packages/airflow/example_dags/example_short_circuit_decorator.py for tasks to queue
[2022-11-11T01:41:08.771+0000] {logging_mixin.py:120} INFO - [2022-11-11T01:41:08.771+0000] {dagbag.py:537} INFO - Filling up the DagBag from /home/airflow/.local/lib/python3.7/site-packages/airflow/example_dags/example_short_circuit_decorator.py
[2022-11-11T01:41:08.789+0000] {processor.py:766} INFO - DAG(s) dict_keys(['example_short_circuit_decorator']) retrieved from /home/airflow/.local/lib/python3.7/site-packages/airflow/example_dags/example_short_circuit_decorator.py
[2022-11-11T01:41:08.829+0000] {logging_mixin.py:120} INFO - [2022-11-11T01:41:08.829+0000] {dag.py:2585} INFO - Sync 1 DAGs
[2022-11-11T01:41:08.856+0000] {logging_mixin.py:120} INFO - [2022-11-11T01:41:08.855+0000] {dag.py:3340} INFO - Setting next_dagrun for example_short_circuit_decorator to 2022-11-10T01:41:08.855629+00:00, run_after=2022-11-11T01:41:08.855629+00:00
[2022-11-11T01:41:08.883+0000] {processor.py:176} INFO - Processing /home/airflow/.local/lib/python3.7/site-packages/airflow/example_dags/example_short_circuit_decorator.py took 0.119 seconds
