[2022-11-11T01:36:32.193+0000] {processor.py:154} INFO - Started process (PID=49) to work on /home/airflow/.local/lib/python3.7/site-packages/airflow/example_dags/example_branch_day_of_week_operator.py
[2022-11-11T01:36:32.201+0000] {processor.py:756} INFO - Processing file /home/airflow/.local/lib/python3.7/site-packages/airflow/example_dags/example_branch_day_of_week_operator.py for tasks to queue
[2022-11-11T01:36:32.205+0000] {logging_mixin.py:120} INFO - [2022-11-11T01:36:32.205+0000] {dagbag.py:537} INFO - Filling up the DagBag from /home/airflow/.local/lib/python3.7/site-packages/airflow/example_dags/example_branch_day_of_week_operator.py
[2022-11-11T01:36:32.230+0000] {processor.py:766} INFO - DAG(s) dict_keys(['example_weekday_branch_operator']) retrieved from /home/airflow/.local/lib/python3.7/site-packages/airflow/example_dags/example_branch_day_of_week_operator.py
[2022-11-11T01:36:32.283+0000] {logging_mixin.py:120} INFO - [2022-11-11T01:36:32.282+0000] {dag.py:2585} INFO - Sync 1 DAGs
[2022-11-11T01:36:32.335+0000] {logging_mixin.py:120} INFO - [2022-11-11T01:36:32.335+0000] {dag.py:3340} INFO - Setting next_dagrun for example_weekday_branch_operator to 2022-11-10T00:00:00+00:00, run_after=2022-11-11T00:00:00+00:00
[2022-11-11T01:36:32.388+0000] {processor.py:176} INFO - Processing /home/airflow/.local/lib/python3.7/site-packages/airflow/example_dags/example_branch_day_of_week_operator.py took 0.200 seconds
[2022-11-11T01:37:02.983+0000] {processor.py:154} INFO - Started process (PID=111) to work on /home/airflow/.local/lib/python3.7/site-packages/airflow/example_dags/example_branch_day_of_week_operator.py
[2022-11-11T01:37:02.985+0000] {processor.py:756} INFO - Processing file /home/airflow/.local/lib/python3.7/site-packages/airflow/example_dags/example_branch_day_of_week_operator.py for tasks to queue
[2022-11-11T01:37:02.987+0000] {logging_mixin.py:120} INFO - [2022-11-11T01:37:02.986+0000] {dagbag.py:537} INFO - Filling up the DagBag from /home/airflow/.local/lib/python3.7/site-packages/airflow/example_dags/example_branch_day_of_week_operator.py
[2022-11-11T01:37:03.002+0000] {processor.py:766} INFO - DAG(s) dict_keys(['example_weekday_branch_operator']) retrieved from /home/airflow/.local/lib/python3.7/site-packages/airflow/example_dags/example_branch_day_of_week_operator.py
[2022-11-11T01:37:03.049+0000] {logging_mixin.py:120} INFO - [2022-11-11T01:37:03.049+0000] {dag.py:2585} INFO - Sync 1 DAGs
[2022-11-11T01:37:03.069+0000] {logging_mixin.py:120} INFO - [2022-11-11T01:37:03.069+0000] {dag.py:3340} INFO - Setting next_dagrun for example_weekday_branch_operator to 2022-11-10T00:00:00+00:00, run_after=2022-11-11T00:00:00+00:00
[2022-11-11T01:37:03.084+0000] {processor.py:176} INFO - Processing /home/airflow/.local/lib/python3.7/site-packages/airflow/example_dags/example_branch_day_of_week_operator.py took 0.104 seconds
[2022-11-11T01:37:33.769+0000] {processor.py:154} INFO - Started process (PID=175) to work on /home/airflow/.local/lib/python3.7/site-packages/airflow/example_dags/example_branch_day_of_week_operator.py
[2022-11-11T01:37:33.771+0000] {processor.py:756} INFO - Processing file /home/airflow/.local/lib/python3.7/site-packages/airflow/example_dags/example_branch_day_of_week_operator.py for tasks to queue
[2022-11-11T01:37:33.773+0000] {logging_mixin.py:120} INFO - [2022-11-11T01:37:33.773+0000] {dagbag.py:537} INFO - Filling up the DagBag from /home/airflow/.local/lib/python3.7/site-packages/airflow/example_dags/example_branch_day_of_week_operator.py
[2022-11-11T01:37:33.786+0000] {processor.py:766} INFO - DAG(s) dict_keys(['example_weekday_branch_operator']) retrieved from /home/airflow/.local/lib/python3.7/site-packages/airflow/example_dags/example_branch_day_of_week_operator.py
[2022-11-11T01:37:33.820+0000] {logging_mixin.py:120} INFO - [2022-11-11T01:37:33.820+0000] {dag.py:2585} INFO - Sync 1 DAGs
[2022-11-11T01:37:33.841+0000] {logging_mixin.py:120} INFO - [2022-11-11T01:37:33.840+0000] {dag.py:3340} INFO - Setting next_dagrun for example_weekday_branch_operator to 2022-11-10T00:00:00+00:00, run_after=2022-11-11T00:00:00+00:00
[2022-11-11T01:37:33.857+0000] {processor.py:176} INFO - Processing /home/airflow/.local/lib/python3.7/site-packages/airflow/example_dags/example_branch_day_of_week_operator.py took 0.091 seconds
[2022-11-11T01:38:04.428+0000] {processor.py:154} INFO - Started process (PID=238) to work on /home/airflow/.local/lib/python3.7/site-packages/airflow/example_dags/example_branch_day_of_week_operator.py
[2022-11-11T01:38:04.430+0000] {processor.py:756} INFO - Processing file /home/airflow/.local/lib/python3.7/site-packages/airflow/example_dags/example_branch_day_of_week_operator.py for tasks to queue
[2022-11-11T01:38:04.431+0000] {logging_mixin.py:120} INFO - [2022-11-11T01:38:04.431+0000] {dagbag.py:537} INFO - Filling up the DagBag from /home/airflow/.local/lib/python3.7/site-packages/airflow/example_dags/example_branch_day_of_week_operator.py
[2022-11-11T01:38:04.448+0000] {processor.py:766} INFO - DAG(s) dict_keys(['example_weekday_branch_operator']) retrieved from /home/airflow/.local/lib/python3.7/site-packages/airflow/example_dags/example_branch_day_of_week_operator.py
[2022-11-11T01:38:04.490+0000] {logging_mixin.py:120} INFO - [2022-11-11T01:38:04.490+0000] {dag.py:2585} INFO - Sync 1 DAGs
[2022-11-11T01:38:04.509+0000] {logging_mixin.py:120} INFO - [2022-11-11T01:38:04.508+0000] {dag.py:3340} INFO - Setting next_dagrun for example_weekday_branch_operator to 2022-11-10T00:00:00+00:00, run_after=2022-11-11T00:00:00+00:00
[2022-11-11T01:38:04.523+0000] {processor.py:176} INFO - Processing /home/airflow/.local/lib/python3.7/site-packages/airflow/example_dags/example_branch_day_of_week_operator.py took 0.099 seconds
[2022-11-11T01:38:35.047+0000] {processor.py:154} INFO - Started process (PID=302) to work on /home/airflow/.local/lib/python3.7/site-packages/airflow/example_dags/example_branch_day_of_week_operator.py
[2022-11-11T01:38:35.049+0000] {processor.py:756} INFO - Processing file /home/airflow/.local/lib/python3.7/site-packages/airflow/example_dags/example_branch_day_of_week_operator.py for tasks to queue
[2022-11-11T01:38:35.051+0000] {logging_mixin.py:120} INFO - [2022-11-11T01:38:35.051+0000] {dagbag.py:537} INFO - Filling up the DagBag from /home/airflow/.local/lib/python3.7/site-packages/airflow/example_dags/example_branch_day_of_week_operator.py
[2022-11-11T01:38:35.065+0000] {processor.py:766} INFO - DAG(s) dict_keys(['example_weekday_branch_operator']) retrieved from /home/airflow/.local/lib/python3.7/site-packages/airflow/example_dags/example_branch_day_of_week_operator.py
[2022-11-11T01:38:35.104+0000] {logging_mixin.py:120} INFO - [2022-11-11T01:38:35.104+0000] {dag.py:2585} INFO - Sync 1 DAGs
[2022-11-11T01:38:35.129+0000] {logging_mixin.py:120} INFO - [2022-11-11T01:38:35.129+0000] {dag.py:3340} INFO - Setting next_dagrun for example_weekday_branch_operator to 2022-11-10T00:00:00+00:00, run_after=2022-11-11T00:00:00+00:00
[2022-11-11T01:38:35.145+0000] {processor.py:176} INFO - Processing /home/airflow/.local/lib/python3.7/site-packages/airflow/example_dags/example_branch_day_of_week_operator.py took 0.100 seconds
[2022-11-11T01:39:05.744+0000] {processor.py:154} INFO - Started process (PID=356) to work on /home/airflow/.local/lib/python3.7/site-packages/airflow/example_dags/example_branch_day_of_week_operator.py
[2022-11-11T01:39:05.747+0000] {processor.py:756} INFO - Processing file /home/airflow/.local/lib/python3.7/site-packages/airflow/example_dags/example_branch_day_of_week_operator.py for tasks to queue
[2022-11-11T01:39:05.748+0000] {logging_mixin.py:120} INFO - [2022-11-11T01:39:05.748+0000] {dagbag.py:537} INFO - Filling up the DagBag from /home/airflow/.local/lib/python3.7/site-packages/airflow/example_dags/example_branch_day_of_week_operator.py
[2022-11-11T01:39:05.761+0000] {processor.py:766} INFO - DAG(s) dict_keys(['example_weekday_branch_operator']) retrieved from /home/airflow/.local/lib/python3.7/site-packages/airflow/example_dags/example_branch_day_of_week_operator.py
[2022-11-11T01:39:05.800+0000] {logging_mixin.py:120} INFO - [2022-11-11T01:39:05.800+0000] {dag.py:2585} INFO - Sync 1 DAGs
[2022-11-11T01:39:05.820+0000] {logging_mixin.py:120} INFO - [2022-11-11T01:39:05.820+0000] {dag.py:3340} INFO - Setting next_dagrun for example_weekday_branch_operator to 2022-11-10T00:00:00+00:00, run_after=2022-11-11T00:00:00+00:00
[2022-11-11T01:39:05.835+0000] {processor.py:176} INFO - Processing /home/airflow/.local/lib/python3.7/site-packages/airflow/example_dags/example_branch_day_of_week_operator.py took 0.093 seconds
[2022-11-11T01:39:36.515+0000] {processor.py:154} INFO - Started process (PID=418) to work on /home/airflow/.local/lib/python3.7/site-packages/airflow/example_dags/example_branch_day_of_week_operator.py
[2022-11-11T01:39:36.517+0000] {processor.py:756} INFO - Processing file /home/airflow/.local/lib/python3.7/site-packages/airflow/example_dags/example_branch_day_of_week_operator.py for tasks to queue
[2022-11-11T01:39:36.518+0000] {logging_mixin.py:120} INFO - [2022-11-11T01:39:36.518+0000] {dagbag.py:537} INFO - Filling up the DagBag from /home/airflow/.local/lib/python3.7/site-packages/airflow/example_dags/example_branch_day_of_week_operator.py
[2022-11-11T01:39:36.529+0000] {processor.py:766} INFO - DAG(s) dict_keys(['example_weekday_branch_operator']) retrieved from /home/airflow/.local/lib/python3.7/site-packages/airflow/example_dags/example_branch_day_of_week_operator.py
[2022-11-11T01:39:36.561+0000] {logging_mixin.py:120} INFO - [2022-11-11T01:39:36.561+0000] {dag.py:2585} INFO - Sync 1 DAGs
[2022-11-11T01:39:36.577+0000] {logging_mixin.py:120} INFO - [2022-11-11T01:39:36.577+0000] {dag.py:3340} INFO - Setting next_dagrun for example_weekday_branch_operator to 2022-11-10T00:00:00+00:00, run_after=2022-11-11T00:00:00+00:00
[2022-11-11T01:39:36.588+0000] {processor.py:176} INFO - Processing /home/airflow/.local/lib/python3.7/site-packages/airflow/example_dags/example_branch_day_of_week_operator.py took 0.076 seconds
[2022-11-11T01:40:07.368+0000] {processor.py:154} INFO - Started process (PID=481) to work on /home/airflow/.local/lib/python3.7/site-packages/airflow/example_dags/example_branch_day_of_week_operator.py
[2022-11-11T01:40:07.370+0000] {processor.py:756} INFO - Processing file /home/airflow/.local/lib/python3.7/site-packages/airflow/example_dags/example_branch_day_of_week_operator.py for tasks to queue
[2022-11-11T01:40:07.372+0000] {logging_mixin.py:120} INFO - [2022-11-11T01:40:07.371+0000] {dagbag.py:537} INFO - Filling up the DagBag from /home/airflow/.local/lib/python3.7/site-packages/airflow/example_dags/example_branch_day_of_week_operator.py
[2022-11-11T01:40:07.385+0000] {processor.py:766} INFO - DAG(s) dict_keys(['example_weekday_branch_operator']) retrieved from /home/airflow/.local/lib/python3.7/site-packages/airflow/example_dags/example_branch_day_of_week_operator.py
[2022-11-11T01:40:07.420+0000] {logging_mixin.py:120} INFO - [2022-11-11T01:40:07.420+0000] {dag.py:2585} INFO - Sync 1 DAGs
[2022-11-11T01:40:07.438+0000] {logging_mixin.py:120} INFO - [2022-11-11T01:40:07.437+0000] {dag.py:3340} INFO - Setting next_dagrun for example_weekday_branch_operator to 2022-11-10T00:00:00+00:00, run_after=2022-11-11T00:00:00+00:00
[2022-11-11T01:40:07.451+0000] {processor.py:176} INFO - Processing /home/airflow/.local/lib/python3.7/site-packages/airflow/example_dags/example_branch_day_of_week_operator.py took 0.086 seconds
[2022-11-11T01:40:38.127+0000] {processor.py:154} INFO - Started process (PID=543) to work on /home/airflow/.local/lib/python3.7/site-packages/airflow/example_dags/example_branch_day_of_week_operator.py
[2022-11-11T01:40:38.130+0000] {processor.py:756} INFO - Processing file /home/airflow/.local/lib/python3.7/site-packages/airflow/example_dags/example_branch_day_of_week_operator.py for tasks to queue
[2022-11-11T01:40:38.131+0000] {logging_mixin.py:120} INFO - [2022-11-11T01:40:38.131+0000] {dagbag.py:537} INFO - Filling up the DagBag from /home/airflow/.local/lib/python3.7/site-packages/airflow/example_dags/example_branch_day_of_week_operator.py
[2022-11-11T01:40:38.144+0000] {processor.py:766} INFO - DAG(s) dict_keys(['example_weekday_branch_operator']) retrieved from /home/airflow/.local/lib/python3.7/site-packages/airflow/example_dags/example_branch_day_of_week_operator.py
[2022-11-11T01:40:38.182+0000] {logging_mixin.py:120} INFO - [2022-11-11T01:40:38.182+0000] {dag.py:2585} INFO - Sync 1 DAGs
[2022-11-11T01:40:38.200+0000] {logging_mixin.py:120} INFO - [2022-11-11T01:40:38.200+0000] {dag.py:3340} INFO - Setting next_dagrun for example_weekday_branch_operator to 2022-11-10T00:00:00+00:00, run_after=2022-11-11T00:00:00+00:00
[2022-11-11T01:40:38.215+0000] {processor.py:176} INFO - Processing /home/airflow/.local/lib/python3.7/site-packages/airflow/example_dags/example_branch_day_of_week_operator.py took 0.091 seconds
[2022-11-11T01:41:09.313+0000] {processor.py:154} INFO - Started process (PID=607) to work on /home/airflow/.local/lib/python3.7/site-packages/airflow/example_dags/example_branch_day_of_week_operator.py
[2022-11-11T01:41:09.315+0000] {processor.py:756} INFO - Processing file /home/airflow/.local/lib/python3.7/site-packages/airflow/example_dags/example_branch_day_of_week_operator.py for tasks to queue
[2022-11-11T01:41:09.316+0000] {logging_mixin.py:120} INFO - [2022-11-11T01:41:09.316+0000] {dagbag.py:537} INFO - Filling up the DagBag from /home/airflow/.local/lib/python3.7/site-packages/airflow/example_dags/example_branch_day_of_week_operator.py
[2022-11-11T01:41:09.336+0000] {processor.py:766} INFO - DAG(s) dict_keys(['example_weekday_branch_operator']) retrieved from /home/airflow/.local/lib/python3.7/site-packages/airflow/example_dags/example_branch_day_of_week_operator.py
[2022-11-11T01:41:09.373+0000] {logging_mixin.py:120} INFO - [2022-11-11T01:41:09.373+0000] {dag.py:2585} INFO - Sync 1 DAGs
[2022-11-11T01:41:09.392+0000] {logging_mixin.py:120} INFO - [2022-11-11T01:41:09.392+0000] {dag.py:3340} INFO - Setting next_dagrun for example_weekday_branch_operator to 2022-11-10T00:00:00+00:00, run_after=2022-11-11T00:00:00+00:00
[2022-11-11T01:41:09.406+0000] {processor.py:176} INFO - Processing /home/airflow/.local/lib/python3.7/site-packages/airflow/example_dags/example_branch_day_of_week_operator.py took 0.096 seconds
