[2022-11-11T01:36:35.565+0000] {processor.py:154} INFO - Started process (PID=73) to work on /home/airflow/.local/lib/python3.7/site-packages/airflow/example_dags/example_bash_operator.py
[2022-11-11T01:36:35.570+0000] {processor.py:756} INFO - Processing file /home/airflow/.local/lib/python3.7/site-packages/airflow/example_dags/example_bash_operator.py for tasks to queue
[2022-11-11T01:36:35.580+0000] {logging_mixin.py:120} INFO - [2022-11-11T01:36:35.579+0000] {dagbag.py:537} INFO - Filling up the DagBag from /home/airflow/.local/lib/python3.7/site-packages/airflow/example_dags/example_bash_operator.py
[2022-11-11T01:36:35.705+0000] {processor.py:766} INFO - DAG(s) dict_keys(['example_bash_operator']) retrieved from /home/airflow/.local/lib/python3.7/site-packages/airflow/example_dags/example_bash_operator.py
[2022-11-11T01:36:35.845+0000] {logging_mixin.py:120} INFO - [2022-11-11T01:36:35.845+0000] {dag.py:2585} INFO - Sync 1 DAGs
[2022-11-11T01:36:35.930+0000] {logging_mixin.py:120} INFO - [2022-11-11T01:36:35.930+0000] {dag.py:3340} INFO - Setting next_dagrun for example_bash_operator to 2022-11-10T00:00:00+00:00, run_after=2022-11-11T00:00:00+00:00
[2022-11-11T01:36:35.961+0000] {processor.py:176} INFO - Processing /home/airflow/.local/lib/python3.7/site-packages/airflow/example_dags/example_bash_operator.py took 0.414 seconds
[2022-11-11T01:37:06.086+0000] {processor.py:154} INFO - Started process (PID=127) to work on /home/airflow/.local/lib/python3.7/site-packages/airflow/example_dags/example_bash_operator.py
[2022-11-11T01:37:06.088+0000] {processor.py:756} INFO - Processing file /home/airflow/.local/lib/python3.7/site-packages/airflow/example_dags/example_bash_operator.py for tasks to queue
[2022-11-11T01:37:06.090+0000] {logging_mixin.py:120} INFO - [2022-11-11T01:37:06.089+0000] {dagbag.py:537} INFO - Filling up the DagBag from /home/airflow/.local/lib/python3.7/site-packages/airflow/example_dags/example_bash_operator.py
[2022-11-11T01:37:06.107+0000] {processor.py:766} INFO - DAG(s) dict_keys(['example_bash_operator']) retrieved from /home/airflow/.local/lib/python3.7/site-packages/airflow/example_dags/example_bash_operator.py
[2022-11-11T01:37:06.142+0000] {logging_mixin.py:120} INFO - [2022-11-11T01:37:06.142+0000] {dag.py:2585} INFO - Sync 1 DAGs
[2022-11-11T01:37:06.158+0000] {logging_mixin.py:120} INFO - [2022-11-11T01:37:06.158+0000] {dag.py:3340} INFO - Setting next_dagrun for example_bash_operator to 2022-11-10T00:00:00+00:00, run_after=2022-11-11T00:00:00+00:00
[2022-11-11T01:37:06.169+0000] {processor.py:176} INFO - Processing /home/airflow/.local/lib/python3.7/site-packages/airflow/example_dags/example_bash_operator.py took 0.086 seconds
[2022-11-11T01:37:36.779+0000] {processor.py:154} INFO - Started process (PID=191) to work on /home/airflow/.local/lib/python3.7/site-packages/airflow/example_dags/example_bash_operator.py
[2022-11-11T01:37:36.780+0000] {processor.py:756} INFO - Processing file /home/airflow/.local/lib/python3.7/site-packages/airflow/example_dags/example_bash_operator.py for tasks to queue
[2022-11-11T01:37:36.782+0000] {logging_mixin.py:120} INFO - [2022-11-11T01:37:36.782+0000] {dagbag.py:537} INFO - Filling up the DagBag from /home/airflow/.local/lib/python3.7/site-packages/airflow/example_dags/example_bash_operator.py
[2022-11-11T01:37:36.797+0000] {processor.py:766} INFO - DAG(s) dict_keys(['example_bash_operator']) retrieved from /home/airflow/.local/lib/python3.7/site-packages/airflow/example_dags/example_bash_operator.py
[2022-11-11T01:37:36.832+0000] {logging_mixin.py:120} INFO - [2022-11-11T01:37:36.832+0000] {dag.py:2585} INFO - Sync 1 DAGs
[2022-11-11T01:37:36.849+0000] {logging_mixin.py:120} INFO - [2022-11-11T01:37:36.849+0000] {dag.py:3340} INFO - Setting next_dagrun for example_bash_operator to 2022-11-10T00:00:00+00:00, run_after=2022-11-11T00:00:00+00:00
[2022-11-11T01:37:36.862+0000] {processor.py:176} INFO - Processing /home/airflow/.local/lib/python3.7/site-packages/airflow/example_dags/example_bash_operator.py took 0.086 seconds
[2022-11-11T01:38:07.408+0000] {processor.py:154} INFO - Started process (PID=254) to work on /home/airflow/.local/lib/python3.7/site-packages/airflow/example_dags/example_bash_operator.py
[2022-11-11T01:38:07.410+0000] {processor.py:756} INFO - Processing file /home/airflow/.local/lib/python3.7/site-packages/airflow/example_dags/example_bash_operator.py for tasks to queue
[2022-11-11T01:38:07.412+0000] {logging_mixin.py:120} INFO - [2022-11-11T01:38:07.411+0000] {dagbag.py:537} INFO - Filling up the DagBag from /home/airflow/.local/lib/python3.7/site-packages/airflow/example_dags/example_bash_operator.py
[2022-11-11T01:38:07.427+0000] {processor.py:766} INFO - DAG(s) dict_keys(['example_bash_operator']) retrieved from /home/airflow/.local/lib/python3.7/site-packages/airflow/example_dags/example_bash_operator.py
[2022-11-11T01:38:07.462+0000] {logging_mixin.py:120} INFO - [2022-11-11T01:38:07.462+0000] {dag.py:2585} INFO - Sync 1 DAGs
[2022-11-11T01:38:07.478+0000] {logging_mixin.py:120} INFO - [2022-11-11T01:38:07.478+0000] {dag.py:3340} INFO - Setting next_dagrun for example_bash_operator to 2022-11-10T00:00:00+00:00, run_after=2022-11-11T00:00:00+00:00
[2022-11-11T01:38:07.491+0000] {processor.py:176} INFO - Processing /home/airflow/.local/lib/python3.7/site-packages/airflow/example_dags/example_bash_operator.py took 0.086 seconds
[2022-11-11T01:38:38.102+0000] {processor.py:154} INFO - Started process (PID=318) to work on /home/airflow/.local/lib/python3.7/site-packages/airflow/example_dags/example_bash_operator.py
[2022-11-11T01:38:38.104+0000] {processor.py:756} INFO - Processing file /home/airflow/.local/lib/python3.7/site-packages/airflow/example_dags/example_bash_operator.py for tasks to queue
[2022-11-11T01:38:38.105+0000] {logging_mixin.py:120} INFO - [2022-11-11T01:38:38.105+0000] {dagbag.py:537} INFO - Filling up the DagBag from /home/airflow/.local/lib/python3.7/site-packages/airflow/example_dags/example_bash_operator.py
[2022-11-11T01:38:38.122+0000] {processor.py:766} INFO - DAG(s) dict_keys(['example_bash_operator']) retrieved from /home/airflow/.local/lib/python3.7/site-packages/airflow/example_dags/example_bash_operator.py
[2022-11-11T01:38:38.158+0000] {logging_mixin.py:120} INFO - [2022-11-11T01:38:38.158+0000] {dag.py:2585} INFO - Sync 1 DAGs
[2022-11-11T01:38:38.177+0000] {logging_mixin.py:120} INFO - [2022-11-11T01:38:38.177+0000] {dag.py:3340} INFO - Setting next_dagrun for example_bash_operator to 2022-11-10T00:00:00+00:00, run_after=2022-11-11T00:00:00+00:00
[2022-11-11T01:38:38.192+0000] {processor.py:176} INFO - Processing /home/airflow/.local/lib/python3.7/site-packages/airflow/example_dags/example_bash_operator.py took 0.093 seconds
[2022-11-11T01:39:08.752+0000] {processor.py:154} INFO - Started process (PID=381) to work on /home/airflow/.local/lib/python3.7/site-packages/airflow/example_dags/example_bash_operator.py
[2022-11-11T01:39:08.754+0000] {processor.py:756} INFO - Processing file /home/airflow/.local/lib/python3.7/site-packages/airflow/example_dags/example_bash_operator.py for tasks to queue
[2022-11-11T01:39:08.755+0000] {logging_mixin.py:120} INFO - [2022-11-11T01:39:08.755+0000] {dagbag.py:537} INFO - Filling up the DagBag from /home/airflow/.local/lib/python3.7/site-packages/airflow/example_dags/example_bash_operator.py
[2022-11-11T01:39:08.772+0000] {processor.py:766} INFO - DAG(s) dict_keys(['example_bash_operator']) retrieved from /home/airflow/.local/lib/python3.7/site-packages/airflow/example_dags/example_bash_operator.py
[2022-11-11T01:39:08.809+0000] {logging_mixin.py:120} INFO - [2022-11-11T01:39:08.809+0000] {dag.py:2585} INFO - Sync 1 DAGs
[2022-11-11T01:39:08.830+0000] {logging_mixin.py:120} INFO - [2022-11-11T01:39:08.830+0000] {dag.py:3340} INFO - Setting next_dagrun for example_bash_operator to 2022-11-10T00:00:00+00:00, run_after=2022-11-11T00:00:00+00:00
[2022-11-11T01:39:08.844+0000] {processor.py:176} INFO - Processing /home/airflow/.local/lib/python3.7/site-packages/airflow/example_dags/example_bash_operator.py took 0.096 seconds
[2022-11-11T01:39:39.620+0000] {processor.py:154} INFO - Started process (PID=443) to work on /home/airflow/.local/lib/python3.7/site-packages/airflow/example_dags/example_bash_operator.py
[2022-11-11T01:39:39.623+0000] {processor.py:756} INFO - Processing file /home/airflow/.local/lib/python3.7/site-packages/airflow/example_dags/example_bash_operator.py for tasks to queue
[2022-11-11T01:39:39.624+0000] {logging_mixin.py:120} INFO - [2022-11-11T01:39:39.624+0000] {dagbag.py:537} INFO - Filling up the DagBag from /home/airflow/.local/lib/python3.7/site-packages/airflow/example_dags/example_bash_operator.py
[2022-11-11T01:39:39.640+0000] {processor.py:766} INFO - DAG(s) dict_keys(['example_bash_operator']) retrieved from /home/airflow/.local/lib/python3.7/site-packages/airflow/example_dags/example_bash_operator.py
[2022-11-11T01:39:39.677+0000] {logging_mixin.py:120} INFO - [2022-11-11T01:39:39.677+0000] {dag.py:2585} INFO - Sync 1 DAGs
[2022-11-11T01:39:39.695+0000] {logging_mixin.py:120} INFO - [2022-11-11T01:39:39.695+0000] {dag.py:3340} INFO - Setting next_dagrun for example_bash_operator to 2022-11-10T00:00:00+00:00, run_after=2022-11-11T00:00:00+00:00
[2022-11-11T01:39:39.710+0000] {processor.py:176} INFO - Processing /home/airflow/.local/lib/python3.7/site-packages/airflow/example_dags/example_bash_operator.py took 0.093 seconds
[2022-11-11T01:40:10.308+0000] {processor.py:154} INFO - Started process (PID=497) to work on /home/airflow/.local/lib/python3.7/site-packages/airflow/example_dags/example_bash_operator.py
[2022-11-11T01:40:10.310+0000] {processor.py:756} INFO - Processing file /home/airflow/.local/lib/python3.7/site-packages/airflow/example_dags/example_bash_operator.py for tasks to queue
[2022-11-11T01:40:10.312+0000] {logging_mixin.py:120} INFO - [2022-11-11T01:40:10.312+0000] {dagbag.py:537} INFO - Filling up the DagBag from /home/airflow/.local/lib/python3.7/site-packages/airflow/example_dags/example_bash_operator.py
[2022-11-11T01:40:10.332+0000] {processor.py:766} INFO - DAG(s) dict_keys(['example_bash_operator']) retrieved from /home/airflow/.local/lib/python3.7/site-packages/airflow/example_dags/example_bash_operator.py
[2022-11-11T01:40:10.379+0000] {logging_mixin.py:120} INFO - [2022-11-11T01:40:10.379+0000] {dag.py:2585} INFO - Sync 1 DAGs
[2022-11-11T01:40:10.402+0000] {logging_mixin.py:120} INFO - [2022-11-11T01:40:10.402+0000] {dag.py:3340} INFO - Setting next_dagrun for example_bash_operator to 2022-11-10T00:00:00+00:00, run_after=2022-11-11T00:00:00+00:00
[2022-11-11T01:40:10.417+0000] {processor.py:176} INFO - Processing /home/airflow/.local/lib/python3.7/site-packages/airflow/example_dags/example_bash_operator.py took 0.112 seconds
[2022-11-11T01:40:41.293+0000] {processor.py:154} INFO - Started process (PID=559) to work on /home/airflow/.local/lib/python3.7/site-packages/airflow/example_dags/example_bash_operator.py
[2022-11-11T01:40:41.295+0000] {processor.py:756} INFO - Processing file /home/airflow/.local/lib/python3.7/site-packages/airflow/example_dags/example_bash_operator.py for tasks to queue
[2022-11-11T01:40:41.296+0000] {logging_mixin.py:120} INFO - [2022-11-11T01:40:41.296+0000] {dagbag.py:537} INFO - Filling up the DagBag from /home/airflow/.local/lib/python3.7/site-packages/airflow/example_dags/example_bash_operator.py
[2022-11-11T01:40:41.311+0000] {processor.py:766} INFO - DAG(s) dict_keys(['example_bash_operator']) retrieved from /home/airflow/.local/lib/python3.7/site-packages/airflow/example_dags/example_bash_operator.py
[2022-11-11T01:40:41.347+0000] {logging_mixin.py:120} INFO - [2022-11-11T01:40:41.347+0000] {dag.py:2585} INFO - Sync 1 DAGs
[2022-11-11T01:40:41.363+0000] {logging_mixin.py:120} INFO - [2022-11-11T01:40:41.363+0000] {dag.py:3340} INFO - Setting next_dagrun for example_bash_operator to 2022-11-10T00:00:00+00:00, run_after=2022-11-11T00:00:00+00:00
[2022-11-11T01:40:41.377+0000] {processor.py:176} INFO - Processing /home/airflow/.local/lib/python3.7/site-packages/airflow/example_dags/example_bash_operator.py took 0.087 seconds
[2022-11-11T01:41:11.502+0000] {processor.py:154} INFO - Started process (PID=623) to work on /home/airflow/.local/lib/python3.7/site-packages/airflow/example_dags/example_bash_operator.py
[2022-11-11T01:41:11.505+0000] {processor.py:756} INFO - Processing file /home/airflow/.local/lib/python3.7/site-packages/airflow/example_dags/example_bash_operator.py for tasks to queue
[2022-11-11T01:41:11.507+0000] {logging_mixin.py:120} INFO - [2022-11-11T01:41:11.507+0000] {dagbag.py:537} INFO - Filling up the DagBag from /home/airflow/.local/lib/python3.7/site-packages/airflow/example_dags/example_bash_operator.py
[2022-11-11T01:41:11.522+0000] {processor.py:766} INFO - DAG(s) dict_keys(['example_bash_operator']) retrieved from /home/airflow/.local/lib/python3.7/site-packages/airflow/example_dags/example_bash_operator.py
[2022-11-11T01:41:11.558+0000] {logging_mixin.py:120} INFO - [2022-11-11T01:41:11.558+0000] {dag.py:2585} INFO - Sync 1 DAGs
[2022-11-11T01:41:11.575+0000] {logging_mixin.py:120} INFO - [2022-11-11T01:41:11.575+0000] {dag.py:3340} INFO - Setting next_dagrun for example_bash_operator to 2022-11-10T00:00:00+00:00, run_after=2022-11-11T00:00:00+00:00
[2022-11-11T01:41:11.589+0000] {processor.py:176} INFO - Processing /home/airflow/.local/lib/python3.7/site-packages/airflow/example_dags/example_bash_operator.py took 0.091 seconds
