[2022-11-11T01:36:30.870+0000] {processor.py:154} INFO - Started process (PID=39) to work on /home/airflow/.local/lib/python3.7/site-packages/airflow/example_dags/example_task_group.py
[2022-11-11T01:36:30.873+0000] {processor.py:756} INFO - Processing file /home/airflow/.local/lib/python3.7/site-packages/airflow/example_dags/example_task_group.py for tasks to queue
[2022-11-11T01:36:30.876+0000] {logging_mixin.py:120} INFO - [2022-11-11T01:36:30.876+0000] {dagbag.py:537} INFO - Filling up the DagBag from /home/airflow/.local/lib/python3.7/site-packages/airflow/example_dags/example_task_group.py
[2022-11-11T01:36:30.893+0000] {processor.py:766} INFO - DAG(s) dict_keys(['example_task_group']) retrieved from /home/airflow/.local/lib/python3.7/site-packages/airflow/example_dags/example_task_group.py
[2022-11-11T01:36:30.932+0000] {logging_mixin.py:120} INFO - [2022-11-11T01:36:30.932+0000] {dag.py:2585} INFO - Sync 1 DAGs
[2022-11-11T01:36:30.959+0000] {logging_mixin.py:120} INFO - [2022-11-11T01:36:30.958+0000] {dag.py:3340} INFO - Setting next_dagrun for example_task_group to 2022-11-10T01:36:30.958781+00:00, run_after=2022-11-11T01:36:30.958781+00:00
[2022-11-11T01:36:30.979+0000] {processor.py:176} INFO - Processing /home/airflow/.local/lib/python3.7/site-packages/airflow/example_dags/example_task_group.py took 0.114 seconds
[2022-11-11T01:37:02.089+0000] {processor.py:154} INFO - Started process (PID=101) to work on /home/airflow/.local/lib/python3.7/site-packages/airflow/example_dags/example_task_group.py
[2022-11-11T01:37:02.091+0000] {processor.py:756} INFO - Processing file /home/airflow/.local/lib/python3.7/site-packages/airflow/example_dags/example_task_group.py for tasks to queue
[2022-11-11T01:37:02.093+0000] {logging_mixin.py:120} INFO - [2022-11-11T01:37:02.093+0000] {dagbag.py:537} INFO - Filling up the DagBag from /home/airflow/.local/lib/python3.7/site-packages/airflow/example_dags/example_task_group.py
[2022-11-11T01:37:02.108+0000] {processor.py:766} INFO - DAG(s) dict_keys(['example_task_group']) retrieved from /home/airflow/.local/lib/python3.7/site-packages/airflow/example_dags/example_task_group.py
[2022-11-11T01:37:02.144+0000] {logging_mixin.py:120} INFO - [2022-11-11T01:37:02.143+0000] {dag.py:2585} INFO - Sync 1 DAGs
[2022-11-11T01:37:02.163+0000] {logging_mixin.py:120} INFO - [2022-11-11T01:37:02.163+0000] {dag.py:3340} INFO - Setting next_dagrun for example_task_group to 2022-11-10T01:37:02.163419+00:00, run_after=2022-11-11T01:37:02.163419+00:00
[2022-11-11T01:37:02.176+0000] {processor.py:176} INFO - Processing /home/airflow/.local/lib/python3.7/site-packages/airflow/example_dags/example_task_group.py took 0.090 seconds
[2022-11-11T01:37:33.132+0000] {processor.py:154} INFO - Started process (PID=165) to work on /home/airflow/.local/lib/python3.7/site-packages/airflow/example_dags/example_task_group.py
[2022-11-11T01:37:33.134+0000] {processor.py:756} INFO - Processing file /home/airflow/.local/lib/python3.7/site-packages/airflow/example_dags/example_task_group.py for tasks to queue
[2022-11-11T01:37:33.136+0000] {logging_mixin.py:120} INFO - [2022-11-11T01:37:33.136+0000] {dagbag.py:537} INFO - Filling up the DagBag from /home/airflow/.local/lib/python3.7/site-packages/airflow/example_dags/example_task_group.py
[2022-11-11T01:37:33.150+0000] {processor.py:766} INFO - DAG(s) dict_keys(['example_task_group']) retrieved from /home/airflow/.local/lib/python3.7/site-packages/airflow/example_dags/example_task_group.py
[2022-11-11T01:37:33.182+0000] {logging_mixin.py:120} INFO - [2022-11-11T01:37:33.182+0000] {dag.py:2585} INFO - Sync 1 DAGs
[2022-11-11T01:37:33.200+0000] {logging_mixin.py:120} INFO - [2022-11-11T01:37:33.200+0000] {dag.py:3340} INFO - Setting next_dagrun for example_task_group to 2022-11-10T01:37:33.199856+00:00, run_after=2022-11-11T01:37:33.199856+00:00
[2022-11-11T01:37:33.216+0000] {processor.py:176} INFO - Processing /home/airflow/.local/lib/python3.7/site-packages/airflow/example_dags/example_task_group.py took 0.086 seconds
[2022-11-11T01:38:03.692+0000] {processor.py:154} INFO - Started process (PID=228) to work on /home/airflow/.local/lib/python3.7/site-packages/airflow/example_dags/example_task_group.py
[2022-11-11T01:38:03.696+0000] {processor.py:756} INFO - Processing file /home/airflow/.local/lib/python3.7/site-packages/airflow/example_dags/example_task_group.py for tasks to queue
[2022-11-11T01:38:03.698+0000] {logging_mixin.py:120} INFO - [2022-11-11T01:38:03.698+0000] {dagbag.py:537} INFO - Filling up the DagBag from /home/airflow/.local/lib/python3.7/site-packages/airflow/example_dags/example_task_group.py
[2022-11-11T01:38:03.716+0000] {processor.py:766} INFO - DAG(s) dict_keys(['example_task_group']) retrieved from /home/airflow/.local/lib/python3.7/site-packages/airflow/example_dags/example_task_group.py
[2022-11-11T01:38:03.750+0000] {logging_mixin.py:120} INFO - [2022-11-11T01:38:03.749+0000] {dag.py:2585} INFO - Sync 1 DAGs
[2022-11-11T01:38:03.767+0000] {logging_mixin.py:120} INFO - [2022-11-11T01:38:03.767+0000] {dag.py:3340} INFO - Setting next_dagrun for example_task_group to 2022-11-10T01:38:03.767495+00:00, run_after=2022-11-11T01:38:03.767495+00:00
[2022-11-11T01:38:03.783+0000] {processor.py:176} INFO - Processing /home/airflow/.local/lib/python3.7/site-packages/airflow/example_dags/example_task_group.py took 0.093 seconds
[2022-11-11T01:38:34.383+0000] {processor.py:154} INFO - Started process (PID=282) to work on /home/airflow/.local/lib/python3.7/site-packages/airflow/example_dags/example_task_group.py
[2022-11-11T01:38:34.384+0000] {processor.py:756} INFO - Processing file /home/airflow/.local/lib/python3.7/site-packages/airflow/example_dags/example_task_group.py for tasks to queue
[2022-11-11T01:38:34.386+0000] {logging_mixin.py:120} INFO - [2022-11-11T01:38:34.386+0000] {dagbag.py:537} INFO - Filling up the DagBag from /home/airflow/.local/lib/python3.7/site-packages/airflow/example_dags/example_task_group.py
[2022-11-11T01:38:34.400+0000] {processor.py:766} INFO - DAG(s) dict_keys(['example_task_group']) retrieved from /home/airflow/.local/lib/python3.7/site-packages/airflow/example_dags/example_task_group.py
[2022-11-11T01:38:34.433+0000] {logging_mixin.py:120} INFO - [2022-11-11T01:38:34.433+0000] {dag.py:2585} INFO - Sync 1 DAGs
[2022-11-11T01:38:34.451+0000] {logging_mixin.py:120} INFO - [2022-11-11T01:38:34.451+0000] {dag.py:3340} INFO - Setting next_dagrun for example_task_group to 2022-11-10T01:38:34.450818+00:00, run_after=2022-11-11T01:38:34.450818+00:00
[2022-11-11T01:38:34.465+0000] {processor.py:176} INFO - Processing /home/airflow/.local/lib/python3.7/site-packages/airflow/example_dags/example_task_group.py took 0.084 seconds
[2022-11-11T01:39:05.082+0000] {processor.py:154} INFO - Started process (PID=346) to work on /home/airflow/.local/lib/python3.7/site-packages/airflow/example_dags/example_task_group.py
[2022-11-11T01:39:05.084+0000] {processor.py:756} INFO - Processing file /home/airflow/.local/lib/python3.7/site-packages/airflow/example_dags/example_task_group.py for tasks to queue
[2022-11-11T01:39:05.086+0000] {logging_mixin.py:120} INFO - [2022-11-11T01:39:05.085+0000] {dagbag.py:537} INFO - Filling up the DagBag from /home/airflow/.local/lib/python3.7/site-packages/airflow/example_dags/example_task_group.py
[2022-11-11T01:39:05.099+0000] {processor.py:766} INFO - DAG(s) dict_keys(['example_task_group']) retrieved from /home/airflow/.local/lib/python3.7/site-packages/airflow/example_dags/example_task_group.py
[2022-11-11T01:39:05.132+0000] {logging_mixin.py:120} INFO - [2022-11-11T01:39:05.132+0000] {dag.py:2585} INFO - Sync 1 DAGs
[2022-11-11T01:39:05.149+0000] {logging_mixin.py:120} INFO - [2022-11-11T01:39:05.149+0000] {dag.py:3340} INFO - Setting next_dagrun for example_task_group to 2022-11-10T01:39:05.149575+00:00, run_after=2022-11-11T01:39:05.149575+00:00
[2022-11-11T01:39:05.164+0000] {processor.py:176} INFO - Processing /home/airflow/.local/lib/python3.7/site-packages/airflow/example_dags/example_task_group.py took 0.084 seconds
[2022-11-11T01:39:35.812+0000] {processor.py:154} INFO - Started process (PID=408) to work on /home/airflow/.local/lib/python3.7/site-packages/airflow/example_dags/example_task_group.py
[2022-11-11T01:39:35.816+0000] {processor.py:756} INFO - Processing file /home/airflow/.local/lib/python3.7/site-packages/airflow/example_dags/example_task_group.py for tasks to queue
[2022-11-11T01:39:35.831+0000] {logging_mixin.py:120} INFO - [2022-11-11T01:39:35.831+0000] {dagbag.py:537} INFO - Filling up the DagBag from /home/airflow/.local/lib/python3.7/site-packages/airflow/example_dags/example_task_group.py
[2022-11-11T01:39:35.851+0000] {processor.py:766} INFO - DAG(s) dict_keys(['example_task_group']) retrieved from /home/airflow/.local/lib/python3.7/site-packages/airflow/example_dags/example_task_group.py
[2022-11-11T01:39:35.886+0000] {logging_mixin.py:120} INFO - [2022-11-11T01:39:35.886+0000] {dag.py:2585} INFO - Sync 1 DAGs
[2022-11-11T01:39:35.904+0000] {logging_mixin.py:120} INFO - [2022-11-11T01:39:35.903+0000] {dag.py:3340} INFO - Setting next_dagrun for example_task_group to 2022-11-10T01:39:35.903684+00:00, run_after=2022-11-11T01:39:35.903684+00:00
[2022-11-11T01:39:35.917+0000] {processor.py:176} INFO - Processing /home/airflow/.local/lib/python3.7/site-packages/airflow/example_dags/example_task_group.py took 0.108 seconds
[2022-11-11T01:40:06.691+0000] {processor.py:154} INFO - Started process (PID=471) to work on /home/airflow/.local/lib/python3.7/site-packages/airflow/example_dags/example_task_group.py
[2022-11-11T01:40:06.694+0000] {processor.py:756} INFO - Processing file /home/airflow/.local/lib/python3.7/site-packages/airflow/example_dags/example_task_group.py for tasks to queue
[2022-11-11T01:40:06.695+0000] {logging_mixin.py:120} INFO - [2022-11-11T01:40:06.695+0000] {dagbag.py:537} INFO - Filling up the DagBag from /home/airflow/.local/lib/python3.7/site-packages/airflow/example_dags/example_task_group.py
[2022-11-11T01:40:06.707+0000] {processor.py:766} INFO - DAG(s) dict_keys(['example_task_group']) retrieved from /home/airflow/.local/lib/python3.7/site-packages/airflow/example_dags/example_task_group.py
[2022-11-11T01:40:06.739+0000] {logging_mixin.py:120} INFO - [2022-11-11T01:40:06.739+0000] {dag.py:2585} INFO - Sync 1 DAGs
[2022-11-11T01:40:06.756+0000] {logging_mixin.py:120} INFO - [2022-11-11T01:40:06.755+0000] {dag.py:3340} INFO - Setting next_dagrun for example_task_group to 2022-11-10T01:40:06.755753+00:00, run_after=2022-11-11T01:40:06.755753+00:00
[2022-11-11T01:40:06.768+0000] {processor.py:176} INFO - Processing /home/airflow/.local/lib/python3.7/site-packages/airflow/example_dags/example_task_group.py took 0.081 seconds
[2022-11-11T01:40:37.315+0000] {processor.py:154} INFO - Started process (PID=533) to work on /home/airflow/.local/lib/python3.7/site-packages/airflow/example_dags/example_task_group.py
[2022-11-11T01:40:37.317+0000] {processor.py:756} INFO - Processing file /home/airflow/.local/lib/python3.7/site-packages/airflow/example_dags/example_task_group.py for tasks to queue
[2022-11-11T01:40:37.318+0000] {logging_mixin.py:120} INFO - [2022-11-11T01:40:37.318+0000] {dagbag.py:537} INFO - Filling up the DagBag from /home/airflow/.local/lib/python3.7/site-packages/airflow/example_dags/example_task_group.py
[2022-11-11T01:40:37.331+0000] {processor.py:766} INFO - DAG(s) dict_keys(['example_task_group']) retrieved from /home/airflow/.local/lib/python3.7/site-packages/airflow/example_dags/example_task_group.py
[2022-11-11T01:40:37.365+0000] {logging_mixin.py:120} INFO - [2022-11-11T01:40:37.365+0000] {dag.py:2585} INFO - Sync 1 DAGs
[2022-11-11T01:40:37.381+0000] {logging_mixin.py:120} INFO - [2022-11-11T01:40:37.381+0000] {dag.py:3340} INFO - Setting next_dagrun for example_task_group to 2022-11-10T01:40:37.381440+00:00, run_after=2022-11-11T01:40:37.381440+00:00
[2022-11-11T01:40:37.394+0000] {processor.py:176} INFO - Processing /home/airflow/.local/lib/python3.7/site-packages/airflow/example_dags/example_task_group.py took 0.082 seconds
[2022-11-11T01:41:08.321+0000] {processor.py:154} INFO - Started process (PID=597) to work on /home/airflow/.local/lib/python3.7/site-packages/airflow/example_dags/example_task_group.py
[2022-11-11T01:41:08.324+0000] {processor.py:756} INFO - Processing file /home/airflow/.local/lib/python3.7/site-packages/airflow/example_dags/example_task_group.py for tasks to queue
[2022-11-11T01:41:08.325+0000] {logging_mixin.py:120} INFO - [2022-11-11T01:41:08.325+0000] {dagbag.py:537} INFO - Filling up the DagBag from /home/airflow/.local/lib/python3.7/site-packages/airflow/example_dags/example_task_group.py
[2022-11-11T01:41:08.338+0000] {processor.py:766} INFO - DAG(s) dict_keys(['example_task_group']) retrieved from /home/airflow/.local/lib/python3.7/site-packages/airflow/example_dags/example_task_group.py
[2022-11-11T01:41:08.372+0000] {logging_mixin.py:120} INFO - [2022-11-11T01:41:08.372+0000] {dag.py:2585} INFO - Sync 1 DAGs
[2022-11-11T01:41:08.389+0000] {logging_mixin.py:120} INFO - [2022-11-11T01:41:08.389+0000] {dag.py:3340} INFO - Setting next_dagrun for example_task_group to 2022-11-10T01:41:08.389490+00:00, run_after=2022-11-11T01:41:08.389490+00:00
[2022-11-11T01:41:08.404+0000] {processor.py:176} INFO - Processing /home/airflow/.local/lib/python3.7/site-packages/airflow/example_dags/example_task_group.py took 0.086 seconds
