[2022-11-11T01:36:35.251+0000] {processor.py:154} INFO - Started process (PID=71) to work on /home/airflow/.local/lib/python3.7/site-packages/airflow/example_dags/example_branch_labels.py
[2022-11-11T01:36:35.257+0000] {processor.py:756} INFO - Processing file /home/airflow/.local/lib/python3.7/site-packages/airflow/example_dags/example_branch_labels.py for tasks to queue
[2022-11-11T01:36:35.259+0000] {logging_mixin.py:120} INFO - [2022-11-11T01:36:35.259+0000] {dagbag.py:537} INFO - Filling up the DagBag from /home/airflow/.local/lib/python3.7/site-packages/airflow/example_dags/example_branch_labels.py
[2022-11-11T01:36:35.277+0000] {processor.py:766} INFO - DAG(s) dict_keys(['example_branch_labels']) retrieved from /home/airflow/.local/lib/python3.7/site-packages/airflow/example_dags/example_branch_labels.py
[2022-11-11T01:36:35.336+0000] {logging_mixin.py:120} INFO - [2022-11-11T01:36:35.336+0000] {dag.py:2585} INFO - Sync 1 DAGs
[2022-11-11T01:36:35.394+0000] {logging_mixin.py:120} INFO - [2022-11-11T01:36:35.394+0000] {dag.py:3340} INFO - Setting next_dagrun for example_branch_labels to 2022-11-10T00:00:00+00:00, run_after=2022-11-11T00:00:00+00:00
[2022-11-11T01:36:35.444+0000] {processor.py:176} INFO - Processing /home/airflow/.local/lib/python3.7/site-packages/airflow/example_dags/example_branch_labels.py took 0.196 seconds
[2022-11-11T01:37:05.968+0000] {processor.py:154} INFO - Started process (PID=125) to work on /home/airflow/.local/lib/python3.7/site-packages/airflow/example_dags/example_branch_labels.py
[2022-11-11T01:37:05.970+0000] {processor.py:756} INFO - Processing file /home/airflow/.local/lib/python3.7/site-packages/airflow/example_dags/example_branch_labels.py for tasks to queue
[2022-11-11T01:37:05.972+0000] {logging_mixin.py:120} INFO - [2022-11-11T01:37:05.972+0000] {dagbag.py:537} INFO - Filling up the DagBag from /home/airflow/.local/lib/python3.7/site-packages/airflow/example_dags/example_branch_labels.py
[2022-11-11T01:37:05.989+0000] {processor.py:766} INFO - DAG(s) dict_keys(['example_branch_labels']) retrieved from /home/airflow/.local/lib/python3.7/site-packages/airflow/example_dags/example_branch_labels.py
[2022-11-11T01:37:06.022+0000] {logging_mixin.py:120} INFO - [2022-11-11T01:37:06.022+0000] {dag.py:2585} INFO - Sync 1 DAGs
[2022-11-11T01:37:06.039+0000] {logging_mixin.py:120} INFO - [2022-11-11T01:37:06.039+0000] {dag.py:3340} INFO - Setting next_dagrun for example_branch_labels to 2022-11-10T00:00:00+00:00, run_after=2022-11-11T00:00:00+00:00
[2022-11-11T01:37:06.051+0000] {processor.py:176} INFO - Processing /home/airflow/.local/lib/python3.7/site-packages/airflow/example_dags/example_branch_labels.py took 0.085 seconds
[2022-11-11T01:37:36.674+0000] {processor.py:154} INFO - Started process (PID=189) to work on /home/airflow/.local/lib/python3.7/site-packages/airflow/example_dags/example_branch_labels.py
[2022-11-11T01:37:36.676+0000] {processor.py:756} INFO - Processing file /home/airflow/.local/lib/python3.7/site-packages/airflow/example_dags/example_branch_labels.py for tasks to queue
[2022-11-11T01:37:36.677+0000] {logging_mixin.py:120} INFO - [2022-11-11T01:37:36.677+0000] {dagbag.py:537} INFO - Filling up the DagBag from /home/airflow/.local/lib/python3.7/site-packages/airflow/example_dags/example_branch_labels.py
[2022-11-11T01:37:36.689+0000] {processor.py:766} INFO - DAG(s) dict_keys(['example_branch_labels']) retrieved from /home/airflow/.local/lib/python3.7/site-packages/airflow/example_dags/example_branch_labels.py
[2022-11-11T01:37:36.722+0000] {logging_mixin.py:120} INFO - [2022-11-11T01:37:36.722+0000] {dag.py:2585} INFO - Sync 1 DAGs
[2022-11-11T01:37:36.737+0000] {logging_mixin.py:120} INFO - [2022-11-11T01:37:36.737+0000] {dag.py:3340} INFO - Setting next_dagrun for example_branch_labels to 2022-11-10T00:00:00+00:00, run_after=2022-11-11T00:00:00+00:00
[2022-11-11T01:37:36.748+0000] {processor.py:176} INFO - Processing /home/airflow/.local/lib/python3.7/site-packages/airflow/example_dags/example_branch_labels.py took 0.077 seconds
[2022-11-11T01:38:07.302+0000] {processor.py:154} INFO - Started process (PID=252) to work on /home/airflow/.local/lib/python3.7/site-packages/airflow/example_dags/example_branch_labels.py
[2022-11-11T01:38:07.304+0000] {processor.py:756} INFO - Processing file /home/airflow/.local/lib/python3.7/site-packages/airflow/example_dags/example_branch_labels.py for tasks to queue
[2022-11-11T01:38:07.305+0000] {logging_mixin.py:120} INFO - [2022-11-11T01:38:07.305+0000] {dagbag.py:537} INFO - Filling up the DagBag from /home/airflow/.local/lib/python3.7/site-packages/airflow/example_dags/example_branch_labels.py
[2022-11-11T01:38:07.317+0000] {processor.py:766} INFO - DAG(s) dict_keys(['example_branch_labels']) retrieved from /home/airflow/.local/lib/python3.7/site-packages/airflow/example_dags/example_branch_labels.py
[2022-11-11T01:38:07.348+0000] {logging_mixin.py:120} INFO - [2022-11-11T01:38:07.347+0000] {dag.py:2585} INFO - Sync 1 DAGs
[2022-11-11T01:38:07.363+0000] {logging_mixin.py:120} INFO - [2022-11-11T01:38:07.363+0000] {dag.py:3340} INFO - Setting next_dagrun for example_branch_labels to 2022-11-10T00:00:00+00:00, run_after=2022-11-11T00:00:00+00:00
[2022-11-11T01:38:07.375+0000] {processor.py:176} INFO - Processing /home/airflow/.local/lib/python3.7/site-packages/airflow/example_dags/example_branch_labels.py took 0.076 seconds
[2022-11-11T01:38:37.987+0000] {processor.py:154} INFO - Started process (PID=316) to work on /home/airflow/.local/lib/python3.7/site-packages/airflow/example_dags/example_branch_labels.py
[2022-11-11T01:38:37.989+0000] {processor.py:756} INFO - Processing file /home/airflow/.local/lib/python3.7/site-packages/airflow/example_dags/example_branch_labels.py for tasks to queue
[2022-11-11T01:38:37.991+0000] {logging_mixin.py:120} INFO - [2022-11-11T01:38:37.990+0000] {dagbag.py:537} INFO - Filling up the DagBag from /home/airflow/.local/lib/python3.7/site-packages/airflow/example_dags/example_branch_labels.py
[2022-11-11T01:38:38.002+0000] {processor.py:766} INFO - DAG(s) dict_keys(['example_branch_labels']) retrieved from /home/airflow/.local/lib/python3.7/site-packages/airflow/example_dags/example_branch_labels.py
[2022-11-11T01:38:38.034+0000] {logging_mixin.py:120} INFO - [2022-11-11T01:38:38.034+0000] {dag.py:2585} INFO - Sync 1 DAGs
[2022-11-11T01:38:38.051+0000] {logging_mixin.py:120} INFO - [2022-11-11T01:38:38.051+0000] {dag.py:3340} INFO - Setting next_dagrun for example_branch_labels to 2022-11-10T00:00:00+00:00, run_after=2022-11-11T00:00:00+00:00
[2022-11-11T01:38:38.064+0000] {processor.py:176} INFO - Processing /home/airflow/.local/lib/python3.7/site-packages/airflow/example_dags/example_branch_labels.py took 0.081 seconds
[2022-11-11T01:39:08.611+0000] {processor.py:154} INFO - Started process (PID=379) to work on /home/airflow/.local/lib/python3.7/site-packages/airflow/example_dags/example_branch_labels.py
[2022-11-11T01:39:08.614+0000] {processor.py:756} INFO - Processing file /home/airflow/.local/lib/python3.7/site-packages/airflow/example_dags/example_branch_labels.py for tasks to queue
[2022-11-11T01:39:08.616+0000] {logging_mixin.py:120} INFO - [2022-11-11T01:39:08.615+0000] {dagbag.py:537} INFO - Filling up the DagBag from /home/airflow/.local/lib/python3.7/site-packages/airflow/example_dags/example_branch_labels.py
[2022-11-11T01:39:08.627+0000] {processor.py:766} INFO - DAG(s) dict_keys(['example_branch_labels']) retrieved from /home/airflow/.local/lib/python3.7/site-packages/airflow/example_dags/example_branch_labels.py
[2022-11-11T01:39:08.663+0000] {logging_mixin.py:120} INFO - [2022-11-11T01:39:08.663+0000] {dag.py:2585} INFO - Sync 1 DAGs
[2022-11-11T01:39:08.683+0000] {logging_mixin.py:120} INFO - [2022-11-11T01:39:08.683+0000] {dag.py:3340} INFO - Setting next_dagrun for example_branch_labels to 2022-11-10T00:00:00+00:00, run_after=2022-11-11T00:00:00+00:00
[2022-11-11T01:39:08.711+0000] {processor.py:176} INFO - Processing /home/airflow/.local/lib/python3.7/site-packages/airflow/example_dags/example_branch_labels.py took 0.103 seconds
[2022-11-11T01:39:39.500+0000] {processor.py:154} INFO - Started process (PID=439) to work on /home/airflow/.local/lib/python3.7/site-packages/airflow/example_dags/example_branch_labels.py
[2022-11-11T01:39:39.503+0000] {processor.py:756} INFO - Processing file /home/airflow/.local/lib/python3.7/site-packages/airflow/example_dags/example_branch_labels.py for tasks to queue
[2022-11-11T01:39:39.504+0000] {logging_mixin.py:120} INFO - [2022-11-11T01:39:39.504+0000] {dagbag.py:537} INFO - Filling up the DagBag from /home/airflow/.local/lib/python3.7/site-packages/airflow/example_dags/example_branch_labels.py
[2022-11-11T01:39:39.517+0000] {processor.py:766} INFO - DAG(s) dict_keys(['example_branch_labels']) retrieved from /home/airflow/.local/lib/python3.7/site-packages/airflow/example_dags/example_branch_labels.py
[2022-11-11T01:39:39.552+0000] {logging_mixin.py:120} INFO - [2022-11-11T01:39:39.552+0000] {dag.py:2585} INFO - Sync 1 DAGs
[2022-11-11T01:39:39.570+0000] {logging_mixin.py:120} INFO - [2022-11-11T01:39:39.570+0000] {dag.py:3340} INFO - Setting next_dagrun for example_branch_labels to 2022-11-10T00:00:00+00:00, run_after=2022-11-11T00:00:00+00:00
[2022-11-11T01:39:39.582+0000] {processor.py:176} INFO - Processing /home/airflow/.local/lib/python3.7/site-packages/airflow/example_dags/example_branch_labels.py took 0.086 seconds
[2022-11-11T01:40:10.174+0000] {processor.py:154} INFO - Started process (PID=495) to work on /home/airflow/.local/lib/python3.7/site-packages/airflow/example_dags/example_branch_labels.py
[2022-11-11T01:40:10.177+0000] {processor.py:756} INFO - Processing file /home/airflow/.local/lib/python3.7/site-packages/airflow/example_dags/example_branch_labels.py for tasks to queue
[2022-11-11T01:40:10.179+0000] {logging_mixin.py:120} INFO - [2022-11-11T01:40:10.179+0000] {dagbag.py:537} INFO - Filling up the DagBag from /home/airflow/.local/lib/python3.7/site-packages/airflow/example_dags/example_branch_labels.py
[2022-11-11T01:40:10.201+0000] {processor.py:766} INFO - DAG(s) dict_keys(['example_branch_labels']) retrieved from /home/airflow/.local/lib/python3.7/site-packages/airflow/example_dags/example_branch_labels.py
[2022-11-11T01:40:10.237+0000] {logging_mixin.py:120} INFO - [2022-11-11T01:40:10.237+0000] {dag.py:2585} INFO - Sync 1 DAGs
[2022-11-11T01:40:10.254+0000] {logging_mixin.py:120} INFO - [2022-11-11T01:40:10.254+0000] {dag.py:3340} INFO - Setting next_dagrun for example_branch_labels to 2022-11-10T00:00:00+00:00, run_after=2022-11-11T00:00:00+00:00
[2022-11-11T01:40:10.266+0000] {processor.py:176} INFO - Processing /home/airflow/.local/lib/python3.7/site-packages/airflow/example_dags/example_branch_labels.py took 0.096 seconds
[2022-11-11T01:40:41.177+0000] {processor.py:154} INFO - Started process (PID=557) to work on /home/airflow/.local/lib/python3.7/site-packages/airflow/example_dags/example_branch_labels.py
[2022-11-11T01:40:41.179+0000] {processor.py:756} INFO - Processing file /home/airflow/.local/lib/python3.7/site-packages/airflow/example_dags/example_branch_labels.py for tasks to queue
[2022-11-11T01:40:41.181+0000] {logging_mixin.py:120} INFO - [2022-11-11T01:40:41.181+0000] {dagbag.py:537} INFO - Filling up the DagBag from /home/airflow/.local/lib/python3.7/site-packages/airflow/example_dags/example_branch_labels.py
[2022-11-11T01:40:41.193+0000] {processor.py:766} INFO - DAG(s) dict_keys(['example_branch_labels']) retrieved from /home/airflow/.local/lib/python3.7/site-packages/airflow/example_dags/example_branch_labels.py
[2022-11-11T01:40:41.228+0000] {logging_mixin.py:120} INFO - [2022-11-11T01:40:41.228+0000] {dag.py:2585} INFO - Sync 1 DAGs
[2022-11-11T01:40:41.246+0000] {logging_mixin.py:120} INFO - [2022-11-11T01:40:41.246+0000] {dag.py:3340} INFO - Setting next_dagrun for example_branch_labels to 2022-11-10T00:00:00+00:00, run_after=2022-11-11T00:00:00+00:00
[2022-11-11T01:40:41.258+0000] {processor.py:176} INFO - Processing /home/airflow/.local/lib/python3.7/site-packages/airflow/example_dags/example_branch_labels.py took 0.085 seconds
[2022-11-11T01:41:11.393+0000] {processor.py:154} INFO - Started process (PID=621) to work on /home/airflow/.local/lib/python3.7/site-packages/airflow/example_dags/example_branch_labels.py
[2022-11-11T01:41:11.396+0000] {processor.py:756} INFO - Processing file /home/airflow/.local/lib/python3.7/site-packages/airflow/example_dags/example_branch_labels.py for tasks to queue
[2022-11-11T01:41:11.397+0000] {logging_mixin.py:120} INFO - [2022-11-11T01:41:11.397+0000] {dagbag.py:537} INFO - Filling up the DagBag from /home/airflow/.local/lib/python3.7/site-packages/airflow/example_dags/example_branch_labels.py
[2022-11-11T01:41:11.408+0000] {processor.py:766} INFO - DAG(s) dict_keys(['example_branch_labels']) retrieved from /home/airflow/.local/lib/python3.7/site-packages/airflow/example_dags/example_branch_labels.py
[2022-11-11T01:41:11.440+0000] {logging_mixin.py:120} INFO - [2022-11-11T01:41:11.440+0000] {dag.py:2585} INFO - Sync 1 DAGs
[2022-11-11T01:41:11.456+0000] {logging_mixin.py:120} INFO - [2022-11-11T01:41:11.456+0000] {dag.py:3340} INFO - Setting next_dagrun for example_branch_labels to 2022-11-10T00:00:00+00:00, run_after=2022-11-11T00:00:00+00:00
[2022-11-11T01:41:11.467+0000] {processor.py:176} INFO - Processing /home/airflow/.local/lib/python3.7/site-packages/airflow/example_dags/example_branch_labels.py took 0.076 seconds
