[2022-11-11T01:36:35.562+0000] {processor.py:154} INFO - Started process (PID=72) to work on /home/airflow/.local/lib/python3.7/site-packages/airflow/example_dags/example_subdag_operator.py
[2022-11-11T01:36:35.566+0000] {processor.py:756} INFO - Processing file /home/airflow/.local/lib/python3.7/site-packages/airflow/example_dags/example_subdag_operator.py for tasks to queue
[2022-11-11T01:36:35.569+0000] {logging_mixin.py:120} INFO - [2022-11-11T01:36:35.569+0000] {dagbag.py:537} INFO - Filling up the DagBag from /home/airflow/.local/lib/python3.7/site-packages/airflow/example_dags/example_subdag_operator.py
[2022-11-11T01:36:35.755+0000] {processor.py:766} INFO - DAG(s) dict_keys(['example_subdag_operator.section-1', 'example_subdag_operator.section-2', 'example_subdag_operator']) retrieved from /home/airflow/.local/lib/python3.7/site-packages/airflow/example_dags/example_subdag_operator.py
[2022-11-11T01:36:35.851+0000] {logging_mixin.py:120} INFO - [2022-11-11T01:36:35.851+0000] {dag.py:2585} INFO - Sync 3 DAGs
[2022-11-11T01:36:35.963+0000] {logging_mixin.py:120} INFO - [2022-11-11T01:36:35.962+0000] {dag.py:3340} INFO - Setting next_dagrun for example_subdag_operator to 2022-01-01T00:00:00+00:00, run_after=2022-01-01T00:00:00+00:00
[2022-11-11T01:36:35.979+0000] {logging_mixin.py:120} INFO - [2022-11-11T01:36:35.979+0000] {dag.py:3340} INFO - Setting next_dagrun for example_subdag_operator.section-1 to None, run_after=None
[2022-11-11T01:36:35.988+0000] {logging_mixin.py:120} INFO - [2022-11-11T01:36:35.988+0000] {dag.py:3340} INFO - Setting next_dagrun for example_subdag_operator.section-2 to None, run_after=None
[2022-11-11T01:36:36.010+0000] {logging_mixin.py:120} INFO - [2022-11-11T01:36:36.010+0000] {dag.py:2585} INFO - Sync 2 DAGs
[2022-11-11T01:36:36.019+0000] {logging_mixin.py:120} INFO - [2022-11-11T01:36:36.019+0000] {dag.py:3340} INFO - Setting next_dagrun for example_subdag_operator.section-1 to None, run_after=None
[2022-11-11T01:36:36.021+0000] {logging_mixin.py:120} INFO - [2022-11-11T01:36:36.021+0000] {dag.py:3340} INFO - Setting next_dagrun for example_subdag_operator.section-2 to None, run_after=None
[2022-11-11T01:36:36.041+0000] {processor.py:176} INFO - Processing /home/airflow/.local/lib/python3.7/site-packages/airflow/example_dags/example_subdag_operator.py took 0.493 seconds
[2022-11-11T01:37:06.081+0000] {processor.py:154} INFO - Started process (PID=126) to work on /home/airflow/.local/lib/python3.7/site-packages/airflow/example_dags/example_subdag_operator.py
[2022-11-11T01:37:06.083+0000] {processor.py:756} INFO - Processing file /home/airflow/.local/lib/python3.7/site-packages/airflow/example_dags/example_subdag_operator.py for tasks to queue
[2022-11-11T01:37:06.085+0000] {logging_mixin.py:120} INFO - [2022-11-11T01:37:06.085+0000] {dagbag.py:537} INFO - Filling up the DagBag from /home/airflow/.local/lib/python3.7/site-packages/airflow/example_dags/example_subdag_operator.py
[2022-11-11T01:37:06.114+0000] {processor.py:766} INFO - DAG(s) dict_keys(['example_subdag_operator.section-1', 'example_subdag_operator.section-2', 'example_subdag_operator']) retrieved from /home/airflow/.local/lib/python3.7/site-packages/airflow/example_dags/example_subdag_operator.py
[2022-11-11T01:37:06.213+0000] {logging_mixin.py:120} INFO - [2022-11-11T01:37:06.213+0000] {dag.py:2585} INFO - Sync 3 DAGs
[2022-11-11T01:37:06.229+0000] {logging_mixin.py:120} INFO - [2022-11-11T01:37:06.229+0000] {dag.py:3340} INFO - Setting next_dagrun for example_subdag_operator to 2022-01-01T00:00:00+00:00, run_after=2022-01-01T00:00:00+00:00
[2022-11-11T01:37:06.233+0000] {logging_mixin.py:120} INFO - [2022-11-11T01:37:06.232+0000] {dag.py:3340} INFO - Setting next_dagrun for example_subdag_operator.section-1 to None, run_after=None
[2022-11-11T01:37:06.235+0000] {logging_mixin.py:120} INFO - [2022-11-11T01:37:06.235+0000] {dag.py:3340} INFO - Setting next_dagrun for example_subdag_operator.section-2 to None, run_after=None
[2022-11-11T01:37:06.241+0000] {logging_mixin.py:120} INFO - [2022-11-11T01:37:06.241+0000] {dag.py:2585} INFO - Sync 2 DAGs
[2022-11-11T01:37:06.246+0000] {logging_mixin.py:120} INFO - [2022-11-11T01:37:06.246+0000] {dag.py:3340} INFO - Setting next_dagrun for example_subdag_operator.section-1 to None, run_after=None
[2022-11-11T01:37:06.247+0000] {logging_mixin.py:120} INFO - [2022-11-11T01:37:06.247+0000] {dag.py:3340} INFO - Setting next_dagrun for example_subdag_operator.section-2 to None, run_after=None
[2022-11-11T01:37:06.254+0000] {processor.py:176} INFO - Processing /home/airflow/.local/lib/python3.7/site-packages/airflow/example_dags/example_subdag_operator.py took 0.175 seconds
[2022-11-11T01:37:36.776+0000] {processor.py:154} INFO - Started process (PID=190) to work on /home/airflow/.local/lib/python3.7/site-packages/airflow/example_dags/example_subdag_operator.py
[2022-11-11T01:37:36.778+0000] {processor.py:756} INFO - Processing file /home/airflow/.local/lib/python3.7/site-packages/airflow/example_dags/example_subdag_operator.py for tasks to queue
[2022-11-11T01:37:36.779+0000] {logging_mixin.py:120} INFO - [2022-11-11T01:37:36.779+0000] {dagbag.py:537} INFO - Filling up the DagBag from /home/airflow/.local/lib/python3.7/site-packages/airflow/example_dags/example_subdag_operator.py
[2022-11-11T01:37:36.806+0000] {processor.py:766} INFO - DAG(s) dict_keys(['example_subdag_operator.section-1', 'example_subdag_operator.section-2', 'example_subdag_operator']) retrieved from /home/airflow/.local/lib/python3.7/site-packages/airflow/example_dags/example_subdag_operator.py
[2022-11-11T01:37:36.904+0000] {logging_mixin.py:120} INFO - [2022-11-11T01:37:36.904+0000] {dag.py:2585} INFO - Sync 3 DAGs
[2022-11-11T01:37:36.921+0000] {logging_mixin.py:120} INFO - [2022-11-11T01:37:36.921+0000] {dag.py:3340} INFO - Setting next_dagrun for example_subdag_operator to 2022-01-01T00:00:00+00:00, run_after=2022-01-01T00:00:00+00:00
[2022-11-11T01:37:36.924+0000] {logging_mixin.py:120} INFO - [2022-11-11T01:37:36.924+0000] {dag.py:3340} INFO - Setting next_dagrun for example_subdag_operator.section-1 to None, run_after=None
[2022-11-11T01:37:36.926+0000] {logging_mixin.py:120} INFO - [2022-11-11T01:37:36.926+0000] {dag.py:3340} INFO - Setting next_dagrun for example_subdag_operator.section-2 to None, run_after=None
[2022-11-11T01:37:36.932+0000] {logging_mixin.py:120} INFO - [2022-11-11T01:37:36.932+0000] {dag.py:2585} INFO - Sync 2 DAGs
[2022-11-11T01:37:36.937+0000] {logging_mixin.py:120} INFO - [2022-11-11T01:37:36.937+0000] {dag.py:3340} INFO - Setting next_dagrun for example_subdag_operator.section-1 to None, run_after=None
[2022-11-11T01:37:36.938+0000] {logging_mixin.py:120} INFO - [2022-11-11T01:37:36.938+0000] {dag.py:3340} INFO - Setting next_dagrun for example_subdag_operator.section-2 to None, run_after=None
[2022-11-11T01:37:36.946+0000] {processor.py:176} INFO - Processing /home/airflow/.local/lib/python3.7/site-packages/airflow/example_dags/example_subdag_operator.py took 0.173 seconds
[2022-11-11T01:38:07.401+0000] {processor.py:154} INFO - Started process (PID=253) to work on /home/airflow/.local/lib/python3.7/site-packages/airflow/example_dags/example_subdag_operator.py
[2022-11-11T01:38:07.404+0000] {processor.py:756} INFO - Processing file /home/airflow/.local/lib/python3.7/site-packages/airflow/example_dags/example_subdag_operator.py for tasks to queue
[2022-11-11T01:38:07.405+0000] {logging_mixin.py:120} INFO - [2022-11-11T01:38:07.405+0000] {dagbag.py:537} INFO - Filling up the DagBag from /home/airflow/.local/lib/python3.7/site-packages/airflow/example_dags/example_subdag_operator.py
[2022-11-11T01:38:07.434+0000] {processor.py:766} INFO - DAG(s) dict_keys(['example_subdag_operator.section-1', 'example_subdag_operator.section-2', 'example_subdag_operator']) retrieved from /home/airflow/.local/lib/python3.7/site-packages/airflow/example_dags/example_subdag_operator.py
[2022-11-11T01:38:07.533+0000] {logging_mixin.py:120} INFO - [2022-11-11T01:38:07.533+0000] {dag.py:2585} INFO - Sync 3 DAGs
[2022-11-11T01:38:07.550+0000] {logging_mixin.py:120} INFO - [2022-11-11T01:38:07.550+0000] {dag.py:3340} INFO - Setting next_dagrun for example_subdag_operator to 2022-01-01T00:00:00+00:00, run_after=2022-01-01T00:00:00+00:00
[2022-11-11T01:38:07.554+0000] {logging_mixin.py:120} INFO - [2022-11-11T01:38:07.554+0000] {dag.py:3340} INFO - Setting next_dagrun for example_subdag_operator.section-1 to None, run_after=None
[2022-11-11T01:38:07.556+0000] {logging_mixin.py:120} INFO - [2022-11-11T01:38:07.556+0000] {dag.py:3340} INFO - Setting next_dagrun for example_subdag_operator.section-2 to None, run_after=None
[2022-11-11T01:38:07.562+0000] {logging_mixin.py:120} INFO - [2022-11-11T01:38:07.562+0000] {dag.py:2585} INFO - Sync 2 DAGs
[2022-11-11T01:38:07.567+0000] {logging_mixin.py:120} INFO - [2022-11-11T01:38:07.567+0000] {dag.py:3340} INFO - Setting next_dagrun for example_subdag_operator.section-1 to None, run_after=None
[2022-11-11T01:38:07.568+0000] {logging_mixin.py:120} INFO - [2022-11-11T01:38:07.568+0000] {dag.py:3340} INFO - Setting next_dagrun for example_subdag_operator.section-2 to None, run_after=None
[2022-11-11T01:38:07.575+0000] {processor.py:176} INFO - Processing /home/airflow/.local/lib/python3.7/site-packages/airflow/example_dags/example_subdag_operator.py took 0.177 seconds
[2022-11-11T01:38:38.094+0000] {processor.py:154} INFO - Started process (PID=317) to work on /home/airflow/.local/lib/python3.7/site-packages/airflow/example_dags/example_subdag_operator.py
[2022-11-11T01:38:38.097+0000] {processor.py:756} INFO - Processing file /home/airflow/.local/lib/python3.7/site-packages/airflow/example_dags/example_subdag_operator.py for tasks to queue
[2022-11-11T01:38:38.099+0000] {logging_mixin.py:120} INFO - [2022-11-11T01:38:38.099+0000] {dagbag.py:537} INFO - Filling up the DagBag from /home/airflow/.local/lib/python3.7/site-packages/airflow/example_dags/example_subdag_operator.py
[2022-11-11T01:38:38.132+0000] {processor.py:766} INFO - DAG(s) dict_keys(['example_subdag_operator.section-1', 'example_subdag_operator.section-2', 'example_subdag_operator']) retrieved from /home/airflow/.local/lib/python3.7/site-packages/airflow/example_dags/example_subdag_operator.py
[2022-11-11T01:38:38.250+0000] {logging_mixin.py:120} INFO - [2022-11-11T01:38:38.250+0000] {dag.py:2585} INFO - Sync 3 DAGs
[2022-11-11T01:38:38.276+0000] {logging_mixin.py:120} INFO - [2022-11-11T01:38:38.276+0000] {dag.py:3340} INFO - Setting next_dagrun for example_subdag_operator to 2022-01-01T00:00:00+00:00, run_after=2022-01-01T00:00:00+00:00
[2022-11-11T01:38:38.279+0000] {logging_mixin.py:120} INFO - [2022-11-11T01:38:38.279+0000] {dag.py:3340} INFO - Setting next_dagrun for example_subdag_operator.section-1 to None, run_after=None
[2022-11-11T01:38:38.281+0000] {logging_mixin.py:120} INFO - [2022-11-11T01:38:38.281+0000] {dag.py:3340} INFO - Setting next_dagrun for example_subdag_operator.section-2 to None, run_after=None
[2022-11-11T01:38:38.288+0000] {logging_mixin.py:120} INFO - [2022-11-11T01:38:38.288+0000] {dag.py:2585} INFO - Sync 2 DAGs
[2022-11-11T01:38:38.293+0000] {logging_mixin.py:120} INFO - [2022-11-11T01:38:38.293+0000] {dag.py:3340} INFO - Setting next_dagrun for example_subdag_operator.section-1 to None, run_after=None
[2022-11-11T01:38:38.294+0000] {logging_mixin.py:120} INFO - [2022-11-11T01:38:38.294+0000] {dag.py:3340} INFO - Setting next_dagrun for example_subdag_operator.section-2 to None, run_after=None
[2022-11-11T01:38:38.304+0000] {processor.py:176} INFO - Processing /home/airflow/.local/lib/python3.7/site-packages/airflow/example_dags/example_subdag_operator.py took 0.213 seconds
[2022-11-11T01:39:08.746+0000] {processor.py:154} INFO - Started process (PID=380) to work on /home/airflow/.local/lib/python3.7/site-packages/airflow/example_dags/example_subdag_operator.py
[2022-11-11T01:39:08.749+0000] {processor.py:756} INFO - Processing file /home/airflow/.local/lib/python3.7/site-packages/airflow/example_dags/example_subdag_operator.py for tasks to queue
[2022-11-11T01:39:08.751+0000] {logging_mixin.py:120} INFO - [2022-11-11T01:39:08.750+0000] {dagbag.py:537} INFO - Filling up the DagBag from /home/airflow/.local/lib/python3.7/site-packages/airflow/example_dags/example_subdag_operator.py
[2022-11-11T01:39:08.782+0000] {processor.py:766} INFO - DAG(s) dict_keys(['example_subdag_operator.section-1', 'example_subdag_operator.section-2', 'example_subdag_operator']) retrieved from /home/airflow/.local/lib/python3.7/site-packages/airflow/example_dags/example_subdag_operator.py
[2022-11-11T01:39:08.892+0000] {logging_mixin.py:120} INFO - [2022-11-11T01:39:08.892+0000] {dag.py:2585} INFO - Sync 3 DAGs
[2022-11-11T01:39:08.910+0000] {logging_mixin.py:120} INFO - [2022-11-11T01:39:08.910+0000] {dag.py:3340} INFO - Setting next_dagrun for example_subdag_operator to 2022-01-01T00:00:00+00:00, run_after=2022-01-01T00:00:00+00:00
[2022-11-11T01:39:08.913+0000] {logging_mixin.py:120} INFO - [2022-11-11T01:39:08.913+0000] {dag.py:3340} INFO - Setting next_dagrun for example_subdag_operator.section-1 to None, run_after=None
[2022-11-11T01:39:08.915+0000] {logging_mixin.py:120} INFO - [2022-11-11T01:39:08.915+0000] {dag.py:3340} INFO - Setting next_dagrun for example_subdag_operator.section-2 to None, run_after=None
[2022-11-11T01:39:08.921+0000] {logging_mixin.py:120} INFO - [2022-11-11T01:39:08.921+0000] {dag.py:2585} INFO - Sync 2 DAGs
[2022-11-11T01:39:08.926+0000] {logging_mixin.py:120} INFO - [2022-11-11T01:39:08.926+0000] {dag.py:3340} INFO - Setting next_dagrun for example_subdag_operator.section-1 to None, run_after=None
[2022-11-11T01:39:08.927+0000] {logging_mixin.py:120} INFO - [2022-11-11T01:39:08.927+0000] {dag.py:3340} INFO - Setting next_dagrun for example_subdag_operator.section-2 to None, run_after=None
[2022-11-11T01:39:08.937+0000] {processor.py:176} INFO - Processing /home/airflow/.local/lib/python3.7/site-packages/airflow/example_dags/example_subdag_operator.py took 0.194 seconds
[2022-11-11T01:39:39.614+0000] {processor.py:154} INFO - Started process (PID=442) to work on /home/airflow/.local/lib/python3.7/site-packages/airflow/example_dags/example_subdag_operator.py
[2022-11-11T01:39:39.616+0000] {processor.py:756} INFO - Processing file /home/airflow/.local/lib/python3.7/site-packages/airflow/example_dags/example_subdag_operator.py for tasks to queue
[2022-11-11T01:39:39.617+0000] {logging_mixin.py:120} INFO - [2022-11-11T01:39:39.617+0000] {dagbag.py:537} INFO - Filling up the DagBag from /home/airflow/.local/lib/python3.7/site-packages/airflow/example_dags/example_subdag_operator.py
[2022-11-11T01:39:39.647+0000] {processor.py:766} INFO - DAG(s) dict_keys(['example_subdag_operator.section-1', 'example_subdag_operator.section-2', 'example_subdag_operator']) retrieved from /home/airflow/.local/lib/python3.7/site-packages/airflow/example_dags/example_subdag_operator.py
[2022-11-11T01:39:39.754+0000] {logging_mixin.py:120} INFO - [2022-11-11T01:39:39.754+0000] {dag.py:2585} INFO - Sync 3 DAGs
[2022-11-11T01:39:39.772+0000] {logging_mixin.py:120} INFO - [2022-11-11T01:39:39.772+0000] {dag.py:3340} INFO - Setting next_dagrun for example_subdag_operator to 2022-01-01T00:00:00+00:00, run_after=2022-01-01T00:00:00+00:00
[2022-11-11T01:39:39.775+0000] {logging_mixin.py:120} INFO - [2022-11-11T01:39:39.775+0000] {dag.py:3340} INFO - Setting next_dagrun for example_subdag_operator.section-1 to None, run_after=None
[2022-11-11T01:39:39.778+0000] {logging_mixin.py:120} INFO - [2022-11-11T01:39:39.778+0000] {dag.py:3340} INFO - Setting next_dagrun for example_subdag_operator.section-2 to None, run_after=None
[2022-11-11T01:39:39.784+0000] {logging_mixin.py:120} INFO - [2022-11-11T01:39:39.784+0000] {dag.py:2585} INFO - Sync 2 DAGs
[2022-11-11T01:39:39.790+0000] {logging_mixin.py:120} INFO - [2022-11-11T01:39:39.790+0000] {dag.py:3340} INFO - Setting next_dagrun for example_subdag_operator.section-1 to None, run_after=None
[2022-11-11T01:39:39.791+0000] {logging_mixin.py:120} INFO - [2022-11-11T01:39:39.791+0000] {dag.py:3340} INFO - Setting next_dagrun for example_subdag_operator.section-2 to None, run_after=None
[2022-11-11T01:39:39.801+0000] {processor.py:176} INFO - Processing /home/airflow/.local/lib/python3.7/site-packages/airflow/example_dags/example_subdag_operator.py took 0.190 seconds
[2022-11-11T01:40:10.308+0000] {processor.py:154} INFO - Started process (PID=496) to work on /home/airflow/.local/lib/python3.7/site-packages/airflow/example_dags/example_subdag_operator.py
[2022-11-11T01:40:10.311+0000] {processor.py:756} INFO - Processing file /home/airflow/.local/lib/python3.7/site-packages/airflow/example_dags/example_subdag_operator.py for tasks to queue
[2022-11-11T01:40:10.313+0000] {logging_mixin.py:120} INFO - [2022-11-11T01:40:10.312+0000] {dagbag.py:537} INFO - Filling up the DagBag from /home/airflow/.local/lib/python3.7/site-packages/airflow/example_dags/example_subdag_operator.py
[2022-11-11T01:40:10.347+0000] {processor.py:766} INFO - DAG(s) dict_keys(['example_subdag_operator.section-1', 'example_subdag_operator.section-2', 'example_subdag_operator']) retrieved from /home/airflow/.local/lib/python3.7/site-packages/airflow/example_dags/example_subdag_operator.py
[2022-11-11T01:40:10.466+0000] {logging_mixin.py:120} INFO - [2022-11-11T01:40:10.466+0000] {dag.py:2585} INFO - Sync 3 DAGs
[2022-11-11T01:40:10.484+0000] {logging_mixin.py:120} INFO - [2022-11-11T01:40:10.483+0000] {dag.py:3340} INFO - Setting next_dagrun for example_subdag_operator to 2022-01-01T00:00:00+00:00, run_after=2022-01-01T00:00:00+00:00
[2022-11-11T01:40:10.488+0000] {logging_mixin.py:120} INFO - [2022-11-11T01:40:10.487+0000] {dag.py:3340} INFO - Setting next_dagrun for example_subdag_operator.section-1 to None, run_after=None
[2022-11-11T01:40:10.490+0000] {logging_mixin.py:120} INFO - [2022-11-11T01:40:10.490+0000] {dag.py:3340} INFO - Setting next_dagrun for example_subdag_operator.section-2 to None, run_after=None
[2022-11-11T01:40:10.497+0000] {logging_mixin.py:120} INFO - [2022-11-11T01:40:10.496+0000] {dag.py:2585} INFO - Sync 2 DAGs
[2022-11-11T01:40:10.502+0000] {logging_mixin.py:120} INFO - [2022-11-11T01:40:10.502+0000] {dag.py:3340} INFO - Setting next_dagrun for example_subdag_operator.section-1 to None, run_after=None
[2022-11-11T01:40:10.503+0000] {logging_mixin.py:120} INFO - [2022-11-11T01:40:10.503+0000] {dag.py:3340} INFO - Setting next_dagrun for example_subdag_operator.section-2 to None, run_after=None
[2022-11-11T01:40:10.513+0000] {processor.py:176} INFO - Processing /home/airflow/.local/lib/python3.7/site-packages/airflow/example_dags/example_subdag_operator.py took 0.209 seconds
[2022-11-11T01:40:41.286+0000] {processor.py:154} INFO - Started process (PID=558) to work on /home/airflow/.local/lib/python3.7/site-packages/airflow/example_dags/example_subdag_operator.py
[2022-11-11T01:40:41.288+0000] {processor.py:756} INFO - Processing file /home/airflow/.local/lib/python3.7/site-packages/airflow/example_dags/example_subdag_operator.py for tasks to queue
[2022-11-11T01:40:41.290+0000] {logging_mixin.py:120} INFO - [2022-11-11T01:40:41.290+0000] {dagbag.py:537} INFO - Filling up the DagBag from /home/airflow/.local/lib/python3.7/site-packages/airflow/example_dags/example_subdag_operator.py
[2022-11-11T01:40:41.318+0000] {processor.py:766} INFO - DAG(s) dict_keys(['example_subdag_operator.section-1', 'example_subdag_operator.section-2', 'example_subdag_operator']) retrieved from /home/airflow/.local/lib/python3.7/site-packages/airflow/example_dags/example_subdag_operator.py
[2022-11-11T01:40:41.417+0000] {logging_mixin.py:120} INFO - [2022-11-11T01:40:41.417+0000] {dag.py:2585} INFO - Sync 3 DAGs
[2022-11-11T01:40:41.433+0000] {logging_mixin.py:120} INFO - [2022-11-11T01:40:41.433+0000] {dag.py:3340} INFO - Setting next_dagrun for example_subdag_operator to 2022-01-01T00:00:00+00:00, run_after=2022-01-01T00:00:00+00:00
[2022-11-11T01:40:41.436+0000] {logging_mixin.py:120} INFO - [2022-11-11T01:40:41.436+0000] {dag.py:3340} INFO - Setting next_dagrun for example_subdag_operator.section-1 to None, run_after=None
[2022-11-11T01:40:41.438+0000] {logging_mixin.py:120} INFO - [2022-11-11T01:40:41.438+0000] {dag.py:3340} INFO - Setting next_dagrun for example_subdag_operator.section-2 to None, run_after=None
[2022-11-11T01:40:41.444+0000] {logging_mixin.py:120} INFO - [2022-11-11T01:40:41.444+0000] {dag.py:2585} INFO - Sync 2 DAGs
[2022-11-11T01:40:41.449+0000] {logging_mixin.py:120} INFO - [2022-11-11T01:40:41.449+0000] {dag.py:3340} INFO - Setting next_dagrun for example_subdag_operator.section-1 to None, run_after=None
[2022-11-11T01:40:41.451+0000] {logging_mixin.py:120} INFO - [2022-11-11T01:40:41.451+0000] {dag.py:3340} INFO - Setting next_dagrun for example_subdag_operator.section-2 to None, run_after=None
[2022-11-11T01:40:41.459+0000] {processor.py:176} INFO - Processing /home/airflow/.local/lib/python3.7/site-packages/airflow/example_dags/example_subdag_operator.py took 0.175 seconds
[2022-11-11T01:41:11.498+0000] {processor.py:154} INFO - Started process (PID=622) to work on /home/airflow/.local/lib/python3.7/site-packages/airflow/example_dags/example_subdag_operator.py
[2022-11-11T01:41:11.499+0000] {processor.py:756} INFO - Processing file /home/airflow/.local/lib/python3.7/site-packages/airflow/example_dags/example_subdag_operator.py for tasks to queue
[2022-11-11T01:41:11.500+0000] {logging_mixin.py:120} INFO - [2022-11-11T01:41:11.500+0000] {dagbag.py:537} INFO - Filling up the DagBag from /home/airflow/.local/lib/python3.7/site-packages/airflow/example_dags/example_subdag_operator.py
[2022-11-11T01:41:11.528+0000] {processor.py:766} INFO - DAG(s) dict_keys(['example_subdag_operator.section-1', 'example_subdag_operator.section-2', 'example_subdag_operator']) retrieved from /home/airflow/.local/lib/python3.7/site-packages/airflow/example_dags/example_subdag_operator.py
[2022-11-11T01:41:11.642+0000] {logging_mixin.py:120} INFO - [2022-11-11T01:41:11.642+0000] {dag.py:2585} INFO - Sync 3 DAGs
[2022-11-11T01:41:11.657+0000] {logging_mixin.py:120} INFO - [2022-11-11T01:41:11.657+0000] {dag.py:3340} INFO - Setting next_dagrun for example_subdag_operator to 2022-01-01T00:00:00+00:00, run_after=2022-01-01T00:00:00+00:00
[2022-11-11T01:41:11.661+0000] {logging_mixin.py:120} INFO - [2022-11-11T01:41:11.661+0000] {dag.py:3340} INFO - Setting next_dagrun for example_subdag_operator.section-1 to None, run_after=None
[2022-11-11T01:41:11.663+0000] {logging_mixin.py:120} INFO - [2022-11-11T01:41:11.663+0000] {dag.py:3340} INFO - Setting next_dagrun for example_subdag_operator.section-2 to None, run_after=None
[2022-11-11T01:41:11.668+0000] {logging_mixin.py:120} INFO - [2022-11-11T01:41:11.668+0000] {dag.py:2585} INFO - Sync 2 DAGs
[2022-11-11T01:41:11.673+0000] {logging_mixin.py:120} INFO - [2022-11-11T01:41:11.673+0000] {dag.py:3340} INFO - Setting next_dagrun for example_subdag_operator.section-1 to None, run_after=None
[2022-11-11T01:41:11.675+0000] {logging_mixin.py:120} INFO - [2022-11-11T01:41:11.675+0000] {dag.py:3340} INFO - Setting next_dagrun for example_subdag_operator.section-2 to None, run_after=None
[2022-11-11T01:41:11.682+0000] {processor.py:176} INFO - Processing /home/airflow/.local/lib/python3.7/site-packages/airflow/example_dags/example_subdag_operator.py took 0.188 seconds
