[2022-11-11T01:36:31.551+0000] {processor.py:154} INFO - Started process (PID=45) to work on /home/airflow/.local/lib/python3.7/site-packages/airflow/example_dags/example_python_operator.py
[2022-11-11T01:36:31.554+0000] {processor.py:756} INFO - Processing file /home/airflow/.local/lib/python3.7/site-packages/airflow/example_dags/example_python_operator.py for tasks to queue
[2022-11-11T01:36:31.556+0000] {logging_mixin.py:120} INFO - [2022-11-11T01:36:31.556+0000] {dagbag.py:537} INFO - Filling up the DagBag from /home/airflow/.local/lib/python3.7/site-packages/airflow/example_dags/example_python_operator.py
[2022-11-11T01:36:31.581+0000] {logging_mixin.py:120} INFO - [2022-11-11T01:36:31.581+0000] {taskmixin.py:205} WARNING - Dependency <Task(_PythonDecoratedOperator): print_the_context>, log_sql_query already registered for DAG: example_python_operator
[2022-11-11T01:36:31.584+0000] {logging_mixin.py:120} INFO - [2022-11-11T01:36:31.584+0000] {taskmixin.py:205} WARNING - Dependency <Task(_PythonDecoratedOperator): log_sql_query>, print_the_context already registered for DAG: example_python_operator
[2022-11-11T01:36:31.587+0000] {logging_mixin.py:120} INFO - [2022-11-11T01:36:31.587+0000] {taskmixin.py:205} WARNING - Dependency <Task(_PythonDecoratedOperator): print_the_context>, log_sql_query already registered for DAG: example_python_operator
[2022-11-11T01:36:31.589+0000] {logging_mixin.py:120} INFO - [2022-11-11T01:36:31.589+0000] {taskmixin.py:205} WARNING - Dependency <Task(_PythonDecoratedOperator): log_sql_query>, print_the_context already registered for DAG: example_python_operator
[2022-11-11T01:36:31.592+0000] {logging_mixin.py:120} INFO - [2022-11-11T01:36:31.592+0000] {taskmixin.py:205} WARNING - Dependency <Task(_PythonDecoratedOperator): print_the_context>, log_sql_query already registered for DAG: example_python_operator
[2022-11-11T01:36:31.593+0000] {logging_mixin.py:120} INFO - [2022-11-11T01:36:31.593+0000] {taskmixin.py:205} WARNING - Dependency <Task(_PythonDecoratedOperator): log_sql_query>, print_the_context already registered for DAG: example_python_operator
[2022-11-11T01:36:31.595+0000] {logging_mixin.py:120} INFO - [2022-11-11T01:36:31.595+0000] {taskmixin.py:205} WARNING - Dependency <Task(_PythonDecoratedOperator): print_the_context>, log_sql_query already registered for DAG: example_python_operator
[2022-11-11T01:36:31.596+0000] {logging_mixin.py:120} INFO - [2022-11-11T01:36:31.596+0000] {taskmixin.py:205} WARNING - Dependency <Task(_PythonDecoratedOperator): log_sql_query>, print_the_context already registered for DAG: example_python_operator
[2022-11-11T01:36:31.622+0000] {processor.py:766} INFO - DAG(s) dict_keys(['example_python_operator']) retrieved from /home/airflow/.local/lib/python3.7/site-packages/airflow/example_dags/example_python_operator.py
[2022-11-11T01:36:31.713+0000] {logging_mixin.py:120} INFO - [2022-11-11T01:36:31.713+0000] {dag.py:2585} INFO - Sync 1 DAGs
[2022-11-11T01:36:31.770+0000] {logging_mixin.py:120} INFO - [2022-11-11T01:36:31.770+0000] {dag.py:3340} INFO - Setting next_dagrun for example_python_operator to None, run_after=None
[2022-11-11T01:36:31.809+0000] {processor.py:176} INFO - Processing /home/airflow/.local/lib/python3.7/site-packages/airflow/example_dags/example_python_operator.py took 0.261 seconds
[2022-11-11T01:37:02.661+0000] {processor.py:154} INFO - Started process (PID=107) to work on /home/airflow/.local/lib/python3.7/site-packages/airflow/example_dags/example_python_operator.py
[2022-11-11T01:37:02.664+0000] {processor.py:756} INFO - Processing file /home/airflow/.local/lib/python3.7/site-packages/airflow/example_dags/example_python_operator.py for tasks to queue
[2022-11-11T01:37:02.666+0000] {logging_mixin.py:120} INFO - [2022-11-11T01:37:02.666+0000] {dagbag.py:537} INFO - Filling up the DagBag from /home/airflow/.local/lib/python3.7/site-packages/airflow/example_dags/example_python_operator.py
[2022-11-11T01:37:02.680+0000] {logging_mixin.py:120} INFO - [2022-11-11T01:37:02.680+0000] {taskmixin.py:205} WARNING - Dependency <Task(_PythonDecoratedOperator): print_the_context>, log_sql_query already registered for DAG: example_python_operator
[2022-11-11T01:37:02.683+0000] {logging_mixin.py:120} INFO - [2022-11-11T01:37:02.683+0000] {taskmixin.py:205} WARNING - Dependency <Task(_PythonDecoratedOperator): log_sql_query>, print_the_context already registered for DAG: example_python_operator
[2022-11-11T01:37:02.684+0000] {logging_mixin.py:120} INFO - [2022-11-11T01:37:02.684+0000] {taskmixin.py:205} WARNING - Dependency <Task(_PythonDecoratedOperator): print_the_context>, log_sql_query already registered for DAG: example_python_operator
[2022-11-11T01:37:02.685+0000] {logging_mixin.py:120} INFO - [2022-11-11T01:37:02.685+0000] {taskmixin.py:205} WARNING - Dependency <Task(_PythonDecoratedOperator): log_sql_query>, print_the_context already registered for DAG: example_python_operator
[2022-11-11T01:37:02.686+0000] {logging_mixin.py:120} INFO - [2022-11-11T01:37:02.686+0000] {taskmixin.py:205} WARNING - Dependency <Task(_PythonDecoratedOperator): print_the_context>, log_sql_query already registered for DAG: example_python_operator
[2022-11-11T01:37:02.687+0000] {logging_mixin.py:120} INFO - [2022-11-11T01:37:02.687+0000] {taskmixin.py:205} WARNING - Dependency <Task(_PythonDecoratedOperator): log_sql_query>, print_the_context already registered for DAG: example_python_operator
[2022-11-11T01:37:02.689+0000] {logging_mixin.py:120} INFO - [2022-11-11T01:37:02.689+0000] {taskmixin.py:205} WARNING - Dependency <Task(_PythonDecoratedOperator): print_the_context>, log_sql_query already registered for DAG: example_python_operator
[2022-11-11T01:37:02.690+0000] {logging_mixin.py:120} INFO - [2022-11-11T01:37:02.690+0000] {taskmixin.py:205} WARNING - Dependency <Task(_PythonDecoratedOperator): log_sql_query>, print_the_context already registered for DAG: example_python_operator
[2022-11-11T01:37:02.697+0000] {processor.py:766} INFO - DAG(s) dict_keys(['example_python_operator']) retrieved from /home/airflow/.local/lib/python3.7/site-packages/airflow/example_dags/example_python_operator.py
[2022-11-11T01:37:02.730+0000] {logging_mixin.py:120} INFO - [2022-11-11T01:37:02.730+0000] {dag.py:2585} INFO - Sync 1 DAGs
[2022-11-11T01:37:02.749+0000] {logging_mixin.py:120} INFO - [2022-11-11T01:37:02.749+0000] {dag.py:3340} INFO - Setting next_dagrun for example_python_operator to None, run_after=None
[2022-11-11T01:37:02.765+0000] {processor.py:176} INFO - Processing /home/airflow/.local/lib/python3.7/site-packages/airflow/example_dags/example_python_operator.py took 0.113 seconds
[2022-11-11T01:37:33.486+0000] {processor.py:154} INFO - Started process (PID=171) to work on /home/airflow/.local/lib/python3.7/site-packages/airflow/example_dags/example_python_operator.py
[2022-11-11T01:37:33.489+0000] {processor.py:756} INFO - Processing file /home/airflow/.local/lib/python3.7/site-packages/airflow/example_dags/example_python_operator.py for tasks to queue
[2022-11-11T01:37:33.490+0000] {logging_mixin.py:120} INFO - [2022-11-11T01:37:33.490+0000] {dagbag.py:537} INFO - Filling up the DagBag from /home/airflow/.local/lib/python3.7/site-packages/airflow/example_dags/example_python_operator.py
[2022-11-11T01:37:33.502+0000] {logging_mixin.py:120} INFO - [2022-11-11T01:37:33.502+0000] {taskmixin.py:205} WARNING - Dependency <Task(_PythonDecoratedOperator): print_the_context>, log_sql_query already registered for DAG: example_python_operator
[2022-11-11T01:37:33.503+0000] {logging_mixin.py:120} INFO - [2022-11-11T01:37:33.503+0000] {taskmixin.py:205} WARNING - Dependency <Task(_PythonDecoratedOperator): log_sql_query>, print_the_context already registered for DAG: example_python_operator
[2022-11-11T01:37:33.505+0000] {logging_mixin.py:120} INFO - [2022-11-11T01:37:33.505+0000] {taskmixin.py:205} WARNING - Dependency <Task(_PythonDecoratedOperator): print_the_context>, log_sql_query already registered for DAG: example_python_operator
[2022-11-11T01:37:33.506+0000] {logging_mixin.py:120} INFO - [2022-11-11T01:37:33.506+0000] {taskmixin.py:205} WARNING - Dependency <Task(_PythonDecoratedOperator): log_sql_query>, print_the_context already registered for DAG: example_python_operator
[2022-11-11T01:37:33.509+0000] {logging_mixin.py:120} INFO - [2022-11-11T01:37:33.509+0000] {taskmixin.py:205} WARNING - Dependency <Task(_PythonDecoratedOperator): print_the_context>, log_sql_query already registered for DAG: example_python_operator
[2022-11-11T01:37:33.511+0000] {logging_mixin.py:120} INFO - [2022-11-11T01:37:33.510+0000] {taskmixin.py:205} WARNING - Dependency <Task(_PythonDecoratedOperator): log_sql_query>, print_the_context already registered for DAG: example_python_operator
[2022-11-11T01:37:33.513+0000] {logging_mixin.py:120} INFO - [2022-11-11T01:37:33.512+0000] {taskmixin.py:205} WARNING - Dependency <Task(_PythonDecoratedOperator): print_the_context>, log_sql_query already registered for DAG: example_python_operator
[2022-11-11T01:37:33.514+0000] {logging_mixin.py:120} INFO - [2022-11-11T01:37:33.513+0000] {taskmixin.py:205} WARNING - Dependency <Task(_PythonDecoratedOperator): log_sql_query>, print_the_context already registered for DAG: example_python_operator
[2022-11-11T01:37:33.521+0000] {processor.py:766} INFO - DAG(s) dict_keys(['example_python_operator']) retrieved from /home/airflow/.local/lib/python3.7/site-packages/airflow/example_dags/example_python_operator.py
[2022-11-11T01:37:33.554+0000] {logging_mixin.py:120} INFO - [2022-11-11T01:37:33.554+0000] {dag.py:2585} INFO - Sync 1 DAGs
[2022-11-11T01:37:33.572+0000] {logging_mixin.py:120} INFO - [2022-11-11T01:37:33.572+0000] {dag.py:3340} INFO - Setting next_dagrun for example_python_operator to None, run_after=None
[2022-11-11T01:37:33.588+0000] {processor.py:176} INFO - Processing /home/airflow/.local/lib/python3.7/site-packages/airflow/example_dags/example_python_operator.py took 0.104 seconds
[2022-11-11T01:38:04.092+0000] {processor.py:154} INFO - Started process (PID=234) to work on /home/airflow/.local/lib/python3.7/site-packages/airflow/example_dags/example_python_operator.py
[2022-11-11T01:38:04.094+0000] {processor.py:756} INFO - Processing file /home/airflow/.local/lib/python3.7/site-packages/airflow/example_dags/example_python_operator.py for tasks to queue
[2022-11-11T01:38:04.096+0000] {logging_mixin.py:120} INFO - [2022-11-11T01:38:04.096+0000] {dagbag.py:537} INFO - Filling up the DagBag from /home/airflow/.local/lib/python3.7/site-packages/airflow/example_dags/example_python_operator.py
[2022-11-11T01:38:04.108+0000] {logging_mixin.py:120} INFO - [2022-11-11T01:38:04.108+0000] {taskmixin.py:205} WARNING - Dependency <Task(_PythonDecoratedOperator): print_the_context>, log_sql_query already registered for DAG: example_python_operator
[2022-11-11T01:38:04.110+0000] {logging_mixin.py:120} INFO - [2022-11-11T01:38:04.110+0000] {taskmixin.py:205} WARNING - Dependency <Task(_PythonDecoratedOperator): log_sql_query>, print_the_context already registered for DAG: example_python_operator
[2022-11-11T01:38:04.112+0000] {logging_mixin.py:120} INFO - [2022-11-11T01:38:04.112+0000] {taskmixin.py:205} WARNING - Dependency <Task(_PythonDecoratedOperator): print_the_context>, log_sql_query already registered for DAG: example_python_operator
[2022-11-11T01:38:04.113+0000] {logging_mixin.py:120} INFO - [2022-11-11T01:38:04.113+0000] {taskmixin.py:205} WARNING - Dependency <Task(_PythonDecoratedOperator): log_sql_query>, print_the_context already registered for DAG: example_python_operator
[2022-11-11T01:38:04.115+0000] {logging_mixin.py:120} INFO - [2022-11-11T01:38:04.115+0000] {taskmixin.py:205} WARNING - Dependency <Task(_PythonDecoratedOperator): print_the_context>, log_sql_query already registered for DAG: example_python_operator
[2022-11-11T01:38:04.117+0000] {logging_mixin.py:120} INFO - [2022-11-11T01:38:04.117+0000] {taskmixin.py:205} WARNING - Dependency <Task(_PythonDecoratedOperator): log_sql_query>, print_the_context already registered for DAG: example_python_operator
[2022-11-11T01:38:04.120+0000] {logging_mixin.py:120} INFO - [2022-11-11T01:38:04.119+0000] {taskmixin.py:205} WARNING - Dependency <Task(_PythonDecoratedOperator): print_the_context>, log_sql_query already registered for DAG: example_python_operator
[2022-11-11T01:38:04.121+0000] {logging_mixin.py:120} INFO - [2022-11-11T01:38:04.121+0000] {taskmixin.py:205} WARNING - Dependency <Task(_PythonDecoratedOperator): log_sql_query>, print_the_context already registered for DAG: example_python_operator
[2022-11-11T01:38:04.128+0000] {processor.py:766} INFO - DAG(s) dict_keys(['example_python_operator']) retrieved from /home/airflow/.local/lib/python3.7/site-packages/airflow/example_dags/example_python_operator.py
[2022-11-11T01:38:04.189+0000] {logging_mixin.py:120} INFO - [2022-11-11T01:38:04.189+0000] {dag.py:2585} INFO - Sync 1 DAGs
[2022-11-11T01:38:04.209+0000] {logging_mixin.py:120} INFO - [2022-11-11T01:38:04.209+0000] {dag.py:3340} INFO - Setting next_dagrun for example_python_operator to None, run_after=None
[2022-11-11T01:38:04.224+0000] {processor.py:176} INFO - Processing /home/airflow/.local/lib/python3.7/site-packages/airflow/example_dags/example_python_operator.py took 0.135 seconds
[2022-11-11T01:38:34.741+0000] {processor.py:154} INFO - Started process (PID=296) to work on /home/airflow/.local/lib/python3.7/site-packages/airflow/example_dags/example_python_operator.py
[2022-11-11T01:38:34.743+0000] {processor.py:756} INFO - Processing file /home/airflow/.local/lib/python3.7/site-packages/airflow/example_dags/example_python_operator.py for tasks to queue
[2022-11-11T01:38:34.744+0000] {logging_mixin.py:120} INFO - [2022-11-11T01:38:34.744+0000] {dagbag.py:537} INFO - Filling up the DagBag from /home/airflow/.local/lib/python3.7/site-packages/airflow/example_dags/example_python_operator.py
[2022-11-11T01:38:34.756+0000] {logging_mixin.py:120} INFO - [2022-11-11T01:38:34.756+0000] {taskmixin.py:205} WARNING - Dependency <Task(_PythonDecoratedOperator): print_the_context>, log_sql_query already registered for DAG: example_python_operator
[2022-11-11T01:38:34.758+0000] {logging_mixin.py:120} INFO - [2022-11-11T01:38:34.758+0000] {taskmixin.py:205} WARNING - Dependency <Task(_PythonDecoratedOperator): log_sql_query>, print_the_context already registered for DAG: example_python_operator
[2022-11-11T01:38:34.759+0000] {logging_mixin.py:120} INFO - [2022-11-11T01:38:34.759+0000] {taskmixin.py:205} WARNING - Dependency <Task(_PythonDecoratedOperator): print_the_context>, log_sql_query already registered for DAG: example_python_operator
[2022-11-11T01:38:34.760+0000] {logging_mixin.py:120} INFO - [2022-11-11T01:38:34.760+0000] {taskmixin.py:205} WARNING - Dependency <Task(_PythonDecoratedOperator): log_sql_query>, print_the_context already registered for DAG: example_python_operator
[2022-11-11T01:38:34.761+0000] {logging_mixin.py:120} INFO - [2022-11-11T01:38:34.761+0000] {taskmixin.py:205} WARNING - Dependency <Task(_PythonDecoratedOperator): print_the_context>, log_sql_query already registered for DAG: example_python_operator
[2022-11-11T01:38:34.763+0000] {logging_mixin.py:120} INFO - [2022-11-11T01:38:34.763+0000] {taskmixin.py:205} WARNING - Dependency <Task(_PythonDecoratedOperator): log_sql_query>, print_the_context already registered for DAG: example_python_operator
[2022-11-11T01:38:34.764+0000] {logging_mixin.py:120} INFO - [2022-11-11T01:38:34.764+0000] {taskmixin.py:205} WARNING - Dependency <Task(_PythonDecoratedOperator): print_the_context>, log_sql_query already registered for DAG: example_python_operator
[2022-11-11T01:38:34.765+0000] {logging_mixin.py:120} INFO - [2022-11-11T01:38:34.765+0000] {taskmixin.py:205} WARNING - Dependency <Task(_PythonDecoratedOperator): log_sql_query>, print_the_context already registered for DAG: example_python_operator
[2022-11-11T01:38:34.772+0000] {processor.py:766} INFO - DAG(s) dict_keys(['example_python_operator']) retrieved from /home/airflow/.local/lib/python3.7/site-packages/airflow/example_dags/example_python_operator.py
[2022-11-11T01:38:34.808+0000] {logging_mixin.py:120} INFO - [2022-11-11T01:38:34.808+0000] {dag.py:2585} INFO - Sync 1 DAGs
[2022-11-11T01:38:34.826+0000] {logging_mixin.py:120} INFO - [2022-11-11T01:38:34.826+0000] {dag.py:3340} INFO - Setting next_dagrun for example_python_operator to None, run_after=None
[2022-11-11T01:38:34.855+0000] {processor.py:176} INFO - Processing /home/airflow/.local/lib/python3.7/site-packages/airflow/example_dags/example_python_operator.py took 0.117 seconds
[2022-11-11T01:39:05.438+0000] {processor.py:154} INFO - Started process (PID=352) to work on /home/airflow/.local/lib/python3.7/site-packages/airflow/example_dags/example_python_operator.py
[2022-11-11T01:39:05.439+0000] {processor.py:756} INFO - Processing file /home/airflow/.local/lib/python3.7/site-packages/airflow/example_dags/example_python_operator.py for tasks to queue
[2022-11-11T01:39:05.441+0000] {logging_mixin.py:120} INFO - [2022-11-11T01:39:05.441+0000] {dagbag.py:537} INFO - Filling up the DagBag from /home/airflow/.local/lib/python3.7/site-packages/airflow/example_dags/example_python_operator.py
[2022-11-11T01:39:05.454+0000] {logging_mixin.py:120} INFO - [2022-11-11T01:39:05.454+0000] {taskmixin.py:205} WARNING - Dependency <Task(_PythonDecoratedOperator): print_the_context>, log_sql_query already registered for DAG: example_python_operator
[2022-11-11T01:39:05.455+0000] {logging_mixin.py:120} INFO - [2022-11-11T01:39:05.455+0000] {taskmixin.py:205} WARNING - Dependency <Task(_PythonDecoratedOperator): log_sql_query>, print_the_context already registered for DAG: example_python_operator
[2022-11-11T01:39:05.457+0000] {logging_mixin.py:120} INFO - [2022-11-11T01:39:05.457+0000] {taskmixin.py:205} WARNING - Dependency <Task(_PythonDecoratedOperator): print_the_context>, log_sql_query already registered for DAG: example_python_operator
[2022-11-11T01:39:05.458+0000] {logging_mixin.py:120} INFO - [2022-11-11T01:39:05.458+0000] {taskmixin.py:205} WARNING - Dependency <Task(_PythonDecoratedOperator): log_sql_query>, print_the_context already registered for DAG: example_python_operator
[2022-11-11T01:39:05.460+0000] {logging_mixin.py:120} INFO - [2022-11-11T01:39:05.460+0000] {taskmixin.py:205} WARNING - Dependency <Task(_PythonDecoratedOperator): print_the_context>, log_sql_query already registered for DAG: example_python_operator
[2022-11-11T01:39:05.461+0000] {logging_mixin.py:120} INFO - [2022-11-11T01:39:05.461+0000] {taskmixin.py:205} WARNING - Dependency <Task(_PythonDecoratedOperator): log_sql_query>, print_the_context already registered for DAG: example_python_operator
[2022-11-11T01:39:05.462+0000] {logging_mixin.py:120} INFO - [2022-11-11T01:39:05.462+0000] {taskmixin.py:205} WARNING - Dependency <Task(_PythonDecoratedOperator): print_the_context>, log_sql_query already registered for DAG: example_python_operator
[2022-11-11T01:39:05.463+0000] {logging_mixin.py:120} INFO - [2022-11-11T01:39:05.463+0000] {taskmixin.py:205} WARNING - Dependency <Task(_PythonDecoratedOperator): log_sql_query>, print_the_context already registered for DAG: example_python_operator
[2022-11-11T01:39:05.471+0000] {processor.py:766} INFO - DAG(s) dict_keys(['example_python_operator']) retrieved from /home/airflow/.local/lib/python3.7/site-packages/airflow/example_dags/example_python_operator.py
[2022-11-11T01:39:05.507+0000] {logging_mixin.py:120} INFO - [2022-11-11T01:39:05.507+0000] {dag.py:2585} INFO - Sync 1 DAGs
[2022-11-11T01:39:05.527+0000] {logging_mixin.py:120} INFO - [2022-11-11T01:39:05.527+0000] {dag.py:3340} INFO - Setting next_dagrun for example_python_operator to None, run_after=None
[2022-11-11T01:39:05.547+0000] {processor.py:176} INFO - Processing /home/airflow/.local/lib/python3.7/site-packages/airflow/example_dags/example_python_operator.py took 0.112 seconds
[2022-11-11T01:39:36.243+0000] {processor.py:154} INFO - Started process (PID=414) to work on /home/airflow/.local/lib/python3.7/site-packages/airflow/example_dags/example_python_operator.py
[2022-11-11T01:39:36.244+0000] {processor.py:756} INFO - Processing file /home/airflow/.local/lib/python3.7/site-packages/airflow/example_dags/example_python_operator.py for tasks to queue
[2022-11-11T01:39:36.246+0000] {logging_mixin.py:120} INFO - [2022-11-11T01:39:36.246+0000] {dagbag.py:537} INFO - Filling up the DagBag from /home/airflow/.local/lib/python3.7/site-packages/airflow/example_dags/example_python_operator.py
[2022-11-11T01:39:36.259+0000] {logging_mixin.py:120} INFO - [2022-11-11T01:39:36.259+0000] {taskmixin.py:205} WARNING - Dependency <Task(_PythonDecoratedOperator): print_the_context>, log_sql_query already registered for DAG: example_python_operator
[2022-11-11T01:39:36.260+0000] {logging_mixin.py:120} INFO - [2022-11-11T01:39:36.260+0000] {taskmixin.py:205} WARNING - Dependency <Task(_PythonDecoratedOperator): log_sql_query>, print_the_context already registered for DAG: example_python_operator
[2022-11-11T01:39:36.261+0000] {logging_mixin.py:120} INFO - [2022-11-11T01:39:36.261+0000] {taskmixin.py:205} WARNING - Dependency <Task(_PythonDecoratedOperator): print_the_context>, log_sql_query already registered for DAG: example_python_operator
[2022-11-11T01:39:36.262+0000] {logging_mixin.py:120} INFO - [2022-11-11T01:39:36.262+0000] {taskmixin.py:205} WARNING - Dependency <Task(_PythonDecoratedOperator): log_sql_query>, print_the_context already registered for DAG: example_python_operator
[2022-11-11T01:39:36.264+0000] {logging_mixin.py:120} INFO - [2022-11-11T01:39:36.264+0000] {taskmixin.py:205} WARNING - Dependency <Task(_PythonDecoratedOperator): print_the_context>, log_sql_query already registered for DAG: example_python_operator
[2022-11-11T01:39:36.265+0000] {logging_mixin.py:120} INFO - [2022-11-11T01:39:36.265+0000] {taskmixin.py:205} WARNING - Dependency <Task(_PythonDecoratedOperator): log_sql_query>, print_the_context already registered for DAG: example_python_operator
[2022-11-11T01:39:36.267+0000] {logging_mixin.py:120} INFO - [2022-11-11T01:39:36.267+0000] {taskmixin.py:205} WARNING - Dependency <Task(_PythonDecoratedOperator): print_the_context>, log_sql_query already registered for DAG: example_python_operator
[2022-11-11T01:39:36.269+0000] {logging_mixin.py:120} INFO - [2022-11-11T01:39:36.269+0000] {taskmixin.py:205} WARNING - Dependency <Task(_PythonDecoratedOperator): log_sql_query>, print_the_context already registered for DAG: example_python_operator
[2022-11-11T01:39:36.275+0000] {processor.py:766} INFO - DAG(s) dict_keys(['example_python_operator']) retrieved from /home/airflow/.local/lib/python3.7/site-packages/airflow/example_dags/example_python_operator.py
[2022-11-11T01:39:36.309+0000] {logging_mixin.py:120} INFO - [2022-11-11T01:39:36.309+0000] {dag.py:2585} INFO - Sync 1 DAGs
[2022-11-11T01:39:36.325+0000] {logging_mixin.py:120} INFO - [2022-11-11T01:39:36.325+0000] {dag.py:3340} INFO - Setting next_dagrun for example_python_operator to None, run_after=None
[2022-11-11T01:39:36.338+0000] {processor.py:176} INFO - Processing /home/airflow/.local/lib/python3.7/site-packages/airflow/example_dags/example_python_operator.py took 0.098 seconds
[2022-11-11T01:40:07.102+0000] {processor.py:154} INFO - Started process (PID=477) to work on /home/airflow/.local/lib/python3.7/site-packages/airflow/example_dags/example_python_operator.py
[2022-11-11T01:40:07.104+0000] {processor.py:756} INFO - Processing file /home/airflow/.local/lib/python3.7/site-packages/airflow/example_dags/example_python_operator.py for tasks to queue
[2022-11-11T01:40:07.105+0000] {logging_mixin.py:120} INFO - [2022-11-11T01:40:07.105+0000] {dagbag.py:537} INFO - Filling up the DagBag from /home/airflow/.local/lib/python3.7/site-packages/airflow/example_dags/example_python_operator.py
[2022-11-11T01:40:07.117+0000] {logging_mixin.py:120} INFO - [2022-11-11T01:40:07.117+0000] {taskmixin.py:205} WARNING - Dependency <Task(_PythonDecoratedOperator): print_the_context>, log_sql_query already registered for DAG: example_python_operator
[2022-11-11T01:40:07.118+0000] {logging_mixin.py:120} INFO - [2022-11-11T01:40:07.118+0000] {taskmixin.py:205} WARNING - Dependency <Task(_PythonDecoratedOperator): log_sql_query>, print_the_context already registered for DAG: example_python_operator
[2022-11-11T01:40:07.121+0000] {logging_mixin.py:120} INFO - [2022-11-11T01:40:07.120+0000] {taskmixin.py:205} WARNING - Dependency <Task(_PythonDecoratedOperator): print_the_context>, log_sql_query already registered for DAG: example_python_operator
[2022-11-11T01:40:07.122+0000] {logging_mixin.py:120} INFO - [2022-11-11T01:40:07.122+0000] {taskmixin.py:205} WARNING - Dependency <Task(_PythonDecoratedOperator): log_sql_query>, print_the_context already registered for DAG: example_python_operator
[2022-11-11T01:40:07.124+0000] {logging_mixin.py:120} INFO - [2022-11-11T01:40:07.124+0000] {taskmixin.py:205} WARNING - Dependency <Task(_PythonDecoratedOperator): print_the_context>, log_sql_query already registered for DAG: example_python_operator
[2022-11-11T01:40:07.125+0000] {logging_mixin.py:120} INFO - [2022-11-11T01:40:07.125+0000] {taskmixin.py:205} WARNING - Dependency <Task(_PythonDecoratedOperator): log_sql_query>, print_the_context already registered for DAG: example_python_operator
[2022-11-11T01:40:07.127+0000] {logging_mixin.py:120} INFO - [2022-11-11T01:40:07.127+0000] {taskmixin.py:205} WARNING - Dependency <Task(_PythonDecoratedOperator): print_the_context>, log_sql_query already registered for DAG: example_python_operator
[2022-11-11T01:40:07.128+0000] {logging_mixin.py:120} INFO - [2022-11-11T01:40:07.127+0000] {taskmixin.py:205} WARNING - Dependency <Task(_PythonDecoratedOperator): log_sql_query>, print_the_context already registered for DAG: example_python_operator
[2022-11-11T01:40:07.134+0000] {processor.py:766} INFO - DAG(s) dict_keys(['example_python_operator']) retrieved from /home/airflow/.local/lib/python3.7/site-packages/airflow/example_dags/example_python_operator.py
[2022-11-11T01:40:07.168+0000] {logging_mixin.py:120} INFO - [2022-11-11T01:40:07.168+0000] {dag.py:2585} INFO - Sync 1 DAGs
[2022-11-11T01:40:07.185+0000] {logging_mixin.py:120} INFO - [2022-11-11T01:40:07.185+0000] {dag.py:3340} INFO - Setting next_dagrun for example_python_operator to None, run_after=None
[2022-11-11T01:40:07.198+0000] {processor.py:176} INFO - Processing /home/airflow/.local/lib/python3.7/site-packages/airflow/example_dags/example_python_operator.py took 0.099 seconds
[2022-11-11T01:40:37.734+0000] {processor.py:154} INFO - Started process (PID=539) to work on /home/airflow/.local/lib/python3.7/site-packages/airflow/example_dags/example_python_operator.py
[2022-11-11T01:40:37.736+0000] {processor.py:756} INFO - Processing file /home/airflow/.local/lib/python3.7/site-packages/airflow/example_dags/example_python_operator.py for tasks to queue
[2022-11-11T01:40:37.738+0000] {logging_mixin.py:120} INFO - [2022-11-11T01:40:37.738+0000] {dagbag.py:537} INFO - Filling up the DagBag from /home/airflow/.local/lib/python3.7/site-packages/airflow/example_dags/example_python_operator.py
[2022-11-11T01:40:37.751+0000] {logging_mixin.py:120} INFO - [2022-11-11T01:40:37.751+0000] {taskmixin.py:205} WARNING - Dependency <Task(_PythonDecoratedOperator): print_the_context>, log_sql_query already registered for DAG: example_python_operator
[2022-11-11T01:40:37.752+0000] {logging_mixin.py:120} INFO - [2022-11-11T01:40:37.752+0000] {taskmixin.py:205} WARNING - Dependency <Task(_PythonDecoratedOperator): log_sql_query>, print_the_context already registered for DAG: example_python_operator
[2022-11-11T01:40:37.753+0000] {logging_mixin.py:120} INFO - [2022-11-11T01:40:37.753+0000] {taskmixin.py:205} WARNING - Dependency <Task(_PythonDecoratedOperator): print_the_context>, log_sql_query already registered for DAG: example_python_operator
[2022-11-11T01:40:37.754+0000] {logging_mixin.py:120} INFO - [2022-11-11T01:40:37.754+0000] {taskmixin.py:205} WARNING - Dependency <Task(_PythonDecoratedOperator): log_sql_query>, print_the_context already registered for DAG: example_python_operator
[2022-11-11T01:40:37.755+0000] {logging_mixin.py:120} INFO - [2022-11-11T01:40:37.755+0000] {taskmixin.py:205} WARNING - Dependency <Task(_PythonDecoratedOperator): print_the_context>, log_sql_query already registered for DAG: example_python_operator
[2022-11-11T01:40:37.756+0000] {logging_mixin.py:120} INFO - [2022-11-11T01:40:37.756+0000] {taskmixin.py:205} WARNING - Dependency <Task(_PythonDecoratedOperator): log_sql_query>, print_the_context already registered for DAG: example_python_operator
[2022-11-11T01:40:37.759+0000] {logging_mixin.py:120} INFO - [2022-11-11T01:40:37.759+0000] {taskmixin.py:205} WARNING - Dependency <Task(_PythonDecoratedOperator): print_the_context>, log_sql_query already registered for DAG: example_python_operator
[2022-11-11T01:40:37.759+0000] {logging_mixin.py:120} INFO - [2022-11-11T01:40:37.759+0000] {taskmixin.py:205} WARNING - Dependency <Task(_PythonDecoratedOperator): log_sql_query>, print_the_context already registered for DAG: example_python_operator
[2022-11-11T01:40:37.766+0000] {processor.py:766} INFO - DAG(s) dict_keys(['example_python_operator']) retrieved from /home/airflow/.local/lib/python3.7/site-packages/airflow/example_dags/example_python_operator.py
[2022-11-11T01:40:37.797+0000] {logging_mixin.py:120} INFO - [2022-11-11T01:40:37.797+0000] {dag.py:2585} INFO - Sync 1 DAGs
[2022-11-11T01:40:37.813+0000] {logging_mixin.py:120} INFO - [2022-11-11T01:40:37.813+0000] {dag.py:3340} INFO - Setting next_dagrun for example_python_operator to None, run_after=None
[2022-11-11T01:40:37.841+0000] {processor.py:176} INFO - Processing /home/airflow/.local/lib/python3.7/site-packages/airflow/example_dags/example_python_operator.py took 0.110 seconds
[2022-11-11T01:41:08.915+0000] {processor.py:154} INFO - Started process (PID=603) to work on /home/airflow/.local/lib/python3.7/site-packages/airflow/example_dags/example_python_operator.py
[2022-11-11T01:41:08.917+0000] {processor.py:756} INFO - Processing file /home/airflow/.local/lib/python3.7/site-packages/airflow/example_dags/example_python_operator.py for tasks to queue
[2022-11-11T01:41:08.918+0000] {logging_mixin.py:120} INFO - [2022-11-11T01:41:08.918+0000] {dagbag.py:537} INFO - Filling up the DagBag from /home/airflow/.local/lib/python3.7/site-packages/airflow/example_dags/example_python_operator.py
[2022-11-11T01:41:08.931+0000] {logging_mixin.py:120} INFO - [2022-11-11T01:41:08.931+0000] {taskmixin.py:205} WARNING - Dependency <Task(_PythonDecoratedOperator): print_the_context>, log_sql_query already registered for DAG: example_python_operator
[2022-11-11T01:41:08.932+0000] {logging_mixin.py:120} INFO - [2022-11-11T01:41:08.932+0000] {taskmixin.py:205} WARNING - Dependency <Task(_PythonDecoratedOperator): log_sql_query>, print_the_context already registered for DAG: example_python_operator
[2022-11-11T01:41:08.934+0000] {logging_mixin.py:120} INFO - [2022-11-11T01:41:08.934+0000] {taskmixin.py:205} WARNING - Dependency <Task(_PythonDecoratedOperator): print_the_context>, log_sql_query already registered for DAG: example_python_operator
[2022-11-11T01:41:08.935+0000] {logging_mixin.py:120} INFO - [2022-11-11T01:41:08.935+0000] {taskmixin.py:205} WARNING - Dependency <Task(_PythonDecoratedOperator): log_sql_query>, print_the_context already registered for DAG: example_python_operator
[2022-11-11T01:41:08.937+0000] {logging_mixin.py:120} INFO - [2022-11-11T01:41:08.937+0000] {taskmixin.py:205} WARNING - Dependency <Task(_PythonDecoratedOperator): print_the_context>, log_sql_query already registered for DAG: example_python_operator
[2022-11-11T01:41:08.938+0000] {logging_mixin.py:120} INFO - [2022-11-11T01:41:08.938+0000] {taskmixin.py:205} WARNING - Dependency <Task(_PythonDecoratedOperator): log_sql_query>, print_the_context already registered for DAG: example_python_operator
[2022-11-11T01:41:08.940+0000] {logging_mixin.py:120} INFO - [2022-11-11T01:41:08.940+0000] {taskmixin.py:205} WARNING - Dependency <Task(_PythonDecoratedOperator): print_the_context>, log_sql_query already registered for DAG: example_python_operator
[2022-11-11T01:41:08.941+0000] {logging_mixin.py:120} INFO - [2022-11-11T01:41:08.941+0000] {taskmixin.py:205} WARNING - Dependency <Task(_PythonDecoratedOperator): log_sql_query>, print_the_context already registered for DAG: example_python_operator
[2022-11-11T01:41:08.948+0000] {processor.py:766} INFO - DAG(s) dict_keys(['example_python_operator']) retrieved from /home/airflow/.local/lib/python3.7/site-packages/airflow/example_dags/example_python_operator.py
[2022-11-11T01:41:08.987+0000] {logging_mixin.py:120} INFO - [2022-11-11T01:41:08.987+0000] {dag.py:2585} INFO - Sync 1 DAGs
[2022-11-11T01:41:09.005+0000] {logging_mixin.py:120} INFO - [2022-11-11T01:41:09.005+0000] {dag.py:3340} INFO - Setting next_dagrun for example_python_operator to None, run_after=None
[2022-11-11T01:41:09.018+0000] {processor.py:176} INFO - Processing /home/airflow/.local/lib/python3.7/site-packages/airflow/example_dags/example_python_operator.py took 0.107 seconds
