[2022-11-11T01:36:33.313+0000] {processor.py:154} INFO - Started process (PID=57) to work on /home/airflow/.local/lib/python3.7/site-packages/airflow/example_dags/example_sla_dag.py
[2022-11-11T01:36:33.315+0000] {processor.py:756} INFO - Processing file /home/airflow/.local/lib/python3.7/site-packages/airflow/example_dags/example_sla_dag.py for tasks to queue
[2022-11-11T01:36:33.317+0000] {logging_mixin.py:120} INFO - [2022-11-11T01:36:33.317+0000] {dagbag.py:537} INFO - Filling up the DagBag from /home/airflow/.local/lib/python3.7/site-packages/airflow/example_dags/example_sla_dag.py
[2022-11-11T01:36:33.384+0000] {processor.py:766} INFO - DAG(s) dict_keys(['example_sla_dag']) retrieved from /home/airflow/.local/lib/python3.7/site-packages/airflow/example_dags/example_sla_dag.py
[2022-11-11T01:36:33.446+0000] {logging_mixin.py:120} INFO - [2022-11-11T01:36:33.445+0000] {dag.py:2585} INFO - Sync 1 DAGs
[2022-11-11T01:36:33.493+0000] {logging_mixin.py:120} INFO - [2022-11-11T01:36:33.493+0000] {dag.py:3340} INFO - Setting next_dagrun for example_sla_dag to 2022-11-11T01:34:00+00:00, run_after=2022-11-11T01:36:00+00:00
[2022-11-11T01:36:33.540+0000] {processor.py:176} INFO - Processing /home/airflow/.local/lib/python3.7/site-packages/airflow/example_dags/example_sla_dag.py took 0.230 seconds
[2022-11-11T01:37:04.472+0000] {processor.py:154} INFO - Started process (PID=119) to work on /home/airflow/.local/lib/python3.7/site-packages/airflow/example_dags/example_sla_dag.py
[2022-11-11T01:37:04.474+0000] {processor.py:756} INFO - Processing file /home/airflow/.local/lib/python3.7/site-packages/airflow/example_dags/example_sla_dag.py for tasks to queue
[2022-11-11T01:37:04.475+0000] {logging_mixin.py:120} INFO - [2022-11-11T01:37:04.475+0000] {dagbag.py:537} INFO - Filling up the DagBag from /home/airflow/.local/lib/python3.7/site-packages/airflow/example_dags/example_sla_dag.py
[2022-11-11T01:37:04.495+0000] {processor.py:766} INFO - DAG(s) dict_keys(['example_sla_dag']) retrieved from /home/airflow/.local/lib/python3.7/site-packages/airflow/example_dags/example_sla_dag.py
[2022-11-11T01:37:04.527+0000] {logging_mixin.py:120} INFO - [2022-11-11T01:37:04.527+0000] {dag.py:2585} INFO - Sync 1 DAGs
[2022-11-11T01:37:04.546+0000] {logging_mixin.py:120} INFO - [2022-11-11T01:37:04.545+0000] {dag.py:3340} INFO - Setting next_dagrun for example_sla_dag to 2022-11-11T01:34:00+00:00, run_after=2022-11-11T01:36:00+00:00
[2022-11-11T01:37:04.559+0000] {processor.py:176} INFO - Processing /home/airflow/.local/lib/python3.7/site-packages/airflow/example_dags/example_sla_dag.py took 0.091 seconds
[2022-11-11T01:37:35.300+0000] {processor.py:154} INFO - Started process (PID=183) to work on /home/airflow/.local/lib/python3.7/site-packages/airflow/example_dags/example_sla_dag.py
[2022-11-11T01:37:35.302+0000] {processor.py:756} INFO - Processing file /home/airflow/.local/lib/python3.7/site-packages/airflow/example_dags/example_sla_dag.py for tasks to queue
[2022-11-11T01:37:35.304+0000] {logging_mixin.py:120} INFO - [2022-11-11T01:37:35.304+0000] {dagbag.py:537} INFO - Filling up the DagBag from /home/airflow/.local/lib/python3.7/site-packages/airflow/example_dags/example_sla_dag.py
[2022-11-11T01:37:35.321+0000] {processor.py:766} INFO - DAG(s) dict_keys(['example_sla_dag']) retrieved from /home/airflow/.local/lib/python3.7/site-packages/airflow/example_dags/example_sla_dag.py
[2022-11-11T01:37:35.356+0000] {logging_mixin.py:120} INFO - [2022-11-11T01:37:35.356+0000] {dag.py:2585} INFO - Sync 1 DAGs
[2022-11-11T01:37:35.375+0000] {logging_mixin.py:120} INFO - [2022-11-11T01:37:35.375+0000] {dag.py:3340} INFO - Setting next_dagrun for example_sla_dag to 2022-11-11T01:34:00+00:00, run_after=2022-11-11T01:36:00+00:00
[2022-11-11T01:37:35.390+0000] {processor.py:176} INFO - Processing /home/airflow/.local/lib/python3.7/site-packages/airflow/example_dags/example_sla_dag.py took 0.094 seconds
[2022-11-11T01:38:05.925+0000] {processor.py:154} INFO - Started process (PID=246) to work on /home/airflow/.local/lib/python3.7/site-packages/airflow/example_dags/example_sla_dag.py
[2022-11-11T01:38:05.930+0000] {processor.py:756} INFO - Processing file /home/airflow/.local/lib/python3.7/site-packages/airflow/example_dags/example_sla_dag.py for tasks to queue
[2022-11-11T01:38:05.931+0000] {logging_mixin.py:120} INFO - [2022-11-11T01:38:05.931+0000] {dagbag.py:537} INFO - Filling up the DagBag from /home/airflow/.local/lib/python3.7/site-packages/airflow/example_dags/example_sla_dag.py
[2022-11-11T01:38:05.950+0000] {processor.py:766} INFO - DAG(s) dict_keys(['example_sla_dag']) retrieved from /home/airflow/.local/lib/python3.7/site-packages/airflow/example_dags/example_sla_dag.py
[2022-11-11T01:38:05.984+0000] {logging_mixin.py:120} INFO - [2022-11-11T01:38:05.984+0000] {dag.py:2585} INFO - Sync 1 DAGs
[2022-11-11T01:38:06.002+0000] {logging_mixin.py:120} INFO - [2022-11-11T01:38:06.002+0000] {dag.py:3340} INFO - Setting next_dagrun for example_sla_dag to 2022-11-11T01:36:00+00:00, run_after=2022-11-11T01:38:00+00:00
[2022-11-11T01:38:06.020+0000] {processor.py:176} INFO - Processing /home/airflow/.local/lib/python3.7/site-packages/airflow/example_dags/example_sla_dag.py took 0.100 seconds
[2022-11-11T01:38:36.573+0000] {processor.py:154} INFO - Started process (PID=310) to work on /home/airflow/.local/lib/python3.7/site-packages/airflow/example_dags/example_sla_dag.py
[2022-11-11T01:38:36.575+0000] {processor.py:756} INFO - Processing file /home/airflow/.local/lib/python3.7/site-packages/airflow/example_dags/example_sla_dag.py for tasks to queue
[2022-11-11T01:38:36.576+0000] {logging_mixin.py:120} INFO - [2022-11-11T01:38:36.576+0000] {dagbag.py:537} INFO - Filling up the DagBag from /home/airflow/.local/lib/python3.7/site-packages/airflow/example_dags/example_sla_dag.py
[2022-11-11T01:38:36.593+0000] {processor.py:766} INFO - DAG(s) dict_keys(['example_sla_dag']) retrieved from /home/airflow/.local/lib/python3.7/site-packages/airflow/example_dags/example_sla_dag.py
[2022-11-11T01:38:36.625+0000] {logging_mixin.py:120} INFO - [2022-11-11T01:38:36.625+0000] {dag.py:2585} INFO - Sync 1 DAGs
[2022-11-11T01:38:36.644+0000] {logging_mixin.py:120} INFO - [2022-11-11T01:38:36.644+0000] {dag.py:3340} INFO - Setting next_dagrun for example_sla_dag to 2022-11-11T01:36:00+00:00, run_after=2022-11-11T01:38:00+00:00
[2022-11-11T01:38:36.662+0000] {processor.py:176} INFO - Processing /home/airflow/.local/lib/python3.7/site-packages/airflow/example_dags/example_sla_dag.py took 0.091 seconds
[2022-11-11T01:39:07.237+0000] {processor.py:154} INFO - Started process (PID=373) to work on /home/airflow/.local/lib/python3.7/site-packages/airflow/example_dags/example_sla_dag.py
[2022-11-11T01:39:07.239+0000] {processor.py:756} INFO - Processing file /home/airflow/.local/lib/python3.7/site-packages/airflow/example_dags/example_sla_dag.py for tasks to queue
[2022-11-11T01:39:07.240+0000] {logging_mixin.py:120} INFO - [2022-11-11T01:39:07.240+0000] {dagbag.py:537} INFO - Filling up the DagBag from /home/airflow/.local/lib/python3.7/site-packages/airflow/example_dags/example_sla_dag.py
[2022-11-11T01:39:07.260+0000] {processor.py:766} INFO - DAG(s) dict_keys(['example_sla_dag']) retrieved from /home/airflow/.local/lib/python3.7/site-packages/airflow/example_dags/example_sla_dag.py
[2022-11-11T01:39:07.295+0000] {logging_mixin.py:120} INFO - [2022-11-11T01:39:07.295+0000] {dag.py:2585} INFO - Sync 1 DAGs
[2022-11-11T01:39:07.315+0000] {logging_mixin.py:120} INFO - [2022-11-11T01:39:07.315+0000] {dag.py:3340} INFO - Setting next_dagrun for example_sla_dag to 2022-11-11T01:36:00+00:00, run_after=2022-11-11T01:38:00+00:00
[2022-11-11T01:39:07.328+0000] {processor.py:176} INFO - Processing /home/airflow/.local/lib/python3.7/site-packages/airflow/example_dags/example_sla_dag.py took 0.094 seconds
[2022-11-11T01:39:38.099+0000] {processor.py:154} INFO - Started process (PID=426) to work on /home/airflow/.local/lib/python3.7/site-packages/airflow/example_dags/example_sla_dag.py
[2022-11-11T01:39:38.102+0000] {processor.py:756} INFO - Processing file /home/airflow/.local/lib/python3.7/site-packages/airflow/example_dags/example_sla_dag.py for tasks to queue
[2022-11-11T01:39:38.104+0000] {logging_mixin.py:120} INFO - [2022-11-11T01:39:38.104+0000] {dagbag.py:537} INFO - Filling up the DagBag from /home/airflow/.local/lib/python3.7/site-packages/airflow/example_dags/example_sla_dag.py
[2022-11-11T01:39:38.123+0000] {processor.py:766} INFO - DAG(s) dict_keys(['example_sla_dag']) retrieved from /home/airflow/.local/lib/python3.7/site-packages/airflow/example_dags/example_sla_dag.py
[2022-11-11T01:39:38.162+0000] {logging_mixin.py:120} INFO - [2022-11-11T01:39:38.162+0000] {dag.py:2585} INFO - Sync 1 DAGs
[2022-11-11T01:39:38.181+0000] {logging_mixin.py:120} INFO - [2022-11-11T01:39:38.181+0000] {dag.py:3340} INFO - Setting next_dagrun for example_sla_dag to 2022-11-11T01:36:00+00:00, run_after=2022-11-11T01:38:00+00:00
[2022-11-11T01:39:38.196+0000] {processor.py:176} INFO - Processing /home/airflow/.local/lib/python3.7/site-packages/airflow/example_dags/example_sla_dag.py took 0.100 seconds
[2022-11-11T01:40:08.799+0000] {processor.py:154} INFO - Started process (PID=489) to work on /home/airflow/.local/lib/python3.7/site-packages/airflow/example_dags/example_sla_dag.py
[2022-11-11T01:40:08.801+0000] {processor.py:756} INFO - Processing file /home/airflow/.local/lib/python3.7/site-packages/airflow/example_dags/example_sla_dag.py for tasks to queue
[2022-11-11T01:40:08.803+0000] {logging_mixin.py:120} INFO - [2022-11-11T01:40:08.802+0000] {dagbag.py:537} INFO - Filling up the DagBag from /home/airflow/.local/lib/python3.7/site-packages/airflow/example_dags/example_sla_dag.py
[2022-11-11T01:40:08.820+0000] {processor.py:766} INFO - DAG(s) dict_keys(['example_sla_dag']) retrieved from /home/airflow/.local/lib/python3.7/site-packages/airflow/example_dags/example_sla_dag.py
[2022-11-11T01:40:08.854+0000] {logging_mixin.py:120} INFO - [2022-11-11T01:40:08.854+0000] {dag.py:2585} INFO - Sync 1 DAGs
[2022-11-11T01:40:08.874+0000] {logging_mixin.py:120} INFO - [2022-11-11T01:40:08.874+0000] {dag.py:3340} INFO - Setting next_dagrun for example_sla_dag to 2022-11-11T01:38:00+00:00, run_after=2022-11-11T01:40:00+00:00
[2022-11-11T01:40:08.890+0000] {processor.py:176} INFO - Processing /home/airflow/.local/lib/python3.7/site-packages/airflow/example_dags/example_sla_dag.py took 0.095 seconds
[2022-11-11T01:40:39.644+0000] {processor.py:154} INFO - Started process (PID=551) to work on /home/airflow/.local/lib/python3.7/site-packages/airflow/example_dags/example_sla_dag.py
[2022-11-11T01:40:39.647+0000] {processor.py:756} INFO - Processing file /home/airflow/.local/lib/python3.7/site-packages/airflow/example_dags/example_sla_dag.py for tasks to queue
[2022-11-11T01:40:39.648+0000] {logging_mixin.py:120} INFO - [2022-11-11T01:40:39.648+0000] {dagbag.py:537} INFO - Filling up the DagBag from /home/airflow/.local/lib/python3.7/site-packages/airflow/example_dags/example_sla_dag.py
[2022-11-11T01:40:39.667+0000] {processor.py:766} INFO - DAG(s) dict_keys(['example_sla_dag']) retrieved from /home/airflow/.local/lib/python3.7/site-packages/airflow/example_dags/example_sla_dag.py
[2022-11-11T01:40:39.698+0000] {logging_mixin.py:120} INFO - [2022-11-11T01:40:39.698+0000] {dag.py:2585} INFO - Sync 1 DAGs
[2022-11-11T01:40:39.717+0000] {logging_mixin.py:120} INFO - [2022-11-11T01:40:39.717+0000] {dag.py:3340} INFO - Setting next_dagrun for example_sla_dag to 2022-11-11T01:38:00+00:00, run_after=2022-11-11T01:40:00+00:00
[2022-11-11T01:40:39.729+0000] {processor.py:176} INFO - Processing /home/airflow/.local/lib/python3.7/site-packages/airflow/example_dags/example_sla_dag.py took 0.089 seconds
[2022-11-11T01:41:09.761+0000] {processor.py:154} INFO - Started process (PID=614) to work on /home/airflow/.local/lib/python3.7/site-packages/airflow/example_dags/example_sla_dag.py
[2022-11-11T01:41:09.763+0000] {processor.py:756} INFO - Processing file /home/airflow/.local/lib/python3.7/site-packages/airflow/example_dags/example_sla_dag.py for tasks to queue
[2022-11-11T01:41:09.765+0000] {logging_mixin.py:120} INFO - [2022-11-11T01:41:09.764+0000] {dagbag.py:537} INFO - Filling up the DagBag from /home/airflow/.local/lib/python3.7/site-packages/airflow/example_dags/example_sla_dag.py
[2022-11-11T01:41:09.782+0000] {processor.py:766} INFO - DAG(s) dict_keys(['example_sla_dag']) retrieved from /home/airflow/.local/lib/python3.7/site-packages/airflow/example_dags/example_sla_dag.py
[2022-11-11T01:41:09.816+0000] {logging_mixin.py:120} INFO - [2022-11-11T01:41:09.815+0000] {dag.py:2585} INFO - Sync 1 DAGs
[2022-11-11T01:41:09.836+0000] {logging_mixin.py:120} INFO - [2022-11-11T01:41:09.836+0000] {dag.py:3340} INFO - Setting next_dagrun for example_sla_dag to 2022-11-11T01:38:00+00:00, run_after=2022-11-11T01:40:00+00:00
[2022-11-11T01:41:09.851+0000] {processor.py:176} INFO - Processing /home/airflow/.local/lib/python3.7/site-packages/airflow/example_dags/example_sla_dag.py took 0.094 seconds
