[2022-11-11T01:36:31.000+0000] {processor.py:154} INFO - Started process (PID=40) to work on /home/airflow/.local/lib/python3.7/site-packages/airflow/example_dags/example_latest_only_with_trigger.py
[2022-11-11T01:36:31.002+0000] {processor.py:756} INFO - Processing file /home/airflow/.local/lib/python3.7/site-packages/airflow/example_dags/example_latest_only_with_trigger.py for tasks to queue
[2022-11-11T01:36:31.004+0000] {logging_mixin.py:120} INFO - [2022-11-11T01:36:31.004+0000] {dagbag.py:537} INFO - Filling up the DagBag from /home/airflow/.local/lib/python3.7/site-packages/airflow/example_dags/example_latest_only_with_trigger.py
[2022-11-11T01:36:31.027+0000] {processor.py:766} INFO - DAG(s) dict_keys(['latest_only_with_trigger']) retrieved from /home/airflow/.local/lib/python3.7/site-packages/airflow/example_dags/example_latest_only_with_trigger.py
[2022-11-11T01:36:31.064+0000] {logging_mixin.py:120} INFO - [2022-11-11T01:36:31.063+0000] {dag.py:2585} INFO - Sync 1 DAGs
[2022-11-11T01:36:31.112+0000] {logging_mixin.py:120} INFO - [2022-11-11T01:36:31.112+0000] {dag.py:3340} INFO - Setting next_dagrun for latest_only_with_trigger to 2022-11-10T21:36:31.112315+00:00, run_after=2022-11-11T01:36:31.112315+00:00
[2022-11-11T01:36:31.155+0000] {processor.py:176} INFO - Processing /home/airflow/.local/lib/python3.7/site-packages/airflow/example_dags/example_latest_only_with_trigger.py took 0.161 seconds
[2022-11-11T01:37:02.209+0000] {processor.py:154} INFO - Started process (PID=102) to work on /home/airflow/.local/lib/python3.7/site-packages/airflow/example_dags/example_latest_only_with_trigger.py
[2022-11-11T01:37:02.219+0000] {processor.py:756} INFO - Processing file /home/airflow/.local/lib/python3.7/site-packages/airflow/example_dags/example_latest_only_with_trigger.py for tasks to queue
[2022-11-11T01:37:02.221+0000] {logging_mixin.py:120} INFO - [2022-11-11T01:37:02.220+0000] {dagbag.py:537} INFO - Filling up the DagBag from /home/airflow/.local/lib/python3.7/site-packages/airflow/example_dags/example_latest_only_with_trigger.py
[2022-11-11T01:37:02.237+0000] {processor.py:766} INFO - DAG(s) dict_keys(['latest_only_with_trigger']) retrieved from /home/airflow/.local/lib/python3.7/site-packages/airflow/example_dags/example_latest_only_with_trigger.py
[2022-11-11T01:37:02.270+0000] {logging_mixin.py:120} INFO - [2022-11-11T01:37:02.270+0000] {dag.py:2585} INFO - Sync 1 DAGs
[2022-11-11T01:37:02.286+0000] {logging_mixin.py:120} INFO - [2022-11-11T01:37:02.286+0000] {dag.py:3340} INFO - Setting next_dagrun for latest_only_with_trigger to 2022-11-10T21:37:02.286434+00:00, run_after=2022-11-11T01:37:02.286434+00:00
[2022-11-11T01:37:02.300+0000] {processor.py:176} INFO - Processing /home/airflow/.local/lib/python3.7/site-packages/airflow/example_dags/example_latest_only_with_trigger.py took 0.095 seconds
[2022-11-11T01:37:33.144+0000] {processor.py:154} INFO - Started process (PID=166) to work on /home/airflow/.local/lib/python3.7/site-packages/airflow/example_dags/example_latest_only_with_trigger.py
[2022-11-11T01:37:33.146+0000] {processor.py:756} INFO - Processing file /home/airflow/.local/lib/python3.7/site-packages/airflow/example_dags/example_latest_only_with_trigger.py for tasks to queue
[2022-11-11T01:37:33.147+0000] {logging_mixin.py:120} INFO - [2022-11-11T01:37:33.147+0000] {dagbag.py:537} INFO - Filling up the DagBag from /home/airflow/.local/lib/python3.7/site-packages/airflow/example_dags/example_latest_only_with_trigger.py
[2022-11-11T01:37:33.159+0000] {processor.py:766} INFO - DAG(s) dict_keys(['latest_only_with_trigger']) retrieved from /home/airflow/.local/lib/python3.7/site-packages/airflow/example_dags/example_latest_only_with_trigger.py
[2022-11-11T01:37:33.192+0000] {logging_mixin.py:120} INFO - [2022-11-11T01:37:33.192+0000] {dag.py:2585} INFO - Sync 1 DAGs
[2022-11-11T01:37:33.210+0000] {logging_mixin.py:120} INFO - [2022-11-11T01:37:33.210+0000] {dag.py:3340} INFO - Setting next_dagrun for latest_only_with_trigger to 2022-11-10T21:37:33.210451+00:00, run_after=2022-11-11T01:37:33.210451+00:00
[2022-11-11T01:37:33.226+0000] {processor.py:176} INFO - Processing /home/airflow/.local/lib/python3.7/site-packages/airflow/example_dags/example_latest_only_with_trigger.py took 0.085 seconds
[2022-11-11T01:38:03.705+0000] {processor.py:154} INFO - Started process (PID=229) to work on /home/airflow/.local/lib/python3.7/site-packages/airflow/example_dags/example_latest_only_with_trigger.py
[2022-11-11T01:38:03.707+0000] {processor.py:756} INFO - Processing file /home/airflow/.local/lib/python3.7/site-packages/airflow/example_dags/example_latest_only_with_trigger.py for tasks to queue
[2022-11-11T01:38:03.708+0000] {logging_mixin.py:120} INFO - [2022-11-11T01:38:03.708+0000] {dagbag.py:537} INFO - Filling up the DagBag from /home/airflow/.local/lib/python3.7/site-packages/airflow/example_dags/example_latest_only_with_trigger.py
[2022-11-11T01:38:03.720+0000] {processor.py:766} INFO - DAG(s) dict_keys(['latest_only_with_trigger']) retrieved from /home/airflow/.local/lib/python3.7/site-packages/airflow/example_dags/example_latest_only_with_trigger.py
[2022-11-11T01:38:03.754+0000] {logging_mixin.py:120} INFO - [2022-11-11T01:38:03.754+0000] {dag.py:2585} INFO - Sync 1 DAGs
[2022-11-11T01:38:03.773+0000] {logging_mixin.py:120} INFO - [2022-11-11T01:38:03.772+0000] {dag.py:3340} INFO - Setting next_dagrun for latest_only_with_trigger to 2022-11-10T21:38:03.772707+00:00, run_after=2022-11-11T01:38:03.772707+00:00
[2022-11-11T01:38:03.789+0000] {processor.py:176} INFO - Processing /home/airflow/.local/lib/python3.7/site-packages/airflow/example_dags/example_latest_only_with_trigger.py took 0.087 seconds
[2022-11-11T01:38:34.395+0000] {processor.py:154} INFO - Started process (PID=283) to work on /home/airflow/.local/lib/python3.7/site-packages/airflow/example_dags/example_latest_only_with_trigger.py
[2022-11-11T01:38:34.397+0000] {processor.py:756} INFO - Processing file /home/airflow/.local/lib/python3.7/site-packages/airflow/example_dags/example_latest_only_with_trigger.py for tasks to queue
[2022-11-11T01:38:34.398+0000] {logging_mixin.py:120} INFO - [2022-11-11T01:38:34.398+0000] {dagbag.py:537} INFO - Filling up the DagBag from /home/airflow/.local/lib/python3.7/site-packages/airflow/example_dags/example_latest_only_with_trigger.py
[2022-11-11T01:38:34.411+0000] {processor.py:766} INFO - DAG(s) dict_keys(['latest_only_with_trigger']) retrieved from /home/airflow/.local/lib/python3.7/site-packages/airflow/example_dags/example_latest_only_with_trigger.py
[2022-11-11T01:38:34.444+0000] {logging_mixin.py:120} INFO - [2022-11-11T01:38:34.444+0000] {dag.py:2585} INFO - Sync 1 DAGs
[2022-11-11T01:38:34.462+0000] {logging_mixin.py:120} INFO - [2022-11-11T01:38:34.462+0000] {dag.py:3340} INFO - Setting next_dagrun for latest_only_with_trigger to 2022-11-10T21:38:34.462266+00:00, run_after=2022-11-11T01:38:34.462266+00:00
[2022-11-11T01:38:34.480+0000] {processor.py:176} INFO - Processing /home/airflow/.local/lib/python3.7/site-packages/airflow/example_dags/example_latest_only_with_trigger.py took 0.087 seconds
[2022-11-11T01:39:05.100+0000] {processor.py:154} INFO - Started process (PID=347) to work on /home/airflow/.local/lib/python3.7/site-packages/airflow/example_dags/example_latest_only_with_trigger.py
[2022-11-11T01:39:05.102+0000] {processor.py:756} INFO - Processing file /home/airflow/.local/lib/python3.7/site-packages/airflow/example_dags/example_latest_only_with_trigger.py for tasks to queue
[2022-11-11T01:39:05.103+0000] {logging_mixin.py:120} INFO - [2022-11-11T01:39:05.103+0000] {dagbag.py:537} INFO - Filling up the DagBag from /home/airflow/.local/lib/python3.7/site-packages/airflow/example_dags/example_latest_only_with_trigger.py
[2022-11-11T01:39:05.115+0000] {processor.py:766} INFO - DAG(s) dict_keys(['latest_only_with_trigger']) retrieved from /home/airflow/.local/lib/python3.7/site-packages/airflow/example_dags/example_latest_only_with_trigger.py
[2022-11-11T01:39:05.149+0000] {logging_mixin.py:120} INFO - [2022-11-11T01:39:05.149+0000] {dag.py:2585} INFO - Sync 1 DAGs
[2022-11-11T01:39:05.167+0000] {logging_mixin.py:120} INFO - [2022-11-11T01:39:05.167+0000] {dag.py:3340} INFO - Setting next_dagrun for latest_only_with_trigger to 2022-11-10T21:39:05.167410+00:00, run_after=2022-11-11T01:39:05.167410+00:00
[2022-11-11T01:39:05.184+0000] {processor.py:176} INFO - Processing /home/airflow/.local/lib/python3.7/site-packages/airflow/example_dags/example_latest_only_with_trigger.py took 0.087 seconds
[2022-11-11T01:39:35.839+0000] {processor.py:154} INFO - Started process (PID=409) to work on /home/airflow/.local/lib/python3.7/site-packages/airflow/example_dags/example_latest_only_with_trigger.py
[2022-11-11T01:39:35.841+0000] {processor.py:756} INFO - Processing file /home/airflow/.local/lib/python3.7/site-packages/airflow/example_dags/example_latest_only_with_trigger.py for tasks to queue
[2022-11-11T01:39:35.843+0000] {logging_mixin.py:120} INFO - [2022-11-11T01:39:35.843+0000] {dagbag.py:537} INFO - Filling up the DagBag from /home/airflow/.local/lib/python3.7/site-packages/airflow/example_dags/example_latest_only_with_trigger.py
[2022-11-11T01:39:35.856+0000] {processor.py:766} INFO - DAG(s) dict_keys(['latest_only_with_trigger']) retrieved from /home/airflow/.local/lib/python3.7/site-packages/airflow/example_dags/example_latest_only_with_trigger.py
[2022-11-11T01:39:35.889+0000] {logging_mixin.py:120} INFO - [2022-11-11T01:39:35.889+0000] {dag.py:2585} INFO - Sync 1 DAGs
[2022-11-11T01:39:35.905+0000] {logging_mixin.py:120} INFO - [2022-11-11T01:39:35.905+0000] {dag.py:3340} INFO - Setting next_dagrun for latest_only_with_trigger to 2022-11-10T21:39:35.905166+00:00, run_after=2022-11-11T01:39:35.905166+00:00
[2022-11-11T01:39:35.918+0000] {processor.py:176} INFO - Processing /home/airflow/.local/lib/python3.7/site-packages/airflow/example_dags/example_latest_only_with_trigger.py took 0.083 seconds
[2022-11-11T01:40:06.698+0000] {processor.py:154} INFO - Started process (PID=472) to work on /home/airflow/.local/lib/python3.7/site-packages/airflow/example_dags/example_latest_only_with_trigger.py
[2022-11-11T01:40:06.700+0000] {processor.py:756} INFO - Processing file /home/airflow/.local/lib/python3.7/site-packages/airflow/example_dags/example_latest_only_with_trigger.py for tasks to queue
[2022-11-11T01:40:06.701+0000] {logging_mixin.py:120} INFO - [2022-11-11T01:40:06.701+0000] {dagbag.py:537} INFO - Filling up the DagBag from /home/airflow/.local/lib/python3.7/site-packages/airflow/example_dags/example_latest_only_with_trigger.py
[2022-11-11T01:40:06.711+0000] {processor.py:766} INFO - DAG(s) dict_keys(['latest_only_with_trigger']) retrieved from /home/airflow/.local/lib/python3.7/site-packages/airflow/example_dags/example_latest_only_with_trigger.py
[2022-11-11T01:40:06.742+0000] {logging_mixin.py:120} INFO - [2022-11-11T01:40:06.742+0000] {dag.py:2585} INFO - Sync 1 DAGs
[2022-11-11T01:40:06.757+0000] {logging_mixin.py:120} INFO - [2022-11-11T01:40:06.757+0000] {dag.py:3340} INFO - Setting next_dagrun for latest_only_with_trigger to 2022-11-10T21:40:06.757688+00:00, run_after=2022-11-11T01:40:06.757688+00:00
[2022-11-11T01:40:06.769+0000] {processor.py:176} INFO - Processing /home/airflow/.local/lib/python3.7/site-packages/airflow/example_dags/example_latest_only_with_trigger.py took 0.074 seconds
[2022-11-11T01:40:37.327+0000] {processor.py:154} INFO - Started process (PID=534) to work on /home/airflow/.local/lib/python3.7/site-packages/airflow/example_dags/example_latest_only_with_trigger.py
[2022-11-11T01:40:37.329+0000] {processor.py:756} INFO - Processing file /home/airflow/.local/lib/python3.7/site-packages/airflow/example_dags/example_latest_only_with_trigger.py for tasks to queue
[2022-11-11T01:40:37.331+0000] {logging_mixin.py:120} INFO - [2022-11-11T01:40:37.331+0000] {dagbag.py:537} INFO - Filling up the DagBag from /home/airflow/.local/lib/python3.7/site-packages/airflow/example_dags/example_latest_only_with_trigger.py
[2022-11-11T01:40:37.343+0000] {processor.py:766} INFO - DAG(s) dict_keys(['latest_only_with_trigger']) retrieved from /home/airflow/.local/lib/python3.7/site-packages/airflow/example_dags/example_latest_only_with_trigger.py
[2022-11-11T01:40:37.376+0000] {logging_mixin.py:120} INFO - [2022-11-11T01:40:37.376+0000] {dag.py:2585} INFO - Sync 1 DAGs
[2022-11-11T01:40:37.392+0000] {logging_mixin.py:120} INFO - [2022-11-11T01:40:37.392+0000] {dag.py:3340} INFO - Setting next_dagrun for latest_only_with_trigger to 2022-11-10T21:40:37.392642+00:00, run_after=2022-11-11T01:40:37.392642+00:00
[2022-11-11T01:40:37.406+0000] {processor.py:176} INFO - Processing /home/airflow/.local/lib/python3.7/site-packages/airflow/example_dags/example_latest_only_with_trigger.py took 0.082 seconds
[2022-11-11T01:41:08.437+0000] {processor.py:154} INFO - Started process (PID=598) to work on /home/airflow/.local/lib/python3.7/site-packages/airflow/example_dags/example_latest_only_with_trigger.py
[2022-11-11T01:41:08.439+0000] {processor.py:756} INFO - Processing file /home/airflow/.local/lib/python3.7/site-packages/airflow/example_dags/example_latest_only_with_trigger.py for tasks to queue
[2022-11-11T01:41:08.440+0000] {logging_mixin.py:120} INFO - [2022-11-11T01:41:08.440+0000] {dagbag.py:537} INFO - Filling up the DagBag from /home/airflow/.local/lib/python3.7/site-packages/airflow/example_dags/example_latest_only_with_trigger.py
[2022-11-11T01:41:08.453+0000] {processor.py:766} INFO - DAG(s) dict_keys(['latest_only_with_trigger']) retrieved from /home/airflow/.local/lib/python3.7/site-packages/airflow/example_dags/example_latest_only_with_trigger.py
[2022-11-11T01:41:08.488+0000] {logging_mixin.py:120} INFO - [2022-11-11T01:41:08.488+0000] {dag.py:2585} INFO - Sync 1 DAGs
[2022-11-11T01:41:08.508+0000] {logging_mixin.py:120} INFO - [2022-11-11T01:41:08.508+0000] {dag.py:3340} INFO - Setting next_dagrun for latest_only_with_trigger to 2022-11-10T21:41:08.507968+00:00, run_after=2022-11-11T01:41:08.507968+00:00
[2022-11-11T01:41:08.526+0000] {processor.py:176} INFO - Processing /home/airflow/.local/lib/python3.7/site-packages/airflow/example_dags/example_latest_only_with_trigger.py took 0.092 seconds
