[2022-11-11T01:36:33.701+0000] {processor.py:154} INFO - Started process (PID=63) to work on /home/airflow/.local/lib/python3.7/site-packages/airflow/example_dags/example_local_kubernetes_executor.py
[2022-11-11T01:36:33.705+0000] {processor.py:756} INFO - Processing file /home/airflow/.local/lib/python3.7/site-packages/airflow/example_dags/example_local_kubernetes_executor.py for tasks to queue
[2022-11-11T01:36:33.708+0000] {logging_mixin.py:120} INFO - [2022-11-11T01:36:33.708+0000] {dagbag.py:537} INFO - Filling up the DagBag from /home/airflow/.local/lib/python3.7/site-packages/airflow/example_dags/example_local_kubernetes_executor.py
[2022-11-11T01:36:33.921+0000] {processor.py:766} INFO - DAG(s) dict_keys(['example_local_kubernetes_executor']) retrieved from /home/airflow/.local/lib/python3.7/site-packages/airflow/example_dags/example_local_kubernetes_executor.py
[2022-11-11T01:36:34.025+0000] {logging_mixin.py:120} INFO - [2022-11-11T01:36:34.025+0000] {dag.py:2585} INFO - Sync 1 DAGs
[2022-11-11T01:36:34.120+0000] {logging_mixin.py:120} INFO - [2022-11-11T01:36:34.120+0000] {dag.py:3340} INFO - Setting next_dagrun for example_local_kubernetes_executor to None, run_after=None
[2022-11-11T01:36:34.176+0000] {processor.py:176} INFO - Processing /home/airflow/.local/lib/python3.7/site-packages/airflow/example_dags/example_local_kubernetes_executor.py took 0.485 seconds
[2022-11-11T01:37:04.587+0000] {processor.py:154} INFO - Started process (PID=120) to work on /home/airflow/.local/lib/python3.7/site-packages/airflow/example_dags/example_local_kubernetes_executor.py
[2022-11-11T01:37:04.590+0000] {processor.py:756} INFO - Processing file /home/airflow/.local/lib/python3.7/site-packages/airflow/example_dags/example_local_kubernetes_executor.py for tasks to queue
[2022-11-11T01:37:04.591+0000] {logging_mixin.py:120} INFO - [2022-11-11T01:37:04.591+0000] {dagbag.py:537} INFO - Filling up the DagBag from /home/airflow/.local/lib/python3.7/site-packages/airflow/example_dags/example_local_kubernetes_executor.py
[2022-11-11T01:37:04.610+0000] {processor.py:766} INFO - DAG(s) dict_keys(['example_local_kubernetes_executor']) retrieved from /home/airflow/.local/lib/python3.7/site-packages/airflow/example_dags/example_local_kubernetes_executor.py
[2022-11-11T01:37:04.641+0000] {logging_mixin.py:120} INFO - [2022-11-11T01:37:04.641+0000] {dag.py:2585} INFO - Sync 1 DAGs
[2022-11-11T01:37:04.658+0000] {logging_mixin.py:120} INFO - [2022-11-11T01:37:04.658+0000] {dag.py:3340} INFO - Setting next_dagrun for example_local_kubernetes_executor to None, run_after=None
[2022-11-11T01:37:04.670+0000] {processor.py:176} INFO - Processing /home/airflow/.local/lib/python3.7/site-packages/airflow/example_dags/example_local_kubernetes_executor.py took 0.085 seconds
[2022-11-11T01:37:35.410+0000] {processor.py:154} INFO - Started process (PID=184) to work on /home/airflow/.local/lib/python3.7/site-packages/airflow/example_dags/example_local_kubernetes_executor.py
[2022-11-11T01:37:35.412+0000] {processor.py:756} INFO - Processing file /home/airflow/.local/lib/python3.7/site-packages/airflow/example_dags/example_local_kubernetes_executor.py for tasks to queue
[2022-11-11T01:37:35.413+0000] {logging_mixin.py:120} INFO - [2022-11-11T01:37:35.413+0000] {dagbag.py:537} INFO - Filling up the DagBag from /home/airflow/.local/lib/python3.7/site-packages/airflow/example_dags/example_local_kubernetes_executor.py
[2022-11-11T01:37:35.431+0000] {processor.py:766} INFO - DAG(s) dict_keys(['example_local_kubernetes_executor']) retrieved from /home/airflow/.local/lib/python3.7/site-packages/airflow/example_dags/example_local_kubernetes_executor.py
[2022-11-11T01:37:35.464+0000] {logging_mixin.py:120} INFO - [2022-11-11T01:37:35.464+0000] {dag.py:2585} INFO - Sync 1 DAGs
[2022-11-11T01:37:35.481+0000] {logging_mixin.py:120} INFO - [2022-11-11T01:37:35.481+0000] {dag.py:3340} INFO - Setting next_dagrun for example_local_kubernetes_executor to None, run_after=None
[2022-11-11T01:37:35.495+0000] {processor.py:176} INFO - Processing /home/airflow/.local/lib/python3.7/site-packages/airflow/example_dags/example_local_kubernetes_executor.py took 0.088 seconds
[2022-11-11T01:38:06.034+0000] {processor.py:154} INFO - Started process (PID=247) to work on /home/airflow/.local/lib/python3.7/site-packages/airflow/example_dags/example_local_kubernetes_executor.py
[2022-11-11T01:38:06.036+0000] {processor.py:756} INFO - Processing file /home/airflow/.local/lib/python3.7/site-packages/airflow/example_dags/example_local_kubernetes_executor.py for tasks to queue
[2022-11-11T01:38:06.037+0000] {logging_mixin.py:120} INFO - [2022-11-11T01:38:06.037+0000] {dagbag.py:537} INFO - Filling up the DagBag from /home/airflow/.local/lib/python3.7/site-packages/airflow/example_dags/example_local_kubernetes_executor.py
[2022-11-11T01:38:06.059+0000] {processor.py:766} INFO - DAG(s) dict_keys(['example_local_kubernetes_executor']) retrieved from /home/airflow/.local/lib/python3.7/site-packages/airflow/example_dags/example_local_kubernetes_executor.py
[2022-11-11T01:38:06.094+0000] {logging_mixin.py:120} INFO - [2022-11-11T01:38:06.094+0000] {dag.py:2585} INFO - Sync 1 DAGs
[2022-11-11T01:38:06.112+0000] {logging_mixin.py:120} INFO - [2022-11-11T01:38:06.112+0000] {dag.py:3340} INFO - Setting next_dagrun for example_local_kubernetes_executor to None, run_after=None
[2022-11-11T01:38:06.125+0000] {processor.py:176} INFO - Processing /home/airflow/.local/lib/python3.7/site-packages/airflow/example_dags/example_local_kubernetes_executor.py took 0.094 seconds
[2022-11-11T01:38:36.678+0000] {processor.py:154} INFO - Started process (PID=311) to work on /home/airflow/.local/lib/python3.7/site-packages/airflow/example_dags/example_local_kubernetes_executor.py
[2022-11-11T01:38:36.679+0000] {processor.py:756} INFO - Processing file /home/airflow/.local/lib/python3.7/site-packages/airflow/example_dags/example_local_kubernetes_executor.py for tasks to queue
[2022-11-11T01:38:36.680+0000] {logging_mixin.py:120} INFO - [2022-11-11T01:38:36.680+0000] {dagbag.py:537} INFO - Filling up the DagBag from /home/airflow/.local/lib/python3.7/site-packages/airflow/example_dags/example_local_kubernetes_executor.py
[2022-11-11T01:38:36.699+0000] {processor.py:766} INFO - DAG(s) dict_keys(['example_local_kubernetes_executor']) retrieved from /home/airflow/.local/lib/python3.7/site-packages/airflow/example_dags/example_local_kubernetes_executor.py
[2022-11-11T01:38:36.730+0000] {logging_mixin.py:120} INFO - [2022-11-11T01:38:36.730+0000] {dag.py:2585} INFO - Sync 1 DAGs
[2022-11-11T01:38:36.747+0000] {logging_mixin.py:120} INFO - [2022-11-11T01:38:36.747+0000] {dag.py:3340} INFO - Setting next_dagrun for example_local_kubernetes_executor to None, run_after=None
[2022-11-11T01:38:36.760+0000] {processor.py:176} INFO - Processing /home/airflow/.local/lib/python3.7/site-packages/airflow/example_dags/example_local_kubernetes_executor.py took 0.085 seconds
[2022-11-11T01:39:07.351+0000] {processor.py:154} INFO - Started process (PID=374) to work on /home/airflow/.local/lib/python3.7/site-packages/airflow/example_dags/example_local_kubernetes_executor.py
[2022-11-11T01:39:07.354+0000] {processor.py:756} INFO - Processing file /home/airflow/.local/lib/python3.7/site-packages/airflow/example_dags/example_local_kubernetes_executor.py for tasks to queue
[2022-11-11T01:39:07.356+0000] {logging_mixin.py:120} INFO - [2022-11-11T01:39:07.355+0000] {dagbag.py:537} INFO - Filling up the DagBag from /home/airflow/.local/lib/python3.7/site-packages/airflow/example_dags/example_local_kubernetes_executor.py
[2022-11-11T01:39:07.375+0000] {processor.py:766} INFO - DAG(s) dict_keys(['example_local_kubernetes_executor']) retrieved from /home/airflow/.local/lib/python3.7/site-packages/airflow/example_dags/example_local_kubernetes_executor.py
[2022-11-11T01:39:07.407+0000] {logging_mixin.py:120} INFO - [2022-11-11T01:39:07.407+0000] {dag.py:2585} INFO - Sync 1 DAGs
[2022-11-11T01:39:07.431+0000] {logging_mixin.py:120} INFO - [2022-11-11T01:39:07.431+0000] {dag.py:3340} INFO - Setting next_dagrun for example_local_kubernetes_executor to None, run_after=None
[2022-11-11T01:39:07.448+0000] {processor.py:176} INFO - Processing /home/airflow/.local/lib/python3.7/site-packages/airflow/example_dags/example_local_kubernetes_executor.py took 0.100 seconds
[2022-11-11T01:39:38.215+0000] {processor.py:154} INFO - Started process (PID=427) to work on /home/airflow/.local/lib/python3.7/site-packages/airflow/example_dags/example_local_kubernetes_executor.py
[2022-11-11T01:39:38.217+0000] {processor.py:756} INFO - Processing file /home/airflow/.local/lib/python3.7/site-packages/airflow/example_dags/example_local_kubernetes_executor.py for tasks to queue
[2022-11-11T01:39:38.219+0000] {logging_mixin.py:120} INFO - [2022-11-11T01:39:38.218+0000] {dagbag.py:537} INFO - Filling up the DagBag from /home/airflow/.local/lib/python3.7/site-packages/airflow/example_dags/example_local_kubernetes_executor.py
[2022-11-11T01:39:38.238+0000] {processor.py:766} INFO - DAG(s) dict_keys(['example_local_kubernetes_executor']) retrieved from /home/airflow/.local/lib/python3.7/site-packages/airflow/example_dags/example_local_kubernetes_executor.py
[2022-11-11T01:39:38.272+0000] {logging_mixin.py:120} INFO - [2022-11-11T01:39:38.272+0000] {dag.py:2585} INFO - Sync 1 DAGs
[2022-11-11T01:39:38.290+0000] {logging_mixin.py:120} INFO - [2022-11-11T01:39:38.290+0000] {dag.py:3340} INFO - Setting next_dagrun for example_local_kubernetes_executor to None, run_after=None
[2022-11-11T01:39:38.307+0000] {processor.py:176} INFO - Processing /home/airflow/.local/lib/python3.7/site-packages/airflow/example_dags/example_local_kubernetes_executor.py took 0.095 seconds
[2022-11-11T01:40:08.908+0000] {processor.py:154} INFO - Started process (PID=490) to work on /home/airflow/.local/lib/python3.7/site-packages/airflow/example_dags/example_local_kubernetes_executor.py
[2022-11-11T01:40:08.910+0000] {processor.py:756} INFO - Processing file /home/airflow/.local/lib/python3.7/site-packages/airflow/example_dags/example_local_kubernetes_executor.py for tasks to queue
[2022-11-11T01:40:08.912+0000] {logging_mixin.py:120} INFO - [2022-11-11T01:40:08.912+0000] {dagbag.py:537} INFO - Filling up the DagBag from /home/airflow/.local/lib/python3.7/site-packages/airflow/example_dags/example_local_kubernetes_executor.py
[2022-11-11T01:40:08.935+0000] {processor.py:766} INFO - DAG(s) dict_keys(['example_local_kubernetes_executor']) retrieved from /home/airflow/.local/lib/python3.7/site-packages/airflow/example_dags/example_local_kubernetes_executor.py
[2022-11-11T01:40:08.969+0000] {logging_mixin.py:120} INFO - [2022-11-11T01:40:08.969+0000] {dag.py:2585} INFO - Sync 1 DAGs
[2022-11-11T01:40:08.987+0000] {logging_mixin.py:120} INFO - [2022-11-11T01:40:08.987+0000] {dag.py:3340} INFO - Setting next_dagrun for example_local_kubernetes_executor to None, run_after=None
[2022-11-11T01:40:09.001+0000] {processor.py:176} INFO - Processing /home/airflow/.local/lib/python3.7/site-packages/airflow/example_dags/example_local_kubernetes_executor.py took 0.095 seconds
[2022-11-11T01:40:39.761+0000] {processor.py:154} INFO - Started process (PID=552) to work on /home/airflow/.local/lib/python3.7/site-packages/airflow/example_dags/example_local_kubernetes_executor.py
[2022-11-11T01:40:39.763+0000] {processor.py:756} INFO - Processing file /home/airflow/.local/lib/python3.7/site-packages/airflow/example_dags/example_local_kubernetes_executor.py for tasks to queue
[2022-11-11T01:40:39.764+0000] {logging_mixin.py:120} INFO - [2022-11-11T01:40:39.764+0000] {dagbag.py:537} INFO - Filling up the DagBag from /home/airflow/.local/lib/python3.7/site-packages/airflow/example_dags/example_local_kubernetes_executor.py
[2022-11-11T01:40:39.781+0000] {processor.py:766} INFO - DAG(s) dict_keys(['example_local_kubernetes_executor']) retrieved from /home/airflow/.local/lib/python3.7/site-packages/airflow/example_dags/example_local_kubernetes_executor.py
[2022-11-11T01:40:39.813+0000] {logging_mixin.py:120} INFO - [2022-11-11T01:40:39.813+0000] {dag.py:2585} INFO - Sync 1 DAGs
[2022-11-11T01:40:39.829+0000] {logging_mixin.py:120} INFO - [2022-11-11T01:40:39.829+0000] {dag.py:3340} INFO - Setting next_dagrun for example_local_kubernetes_executor to None, run_after=None
[2022-11-11T01:40:39.844+0000] {processor.py:176} INFO - Processing /home/airflow/.local/lib/python3.7/site-packages/airflow/example_dags/example_local_kubernetes_executor.py took 0.086 seconds
[2022-11-11T01:41:09.996+0000] {processor.py:154} INFO - Started process (PID=616) to work on /home/airflow/.local/lib/python3.7/site-packages/airflow/example_dags/example_local_kubernetes_executor.py
[2022-11-11T01:41:09.998+0000] {processor.py:756} INFO - Processing file /home/airflow/.local/lib/python3.7/site-packages/airflow/example_dags/example_local_kubernetes_executor.py for tasks to queue
[2022-11-11T01:41:10.000+0000] {logging_mixin.py:120} INFO - [2022-11-11T01:41:10.000+0000] {dagbag.py:537} INFO - Filling up the DagBag from /home/airflow/.local/lib/python3.7/site-packages/airflow/example_dags/example_local_kubernetes_executor.py
[2022-11-11T01:41:10.015+0000] {processor.py:766} INFO - DAG(s) dict_keys(['example_local_kubernetes_executor']) retrieved from /home/airflow/.local/lib/python3.7/site-packages/airflow/example_dags/example_local_kubernetes_executor.py
[2022-11-11T01:41:10.046+0000] {logging_mixin.py:120} INFO - [2022-11-11T01:41:10.046+0000] {dag.py:2585} INFO - Sync 1 DAGs
[2022-11-11T01:41:10.064+0000] {logging_mixin.py:120} INFO - [2022-11-11T01:41:10.064+0000] {dag.py:3340} INFO - Setting next_dagrun for example_local_kubernetes_executor to None, run_after=None
[2022-11-11T01:41:10.078+0000] {processor.py:176} INFO - Processing /home/airflow/.local/lib/python3.7/site-packages/airflow/example_dags/example_local_kubernetes_executor.py took 0.085 seconds
