[2022-11-11T01:36:34.732+0000] {processor.py:154} INFO - Started process (PID=69) to work on /home/airflow/.local/lib/python3.7/site-packages/airflow/example_dags/example_task_group_decorator.py
[2022-11-11T01:36:34.740+0000] {processor.py:756} INFO - Processing file /home/airflow/.local/lib/python3.7/site-packages/airflow/example_dags/example_task_group_decorator.py for tasks to queue
[2022-11-11T01:36:34.743+0000] {logging_mixin.py:120} INFO - [2022-11-11T01:36:34.743+0000] {dagbag.py:537} INFO - Filling up the DagBag from /home/airflow/.local/lib/python3.7/site-packages/airflow/example_dags/example_task_group_decorator.py
[2022-11-11T01:36:34.890+0000] {processor.py:766} INFO - DAG(s) dict_keys(['example_task_group_decorator']) retrieved from /home/airflow/.local/lib/python3.7/site-packages/airflow/example_dags/example_task_group_decorator.py
[2022-11-11T01:36:35.026+0000] {logging_mixin.py:120} INFO - [2022-11-11T01:36:35.026+0000] {dag.py:2585} INFO - Sync 1 DAGs
[2022-11-11T01:36:35.109+0000] {logging_mixin.py:120} INFO - [2022-11-11T01:36:35.109+0000] {dag.py:3340} INFO - Setting next_dagrun for example_task_group_decorator to 2022-11-10T01:36:35.109443+00:00, run_after=2022-11-11T01:36:35.109443+00:00
[2022-11-11T01:36:35.175+0000] {processor.py:176} INFO - Processing /home/airflow/.local/lib/python3.7/site-packages/airflow/example_dags/example_task_group_decorator.py took 0.459 seconds
[2022-11-11T01:37:05.842+0000] {processor.py:154} INFO - Started process (PID=123) to work on /home/airflow/.local/lib/python3.7/site-packages/airflow/example_dags/example_task_group_decorator.py
[2022-11-11T01:37:05.849+0000] {processor.py:756} INFO - Processing file /home/airflow/.local/lib/python3.7/site-packages/airflow/example_dags/example_task_group_decorator.py for tasks to queue
[2022-11-11T01:37:05.852+0000] {logging_mixin.py:120} INFO - [2022-11-11T01:37:05.852+0000] {dagbag.py:537} INFO - Filling up the DagBag from /home/airflow/.local/lib/python3.7/site-packages/airflow/example_dags/example_task_group_decorator.py
[2022-11-11T01:37:05.878+0000] {processor.py:766} INFO - DAG(s) dict_keys(['example_task_group_decorator']) retrieved from /home/airflow/.local/lib/python3.7/site-packages/airflow/example_dags/example_task_group_decorator.py
[2022-11-11T01:37:05.908+0000] {logging_mixin.py:120} INFO - [2022-11-11T01:37:05.908+0000] {dag.py:2585} INFO - Sync 1 DAGs
[2022-11-11T01:37:05.925+0000] {logging_mixin.py:120} INFO - [2022-11-11T01:37:05.924+0000] {dag.py:3340} INFO - Setting next_dagrun for example_task_group_decorator to 2022-11-10T01:37:05.924696+00:00, run_after=2022-11-11T01:37:05.924696+00:00
[2022-11-11T01:37:05.938+0000] {processor.py:176} INFO - Processing /home/airflow/.local/lib/python3.7/site-packages/airflow/example_dags/example_task_group_decorator.py took 0.101 seconds
[2022-11-11T01:37:36.562+0000] {processor.py:154} INFO - Started process (PID=187) to work on /home/airflow/.local/lib/python3.7/site-packages/airflow/example_dags/example_task_group_decorator.py
[2022-11-11T01:37:36.564+0000] {processor.py:756} INFO - Processing file /home/airflow/.local/lib/python3.7/site-packages/airflow/example_dags/example_task_group_decorator.py for tasks to queue
[2022-11-11T01:37:36.565+0000] {logging_mixin.py:120} INFO - [2022-11-11T01:37:36.565+0000] {dagbag.py:537} INFO - Filling up the DagBag from /home/airflow/.local/lib/python3.7/site-packages/airflow/example_dags/example_task_group_decorator.py
[2022-11-11T01:37:36.585+0000] {processor.py:766} INFO - DAG(s) dict_keys(['example_task_group_decorator']) retrieved from /home/airflow/.local/lib/python3.7/site-packages/airflow/example_dags/example_task_group_decorator.py
[2022-11-11T01:37:36.616+0000] {logging_mixin.py:120} INFO - [2022-11-11T01:37:36.616+0000] {dag.py:2585} INFO - Sync 1 DAGs
[2022-11-11T01:37:36.631+0000] {logging_mixin.py:120} INFO - [2022-11-11T01:37:36.631+0000] {dag.py:3340} INFO - Setting next_dagrun for example_task_group_decorator to 2022-11-10T01:37:36.631601+00:00, run_after=2022-11-11T01:37:36.631601+00:00
[2022-11-11T01:37:36.645+0000] {processor.py:176} INFO - Processing /home/airflow/.local/lib/python3.7/site-packages/airflow/example_dags/example_task_group_decorator.py took 0.086 seconds
[2022-11-11T01:38:07.190+0000] {processor.py:154} INFO - Started process (PID=250) to work on /home/airflow/.local/lib/python3.7/site-packages/airflow/example_dags/example_task_group_decorator.py
[2022-11-11T01:38:07.192+0000] {processor.py:756} INFO - Processing file /home/airflow/.local/lib/python3.7/site-packages/airflow/example_dags/example_task_group_decorator.py for tasks to queue
[2022-11-11T01:38:07.194+0000] {logging_mixin.py:120} INFO - [2022-11-11T01:38:07.194+0000] {dagbag.py:537} INFO - Filling up the DagBag from /home/airflow/.local/lib/python3.7/site-packages/airflow/example_dags/example_task_group_decorator.py
[2022-11-11T01:38:07.214+0000] {processor.py:766} INFO - DAG(s) dict_keys(['example_task_group_decorator']) retrieved from /home/airflow/.local/lib/python3.7/site-packages/airflow/example_dags/example_task_group_decorator.py
[2022-11-11T01:38:07.245+0000] {logging_mixin.py:120} INFO - [2022-11-11T01:38:07.245+0000] {dag.py:2585} INFO - Sync 1 DAGs
[2022-11-11T01:38:07.261+0000] {logging_mixin.py:120} INFO - [2022-11-11T01:38:07.261+0000] {dag.py:3340} INFO - Setting next_dagrun for example_task_group_decorator to 2022-11-10T01:38:07.261614+00:00, run_after=2022-11-11T01:38:07.261614+00:00
[2022-11-11T01:38:07.274+0000] {processor.py:176} INFO - Processing /home/airflow/.local/lib/python3.7/site-packages/airflow/example_dags/example_task_group_decorator.py took 0.088 seconds
[2022-11-11T01:38:37.856+0000] {processor.py:154} INFO - Started process (PID=314) to work on /home/airflow/.local/lib/python3.7/site-packages/airflow/example_dags/example_task_group_decorator.py
[2022-11-11T01:38:37.860+0000] {processor.py:756} INFO - Processing file /home/airflow/.local/lib/python3.7/site-packages/airflow/example_dags/example_task_group_decorator.py for tasks to queue
[2022-11-11T01:38:37.864+0000] {logging_mixin.py:120} INFO - [2022-11-11T01:38:37.864+0000] {dagbag.py:537} INFO - Filling up the DagBag from /home/airflow/.local/lib/python3.7/site-packages/airflow/example_dags/example_task_group_decorator.py
[2022-11-11T01:38:37.889+0000] {processor.py:766} INFO - DAG(s) dict_keys(['example_task_group_decorator']) retrieved from /home/airflow/.local/lib/python3.7/site-packages/airflow/example_dags/example_task_group_decorator.py
[2022-11-11T01:38:37.924+0000] {logging_mixin.py:120} INFO - [2022-11-11T01:38:37.924+0000] {dag.py:2585} INFO - Sync 1 DAGs
[2022-11-11T01:38:37.941+0000] {logging_mixin.py:120} INFO - [2022-11-11T01:38:37.941+0000] {dag.py:3340} INFO - Setting next_dagrun for example_task_group_decorator to 2022-11-10T01:38:37.940963+00:00, run_after=2022-11-11T01:38:37.940963+00:00
[2022-11-11T01:38:37.955+0000] {processor.py:176} INFO - Processing /home/airflow/.local/lib/python3.7/site-packages/airflow/example_dags/example_task_group_decorator.py took 0.106 seconds
[2022-11-11T01:39:08.492+0000] {processor.py:154} INFO - Started process (PID=377) to work on /home/airflow/.local/lib/python3.7/site-packages/airflow/example_dags/example_task_group_decorator.py
[2022-11-11T01:39:08.495+0000] {processor.py:756} INFO - Processing file /home/airflow/.local/lib/python3.7/site-packages/airflow/example_dags/example_task_group_decorator.py for tasks to queue
[2022-11-11T01:39:08.497+0000] {logging_mixin.py:120} INFO - [2022-11-11T01:39:08.497+0000] {dagbag.py:537} INFO - Filling up the DagBag from /home/airflow/.local/lib/python3.7/site-packages/airflow/example_dags/example_task_group_decorator.py
[2022-11-11T01:39:08.517+0000] {processor.py:766} INFO - DAG(s) dict_keys(['example_task_group_decorator']) retrieved from /home/airflow/.local/lib/python3.7/site-packages/airflow/example_dags/example_task_group_decorator.py
[2022-11-11T01:39:08.550+0000] {logging_mixin.py:120} INFO - [2022-11-11T01:39:08.549+0000] {dag.py:2585} INFO - Sync 1 DAGs
[2022-11-11T01:39:08.567+0000] {logging_mixin.py:120} INFO - [2022-11-11T01:39:08.567+0000] {dag.py:3340} INFO - Setting next_dagrun for example_task_group_decorator to 2022-11-10T01:39:08.566874+00:00, run_after=2022-11-11T01:39:08.566874+00:00
[2022-11-11T01:39:08.580+0000] {processor.py:176} INFO - Processing /home/airflow/.local/lib/python3.7/site-packages/airflow/example_dags/example_task_group_decorator.py took 0.091 seconds
[2022-11-11T01:39:39.368+0000] {processor.py:154} INFO - Started process (PID=430) to work on /home/airflow/.local/lib/python3.7/site-packages/airflow/example_dags/example_task_group_decorator.py
[2022-11-11T01:39:39.371+0000] {processor.py:756} INFO - Processing file /home/airflow/.local/lib/python3.7/site-packages/airflow/example_dags/example_task_group_decorator.py for tasks to queue
[2022-11-11T01:39:39.373+0000] {logging_mixin.py:120} INFO - [2022-11-11T01:39:39.373+0000] {dagbag.py:537} INFO - Filling up the DagBag from /home/airflow/.local/lib/python3.7/site-packages/airflow/example_dags/example_task_group_decorator.py
[2022-11-11T01:39:39.401+0000] {processor.py:766} INFO - DAG(s) dict_keys(['example_task_group_decorator']) retrieved from /home/airflow/.local/lib/python3.7/site-packages/airflow/example_dags/example_task_group_decorator.py
[2022-11-11T01:39:39.437+0000] {logging_mixin.py:120} INFO - [2022-11-11T01:39:39.437+0000] {dag.py:2585} INFO - Sync 1 DAGs
[2022-11-11T01:39:39.454+0000] {logging_mixin.py:120} INFO - [2022-11-11T01:39:39.454+0000] {dag.py:3340} INFO - Setting next_dagrun for example_task_group_decorator to 2022-11-10T01:39:39.454128+00:00, run_after=2022-11-11T01:39:39.454128+00:00
[2022-11-11T01:39:39.468+0000] {processor.py:176} INFO - Processing /home/airflow/.local/lib/python3.7/site-packages/airflow/example_dags/example_task_group_decorator.py took 0.103 seconds
[2022-11-11T01:40:10.050+0000] {processor.py:154} INFO - Started process (PID=493) to work on /home/airflow/.local/lib/python3.7/site-packages/airflow/example_dags/example_task_group_decorator.py
[2022-11-11T01:40:10.053+0000] {processor.py:756} INFO - Processing file /home/airflow/.local/lib/python3.7/site-packages/airflow/example_dags/example_task_group_decorator.py for tasks to queue
[2022-11-11T01:40:10.055+0000] {logging_mixin.py:120} INFO - [2022-11-11T01:40:10.055+0000] {dagbag.py:537} INFO - Filling up the DagBag from /home/airflow/.local/lib/python3.7/site-packages/airflow/example_dags/example_task_group_decorator.py
[2022-11-11T01:40:10.076+0000] {processor.py:766} INFO - DAG(s) dict_keys(['example_task_group_decorator']) retrieved from /home/airflow/.local/lib/python3.7/site-packages/airflow/example_dags/example_task_group_decorator.py
[2022-11-11T01:40:10.108+0000] {logging_mixin.py:120} INFO - [2022-11-11T01:40:10.108+0000] {dag.py:2585} INFO - Sync 1 DAGs
[2022-11-11T01:40:10.124+0000] {logging_mixin.py:120} INFO - [2022-11-11T01:40:10.124+0000] {dag.py:3340} INFO - Setting next_dagrun for example_task_group_decorator to 2022-11-10T01:40:10.124510+00:00, run_after=2022-11-11T01:40:10.124510+00:00
[2022-11-11T01:40:10.144+0000] {processor.py:176} INFO - Processing /home/airflow/.local/lib/python3.7/site-packages/airflow/example_dags/example_task_group_decorator.py took 0.097 seconds
[2022-11-11T01:40:41.053+0000] {processor.py:154} INFO - Started process (PID=555) to work on /home/airflow/.local/lib/python3.7/site-packages/airflow/example_dags/example_task_group_decorator.py
[2022-11-11T01:40:41.056+0000] {processor.py:756} INFO - Processing file /home/airflow/.local/lib/python3.7/site-packages/airflow/example_dags/example_task_group_decorator.py for tasks to queue
[2022-11-11T01:40:41.057+0000] {logging_mixin.py:120} INFO - [2022-11-11T01:40:41.057+0000] {dagbag.py:537} INFO - Filling up the DagBag from /home/airflow/.local/lib/python3.7/site-packages/airflow/example_dags/example_task_group_decorator.py
[2022-11-11T01:40:41.078+0000] {processor.py:766} INFO - DAG(s) dict_keys(['example_task_group_decorator']) retrieved from /home/airflow/.local/lib/python3.7/site-packages/airflow/example_dags/example_task_group_decorator.py
[2022-11-11T01:40:41.112+0000] {logging_mixin.py:120} INFO - [2022-11-11T01:40:41.111+0000] {dag.py:2585} INFO - Sync 1 DAGs
[2022-11-11T01:40:41.132+0000] {logging_mixin.py:120} INFO - [2022-11-11T01:40:41.132+0000] {dag.py:3340} INFO - Setting next_dagrun for example_task_group_decorator to 2022-11-10T01:40:41.131978+00:00, run_after=2022-11-11T01:40:41.131978+00:00
[2022-11-11T01:40:41.144+0000] {processor.py:176} INFO - Processing /home/airflow/.local/lib/python3.7/site-packages/airflow/example_dags/example_task_group_decorator.py took 0.095 seconds
[2022-11-11T01:41:11.265+0000] {processor.py:154} INFO - Started process (PID=619) to work on /home/airflow/.local/lib/python3.7/site-packages/airflow/example_dags/example_task_group_decorator.py
[2022-11-11T01:41:11.270+0000] {processor.py:756} INFO - Processing file /home/airflow/.local/lib/python3.7/site-packages/airflow/example_dags/example_task_group_decorator.py for tasks to queue
[2022-11-11T01:41:11.274+0000] {logging_mixin.py:120} INFO - [2022-11-11T01:41:11.274+0000] {dagbag.py:537} INFO - Filling up the DagBag from /home/airflow/.local/lib/python3.7/site-packages/airflow/example_dags/example_task_group_decorator.py
[2022-11-11T01:41:11.297+0000] {processor.py:766} INFO - DAG(s) dict_keys(['example_task_group_decorator']) retrieved from /home/airflow/.local/lib/python3.7/site-packages/airflow/example_dags/example_task_group_decorator.py
[2022-11-11T01:41:11.332+0000] {logging_mixin.py:120} INFO - [2022-11-11T01:41:11.332+0000] {dag.py:2585} INFO - Sync 1 DAGs
[2022-11-11T01:41:11.349+0000] {logging_mixin.py:120} INFO - [2022-11-11T01:41:11.349+0000] {dag.py:3340} INFO - Setting next_dagrun for example_task_group_decorator to 2022-11-10T01:41:11.349540+00:00, run_after=2022-11-11T01:41:11.349540+00:00
[2022-11-11T01:41:11.363+0000] {processor.py:176} INFO - Processing /home/airflow/.local/lib/python3.7/site-packages/airflow/example_dags/example_task_group_decorator.py took 0.102 seconds
