[2022-11-11T01:36:32.704+0000] {processor.py:154} INFO - Started process (PID=53) to work on /home/airflow/.local/lib/python3.7/site-packages/airflow/example_dags/example_nested_branch_dag.py
[2022-11-11T01:36:32.720+0000] {processor.py:756} INFO - Processing file /home/airflow/.local/lib/python3.7/site-packages/airflow/example_dags/example_nested_branch_dag.py for tasks to queue
[2022-11-11T01:36:32.724+0000] {logging_mixin.py:120} INFO - [2022-11-11T01:36:32.724+0000] {dagbag.py:537} INFO - Filling up the DagBag from /home/airflow/.local/lib/python3.7/site-packages/airflow/example_dags/example_nested_branch_dag.py
[2022-11-11T01:36:32.763+0000] {processor.py:766} INFO - DAG(s) dict_keys(['example_nested_branch_dag']) retrieved from /home/airflow/.local/lib/python3.7/site-packages/airflow/example_dags/example_nested_branch_dag.py
[2022-11-11T01:36:32.807+0000] {logging_mixin.py:120} INFO - [2022-11-11T01:36:32.807+0000] {dag.py:2585} INFO - Sync 1 DAGs
[2022-11-11T01:36:32.838+0000] {logging_mixin.py:120} INFO - [2022-11-11T01:36:32.838+0000] {dag.py:3340} INFO - Setting next_dagrun for example_nested_branch_dag to 2022-11-10T00:00:00+00:00, run_after=2022-11-11T00:00:00+00:00
[2022-11-11T01:36:32.877+0000] {processor.py:176} INFO - Processing /home/airflow/.local/lib/python3.7/site-packages/airflow/example_dags/example_nested_branch_dag.py took 0.179 seconds
[2022-11-11T01:37:03.244+0000] {processor.py:154} INFO - Started process (PID=115) to work on /home/airflow/.local/lib/python3.7/site-packages/airflow/example_dags/example_nested_branch_dag.py
[2022-11-11T01:37:03.245+0000] {processor.py:756} INFO - Processing file /home/airflow/.local/lib/python3.7/site-packages/airflow/example_dags/example_nested_branch_dag.py for tasks to queue
[2022-11-11T01:37:03.247+0000] {logging_mixin.py:120} INFO - [2022-11-11T01:37:03.247+0000] {dagbag.py:537} INFO - Filling up the DagBag from /home/airflow/.local/lib/python3.7/site-packages/airflow/example_dags/example_nested_branch_dag.py
[2022-11-11T01:37:03.267+0000] {processor.py:766} INFO - DAG(s) dict_keys(['example_nested_branch_dag']) retrieved from /home/airflow/.local/lib/python3.7/site-packages/airflow/example_dags/example_nested_branch_dag.py
[2022-11-11T01:37:03.307+0000] {logging_mixin.py:120} INFO - [2022-11-11T01:37:03.307+0000] {dag.py:2585} INFO - Sync 1 DAGs
[2022-11-11T01:37:03.327+0000] {logging_mixin.py:120} INFO - [2022-11-11T01:37:03.327+0000] {dag.py:3340} INFO - Setting next_dagrun for example_nested_branch_dag to 2022-11-10T00:00:00+00:00, run_after=2022-11-11T00:00:00+00:00
[2022-11-11T01:37:03.341+0000] {processor.py:176} INFO - Processing /home/airflow/.local/lib/python3.7/site-packages/airflow/example_dags/example_nested_branch_dag.py took 0.101 seconds
[2022-11-11T01:37:34.010+0000] {processor.py:154} INFO - Started process (PID=179) to work on /home/airflow/.local/lib/python3.7/site-packages/airflow/example_dags/example_nested_branch_dag.py
[2022-11-11T01:37:34.012+0000] {processor.py:756} INFO - Processing file /home/airflow/.local/lib/python3.7/site-packages/airflow/example_dags/example_nested_branch_dag.py for tasks to queue
[2022-11-11T01:37:34.013+0000] {logging_mixin.py:120} INFO - [2022-11-11T01:37:34.013+0000] {dagbag.py:537} INFO - Filling up the DagBag from /home/airflow/.local/lib/python3.7/site-packages/airflow/example_dags/example_nested_branch_dag.py
[2022-11-11T01:37:34.030+0000] {processor.py:766} INFO - DAG(s) dict_keys(['example_nested_branch_dag']) retrieved from /home/airflow/.local/lib/python3.7/site-packages/airflow/example_dags/example_nested_branch_dag.py
[2022-11-11T01:37:34.068+0000] {logging_mixin.py:120} INFO - [2022-11-11T01:37:34.068+0000] {dag.py:2585} INFO - Sync 1 DAGs
[2022-11-11T01:37:34.086+0000] {logging_mixin.py:120} INFO - [2022-11-11T01:37:34.086+0000] {dag.py:3340} INFO - Setting next_dagrun for example_nested_branch_dag to 2022-11-10T00:00:00+00:00, run_after=2022-11-11T00:00:00+00:00
[2022-11-11T01:37:34.101+0000] {processor.py:176} INFO - Processing /home/airflow/.local/lib/python3.7/site-packages/airflow/example_dags/example_nested_branch_dag.py took 0.094 seconds
[2022-11-11T01:38:04.685+0000] {processor.py:154} INFO - Started process (PID=242) to work on /home/airflow/.local/lib/python3.7/site-packages/airflow/example_dags/example_nested_branch_dag.py
[2022-11-11T01:38:04.687+0000] {processor.py:756} INFO - Processing file /home/airflow/.local/lib/python3.7/site-packages/airflow/example_dags/example_nested_branch_dag.py for tasks to queue
[2022-11-11T01:38:04.689+0000] {logging_mixin.py:120} INFO - [2022-11-11T01:38:04.689+0000] {dagbag.py:537} INFO - Filling up the DagBag from /home/airflow/.local/lib/python3.7/site-packages/airflow/example_dags/example_nested_branch_dag.py
[2022-11-11T01:38:04.715+0000] {processor.py:766} INFO - DAG(s) dict_keys(['example_nested_branch_dag']) retrieved from /home/airflow/.local/lib/python3.7/site-packages/airflow/example_dags/example_nested_branch_dag.py
[2022-11-11T01:38:04.753+0000] {logging_mixin.py:120} INFO - [2022-11-11T01:38:04.753+0000] {dag.py:2585} INFO - Sync 1 DAGs
[2022-11-11T01:38:04.775+0000] {logging_mixin.py:120} INFO - [2022-11-11T01:38:04.775+0000] {dag.py:3340} INFO - Setting next_dagrun for example_nested_branch_dag to 2022-11-10T00:00:00+00:00, run_after=2022-11-11T00:00:00+00:00
[2022-11-11T01:38:04.789+0000] {processor.py:176} INFO - Processing /home/airflow/.local/lib/python3.7/site-packages/airflow/example_dags/example_nested_branch_dag.py took 0.107 seconds
[2022-11-11T01:38:35.300+0000] {processor.py:154} INFO - Started process (PID=306) to work on /home/airflow/.local/lib/python3.7/site-packages/airflow/example_dags/example_nested_branch_dag.py
[2022-11-11T01:38:35.302+0000] {processor.py:756} INFO - Processing file /home/airflow/.local/lib/python3.7/site-packages/airflow/example_dags/example_nested_branch_dag.py for tasks to queue
[2022-11-11T01:38:35.304+0000] {logging_mixin.py:120} INFO - [2022-11-11T01:38:35.304+0000] {dagbag.py:537} INFO - Filling up the DagBag from /home/airflow/.local/lib/python3.7/site-packages/airflow/example_dags/example_nested_branch_dag.py
[2022-11-11T01:38:35.323+0000] {processor.py:766} INFO - DAG(s) dict_keys(['example_nested_branch_dag']) retrieved from /home/airflow/.local/lib/python3.7/site-packages/airflow/example_dags/example_nested_branch_dag.py
[2022-11-11T01:38:35.358+0000] {logging_mixin.py:120} INFO - [2022-11-11T01:38:35.358+0000] {dag.py:2585} INFO - Sync 1 DAGs
[2022-11-11T01:38:35.377+0000] {logging_mixin.py:120} INFO - [2022-11-11T01:38:35.377+0000] {dag.py:3340} INFO - Setting next_dagrun for example_nested_branch_dag to 2022-11-10T00:00:00+00:00, run_after=2022-11-11T00:00:00+00:00
[2022-11-11T01:38:35.393+0000] {processor.py:176} INFO - Processing /home/airflow/.local/lib/python3.7/site-packages/airflow/example_dags/example_nested_branch_dag.py took 0.095 seconds
[2022-11-11T01:39:05.997+0000] {processor.py:154} INFO - Started process (PID=360) to work on /home/airflow/.local/lib/python3.7/site-packages/airflow/example_dags/example_nested_branch_dag.py
[2022-11-11T01:39:05.999+0000] {processor.py:756} INFO - Processing file /home/airflow/.local/lib/python3.7/site-packages/airflow/example_dags/example_nested_branch_dag.py for tasks to queue
[2022-11-11T01:39:06.000+0000] {logging_mixin.py:120} INFO - [2022-11-11T01:39:06.000+0000] {dagbag.py:537} INFO - Filling up the DagBag from /home/airflow/.local/lib/python3.7/site-packages/airflow/example_dags/example_nested_branch_dag.py
[2022-11-11T01:39:06.018+0000] {processor.py:766} INFO - DAG(s) dict_keys(['example_nested_branch_dag']) retrieved from /home/airflow/.local/lib/python3.7/site-packages/airflow/example_dags/example_nested_branch_dag.py
[2022-11-11T01:39:06.055+0000] {logging_mixin.py:120} INFO - [2022-11-11T01:39:06.055+0000] {dag.py:2585} INFO - Sync 1 DAGs
[2022-11-11T01:39:06.075+0000] {logging_mixin.py:120} INFO - [2022-11-11T01:39:06.075+0000] {dag.py:3340} INFO - Setting next_dagrun for example_nested_branch_dag to 2022-11-10T00:00:00+00:00, run_after=2022-11-11T00:00:00+00:00
[2022-11-11T01:39:06.089+0000] {processor.py:176} INFO - Processing /home/airflow/.local/lib/python3.7/site-packages/airflow/example_dags/example_nested_branch_dag.py took 0.096 seconds
[2022-11-11T01:39:36.868+0000] {processor.py:154} INFO - Started process (PID=422) to work on /home/airflow/.local/lib/python3.7/site-packages/airflow/example_dags/example_nested_branch_dag.py
[2022-11-11T01:39:36.870+0000] {processor.py:756} INFO - Processing file /home/airflow/.local/lib/python3.7/site-packages/airflow/example_dags/example_nested_branch_dag.py for tasks to queue
[2022-11-11T01:39:36.871+0000] {logging_mixin.py:120} INFO - [2022-11-11T01:39:36.871+0000] {dagbag.py:537} INFO - Filling up the DagBag from /home/airflow/.local/lib/python3.7/site-packages/airflow/example_dags/example_nested_branch_dag.py
[2022-11-11T01:39:36.887+0000] {processor.py:766} INFO - DAG(s) dict_keys(['example_nested_branch_dag']) retrieved from /home/airflow/.local/lib/python3.7/site-packages/airflow/example_dags/example_nested_branch_dag.py
[2022-11-11T01:39:36.919+0000] {logging_mixin.py:120} INFO - [2022-11-11T01:39:36.919+0000] {dag.py:2585} INFO - Sync 1 DAGs
[2022-11-11T01:39:36.934+0000] {logging_mixin.py:120} INFO - [2022-11-11T01:39:36.934+0000] {dag.py:3340} INFO - Setting next_dagrun for example_nested_branch_dag to 2022-11-10T00:00:00+00:00, run_after=2022-11-11T00:00:00+00:00
[2022-11-11T01:39:36.946+0000] {processor.py:176} INFO - Processing /home/airflow/.local/lib/python3.7/site-packages/airflow/example_dags/example_nested_branch_dag.py took 0.082 seconds
[2022-11-11T01:40:07.592+0000] {processor.py:154} INFO - Started process (PID=485) to work on /home/airflow/.local/lib/python3.7/site-packages/airflow/example_dags/example_nested_branch_dag.py
[2022-11-11T01:40:07.594+0000] {processor.py:756} INFO - Processing file /home/airflow/.local/lib/python3.7/site-packages/airflow/example_dags/example_nested_branch_dag.py for tasks to queue
[2022-11-11T01:40:07.595+0000] {logging_mixin.py:120} INFO - [2022-11-11T01:40:07.595+0000] {dagbag.py:537} INFO - Filling up the DagBag from /home/airflow/.local/lib/python3.7/site-packages/airflow/example_dags/example_nested_branch_dag.py
[2022-11-11T01:40:07.611+0000] {processor.py:766} INFO - DAG(s) dict_keys(['example_nested_branch_dag']) retrieved from /home/airflow/.local/lib/python3.7/site-packages/airflow/example_dags/example_nested_branch_dag.py
[2022-11-11T01:40:07.646+0000] {logging_mixin.py:120} INFO - [2022-11-11T01:40:07.646+0000] {dag.py:2585} INFO - Sync 1 DAGs
[2022-11-11T01:40:07.664+0000] {logging_mixin.py:120} INFO - [2022-11-11T01:40:07.664+0000] {dag.py:3340} INFO - Setting next_dagrun for example_nested_branch_dag to 2022-11-10T00:00:00+00:00, run_after=2022-11-11T00:00:00+00:00
[2022-11-11T01:40:07.676+0000] {processor.py:176} INFO - Processing /home/airflow/.local/lib/python3.7/site-packages/airflow/example_dags/example_nested_branch_dag.py took 0.087 seconds
[2022-11-11T01:40:38.359+0000] {processor.py:154} INFO - Started process (PID=547) to work on /home/airflow/.local/lib/python3.7/site-packages/airflow/example_dags/example_nested_branch_dag.py
[2022-11-11T01:40:38.360+0000] {processor.py:756} INFO - Processing file /home/airflow/.local/lib/python3.7/site-packages/airflow/example_dags/example_nested_branch_dag.py for tasks to queue
[2022-11-11T01:40:38.362+0000] {logging_mixin.py:120} INFO - [2022-11-11T01:40:38.362+0000] {dagbag.py:537} INFO - Filling up the DagBag from /home/airflow/.local/lib/python3.7/site-packages/airflow/example_dags/example_nested_branch_dag.py
[2022-11-11T01:40:38.379+0000] {processor.py:766} INFO - DAG(s) dict_keys(['example_nested_branch_dag']) retrieved from /home/airflow/.local/lib/python3.7/site-packages/airflow/example_dags/example_nested_branch_dag.py
[2022-11-11T01:40:38.413+0000] {logging_mixin.py:120} INFO - [2022-11-11T01:40:38.412+0000] {dag.py:2585} INFO - Sync 1 DAGs
[2022-11-11T01:40:38.430+0000] {logging_mixin.py:120} INFO - [2022-11-11T01:40:38.430+0000] {dag.py:3340} INFO - Setting next_dagrun for example_nested_branch_dag to 2022-11-10T00:00:00+00:00, run_after=2022-11-11T00:00:00+00:00
[2022-11-11T01:40:38.447+0000] {processor.py:176} INFO - Processing /home/airflow/.local/lib/python3.7/site-packages/airflow/example_dags/example_nested_branch_dag.py took 0.092 seconds
[2022-11-11T01:41:09.561+0000] {processor.py:154} INFO - Started process (PID=611) to work on /home/airflow/.local/lib/python3.7/site-packages/airflow/example_dags/example_nested_branch_dag.py
[2022-11-11T01:41:09.563+0000] {processor.py:756} INFO - Processing file /home/airflow/.local/lib/python3.7/site-packages/airflow/example_dags/example_nested_branch_dag.py for tasks to queue
[2022-11-11T01:41:09.565+0000] {logging_mixin.py:120} INFO - [2022-11-11T01:41:09.565+0000] {dagbag.py:537} INFO - Filling up the DagBag from /home/airflow/.local/lib/python3.7/site-packages/airflow/example_dags/example_nested_branch_dag.py
[2022-11-11T01:41:09.582+0000] {processor.py:766} INFO - DAG(s) dict_keys(['example_nested_branch_dag']) retrieved from /home/airflow/.local/lib/python3.7/site-packages/airflow/example_dags/example_nested_branch_dag.py
[2022-11-11T01:41:09.619+0000] {logging_mixin.py:120} INFO - [2022-11-11T01:41:09.619+0000] {dag.py:2585} INFO - Sync 1 DAGs
[2022-11-11T01:41:09.640+0000] {logging_mixin.py:120} INFO - [2022-11-11T01:41:09.640+0000] {dag.py:3340} INFO - Setting next_dagrun for example_nested_branch_dag to 2022-11-10T00:00:00+00:00, run_after=2022-11-11T00:00:00+00:00
[2022-11-11T01:41:09.655+0000] {processor.py:176} INFO - Processing /home/airflow/.local/lib/python3.7/site-packages/airflow/example_dags/example_nested_branch_dag.py took 0.097 seconds
