[2022-11-11T01:36:33.759+0000] {processor.py:154} INFO - Started process (PID=65) to work on /home/airflow/.local/lib/python3.7/site-packages/airflow/example_dags/example_short_circuit_operator.py
[2022-11-11T01:36:33.773+0000] {processor.py:756} INFO - Processing file /home/airflow/.local/lib/python3.7/site-packages/airflow/example_dags/example_short_circuit_operator.py for tasks to queue
[2022-11-11T01:36:33.777+0000] {logging_mixin.py:120} INFO - [2022-11-11T01:36:33.776+0000] {dagbag.py:537} INFO - Filling up the DagBag from /home/airflow/.local/lib/python3.7/site-packages/airflow/example_dags/example_short_circuit_operator.py
[2022-11-11T01:36:33.923+0000] {processor.py:766} INFO - DAG(s) dict_keys(['example_short_circuit_operator']) retrieved from /home/airflow/.local/lib/python3.7/site-packages/airflow/example_dags/example_short_circuit_operator.py
[2022-11-11T01:36:34.046+0000] {logging_mixin.py:120} INFO - [2022-11-11T01:36:34.046+0000] {dag.py:2585} INFO - Sync 1 DAGs
[2022-11-11T01:36:34.122+0000] {logging_mixin.py:120} INFO - [2022-11-11T01:36:34.122+0000] {dag.py:3340} INFO - Setting next_dagrun for example_short_circuit_operator to 2022-11-10T01:36:34.121927+00:00, run_after=2022-11-11T01:36:34.121927+00:00
[2022-11-11T01:36:34.185+0000] {processor.py:176} INFO - Processing /home/airflow/.local/lib/python3.7/site-packages/airflow/example_dags/example_short_circuit_operator.py took 0.452 seconds
[2022-11-11T01:37:04.702+0000] {processor.py:154} INFO - Started process (PID=121) to work on /home/airflow/.local/lib/python3.7/site-packages/airflow/example_dags/example_short_circuit_operator.py
[2022-11-11T01:37:04.704+0000] {processor.py:756} INFO - Processing file /home/airflow/.local/lib/python3.7/site-packages/airflow/example_dags/example_short_circuit_operator.py for tasks to queue
[2022-11-11T01:37:04.706+0000] {logging_mixin.py:120} INFO - [2022-11-11T01:37:04.706+0000] {dagbag.py:537} INFO - Filling up the DagBag from /home/airflow/.local/lib/python3.7/site-packages/airflow/example_dags/example_short_circuit_operator.py
[2022-11-11T01:37:04.721+0000] {processor.py:766} INFO - DAG(s) dict_keys(['example_short_circuit_operator']) retrieved from /home/airflow/.local/lib/python3.7/site-packages/airflow/example_dags/example_short_circuit_operator.py
[2022-11-11T01:37:04.753+0000] {logging_mixin.py:120} INFO - [2022-11-11T01:37:04.753+0000] {dag.py:2585} INFO - Sync 1 DAGs
[2022-11-11T01:37:04.770+0000] {logging_mixin.py:120} INFO - [2022-11-11T01:37:04.770+0000] {dag.py:3340} INFO - Setting next_dagrun for example_short_circuit_operator to 2022-11-10T01:37:04.770556+00:00, run_after=2022-11-11T01:37:04.770556+00:00
[2022-11-11T01:37:04.785+0000] {processor.py:176} INFO - Processing /home/airflow/.local/lib/python3.7/site-packages/airflow/example_dags/example_short_circuit_operator.py took 0.086 seconds
[2022-11-11T01:37:35.428+0000] {processor.py:154} INFO - Started process (PID=185) to work on /home/airflow/.local/lib/python3.7/site-packages/airflow/example_dags/example_short_circuit_operator.py
[2022-11-11T01:37:35.430+0000] {processor.py:756} INFO - Processing file /home/airflow/.local/lib/python3.7/site-packages/airflow/example_dags/example_short_circuit_operator.py for tasks to queue
[2022-11-11T01:37:35.431+0000] {logging_mixin.py:120} INFO - [2022-11-11T01:37:35.431+0000] {dagbag.py:537} INFO - Filling up the DagBag from /home/airflow/.local/lib/python3.7/site-packages/airflow/example_dags/example_short_circuit_operator.py
[2022-11-11T01:37:35.444+0000] {processor.py:766} INFO - DAG(s) dict_keys(['example_short_circuit_operator']) retrieved from /home/airflow/.local/lib/python3.7/site-packages/airflow/example_dags/example_short_circuit_operator.py
[2022-11-11T01:37:35.479+0000] {logging_mixin.py:120} INFO - [2022-11-11T01:37:35.479+0000] {dag.py:2585} INFO - Sync 1 DAGs
[2022-11-11T01:37:35.495+0000] {logging_mixin.py:120} INFO - [2022-11-11T01:37:35.495+0000] {dag.py:3340} INFO - Setting next_dagrun for example_short_circuit_operator to 2022-11-10T01:37:35.495480+00:00, run_after=2022-11-11T01:37:35.495480+00:00
[2022-11-11T01:37:35.515+0000] {processor.py:176} INFO - Processing /home/airflow/.local/lib/python3.7/site-packages/airflow/example_dags/example_short_circuit_operator.py took 0.090 seconds
[2022-11-11T01:38:06.054+0000] {processor.py:154} INFO - Started process (PID=248) to work on /home/airflow/.local/lib/python3.7/site-packages/airflow/example_dags/example_short_circuit_operator.py
[2022-11-11T01:38:06.058+0000] {processor.py:756} INFO - Processing file /home/airflow/.local/lib/python3.7/site-packages/airflow/example_dags/example_short_circuit_operator.py for tasks to queue
[2022-11-11T01:38:06.060+0000] {logging_mixin.py:120} INFO - [2022-11-11T01:38:06.059+0000] {dagbag.py:537} INFO - Filling up the DagBag from /home/airflow/.local/lib/python3.7/site-packages/airflow/example_dags/example_short_circuit_operator.py
[2022-11-11T01:38:06.075+0000] {processor.py:766} INFO - DAG(s) dict_keys(['example_short_circuit_operator']) retrieved from /home/airflow/.local/lib/python3.7/site-packages/airflow/example_dags/example_short_circuit_operator.py
[2022-11-11T01:38:06.110+0000] {logging_mixin.py:120} INFO - [2022-11-11T01:38:06.110+0000] {dag.py:2585} INFO - Sync 1 DAGs
[2022-11-11T01:38:06.126+0000] {logging_mixin.py:120} INFO - [2022-11-11T01:38:06.126+0000] {dag.py:3340} INFO - Setting next_dagrun for example_short_circuit_operator to 2022-11-10T01:38:06.126434+00:00, run_after=2022-11-11T01:38:06.126434+00:00
[2022-11-11T01:38:06.141+0000] {processor.py:176} INFO - Processing /home/airflow/.local/lib/python3.7/site-packages/airflow/example_dags/example_short_circuit_operator.py took 0.091 seconds
[2022-11-11T01:38:36.693+0000] {processor.py:154} INFO - Started process (PID=312) to work on /home/airflow/.local/lib/python3.7/site-packages/airflow/example_dags/example_short_circuit_operator.py
[2022-11-11T01:38:36.695+0000] {processor.py:756} INFO - Processing file /home/airflow/.local/lib/python3.7/site-packages/airflow/example_dags/example_short_circuit_operator.py for tasks to queue
[2022-11-11T01:38:36.697+0000] {logging_mixin.py:120} INFO - [2022-11-11T01:38:36.697+0000] {dagbag.py:537} INFO - Filling up the DagBag from /home/airflow/.local/lib/python3.7/site-packages/airflow/example_dags/example_short_circuit_operator.py
[2022-11-11T01:38:36.710+0000] {processor.py:766} INFO - DAG(s) dict_keys(['example_short_circuit_operator']) retrieved from /home/airflow/.local/lib/python3.7/site-packages/airflow/example_dags/example_short_circuit_operator.py
[2022-11-11T01:38:36.744+0000] {logging_mixin.py:120} INFO - [2022-11-11T01:38:36.744+0000] {dag.py:2585} INFO - Sync 1 DAGs
[2022-11-11T01:38:36.762+0000] {logging_mixin.py:120} INFO - [2022-11-11T01:38:36.762+0000] {dag.py:3340} INFO - Setting next_dagrun for example_short_circuit_operator to 2022-11-10T01:38:36.761928+00:00, run_after=2022-11-11T01:38:36.761928+00:00
[2022-11-11T01:38:36.779+0000] {processor.py:176} INFO - Processing /home/airflow/.local/lib/python3.7/site-packages/airflow/example_dags/example_short_circuit_operator.py took 0.089 seconds
[2022-11-11T01:39:07.361+0000] {processor.py:154} INFO - Started process (PID=375) to work on /home/airflow/.local/lib/python3.7/site-packages/airflow/example_dags/example_short_circuit_operator.py
[2022-11-11T01:39:07.362+0000] {processor.py:756} INFO - Processing file /home/airflow/.local/lib/python3.7/site-packages/airflow/example_dags/example_short_circuit_operator.py for tasks to queue
[2022-11-11T01:39:07.363+0000] {logging_mixin.py:120} INFO - [2022-11-11T01:39:07.363+0000] {dagbag.py:537} INFO - Filling up the DagBag from /home/airflow/.local/lib/python3.7/site-packages/airflow/example_dags/example_short_circuit_operator.py
[2022-11-11T01:39:07.376+0000] {processor.py:766} INFO - DAG(s) dict_keys(['example_short_circuit_operator']) retrieved from /home/airflow/.local/lib/python3.7/site-packages/airflow/example_dags/example_short_circuit_operator.py
[2022-11-11T01:39:07.409+0000] {logging_mixin.py:120} INFO - [2022-11-11T01:39:07.409+0000] {dag.py:2585} INFO - Sync 1 DAGs
[2022-11-11T01:39:07.431+0000] {logging_mixin.py:120} INFO - [2022-11-11T01:39:07.431+0000] {dag.py:3340} INFO - Setting next_dagrun for example_short_circuit_operator to 2022-11-10T01:39:07.431133+00:00, run_after=2022-11-11T01:39:07.431133+00:00
[2022-11-11T01:39:07.450+0000] {processor.py:176} INFO - Processing /home/airflow/.local/lib/python3.7/site-packages/airflow/example_dags/example_short_circuit_operator.py took 0.092 seconds
[2022-11-11T01:39:38.235+0000] {processor.py:154} INFO - Started process (PID=428) to work on /home/airflow/.local/lib/python3.7/site-packages/airflow/example_dags/example_short_circuit_operator.py
[2022-11-11T01:39:38.236+0000] {processor.py:756} INFO - Processing file /home/airflow/.local/lib/python3.7/site-packages/airflow/example_dags/example_short_circuit_operator.py for tasks to queue
[2022-11-11T01:39:38.238+0000] {logging_mixin.py:120} INFO - [2022-11-11T01:39:38.238+0000] {dagbag.py:537} INFO - Filling up the DagBag from /home/airflow/.local/lib/python3.7/site-packages/airflow/example_dags/example_short_circuit_operator.py
[2022-11-11T01:39:38.251+0000] {processor.py:766} INFO - DAG(s) dict_keys(['example_short_circuit_operator']) retrieved from /home/airflow/.local/lib/python3.7/site-packages/airflow/example_dags/example_short_circuit_operator.py
[2022-11-11T01:39:38.286+0000] {logging_mixin.py:120} INFO - [2022-11-11T01:39:38.286+0000] {dag.py:2585} INFO - Sync 1 DAGs
[2022-11-11T01:39:38.303+0000] {logging_mixin.py:120} INFO - [2022-11-11T01:39:38.303+0000] {dag.py:3340} INFO - Setting next_dagrun for example_short_circuit_operator to 2022-11-10T01:39:38.302845+00:00, run_after=2022-11-11T01:39:38.302845+00:00
[2022-11-11T01:39:38.320+0000] {processor.py:176} INFO - Processing /home/airflow/.local/lib/python3.7/site-packages/airflow/example_dags/example_short_circuit_operator.py took 0.088 seconds
[2022-11-11T01:40:08.922+0000] {processor.py:154} INFO - Started process (PID=491) to work on /home/airflow/.local/lib/python3.7/site-packages/airflow/example_dags/example_short_circuit_operator.py
[2022-11-11T01:40:08.925+0000] {processor.py:756} INFO - Processing file /home/airflow/.local/lib/python3.7/site-packages/airflow/example_dags/example_short_circuit_operator.py for tasks to queue
[2022-11-11T01:40:08.927+0000] {logging_mixin.py:120} INFO - [2022-11-11T01:40:08.926+0000] {dagbag.py:537} INFO - Filling up the DagBag from /home/airflow/.local/lib/python3.7/site-packages/airflow/example_dags/example_short_circuit_operator.py
[2022-11-11T01:40:08.939+0000] {processor.py:766} INFO - DAG(s) dict_keys(['example_short_circuit_operator']) retrieved from /home/airflow/.local/lib/python3.7/site-packages/airflow/example_dags/example_short_circuit_operator.py
[2022-11-11T01:40:08.972+0000] {logging_mixin.py:120} INFO - [2022-11-11T01:40:08.972+0000] {dag.py:2585} INFO - Sync 1 DAGs
[2022-11-11T01:40:08.988+0000] {logging_mixin.py:120} INFO - [2022-11-11T01:40:08.988+0000] {dag.py:3340} INFO - Setting next_dagrun for example_short_circuit_operator to 2022-11-10T01:40:08.988130+00:00, run_after=2022-11-11T01:40:08.988130+00:00
[2022-11-11T01:40:09.001+0000] {processor.py:176} INFO - Processing /home/airflow/.local/lib/python3.7/site-packages/airflow/example_dags/example_short_circuit_operator.py took 0.082 seconds
[2022-11-11T01:40:39.879+0000] {processor.py:154} INFO - Started process (PID=553) to work on /home/airflow/.local/lib/python3.7/site-packages/airflow/example_dags/example_short_circuit_operator.py
[2022-11-11T01:40:39.880+0000] {processor.py:756} INFO - Processing file /home/airflow/.local/lib/python3.7/site-packages/airflow/example_dags/example_short_circuit_operator.py for tasks to queue
[2022-11-11T01:40:39.882+0000] {logging_mixin.py:120} INFO - [2022-11-11T01:40:39.882+0000] {dagbag.py:537} INFO - Filling up the DagBag from /home/airflow/.local/lib/python3.7/site-packages/airflow/example_dags/example_short_circuit_operator.py
[2022-11-11T01:40:39.895+0000] {processor.py:766} INFO - DAG(s) dict_keys(['example_short_circuit_operator']) retrieved from /home/airflow/.local/lib/python3.7/site-packages/airflow/example_dags/example_short_circuit_operator.py
[2022-11-11T01:40:39.930+0000] {logging_mixin.py:120} INFO - [2022-11-11T01:40:39.930+0000] {dag.py:2585} INFO - Sync 1 DAGs
[2022-11-11T01:40:39.970+0000] {logging_mixin.py:120} INFO - [2022-11-11T01:40:39.970+0000] {dag.py:3340} INFO - Setting next_dagrun for example_short_circuit_operator to 2022-11-10T01:40:39.969918+00:00, run_after=2022-11-11T01:40:39.969918+00:00
[2022-11-11T01:40:40.001+0000] {processor.py:176} INFO - Processing /home/airflow/.local/lib/python3.7/site-packages/airflow/example_dags/example_short_circuit_operator.py took 0.127 seconds
[2022-11-11T01:41:10.112+0000] {processor.py:154} INFO - Started process (PID=617) to work on /home/airflow/.local/lib/python3.7/site-packages/airflow/example_dags/example_short_circuit_operator.py
[2022-11-11T01:41:10.114+0000] {processor.py:756} INFO - Processing file /home/airflow/.local/lib/python3.7/site-packages/airflow/example_dags/example_short_circuit_operator.py for tasks to queue
[2022-11-11T01:41:10.116+0000] {logging_mixin.py:120} INFO - [2022-11-11T01:41:10.116+0000] {dagbag.py:537} INFO - Filling up the DagBag from /home/airflow/.local/lib/python3.7/site-packages/airflow/example_dags/example_short_circuit_operator.py
[2022-11-11T01:41:10.130+0000] {processor.py:766} INFO - DAG(s) dict_keys(['example_short_circuit_operator']) retrieved from /home/airflow/.local/lib/python3.7/site-packages/airflow/example_dags/example_short_circuit_operator.py
[2022-11-11T01:41:10.165+0000] {logging_mixin.py:120} INFO - [2022-11-11T01:41:10.164+0000] {dag.py:2585} INFO - Sync 1 DAGs
[2022-11-11T01:41:10.184+0000] {logging_mixin.py:120} INFO - [2022-11-11T01:41:10.184+0000] {dag.py:3340} INFO - Setting next_dagrun for example_short_circuit_operator to 2022-11-10T01:41:10.183901+00:00, run_after=2022-11-11T01:41:10.183901+00:00
[2022-11-11T01:41:10.201+0000] {processor.py:176} INFO - Processing /home/airflow/.local/lib/python3.7/site-packages/airflow/example_dags/example_short_circuit_operator.py took 0.093 seconds
