[2022-11-11T01:36:32.425+0000] {processor.py:154} INFO - Started process (PID=50) to work on /home/airflow/.local/lib/python3.7/site-packages/airflow/example_dags/example_branch_operator_decorator.py
[2022-11-11T01:36:32.430+0000] {processor.py:756} INFO - Processing file /home/airflow/.local/lib/python3.7/site-packages/airflow/example_dags/example_branch_operator_decorator.py for tasks to queue
[2022-11-11T01:36:32.431+0000] {logging_mixin.py:120} INFO - [2022-11-11T01:36:32.431+0000] {dagbag.py:537} INFO - Filling up the DagBag from /home/airflow/.local/lib/python3.7/site-packages/airflow/example_dags/example_branch_operator_decorator.py
[2022-11-11T01:36:32.463+0000] {processor.py:766} INFO - DAG(s) dict_keys(['example_branch_python_operator_decorator']) retrieved from /home/airflow/.local/lib/python3.7/site-packages/airflow/example_dags/example_branch_operator_decorator.py
[2022-11-11T01:36:32.499+0000] {logging_mixin.py:120} INFO - [2022-11-11T01:36:32.499+0000] {dag.py:2585} INFO - Sync 1 DAGs
[2022-11-11T01:36:32.535+0000] {logging_mixin.py:120} INFO - [2022-11-11T01:36:32.535+0000] {dag.py:3340} INFO - Setting next_dagrun for example_branch_python_operator_decorator to 2022-11-10T00:00:00+00:00, run_after=2022-11-11T00:00:00+00:00
[2022-11-11T01:36:32.570+0000] {processor.py:176} INFO - Processing /home/airflow/.local/lib/python3.7/site-packages/airflow/example_dags/example_branch_operator_decorator.py took 0.149 seconds
[2022-11-11T01:37:03.035+0000] {processor.py:154} INFO - Started process (PID=112) to work on /home/airflow/.local/lib/python3.7/site-packages/airflow/example_dags/example_branch_operator_decorator.py
[2022-11-11T01:37:03.037+0000] {processor.py:756} INFO - Processing file /home/airflow/.local/lib/python3.7/site-packages/airflow/example_dags/example_branch_operator_decorator.py for tasks to queue
[2022-11-11T01:37:03.038+0000] {logging_mixin.py:120} INFO - [2022-11-11T01:37:03.038+0000] {dagbag.py:537} INFO - Filling up the DagBag from /home/airflow/.local/lib/python3.7/site-packages/airflow/example_dags/example_branch_operator_decorator.py
[2022-11-11T01:37:03.061+0000] {processor.py:766} INFO - DAG(s) dict_keys(['example_branch_python_operator_decorator']) retrieved from /home/airflow/.local/lib/python3.7/site-packages/airflow/example_dags/example_branch_operator_decorator.py
[2022-11-11T01:37:03.097+0000] {logging_mixin.py:120} INFO - [2022-11-11T01:37:03.097+0000] {dag.py:2585} INFO - Sync 1 DAGs
[2022-11-11T01:37:03.116+0000] {logging_mixin.py:120} INFO - [2022-11-11T01:37:03.116+0000] {dag.py:3340} INFO - Setting next_dagrun for example_branch_python_operator_decorator to 2022-11-10T00:00:00+00:00, run_after=2022-11-11T00:00:00+00:00
[2022-11-11T01:37:03.129+0000] {processor.py:176} INFO - Processing /home/airflow/.local/lib/python3.7/site-packages/airflow/example_dags/example_branch_operator_decorator.py took 0.098 seconds
[2022-11-11T01:37:33.847+0000] {processor.py:154} INFO - Started process (PID=176) to work on /home/airflow/.local/lib/python3.7/site-packages/airflow/example_dags/example_branch_operator_decorator.py
[2022-11-11T01:37:33.850+0000] {processor.py:756} INFO - Processing file /home/airflow/.local/lib/python3.7/site-packages/airflow/example_dags/example_branch_operator_decorator.py for tasks to queue
[2022-11-11T01:37:33.851+0000] {logging_mixin.py:120} INFO - [2022-11-11T01:37:33.851+0000] {dagbag.py:537} INFO - Filling up the DagBag from /home/airflow/.local/lib/python3.7/site-packages/airflow/example_dags/example_branch_operator_decorator.py
[2022-11-11T01:37:33.870+0000] {processor.py:766} INFO - DAG(s) dict_keys(['example_branch_python_operator_decorator']) retrieved from /home/airflow/.local/lib/python3.7/site-packages/airflow/example_dags/example_branch_operator_decorator.py
[2022-11-11T01:37:33.907+0000] {logging_mixin.py:120} INFO - [2022-11-11T01:37:33.907+0000] {dag.py:2585} INFO - Sync 1 DAGs
[2022-11-11T01:37:33.924+0000] {logging_mixin.py:120} INFO - [2022-11-11T01:37:33.924+0000] {dag.py:3340} INFO - Setting next_dagrun for example_branch_python_operator_decorator to 2022-11-10T00:00:00+00:00, run_after=2022-11-11T00:00:00+00:00
[2022-11-11T01:37:33.938+0000] {processor.py:176} INFO - Processing /home/airflow/.local/lib/python3.7/site-packages/airflow/example_dags/example_branch_operator_decorator.py took 0.094 seconds
[2022-11-11T01:38:04.474+0000] {processor.py:154} INFO - Started process (PID=239) to work on /home/airflow/.local/lib/python3.7/site-packages/airflow/example_dags/example_branch_operator_decorator.py
[2022-11-11T01:38:04.477+0000] {processor.py:756} INFO - Processing file /home/airflow/.local/lib/python3.7/site-packages/airflow/example_dags/example_branch_operator_decorator.py for tasks to queue
[2022-11-11T01:38:04.479+0000] {logging_mixin.py:120} INFO - [2022-11-11T01:38:04.479+0000] {dagbag.py:537} INFO - Filling up the DagBag from /home/airflow/.local/lib/python3.7/site-packages/airflow/example_dags/example_branch_operator_decorator.py
[2022-11-11T01:38:04.500+0000] {processor.py:766} INFO - DAG(s) dict_keys(['example_branch_python_operator_decorator']) retrieved from /home/airflow/.local/lib/python3.7/site-packages/airflow/example_dags/example_branch_operator_decorator.py
[2022-11-11T01:38:04.535+0000] {logging_mixin.py:120} INFO - [2022-11-11T01:38:04.535+0000] {dag.py:2585} INFO - Sync 1 DAGs
[2022-11-11T01:38:04.557+0000] {logging_mixin.py:120} INFO - [2022-11-11T01:38:04.557+0000] {dag.py:3340} INFO - Setting next_dagrun for example_branch_python_operator_decorator to 2022-11-10T00:00:00+00:00, run_after=2022-11-11T00:00:00+00:00
[2022-11-11T01:38:04.571+0000] {processor.py:176} INFO - Processing /home/airflow/.local/lib/python3.7/site-packages/airflow/example_dags/example_branch_operator_decorator.py took 0.101 seconds
[2022-11-11T01:38:35.132+0000] {processor.py:154} INFO - Started process (PID=303) to work on /home/airflow/.local/lib/python3.7/site-packages/airflow/example_dags/example_branch_operator_decorator.py
[2022-11-11T01:38:35.134+0000] {processor.py:756} INFO - Processing file /home/airflow/.local/lib/python3.7/site-packages/airflow/example_dags/example_branch_operator_decorator.py for tasks to queue
[2022-11-11T01:38:35.136+0000] {logging_mixin.py:120} INFO - [2022-11-11T01:38:35.136+0000] {dagbag.py:537} INFO - Filling up the DagBag from /home/airflow/.local/lib/python3.7/site-packages/airflow/example_dags/example_branch_operator_decorator.py
[2022-11-11T01:38:35.156+0000] {processor.py:766} INFO - DAG(s) dict_keys(['example_branch_python_operator_decorator']) retrieved from /home/airflow/.local/lib/python3.7/site-packages/airflow/example_dags/example_branch_operator_decorator.py
[2022-11-11T01:38:35.198+0000] {logging_mixin.py:120} INFO - [2022-11-11T01:38:35.198+0000] {dag.py:2585} INFO - Sync 1 DAGs
[2022-11-11T01:38:35.216+0000] {logging_mixin.py:120} INFO - [2022-11-11T01:38:35.216+0000] {dag.py:3340} INFO - Setting next_dagrun for example_branch_python_operator_decorator to 2022-11-10T00:00:00+00:00, run_after=2022-11-11T00:00:00+00:00
[2022-11-11T01:38:35.231+0000] {processor.py:176} INFO - Processing /home/airflow/.local/lib/python3.7/site-packages/airflow/example_dags/example_branch_operator_decorator.py took 0.103 seconds
[2022-11-11T01:39:05.805+0000] {processor.py:154} INFO - Started process (PID=357) to work on /home/airflow/.local/lib/python3.7/site-packages/airflow/example_dags/example_branch_operator_decorator.py
[2022-11-11T01:39:05.807+0000] {processor.py:756} INFO - Processing file /home/airflow/.local/lib/python3.7/site-packages/airflow/example_dags/example_branch_operator_decorator.py for tasks to queue
[2022-11-11T01:39:05.809+0000] {logging_mixin.py:120} INFO - [2022-11-11T01:39:05.809+0000] {dagbag.py:537} INFO - Filling up the DagBag from /home/airflow/.local/lib/python3.7/site-packages/airflow/example_dags/example_branch_operator_decorator.py
[2022-11-11T01:39:05.828+0000] {processor.py:766} INFO - DAG(s) dict_keys(['example_branch_python_operator_decorator']) retrieved from /home/airflow/.local/lib/python3.7/site-packages/airflow/example_dags/example_branch_operator_decorator.py
[2022-11-11T01:39:05.870+0000] {logging_mixin.py:120} INFO - [2022-11-11T01:39:05.870+0000] {dag.py:2585} INFO - Sync 1 DAGs
[2022-11-11T01:39:05.892+0000] {logging_mixin.py:120} INFO - [2022-11-11T01:39:05.891+0000] {dag.py:3340} INFO - Setting next_dagrun for example_branch_python_operator_decorator to 2022-11-10T00:00:00+00:00, run_after=2022-11-11T00:00:00+00:00
[2022-11-11T01:39:05.907+0000] {processor.py:176} INFO - Processing /home/airflow/.local/lib/python3.7/site-packages/airflow/example_dags/example_branch_operator_decorator.py took 0.106 seconds
[2022-11-11T01:39:36.618+0000] {processor.py:154} INFO - Started process (PID=419) to work on /home/airflow/.local/lib/python3.7/site-packages/airflow/example_dags/example_branch_operator_decorator.py
[2022-11-11T01:39:36.620+0000] {processor.py:756} INFO - Processing file /home/airflow/.local/lib/python3.7/site-packages/airflow/example_dags/example_branch_operator_decorator.py for tasks to queue
[2022-11-11T01:39:36.622+0000] {logging_mixin.py:120} INFO - [2022-11-11T01:39:36.622+0000] {dagbag.py:537} INFO - Filling up the DagBag from /home/airflow/.local/lib/python3.7/site-packages/airflow/example_dags/example_branch_operator_decorator.py
[2022-11-11T01:39:36.639+0000] {processor.py:766} INFO - DAG(s) dict_keys(['example_branch_python_operator_decorator']) retrieved from /home/airflow/.local/lib/python3.7/site-packages/airflow/example_dags/example_branch_operator_decorator.py
[2022-11-11T01:39:36.671+0000] {logging_mixin.py:120} INFO - [2022-11-11T01:39:36.670+0000] {dag.py:2585} INFO - Sync 1 DAGs
[2022-11-11T01:39:36.687+0000] {logging_mixin.py:120} INFO - [2022-11-11T01:39:36.687+0000] {dag.py:3340} INFO - Setting next_dagrun for example_branch_python_operator_decorator to 2022-11-10T00:00:00+00:00, run_after=2022-11-11T00:00:00+00:00
[2022-11-11T01:39:36.699+0000] {processor.py:176} INFO - Processing /home/airflow/.local/lib/python3.7/site-packages/airflow/example_dags/example_branch_operator_decorator.py took 0.085 seconds
[2022-11-11T01:40:07.395+0000] {processor.py:154} INFO - Started process (PID=482) to work on /home/airflow/.local/lib/python3.7/site-packages/airflow/example_dags/example_branch_operator_decorator.py
[2022-11-11T01:40:07.397+0000] {processor.py:756} INFO - Processing file /home/airflow/.local/lib/python3.7/site-packages/airflow/example_dags/example_branch_operator_decorator.py for tasks to queue
[2022-11-11T01:40:07.399+0000] {logging_mixin.py:120} INFO - [2022-11-11T01:40:07.399+0000] {dagbag.py:537} INFO - Filling up the DagBag from /home/airflow/.local/lib/python3.7/site-packages/airflow/example_dags/example_branch_operator_decorator.py
[2022-11-11T01:40:07.416+0000] {processor.py:766} INFO - DAG(s) dict_keys(['example_branch_python_operator_decorator']) retrieved from /home/airflow/.local/lib/python3.7/site-packages/airflow/example_dags/example_branch_operator_decorator.py
[2022-11-11T01:40:07.448+0000] {logging_mixin.py:120} INFO - [2022-11-11T01:40:07.448+0000] {dag.py:2585} INFO - Sync 1 DAGs
[2022-11-11T01:40:07.466+0000] {logging_mixin.py:120} INFO - [2022-11-11T01:40:07.465+0000] {dag.py:3340} INFO - Setting next_dagrun for example_branch_python_operator_decorator to 2022-11-10T00:00:00+00:00, run_after=2022-11-11T00:00:00+00:00
[2022-11-11T01:40:07.482+0000] {processor.py:176} INFO - Processing /home/airflow/.local/lib/python3.7/site-packages/airflow/example_dags/example_branch_operator_decorator.py took 0.090 seconds
[2022-11-11T01:40:38.131+0000] {processor.py:154} INFO - Started process (PID=544) to work on /home/airflow/.local/lib/python3.7/site-packages/airflow/example_dags/example_branch_operator_decorator.py
[2022-11-11T01:40:38.132+0000] {processor.py:756} INFO - Processing file /home/airflow/.local/lib/python3.7/site-packages/airflow/example_dags/example_branch_operator_decorator.py for tasks to queue
[2022-11-11T01:40:38.134+0000] {logging_mixin.py:120} INFO - [2022-11-11T01:40:38.134+0000] {dagbag.py:537} INFO - Filling up the DagBag from /home/airflow/.local/lib/python3.7/site-packages/airflow/example_dags/example_branch_operator_decorator.py
[2022-11-11T01:40:38.153+0000] {processor.py:766} INFO - DAG(s) dict_keys(['example_branch_python_operator_decorator']) retrieved from /home/airflow/.local/lib/python3.7/site-packages/airflow/example_dags/example_branch_operator_decorator.py
[2022-11-11T01:40:38.186+0000] {logging_mixin.py:120} INFO - [2022-11-11T01:40:38.186+0000] {dag.py:2585} INFO - Sync 1 DAGs
[2022-11-11T01:40:38.203+0000] {logging_mixin.py:120} INFO - [2022-11-11T01:40:38.203+0000] {dag.py:3340} INFO - Setting next_dagrun for example_branch_python_operator_decorator to 2022-11-10T00:00:00+00:00, run_after=2022-11-11T00:00:00+00:00
[2022-11-11T01:40:38.216+0000] {processor.py:176} INFO - Processing /home/airflow/.local/lib/python3.7/site-packages/airflow/example_dags/example_branch_operator_decorator.py took 0.088 seconds
[2022-11-11T01:41:09.347+0000] {processor.py:154} INFO - Started process (PID=608) to work on /home/airflow/.local/lib/python3.7/site-packages/airflow/example_dags/example_branch_operator_decorator.py
[2022-11-11T01:41:09.349+0000] {processor.py:756} INFO - Processing file /home/airflow/.local/lib/python3.7/site-packages/airflow/example_dags/example_branch_operator_decorator.py for tasks to queue
[2022-11-11T01:41:09.351+0000] {logging_mixin.py:120} INFO - [2022-11-11T01:41:09.351+0000] {dagbag.py:537} INFO - Filling up the DagBag from /home/airflow/.local/lib/python3.7/site-packages/airflow/example_dags/example_branch_operator_decorator.py
[2022-11-11T01:41:09.370+0000] {processor.py:766} INFO - DAG(s) dict_keys(['example_branch_python_operator_decorator']) retrieved from /home/airflow/.local/lib/python3.7/site-packages/airflow/example_dags/example_branch_operator_decorator.py
[2022-11-11T01:41:09.404+0000] {logging_mixin.py:120} INFO - [2022-11-11T01:41:09.404+0000] {dag.py:2585} INFO - Sync 1 DAGs
[2022-11-11T01:41:09.423+0000] {logging_mixin.py:120} INFO - [2022-11-11T01:41:09.423+0000] {dag.py:3340} INFO - Setting next_dagrun for example_branch_python_operator_decorator to 2022-11-10T00:00:00+00:00, run_after=2022-11-11T00:00:00+00:00
[2022-11-11T01:41:09.440+0000] {processor.py:176} INFO - Processing /home/airflow/.local/lib/python3.7/site-packages/airflow/example_dags/example_branch_operator_decorator.py took 0.096 seconds
