[2022-11-11T01:36:30.474+0000] {processor.py:154} INFO - Started process (PID=35) to work on /home/airflow/.local/lib/python3.7/site-packages/airflow/example_dags/example_branch_python_dop_operator_3.py
[2022-11-11T01:36:30.478+0000] {processor.py:756} INFO - Processing file /home/airflow/.local/lib/python3.7/site-packages/airflow/example_dags/example_branch_python_dop_operator_3.py for tasks to queue
[2022-11-11T01:36:30.484+0000] {logging_mixin.py:120} INFO - [2022-11-11T01:36:30.480+0000] {dagbag.py:537} INFO - Filling up the DagBag from /home/airflow/.local/lib/python3.7/site-packages/airflow/example_dags/example_branch_python_dop_operator_3.py
[2022-11-11T01:36:30.545+0000] {processor.py:766} INFO - DAG(s) dict_keys(['example_branch_dop_operator_v3']) retrieved from /home/airflow/.local/lib/python3.7/site-packages/airflow/example_dags/example_branch_python_dop_operator_3.py
[2022-11-11T01:36:30.581+0000] {logging_mixin.py:120} INFO - [2022-11-11T01:36:30.581+0000] {dag.py:2585} INFO - Sync 1 DAGs
[2022-11-11T01:36:30.608+0000] {logging_mixin.py:120} INFO - [2022-11-11T01:36:30.608+0000] {dag.py:3340} INFO - Setting next_dagrun for example_branch_dop_operator_v3 to 2022-11-11T01:35:00+00:00, run_after=2022-11-11T01:36:00+00:00
[2022-11-11T01:36:30.626+0000] {processor.py:176} INFO - Processing /home/airflow/.local/lib/python3.7/site-packages/airflow/example_dags/example_branch_python_dop_operator_3.py took 0.157 seconds
[2022-11-11T01:37:01.656+0000] {processor.py:154} INFO - Started process (PID=97) to work on /home/airflow/.local/lib/python3.7/site-packages/airflow/example_dags/example_branch_python_dop_operator_3.py
[2022-11-11T01:37:01.660+0000] {processor.py:756} INFO - Processing file /home/airflow/.local/lib/python3.7/site-packages/airflow/example_dags/example_branch_python_dop_operator_3.py for tasks to queue
[2022-11-11T01:37:01.663+0000] {logging_mixin.py:120} INFO - [2022-11-11T01:37:01.662+0000] {dagbag.py:537} INFO - Filling up the DagBag from /home/airflow/.local/lib/python3.7/site-packages/airflow/example_dags/example_branch_python_dop_operator_3.py
[2022-11-11T01:37:01.697+0000] {processor.py:766} INFO - DAG(s) dict_keys(['example_branch_dop_operator_v3']) retrieved from /home/airflow/.local/lib/python3.7/site-packages/airflow/example_dags/example_branch_python_dop_operator_3.py
[2022-11-11T01:37:01.751+0000] {logging_mixin.py:120} INFO - [2022-11-11T01:37:01.751+0000] {dag.py:2585} INFO - Sync 1 DAGs
[2022-11-11T01:37:01.784+0000] {logging_mixin.py:120} INFO - [2022-11-11T01:37:01.783+0000] {dag.py:3340} INFO - Setting next_dagrun for example_branch_dop_operator_v3 to 2022-11-11T01:36:00+00:00, run_after=2022-11-11T01:37:00+00:00
[2022-11-11T01:37:01.798+0000] {processor.py:176} INFO - Processing /home/airflow/.local/lib/python3.7/site-packages/airflow/example_dags/example_branch_python_dop_operator_3.py took 0.147 seconds
[2022-11-11T01:37:32.747+0000] {processor.py:154} INFO - Started process (PID=161) to work on /home/airflow/.local/lib/python3.7/site-packages/airflow/example_dags/example_branch_python_dop_operator_3.py
[2022-11-11T01:37:32.749+0000] {processor.py:756} INFO - Processing file /home/airflow/.local/lib/python3.7/site-packages/airflow/example_dags/example_branch_python_dop_operator_3.py for tasks to queue
[2022-11-11T01:37:32.750+0000] {logging_mixin.py:120} INFO - [2022-11-11T01:37:32.750+0000] {dagbag.py:537} INFO - Filling up the DagBag from /home/airflow/.local/lib/python3.7/site-packages/airflow/example_dags/example_branch_python_dop_operator_3.py
[2022-11-11T01:37:32.766+0000] {processor.py:766} INFO - DAG(s) dict_keys(['example_branch_dop_operator_v3']) retrieved from /home/airflow/.local/lib/python3.7/site-packages/airflow/example_dags/example_branch_python_dop_operator_3.py
[2022-11-11T01:37:32.802+0000] {logging_mixin.py:120} INFO - [2022-11-11T01:37:32.802+0000] {dag.py:2585} INFO - Sync 1 DAGs
[2022-11-11T01:37:32.840+0000] {logging_mixin.py:120} INFO - [2022-11-11T01:37:32.840+0000] {dag.py:3340} INFO - Setting next_dagrun for example_branch_dop_operator_v3 to 2022-11-11T01:36:00+00:00, run_after=2022-11-11T01:37:00+00:00
[2022-11-11T01:37:32.859+0000] {processor.py:176} INFO - Processing /home/airflow/.local/lib/python3.7/site-packages/airflow/example_dags/example_branch_python_dop_operator_3.py took 0.115 seconds
[2022-11-11T01:38:03.305+0000] {processor.py:154} INFO - Started process (PID=224) to work on /home/airflow/.local/lib/python3.7/site-packages/airflow/example_dags/example_branch_python_dop_operator_3.py
[2022-11-11T01:38:03.307+0000] {processor.py:756} INFO - Processing file /home/airflow/.local/lib/python3.7/site-packages/airflow/example_dags/example_branch_python_dop_operator_3.py for tasks to queue
[2022-11-11T01:38:03.308+0000] {logging_mixin.py:120} INFO - [2022-11-11T01:38:03.308+0000] {dagbag.py:537} INFO - Filling up the DagBag from /home/airflow/.local/lib/python3.7/site-packages/airflow/example_dags/example_branch_python_dop_operator_3.py
[2022-11-11T01:38:03.327+0000] {processor.py:766} INFO - DAG(s) dict_keys(['example_branch_dop_operator_v3']) retrieved from /home/airflow/.local/lib/python3.7/site-packages/airflow/example_dags/example_branch_python_dop_operator_3.py
[2022-11-11T01:38:03.366+0000] {logging_mixin.py:120} INFO - [2022-11-11T01:38:03.366+0000] {dag.py:2585} INFO - Sync 1 DAGs
[2022-11-11T01:38:03.387+0000] {logging_mixin.py:120} INFO - [2022-11-11T01:38:03.387+0000] {dag.py:3340} INFO - Setting next_dagrun for example_branch_dop_operator_v3 to 2022-11-11T01:37:00+00:00, run_after=2022-11-11T01:38:00+00:00
[2022-11-11T01:38:03.400+0000] {processor.py:176} INFO - Processing /home/airflow/.local/lib/python3.7/site-packages/airflow/example_dags/example_branch_python_dop_operator_3.py took 0.098 seconds
[2022-11-11T01:38:34.004+0000] {processor.py:154} INFO - Started process (PID=278) to work on /home/airflow/.local/lib/python3.7/site-packages/airflow/example_dags/example_branch_python_dop_operator_3.py
[2022-11-11T01:38:34.006+0000] {processor.py:756} INFO - Processing file /home/airflow/.local/lib/python3.7/site-packages/airflow/example_dags/example_branch_python_dop_operator_3.py for tasks to queue
[2022-11-11T01:38:34.008+0000] {logging_mixin.py:120} INFO - [2022-11-11T01:38:34.008+0000] {dagbag.py:537} INFO - Filling up the DagBag from /home/airflow/.local/lib/python3.7/site-packages/airflow/example_dags/example_branch_python_dop_operator_3.py
[2022-11-11T01:38:34.027+0000] {processor.py:766} INFO - DAG(s) dict_keys(['example_branch_dop_operator_v3']) retrieved from /home/airflow/.local/lib/python3.7/site-packages/airflow/example_dags/example_branch_python_dop_operator_3.py
[2022-11-11T01:38:34.065+0000] {logging_mixin.py:120} INFO - [2022-11-11T01:38:34.065+0000] {dag.py:2585} INFO - Sync 1 DAGs
[2022-11-11T01:38:34.087+0000] {logging_mixin.py:120} INFO - [2022-11-11T01:38:34.087+0000] {dag.py:3340} INFO - Setting next_dagrun for example_branch_dop_operator_v3 to 2022-11-11T01:37:00+00:00, run_after=2022-11-11T01:38:00+00:00
[2022-11-11T01:38:34.103+0000] {processor.py:176} INFO - Processing /home/airflow/.local/lib/python3.7/site-packages/airflow/example_dags/example_branch_python_dop_operator_3.py took 0.102 seconds
[2022-11-11T01:39:04.712+0000] {processor.py:154} INFO - Started process (PID=342) to work on /home/airflow/.local/lib/python3.7/site-packages/airflow/example_dags/example_branch_python_dop_operator_3.py
[2022-11-11T01:39:04.714+0000] {processor.py:756} INFO - Processing file /home/airflow/.local/lib/python3.7/site-packages/airflow/example_dags/example_branch_python_dop_operator_3.py for tasks to queue
[2022-11-11T01:39:04.716+0000] {logging_mixin.py:120} INFO - [2022-11-11T01:39:04.716+0000] {dagbag.py:537} INFO - Filling up the DagBag from /home/airflow/.local/lib/python3.7/site-packages/airflow/example_dags/example_branch_python_dop_operator_3.py
[2022-11-11T01:39:04.736+0000] {processor.py:766} INFO - DAG(s) dict_keys(['example_branch_dop_operator_v3']) retrieved from /home/airflow/.local/lib/python3.7/site-packages/airflow/example_dags/example_branch_python_dop_operator_3.py
[2022-11-11T01:39:04.776+0000] {logging_mixin.py:120} INFO - [2022-11-11T01:39:04.776+0000] {dag.py:2585} INFO - Sync 1 DAGs
[2022-11-11T01:39:04.800+0000] {logging_mixin.py:120} INFO - [2022-11-11T01:39:04.800+0000] {dag.py:3340} INFO - Setting next_dagrun for example_branch_dop_operator_v3 to 2022-11-11T01:38:00+00:00, run_after=2022-11-11T01:39:00+00:00
[2022-11-11T01:39:04.814+0000] {processor.py:176} INFO - Processing /home/airflow/.local/lib/python3.7/site-packages/airflow/example_dags/example_branch_python_dop_operator_3.py took 0.105 seconds
[2022-11-11T01:39:35.453+0000] {processor.py:154} INFO - Started process (PID=404) to work on /home/airflow/.local/lib/python3.7/site-packages/airflow/example_dags/example_branch_python_dop_operator_3.py
[2022-11-11T01:39:35.456+0000] {processor.py:756} INFO - Processing file /home/airflow/.local/lib/python3.7/site-packages/airflow/example_dags/example_branch_python_dop_operator_3.py for tasks to queue
[2022-11-11T01:39:35.457+0000] {logging_mixin.py:120} INFO - [2022-11-11T01:39:35.457+0000] {dagbag.py:537} INFO - Filling up the DagBag from /home/airflow/.local/lib/python3.7/site-packages/airflow/example_dags/example_branch_python_dop_operator_3.py
[2022-11-11T01:39:35.474+0000] {processor.py:766} INFO - DAG(s) dict_keys(['example_branch_dop_operator_v3']) retrieved from /home/airflow/.local/lib/python3.7/site-packages/airflow/example_dags/example_branch_python_dop_operator_3.py
[2022-11-11T01:39:35.508+0000] {logging_mixin.py:120} INFO - [2022-11-11T01:39:35.508+0000] {dag.py:2585} INFO - Sync 1 DAGs
[2022-11-11T01:39:35.528+0000] {logging_mixin.py:120} INFO - [2022-11-11T01:39:35.528+0000] {dag.py:3340} INFO - Setting next_dagrun for example_branch_dop_operator_v3 to 2022-11-11T01:38:00+00:00, run_after=2022-11-11T01:39:00+00:00
[2022-11-11T01:39:35.541+0000] {processor.py:176} INFO - Processing /home/airflow/.local/lib/python3.7/site-packages/airflow/example_dags/example_branch_python_dop_operator_3.py took 0.091 seconds
[2022-11-11T01:40:06.345+0000] {processor.py:154} INFO - Started process (PID=467) to work on /home/airflow/.local/lib/python3.7/site-packages/airflow/example_dags/example_branch_python_dop_operator_3.py
[2022-11-11T01:40:06.347+0000] {processor.py:756} INFO - Processing file /home/airflow/.local/lib/python3.7/site-packages/airflow/example_dags/example_branch_python_dop_operator_3.py for tasks to queue
[2022-11-11T01:40:06.348+0000] {logging_mixin.py:120} INFO - [2022-11-11T01:40:06.348+0000] {dagbag.py:537} INFO - Filling up the DagBag from /home/airflow/.local/lib/python3.7/site-packages/airflow/example_dags/example_branch_python_dop_operator_3.py
[2022-11-11T01:40:06.367+0000] {processor.py:766} INFO - DAG(s) dict_keys(['example_branch_dop_operator_v3']) retrieved from /home/airflow/.local/lib/python3.7/site-packages/airflow/example_dags/example_branch_python_dop_operator_3.py
[2022-11-11T01:40:06.404+0000] {logging_mixin.py:120} INFO - [2022-11-11T01:40:06.404+0000] {dag.py:2585} INFO - Sync 1 DAGs
[2022-11-11T01:40:06.425+0000] {logging_mixin.py:120} INFO - [2022-11-11T01:40:06.425+0000] {dag.py:3340} INFO - Setting next_dagrun for example_branch_dop_operator_v3 to 2022-11-11T01:39:00+00:00, run_after=2022-11-11T01:40:00+00:00
[2022-11-11T01:40:06.438+0000] {processor.py:176} INFO - Processing /home/airflow/.local/lib/python3.7/site-packages/airflow/example_dags/example_branch_python_dop_operator_3.py took 0.097 seconds
[2022-11-11T01:40:36.970+0000] {processor.py:154} INFO - Started process (PID=529) to work on /home/airflow/.local/lib/python3.7/site-packages/airflow/example_dags/example_branch_python_dop_operator_3.py
[2022-11-11T01:40:36.973+0000] {processor.py:756} INFO - Processing file /home/airflow/.local/lib/python3.7/site-packages/airflow/example_dags/example_branch_python_dop_operator_3.py for tasks to queue
[2022-11-11T01:40:36.974+0000] {logging_mixin.py:120} INFO - [2022-11-11T01:40:36.974+0000] {dagbag.py:537} INFO - Filling up the DagBag from /home/airflow/.local/lib/python3.7/site-packages/airflow/example_dags/example_branch_python_dop_operator_3.py
[2022-11-11T01:40:36.996+0000] {processor.py:766} INFO - DAG(s) dict_keys(['example_branch_dop_operator_v3']) retrieved from /home/airflow/.local/lib/python3.7/site-packages/airflow/example_dags/example_branch_python_dop_operator_3.py
[2022-11-11T01:40:37.031+0000] {logging_mixin.py:120} INFO - [2022-11-11T01:40:37.031+0000] {dag.py:2585} INFO - Sync 1 DAGs
[2022-11-11T01:40:37.051+0000] {logging_mixin.py:120} INFO - [2022-11-11T01:40:37.051+0000] {dag.py:3340} INFO - Setting next_dagrun for example_branch_dop_operator_v3 to 2022-11-11T01:39:00+00:00, run_after=2022-11-11T01:40:00+00:00
[2022-11-11T01:40:37.063+0000] {processor.py:176} INFO - Processing /home/airflow/.local/lib/python3.7/site-packages/airflow/example_dags/example_branch_python_dop_operator_3.py took 0.097 seconds
[2022-11-11T01:41:07.901+0000] {processor.py:154} INFO - Started process (PID=593) to work on /home/airflow/.local/lib/python3.7/site-packages/airflow/example_dags/example_branch_python_dop_operator_3.py
[2022-11-11T01:41:07.903+0000] {processor.py:756} INFO - Processing file /home/airflow/.local/lib/python3.7/site-packages/airflow/example_dags/example_branch_python_dop_operator_3.py for tasks to queue
[2022-11-11T01:41:07.905+0000] {logging_mixin.py:120} INFO - [2022-11-11T01:41:07.905+0000] {dagbag.py:537} INFO - Filling up the DagBag from /home/airflow/.local/lib/python3.7/site-packages/airflow/example_dags/example_branch_python_dop_operator_3.py
[2022-11-11T01:41:07.941+0000] {processor.py:766} INFO - DAG(s) dict_keys(['example_branch_dop_operator_v3']) retrieved from /home/airflow/.local/lib/python3.7/site-packages/airflow/example_dags/example_branch_python_dop_operator_3.py
[2022-11-11T01:41:07.993+0000] {logging_mixin.py:120} INFO - [2022-11-11T01:41:07.993+0000] {dag.py:2585} INFO - Sync 1 DAGs
[2022-11-11T01:41:08.015+0000] {logging_mixin.py:120} INFO - [2022-11-11T01:41:08.015+0000] {dag.py:3340} INFO - Setting next_dagrun for example_branch_dop_operator_v3 to 2022-11-11T01:40:00+00:00, run_after=2022-11-11T01:41:00+00:00
[2022-11-11T01:41:08.029+0000] {processor.py:176} INFO - Processing /home/airflow/.local/lib/python3.7/site-packages/airflow/example_dags/example_branch_python_dop_operator_3.py took 0.130 seconds
