[2022-11-11T01:36:30.474+0000] {processor.py:154} INFO - Started process (PID=34) to work on /home/airflow/.local/lib/python3.7/site-packages/airflow/example_dags/example_trigger_target_dag.py
[2022-11-11T01:36:30.476+0000] {processor.py:756} INFO - Processing file /home/airflow/.local/lib/python3.7/site-packages/airflow/example_dags/example_trigger_target_dag.py for tasks to queue
[2022-11-11T01:36:30.478+0000] {logging_mixin.py:120} INFO - [2022-11-11T01:36:30.478+0000] {dagbag.py:537} INFO - Filling up the DagBag from /home/airflow/.local/lib/python3.7/site-packages/airflow/example_dags/example_trigger_target_dag.py
[2022-11-11T01:36:30.546+0000] {processor.py:766} INFO - DAG(s) dict_keys(['example_trigger_target_dag']) retrieved from /home/airflow/.local/lib/python3.7/site-packages/airflow/example_dags/example_trigger_target_dag.py
[2022-11-11T01:36:30.581+0000] {logging_mixin.py:120} INFO - [2022-11-11T01:36:30.581+0000] {dag.py:2585} INFO - Sync 1 DAGs
[2022-11-11T01:36:30.605+0000] {logging_mixin.py:120} INFO - [2022-11-11T01:36:30.604+0000] {dag.py:3340} INFO - Setting next_dagrun for example_trigger_target_dag to None, run_after=None
[2022-11-11T01:36:30.622+0000] {processor.py:176} INFO - Processing /home/airflow/.local/lib/python3.7/site-packages/airflow/example_dags/example_trigger_target_dag.py took 0.154 seconds
[2022-11-11T01:37:01.656+0000] {processor.py:154} INFO - Started process (PID=96) to work on /home/airflow/.local/lib/python3.7/site-packages/airflow/example_dags/example_trigger_target_dag.py
[2022-11-11T01:37:01.660+0000] {processor.py:756} INFO - Processing file /home/airflow/.local/lib/python3.7/site-packages/airflow/example_dags/example_trigger_target_dag.py for tasks to queue
[2022-11-11T01:37:01.663+0000] {logging_mixin.py:120} INFO - [2022-11-11T01:37:01.663+0000] {dagbag.py:537} INFO - Filling up the DagBag from /home/airflow/.local/lib/python3.7/site-packages/airflow/example_dags/example_trigger_target_dag.py
[2022-11-11T01:37:01.697+0000] {processor.py:766} INFO - DAG(s) dict_keys(['example_trigger_target_dag']) retrieved from /home/airflow/.local/lib/python3.7/site-packages/airflow/example_dags/example_trigger_target_dag.py
[2022-11-11T01:37:01.751+0000] {logging_mixin.py:120} INFO - [2022-11-11T01:37:01.751+0000] {dag.py:2585} INFO - Sync 1 DAGs
[2022-11-11T01:37:01.780+0000] {logging_mixin.py:120} INFO - [2022-11-11T01:37:01.780+0000] {dag.py:3340} INFO - Setting next_dagrun for example_trigger_target_dag to None, run_after=None
[2022-11-11T01:37:01.797+0000] {processor.py:176} INFO - Processing /home/airflow/.local/lib/python3.7/site-packages/airflow/example_dags/example_trigger_target_dag.py took 0.146 seconds
[2022-11-11T01:37:32.745+0000] {processor.py:154} INFO - Started process (PID=160) to work on /home/airflow/.local/lib/python3.7/site-packages/airflow/example_dags/example_trigger_target_dag.py
[2022-11-11T01:37:32.747+0000] {processor.py:756} INFO - Processing file /home/airflow/.local/lib/python3.7/site-packages/airflow/example_dags/example_trigger_target_dag.py for tasks to queue
[2022-11-11T01:37:32.748+0000] {logging_mixin.py:120} INFO - [2022-11-11T01:37:32.748+0000] {dagbag.py:537} INFO - Filling up the DagBag from /home/airflow/.local/lib/python3.7/site-packages/airflow/example_dags/example_trigger_target_dag.py
[2022-11-11T01:37:32.765+0000] {processor.py:766} INFO - DAG(s) dict_keys(['example_trigger_target_dag']) retrieved from /home/airflow/.local/lib/python3.7/site-packages/airflow/example_dags/example_trigger_target_dag.py
[2022-11-11T01:37:32.802+0000] {logging_mixin.py:120} INFO - [2022-11-11T01:37:32.802+0000] {dag.py:2585} INFO - Sync 1 DAGs
[2022-11-11T01:37:32.836+0000] {logging_mixin.py:120} INFO - [2022-11-11T01:37:32.836+0000] {dag.py:3340} INFO - Setting next_dagrun for example_trigger_target_dag to None, run_after=None
[2022-11-11T01:37:32.859+0000] {processor.py:176} INFO - Processing /home/airflow/.local/lib/python3.7/site-packages/airflow/example_dags/example_trigger_target_dag.py took 0.118 seconds
[2022-11-11T01:38:03.300+0000] {processor.py:154} INFO - Started process (PID=223) to work on /home/airflow/.local/lib/python3.7/site-packages/airflow/example_dags/example_trigger_target_dag.py
[2022-11-11T01:38:03.303+0000] {processor.py:756} INFO - Processing file /home/airflow/.local/lib/python3.7/site-packages/airflow/example_dags/example_trigger_target_dag.py for tasks to queue
[2022-11-11T01:38:03.305+0000] {logging_mixin.py:120} INFO - [2022-11-11T01:38:03.305+0000] {dagbag.py:537} INFO - Filling up the DagBag from /home/airflow/.local/lib/python3.7/site-packages/airflow/example_dags/example_trigger_target_dag.py
[2022-11-11T01:38:03.326+0000] {processor.py:766} INFO - DAG(s) dict_keys(['example_trigger_target_dag']) retrieved from /home/airflow/.local/lib/python3.7/site-packages/airflow/example_dags/example_trigger_target_dag.py
[2022-11-11T01:38:03.366+0000] {logging_mixin.py:120} INFO - [2022-11-11T01:38:03.366+0000] {dag.py:2585} INFO - Sync 1 DAGs
[2022-11-11T01:38:03.384+0000] {logging_mixin.py:120} INFO - [2022-11-11T01:38:03.384+0000] {dag.py:3340} INFO - Setting next_dagrun for example_trigger_target_dag to None, run_after=None
[2022-11-11T01:38:03.400+0000] {processor.py:176} INFO - Processing /home/airflow/.local/lib/python3.7/site-packages/airflow/example_dags/example_trigger_target_dag.py took 0.103 seconds
[2022-11-11T01:38:34.004+0000] {processor.py:154} INFO - Started process (PID=277) to work on /home/airflow/.local/lib/python3.7/site-packages/airflow/example_dags/example_trigger_target_dag.py
[2022-11-11T01:38:34.006+0000] {processor.py:756} INFO - Processing file /home/airflow/.local/lib/python3.7/site-packages/airflow/example_dags/example_trigger_target_dag.py for tasks to queue
[2022-11-11T01:38:34.008+0000] {logging_mixin.py:120} INFO - [2022-11-11T01:38:34.007+0000] {dagbag.py:537} INFO - Filling up the DagBag from /home/airflow/.local/lib/python3.7/site-packages/airflow/example_dags/example_trigger_target_dag.py
[2022-11-11T01:38:34.026+0000] {processor.py:766} INFO - DAG(s) dict_keys(['example_trigger_target_dag']) retrieved from /home/airflow/.local/lib/python3.7/site-packages/airflow/example_dags/example_trigger_target_dag.py
[2022-11-11T01:38:34.065+0000] {logging_mixin.py:120} INFO - [2022-11-11T01:38:34.065+0000] {dag.py:2585} INFO - Sync 1 DAGs
[2022-11-11T01:38:34.084+0000] {logging_mixin.py:120} INFO - [2022-11-11T01:38:34.084+0000] {dag.py:3340} INFO - Setting next_dagrun for example_trigger_target_dag to None, run_after=None
[2022-11-11T01:38:34.102+0000] {processor.py:176} INFO - Processing /home/airflow/.local/lib/python3.7/site-packages/airflow/example_dags/example_trigger_target_dag.py took 0.101 seconds
[2022-11-11T01:39:04.709+0000] {processor.py:154} INFO - Started process (PID=341) to work on /home/airflow/.local/lib/python3.7/site-packages/airflow/example_dags/example_trigger_target_dag.py
[2022-11-11T01:39:04.711+0000] {processor.py:756} INFO - Processing file /home/airflow/.local/lib/python3.7/site-packages/airflow/example_dags/example_trigger_target_dag.py for tasks to queue
[2022-11-11T01:39:04.713+0000] {logging_mixin.py:120} INFO - [2022-11-11T01:39:04.713+0000] {dagbag.py:537} INFO - Filling up the DagBag from /home/airflow/.local/lib/python3.7/site-packages/airflow/example_dags/example_trigger_target_dag.py
[2022-11-11T01:39:04.736+0000] {processor.py:766} INFO - DAG(s) dict_keys(['example_trigger_target_dag']) retrieved from /home/airflow/.local/lib/python3.7/site-packages/airflow/example_dags/example_trigger_target_dag.py
[2022-11-11T01:39:04.776+0000] {logging_mixin.py:120} INFO - [2022-11-11T01:39:04.776+0000] {dag.py:2585} INFO - Sync 1 DAGs
[2022-11-11T01:39:04.797+0000] {logging_mixin.py:120} INFO - [2022-11-11T01:39:04.797+0000] {dag.py:3340} INFO - Setting next_dagrun for example_trigger_target_dag to None, run_after=None
[2022-11-11T01:39:04.812+0000] {processor.py:176} INFO - Processing /home/airflow/.local/lib/python3.7/site-packages/airflow/example_dags/example_trigger_target_dag.py took 0.108 seconds
[2022-11-11T01:39:35.451+0000] {processor.py:154} INFO - Started process (PID=403) to work on /home/airflow/.local/lib/python3.7/site-packages/airflow/example_dags/example_trigger_target_dag.py
[2022-11-11T01:39:35.454+0000] {processor.py:756} INFO - Processing file /home/airflow/.local/lib/python3.7/site-packages/airflow/example_dags/example_trigger_target_dag.py for tasks to queue
[2022-11-11T01:39:35.456+0000] {logging_mixin.py:120} INFO - [2022-11-11T01:39:35.455+0000] {dagbag.py:537} INFO - Filling up the DagBag from /home/airflow/.local/lib/python3.7/site-packages/airflow/example_dags/example_trigger_target_dag.py
[2022-11-11T01:39:35.473+0000] {processor.py:766} INFO - DAG(s) dict_keys(['example_trigger_target_dag']) retrieved from /home/airflow/.local/lib/python3.7/site-packages/airflow/example_dags/example_trigger_target_dag.py
[2022-11-11T01:39:35.508+0000] {logging_mixin.py:120} INFO - [2022-11-11T01:39:35.508+0000] {dag.py:2585} INFO - Sync 1 DAGs
[2022-11-11T01:39:35.525+0000] {logging_mixin.py:120} INFO - [2022-11-11T01:39:35.525+0000] {dag.py:3340} INFO - Setting next_dagrun for example_trigger_target_dag to None, run_after=None
[2022-11-11T01:39:35.541+0000] {processor.py:176} INFO - Processing /home/airflow/.local/lib/python3.7/site-packages/airflow/example_dags/example_trigger_target_dag.py took 0.094 seconds
[2022-11-11T01:40:06.342+0000] {processor.py:154} INFO - Started process (PID=466) to work on /home/airflow/.local/lib/python3.7/site-packages/airflow/example_dags/example_trigger_target_dag.py
[2022-11-11T01:40:06.344+0000] {processor.py:756} INFO - Processing file /home/airflow/.local/lib/python3.7/site-packages/airflow/example_dags/example_trigger_target_dag.py for tasks to queue
[2022-11-11T01:40:06.346+0000] {logging_mixin.py:120} INFO - [2022-11-11T01:40:06.345+0000] {dagbag.py:537} INFO - Filling up the DagBag from /home/airflow/.local/lib/python3.7/site-packages/airflow/example_dags/example_trigger_target_dag.py
[2022-11-11T01:40:06.366+0000] {processor.py:766} INFO - DAG(s) dict_keys(['example_trigger_target_dag']) retrieved from /home/airflow/.local/lib/python3.7/site-packages/airflow/example_dags/example_trigger_target_dag.py
[2022-11-11T01:40:06.404+0000] {logging_mixin.py:120} INFO - [2022-11-11T01:40:06.404+0000] {dag.py:2585} INFO - Sync 1 DAGs
[2022-11-11T01:40:06.421+0000] {logging_mixin.py:120} INFO - [2022-11-11T01:40:06.421+0000] {dag.py:3340} INFO - Setting next_dagrun for example_trigger_target_dag to None, run_after=None
[2022-11-11T01:40:06.436+0000] {processor.py:176} INFO - Processing /home/airflow/.local/lib/python3.7/site-packages/airflow/example_dags/example_trigger_target_dag.py took 0.099 seconds
[2022-11-11T01:40:36.968+0000] {processor.py:154} INFO - Started process (PID=528) to work on /home/airflow/.local/lib/python3.7/site-packages/airflow/example_dags/example_trigger_target_dag.py
[2022-11-11T01:40:36.971+0000] {processor.py:756} INFO - Processing file /home/airflow/.local/lib/python3.7/site-packages/airflow/example_dags/example_trigger_target_dag.py for tasks to queue
[2022-11-11T01:40:36.972+0000] {logging_mixin.py:120} INFO - [2022-11-11T01:40:36.972+0000] {dagbag.py:537} INFO - Filling up the DagBag from /home/airflow/.local/lib/python3.7/site-packages/airflow/example_dags/example_trigger_target_dag.py
[2022-11-11T01:40:36.995+0000] {processor.py:766} INFO - DAG(s) dict_keys(['example_trigger_target_dag']) retrieved from /home/airflow/.local/lib/python3.7/site-packages/airflow/example_dags/example_trigger_target_dag.py
[2022-11-11T01:40:37.031+0000] {logging_mixin.py:120} INFO - [2022-11-11T01:40:37.031+0000] {dag.py:2585} INFO - Sync 1 DAGs
[2022-11-11T01:40:37.049+0000] {logging_mixin.py:120} INFO - [2022-11-11T01:40:37.049+0000] {dag.py:3340} INFO - Setting next_dagrun for example_trigger_target_dag to None, run_after=None
[2022-11-11T01:40:37.063+0000] {processor.py:176} INFO - Processing /home/airflow/.local/lib/python3.7/site-packages/airflow/example_dags/example_trigger_target_dag.py took 0.101 seconds
[2022-11-11T01:41:07.898+0000] {processor.py:154} INFO - Started process (PID=592) to work on /home/airflow/.local/lib/python3.7/site-packages/airflow/example_dags/example_trigger_target_dag.py
[2022-11-11T01:41:07.903+0000] {processor.py:756} INFO - Processing file /home/airflow/.local/lib/python3.7/site-packages/airflow/example_dags/example_trigger_target_dag.py for tasks to queue
[2022-11-11T01:41:07.905+0000] {logging_mixin.py:120} INFO - [2022-11-11T01:41:07.905+0000] {dagbag.py:537} INFO - Filling up the DagBag from /home/airflow/.local/lib/python3.7/site-packages/airflow/example_dags/example_trigger_target_dag.py
[2022-11-11T01:41:07.941+0000] {processor.py:766} INFO - DAG(s) dict_keys(['example_trigger_target_dag']) retrieved from /home/airflow/.local/lib/python3.7/site-packages/airflow/example_dags/example_trigger_target_dag.py
[2022-11-11T01:41:07.993+0000] {logging_mixin.py:120} INFO - [2022-11-11T01:41:07.993+0000] {dag.py:2585} INFO - Sync 1 DAGs
[2022-11-11T01:41:08.012+0000] {logging_mixin.py:120} INFO - [2022-11-11T01:41:08.012+0000] {dag.py:3340} INFO - Setting next_dagrun for example_trigger_target_dag to None, run_after=None
[2022-11-11T01:41:08.028+0000] {processor.py:176} INFO - Processing /home/airflow/.local/lib/python3.7/site-packages/airflow/example_dags/example_trigger_target_dag.py took 0.134 seconds
