[2022-11-11T01:36:32.449+0000] {processor.py:154} INFO - Started process (PID=51) to work on /home/airflow/.local/lib/python3.7/site-packages/airflow/example_dags/example_latest_only.py
[2022-11-11T01:36:32.455+0000] {processor.py:756} INFO - Processing file /home/airflow/.local/lib/python3.7/site-packages/airflow/example_dags/example_latest_only.py for tasks to queue
[2022-11-11T01:36:32.462+0000] {logging_mixin.py:120} INFO - [2022-11-11T01:36:32.462+0000] {dagbag.py:537} INFO - Filling up the DagBag from /home/airflow/.local/lib/python3.7/site-packages/airflow/example_dags/example_latest_only.py
[2022-11-11T01:36:32.503+0000] {processor.py:766} INFO - DAG(s) dict_keys(['latest_only']) retrieved from /home/airflow/.local/lib/python3.7/site-packages/airflow/example_dags/example_latest_only.py
[2022-11-11T01:36:32.590+0000] {logging_mixin.py:120} INFO - [2022-11-11T01:36:32.590+0000] {dag.py:2585} INFO - Sync 1 DAGs
[2022-11-11T01:36:32.628+0000] {logging_mixin.py:120} INFO - [2022-11-11T01:36:32.628+0000] {dag.py:3340} INFO - Setting next_dagrun for latest_only to 2022-11-10T21:36:32.627942+00:00, run_after=2022-11-11T01:36:32.627942+00:00
[2022-11-11T01:36:32.646+0000] {processor.py:176} INFO - Processing /home/airflow/.local/lib/python3.7/site-packages/airflow/example_dags/example_latest_only.py took 0.201 seconds
[2022-11-11T01:37:03.115+0000] {processor.py:154} INFO - Started process (PID=113) to work on /home/airflow/.local/lib/python3.7/site-packages/airflow/example_dags/example_latest_only.py
[2022-11-11T01:37:03.117+0000] {processor.py:756} INFO - Processing file /home/airflow/.local/lib/python3.7/site-packages/airflow/example_dags/example_latest_only.py for tasks to queue
[2022-11-11T01:37:03.119+0000] {logging_mixin.py:120} INFO - [2022-11-11T01:37:03.119+0000] {dagbag.py:537} INFO - Filling up the DagBag from /home/airflow/.local/lib/python3.7/site-packages/airflow/example_dags/example_latest_only.py
[2022-11-11T01:37:03.133+0000] {processor.py:766} INFO - DAG(s) dict_keys(['latest_only']) retrieved from /home/airflow/.local/lib/python3.7/site-packages/airflow/example_dags/example_latest_only.py
[2022-11-11T01:37:03.171+0000] {logging_mixin.py:120} INFO - [2022-11-11T01:37:03.171+0000] {dag.py:2585} INFO - Sync 1 DAGs
[2022-11-11T01:37:03.190+0000] {logging_mixin.py:120} INFO - [2022-11-11T01:37:03.190+0000] {dag.py:3340} INFO - Setting next_dagrun for latest_only to 2022-11-10T21:37:03.190714+00:00, run_after=2022-11-11T01:37:03.190714+00:00
[2022-11-11T01:37:03.212+0000] {processor.py:176} INFO - Processing /home/airflow/.local/lib/python3.7/site-packages/airflow/example_dags/example_latest_only.py took 0.100 seconds
[2022-11-11T01:37:33.890+0000] {processor.py:154} INFO - Started process (PID=177) to work on /home/airflow/.local/lib/python3.7/site-packages/airflow/example_dags/example_latest_only.py
[2022-11-11T01:37:33.892+0000] {processor.py:756} INFO - Processing file /home/airflow/.local/lib/python3.7/site-packages/airflow/example_dags/example_latest_only.py for tasks to queue
[2022-11-11T01:37:33.895+0000] {logging_mixin.py:120} INFO - [2022-11-11T01:37:33.895+0000] {dagbag.py:537} INFO - Filling up the DagBag from /home/airflow/.local/lib/python3.7/site-packages/airflow/example_dags/example_latest_only.py
[2022-11-11T01:37:33.905+0000] {processor.py:766} INFO - DAG(s) dict_keys(['latest_only']) retrieved from /home/airflow/.local/lib/python3.7/site-packages/airflow/example_dags/example_latest_only.py
[2022-11-11T01:37:33.941+0000] {logging_mixin.py:120} INFO - [2022-11-11T01:37:33.941+0000] {dag.py:2585} INFO - Sync 1 DAGs
[2022-11-11T01:37:33.961+0000] {logging_mixin.py:120} INFO - [2022-11-11T01:37:33.961+0000] {dag.py:3340} INFO - Setting next_dagrun for latest_only to 2022-11-10T21:37:33.961254+00:00, run_after=2022-11-11T01:37:33.961254+00:00
[2022-11-11T01:37:33.978+0000] {processor.py:176} INFO - Processing /home/airflow/.local/lib/python3.7/site-packages/airflow/example_dags/example_latest_only.py took 0.090 seconds
[2022-11-11T01:38:04.559+0000] {processor.py:154} INFO - Started process (PID=240) to work on /home/airflow/.local/lib/python3.7/site-packages/airflow/example_dags/example_latest_only.py
[2022-11-11T01:38:04.562+0000] {processor.py:756} INFO - Processing file /home/airflow/.local/lib/python3.7/site-packages/airflow/example_dags/example_latest_only.py for tasks to queue
[2022-11-11T01:38:04.564+0000] {logging_mixin.py:120} INFO - [2022-11-11T01:38:04.563+0000] {dagbag.py:537} INFO - Filling up the DagBag from /home/airflow/.local/lib/python3.7/site-packages/airflow/example_dags/example_latest_only.py
[2022-11-11T01:38:04.575+0000] {processor.py:766} INFO - DAG(s) dict_keys(['latest_only']) retrieved from /home/airflow/.local/lib/python3.7/site-packages/airflow/example_dags/example_latest_only.py
[2022-11-11T01:38:04.619+0000] {logging_mixin.py:120} INFO - [2022-11-11T01:38:04.619+0000] {dag.py:2585} INFO - Sync 1 DAGs
[2022-11-11T01:38:04.638+0000] {logging_mixin.py:120} INFO - [2022-11-11T01:38:04.638+0000] {dag.py:3340} INFO - Setting next_dagrun for latest_only to 2022-11-10T21:38:04.638358+00:00, run_after=2022-11-11T01:38:04.638358+00:00
[2022-11-11T01:38:04.653+0000] {processor.py:176} INFO - Processing /home/airflow/.local/lib/python3.7/site-packages/airflow/example_dags/example_latest_only.py took 0.097 seconds
[2022-11-11T01:38:35.181+0000] {processor.py:154} INFO - Started process (PID=304) to work on /home/airflow/.local/lib/python3.7/site-packages/airflow/example_dags/example_latest_only.py
[2022-11-11T01:38:35.183+0000] {processor.py:756} INFO - Processing file /home/airflow/.local/lib/python3.7/site-packages/airflow/example_dags/example_latest_only.py for tasks to queue
[2022-11-11T01:38:35.184+0000] {logging_mixin.py:120} INFO - [2022-11-11T01:38:35.184+0000] {dagbag.py:537} INFO - Filling up the DagBag from /home/airflow/.local/lib/python3.7/site-packages/airflow/example_dags/example_latest_only.py
[2022-11-11T01:38:35.195+0000] {processor.py:766} INFO - DAG(s) dict_keys(['latest_only']) retrieved from /home/airflow/.local/lib/python3.7/site-packages/airflow/example_dags/example_latest_only.py
[2022-11-11T01:38:35.229+0000] {logging_mixin.py:120} INFO - [2022-11-11T01:38:35.229+0000] {dag.py:2585} INFO - Sync 1 DAGs
[2022-11-11T01:38:35.249+0000] {logging_mixin.py:120} INFO - [2022-11-11T01:38:35.249+0000] {dag.py:3340} INFO - Setting next_dagrun for latest_only to 2022-11-10T21:38:35.248957+00:00, run_after=2022-11-11T01:38:35.248957+00:00
[2022-11-11T01:38:35.269+0000] {processor.py:176} INFO - Processing /home/airflow/.local/lib/python3.7/site-packages/airflow/example_dags/example_latest_only.py took 0.092 seconds
[2022-11-11T01:39:05.876+0000] {processor.py:154} INFO - Started process (PID=358) to work on /home/airflow/.local/lib/python3.7/site-packages/airflow/example_dags/example_latest_only.py
[2022-11-11T01:39:05.878+0000] {processor.py:756} INFO - Processing file /home/airflow/.local/lib/python3.7/site-packages/airflow/example_dags/example_latest_only.py for tasks to queue
[2022-11-11T01:39:05.880+0000] {logging_mixin.py:120} INFO - [2022-11-11T01:39:05.880+0000] {dagbag.py:537} INFO - Filling up the DagBag from /home/airflow/.local/lib/python3.7/site-packages/airflow/example_dags/example_latest_only.py
[2022-11-11T01:39:05.892+0000] {processor.py:766} INFO - DAG(s) dict_keys(['latest_only']) retrieved from /home/airflow/.local/lib/python3.7/site-packages/airflow/example_dags/example_latest_only.py
[2022-11-11T01:39:05.930+0000] {logging_mixin.py:120} INFO - [2022-11-11T01:39:05.930+0000] {dag.py:2585} INFO - Sync 1 DAGs
[2022-11-11T01:39:05.950+0000] {logging_mixin.py:120} INFO - [2022-11-11T01:39:05.950+0000] {dag.py:3340} INFO - Setting next_dagrun for latest_only to 2022-11-10T21:39:05.949859+00:00, run_after=2022-11-11T01:39:05.949859+00:00
[2022-11-11T01:39:05.964+0000] {processor.py:176} INFO - Processing /home/airflow/.local/lib/python3.7/site-packages/airflow/example_dags/example_latest_only.py took 0.092 seconds
[2022-11-11T01:39:36.621+0000] {processor.py:154} INFO - Started process (PID=420) to work on /home/airflow/.local/lib/python3.7/site-packages/airflow/example_dags/example_latest_only.py
[2022-11-11T01:39:36.623+0000] {processor.py:756} INFO - Processing file /home/airflow/.local/lib/python3.7/site-packages/airflow/example_dags/example_latest_only.py for tasks to queue
[2022-11-11T01:39:36.625+0000] {logging_mixin.py:120} INFO - [2022-11-11T01:39:36.625+0000] {dagbag.py:537} INFO - Filling up the DagBag from /home/airflow/.local/lib/python3.7/site-packages/airflow/example_dags/example_latest_only.py
[2022-11-11T01:39:36.635+0000] {processor.py:766} INFO - DAG(s) dict_keys(['latest_only']) retrieved from /home/airflow/.local/lib/python3.7/site-packages/airflow/example_dags/example_latest_only.py
[2022-11-11T01:39:36.667+0000] {logging_mixin.py:120} INFO - [2022-11-11T01:39:36.667+0000] {dag.py:2585} INFO - Sync 1 DAGs
[2022-11-11T01:39:36.684+0000] {logging_mixin.py:120} INFO - [2022-11-11T01:39:36.684+0000] {dag.py:3340} INFO - Setting next_dagrun for latest_only to 2022-11-10T21:39:36.683801+00:00, run_after=2022-11-11T01:39:36.683801+00:00
[2022-11-11T01:39:36.699+0000] {processor.py:176} INFO - Processing /home/airflow/.local/lib/python3.7/site-packages/airflow/example_dags/example_latest_only.py took 0.081 seconds
[2022-11-11T01:40:07.481+0000] {processor.py:154} INFO - Started process (PID=483) to work on /home/airflow/.local/lib/python3.7/site-packages/airflow/example_dags/example_latest_only.py
[2022-11-11T01:40:07.484+0000] {processor.py:756} INFO - Processing file /home/airflow/.local/lib/python3.7/site-packages/airflow/example_dags/example_latest_only.py for tasks to queue
[2022-11-11T01:40:07.485+0000] {logging_mixin.py:120} INFO - [2022-11-11T01:40:07.484+0000] {dagbag.py:537} INFO - Filling up the DagBag from /home/airflow/.local/lib/python3.7/site-packages/airflow/example_dags/example_latest_only.py
[2022-11-11T01:40:07.498+0000] {processor.py:766} INFO - DAG(s) dict_keys(['latest_only']) retrieved from /home/airflow/.local/lib/python3.7/site-packages/airflow/example_dags/example_latest_only.py
[2022-11-11T01:40:07.532+0000] {logging_mixin.py:120} INFO - [2022-11-11T01:40:07.532+0000] {dag.py:2585} INFO - Sync 1 DAGs
[2022-11-11T01:40:07.548+0000] {logging_mixin.py:120} INFO - [2022-11-11T01:40:07.548+0000] {dag.py:3340} INFO - Setting next_dagrun for latest_only to 2022-11-10T21:40:07.548635+00:00, run_after=2022-11-11T01:40:07.548635+00:00
[2022-11-11T01:40:07.562+0000] {processor.py:176} INFO - Processing /home/airflow/.local/lib/python3.7/site-packages/airflow/example_dags/example_latest_only.py took 0.083 seconds
[2022-11-11T01:40:38.248+0000] {processor.py:154} INFO - Started process (PID=545) to work on /home/airflow/.local/lib/python3.7/site-packages/airflow/example_dags/example_latest_only.py
[2022-11-11T01:40:38.250+0000] {processor.py:756} INFO - Processing file /home/airflow/.local/lib/python3.7/site-packages/airflow/example_dags/example_latest_only.py for tasks to queue
[2022-11-11T01:40:38.251+0000] {logging_mixin.py:120} INFO - [2022-11-11T01:40:38.251+0000] {dagbag.py:537} INFO - Filling up the DagBag from /home/airflow/.local/lib/python3.7/site-packages/airflow/example_dags/example_latest_only.py
[2022-11-11T01:40:38.262+0000] {processor.py:766} INFO - DAG(s) dict_keys(['latest_only']) retrieved from /home/airflow/.local/lib/python3.7/site-packages/airflow/example_dags/example_latest_only.py
[2022-11-11T01:40:38.294+0000] {logging_mixin.py:120} INFO - [2022-11-11T01:40:38.293+0000] {dag.py:2585} INFO - Sync 1 DAGs
[2022-11-11T01:40:38.309+0000] {logging_mixin.py:120} INFO - [2022-11-11T01:40:38.309+0000] {dag.py:3340} INFO - Setting next_dagrun for latest_only to 2022-11-10T21:40:38.309437+00:00, run_after=2022-11-11T01:40:38.309437+00:00
[2022-11-11T01:40:38.322+0000] {processor.py:176} INFO - Processing /home/airflow/.local/lib/python3.7/site-packages/airflow/example_dags/example_latest_only.py took 0.076 seconds
[2022-11-11T01:41:09.439+0000] {processor.py:154} INFO - Started process (PID=609) to work on /home/airflow/.local/lib/python3.7/site-packages/airflow/example_dags/example_latest_only.py
[2022-11-11T01:41:09.441+0000] {processor.py:756} INFO - Processing file /home/airflow/.local/lib/python3.7/site-packages/airflow/example_dags/example_latest_only.py for tasks to queue
[2022-11-11T01:41:09.443+0000] {logging_mixin.py:120} INFO - [2022-11-11T01:41:09.443+0000] {dagbag.py:537} INFO - Filling up the DagBag from /home/airflow/.local/lib/python3.7/site-packages/airflow/example_dags/example_latest_only.py
[2022-11-11T01:41:09.456+0000] {processor.py:766} INFO - DAG(s) dict_keys(['latest_only']) retrieved from /home/airflow/.local/lib/python3.7/site-packages/airflow/example_dags/example_latest_only.py
[2022-11-11T01:41:09.491+0000] {logging_mixin.py:120} INFO - [2022-11-11T01:41:09.491+0000] {dag.py:2585} INFO - Sync 1 DAGs
[2022-11-11T01:41:09.514+0000] {logging_mixin.py:120} INFO - [2022-11-11T01:41:09.514+0000] {dag.py:3340} INFO - Setting next_dagrun for latest_only to 2022-11-10T21:41:09.514200+00:00, run_after=2022-11-11T01:41:09.514200+00:00
[2022-11-11T01:41:09.528+0000] {processor.py:176} INFO - Processing /home/airflow/.local/lib/python3.7/site-packages/airflow/example_dags/example_latest_only.py took 0.092 seconds
