[2022-11-11T01:36:30.685+0000] {processor.py:154} INFO - Started process (PID=36) to work on /home/airflow/.local/lib/python3.7/site-packages/airflow/example_dags/example_complex.py
[2022-11-11T01:36:30.687+0000] {processor.py:756} INFO - Processing file /home/airflow/.local/lib/python3.7/site-packages/airflow/example_dags/example_complex.py for tasks to queue
[2022-11-11T01:36:30.689+0000] {logging_mixin.py:120} INFO - [2022-11-11T01:36:30.689+0000] {dagbag.py:537} INFO - Filling up the DagBag from /home/airflow/.local/lib/python3.7/site-packages/airflow/example_dags/example_complex.py
[2022-11-11T01:36:30.699+0000] {logging_mixin.py:120} INFO - [2022-11-11T01:36:30.699+0000] {taskmixin.py:205} WARNING - Dependency <Task(BashOperator): create_entry_group>, delete_entry_group already registered for DAG: example_complex
[2022-11-11T01:36:30.701+0000] {logging_mixin.py:120} INFO - [2022-11-11T01:36:30.701+0000] {taskmixin.py:205} WARNING - Dependency <Task(BashOperator): delete_entry_group>, create_entry_group already registered for DAG: example_complex
[2022-11-11T01:36:30.703+0000] {logging_mixin.py:120} INFO - [2022-11-11T01:36:30.703+0000] {taskmixin.py:205} WARNING - Dependency <Task(BashOperator): create_entry_gcs>, delete_entry already registered for DAG: example_complex
[2022-11-11T01:36:30.704+0000] {logging_mixin.py:120} INFO - [2022-11-11T01:36:30.704+0000] {taskmixin.py:205} WARNING - Dependency <Task(BashOperator): delete_entry>, create_entry_gcs already registered for DAG: example_complex
[2022-11-11T01:36:30.712+0000] {logging_mixin.py:120} INFO - [2022-11-11T01:36:30.712+0000] {taskmixin.py:205} WARNING - Dependency <Task(BashOperator): create_tag>, delete_tag already registered for DAG: example_complex
[2022-11-11T01:36:30.713+0000] {logging_mixin.py:120} INFO - [2022-11-11T01:36:30.713+0000] {taskmixin.py:205} WARNING - Dependency <Task(BashOperator): delete_tag>, create_tag already registered for DAG: example_complex
[2022-11-11T01:36:30.720+0000] {processor.py:766} INFO - DAG(s) dict_keys(['example_complex']) retrieved from /home/airflow/.local/lib/python3.7/site-packages/airflow/example_dags/example_complex.py
[2022-11-11T01:36:30.748+0000] {logging_mixin.py:120} INFO - [2022-11-11T01:36:30.748+0000] {dag.py:2585} INFO - Sync 1 DAGs
[2022-11-11T01:36:30.774+0000] {logging_mixin.py:120} INFO - [2022-11-11T01:36:30.773+0000] {dag.py:3340} INFO - Setting next_dagrun for example_complex to None, run_after=None
[2022-11-11T01:36:30.791+0000] {processor.py:176} INFO - Processing /home/airflow/.local/lib/python3.7/site-packages/airflow/example_dags/example_complex.py took 0.112 seconds
[2022-11-11T01:37:01.829+0000] {processor.py:154} INFO - Started process (PID=98) to work on /home/airflow/.local/lib/python3.7/site-packages/airflow/example_dags/example_complex.py
[2022-11-11T01:37:01.831+0000] {processor.py:756} INFO - Processing file /home/airflow/.local/lib/python3.7/site-packages/airflow/example_dags/example_complex.py for tasks to queue
[2022-11-11T01:37:01.832+0000] {logging_mixin.py:120} INFO - [2022-11-11T01:37:01.832+0000] {dagbag.py:537} INFO - Filling up the DagBag from /home/airflow/.local/lib/python3.7/site-packages/airflow/example_dags/example_complex.py
[2022-11-11T01:37:01.846+0000] {logging_mixin.py:120} INFO - [2022-11-11T01:37:01.846+0000] {taskmixin.py:205} WARNING - Dependency <Task(BashOperator): create_entry_group>, delete_entry_group already registered for DAG: example_complex
[2022-11-11T01:37:01.848+0000] {logging_mixin.py:120} INFO - [2022-11-11T01:37:01.848+0000] {taskmixin.py:205} WARNING - Dependency <Task(BashOperator): delete_entry_group>, create_entry_group already registered for DAG: example_complex
[2022-11-11T01:37:01.849+0000] {logging_mixin.py:120} INFO - [2022-11-11T01:37:01.849+0000] {taskmixin.py:205} WARNING - Dependency <Task(BashOperator): create_entry_gcs>, delete_entry already registered for DAG: example_complex
[2022-11-11T01:37:01.851+0000] {logging_mixin.py:120} INFO - [2022-11-11T01:37:01.850+0000] {taskmixin.py:205} WARNING - Dependency <Task(BashOperator): delete_entry>, create_entry_gcs already registered for DAG: example_complex
[2022-11-11T01:37:01.853+0000] {logging_mixin.py:120} INFO - [2022-11-11T01:37:01.853+0000] {taskmixin.py:205} WARNING - Dependency <Task(BashOperator): create_tag>, delete_tag already registered for DAG: example_complex
[2022-11-11T01:37:01.855+0000] {logging_mixin.py:120} INFO - [2022-11-11T01:37:01.855+0000] {taskmixin.py:205} WARNING - Dependency <Task(BashOperator): delete_tag>, create_tag already registered for DAG: example_complex
[2022-11-11T01:37:01.865+0000] {processor.py:766} INFO - DAG(s) dict_keys(['example_complex']) retrieved from /home/airflow/.local/lib/python3.7/site-packages/airflow/example_dags/example_complex.py
[2022-11-11T01:37:01.907+0000] {logging_mixin.py:120} INFO - [2022-11-11T01:37:01.906+0000] {dag.py:2585} INFO - Sync 1 DAGs
[2022-11-11T01:37:01.925+0000] {logging_mixin.py:120} INFO - [2022-11-11T01:37:01.925+0000] {dag.py:3340} INFO - Setting next_dagrun for example_complex to None, run_after=None
[2022-11-11T01:37:01.938+0000] {processor.py:176} INFO - Processing /home/airflow/.local/lib/python3.7/site-packages/airflow/example_dags/example_complex.py took 0.112 seconds
[2022-11-11T01:37:32.894+0000] {processor.py:154} INFO - Started process (PID=162) to work on /home/airflow/.local/lib/python3.7/site-packages/airflow/example_dags/example_complex.py
[2022-11-11T01:37:32.895+0000] {processor.py:756} INFO - Processing file /home/airflow/.local/lib/python3.7/site-packages/airflow/example_dags/example_complex.py for tasks to queue
[2022-11-11T01:37:32.896+0000] {logging_mixin.py:120} INFO - [2022-11-11T01:37:32.896+0000] {dagbag.py:537} INFO - Filling up the DagBag from /home/airflow/.local/lib/python3.7/site-packages/airflow/example_dags/example_complex.py
[2022-11-11T01:37:32.904+0000] {logging_mixin.py:120} INFO - [2022-11-11T01:37:32.904+0000] {taskmixin.py:205} WARNING - Dependency <Task(BashOperator): create_entry_group>, delete_entry_group already registered for DAG: example_complex
[2022-11-11T01:37:32.906+0000] {logging_mixin.py:120} INFO - [2022-11-11T01:37:32.906+0000] {taskmixin.py:205} WARNING - Dependency <Task(BashOperator): delete_entry_group>, create_entry_group already registered for DAG: example_complex
[2022-11-11T01:37:32.907+0000] {logging_mixin.py:120} INFO - [2022-11-11T01:37:32.907+0000] {taskmixin.py:205} WARNING - Dependency <Task(BashOperator): create_entry_gcs>, delete_entry already registered for DAG: example_complex
[2022-11-11T01:37:32.908+0000] {logging_mixin.py:120} INFO - [2022-11-11T01:37:32.908+0000] {taskmixin.py:205} WARNING - Dependency <Task(BashOperator): delete_entry>, create_entry_gcs already registered for DAG: example_complex
[2022-11-11T01:37:32.910+0000] {logging_mixin.py:120} INFO - [2022-11-11T01:37:32.910+0000] {taskmixin.py:205} WARNING - Dependency <Task(BashOperator): create_tag>, delete_tag already registered for DAG: example_complex
[2022-11-11T01:37:32.911+0000] {logging_mixin.py:120} INFO - [2022-11-11T01:37:32.911+0000] {taskmixin.py:205} WARNING - Dependency <Task(BashOperator): delete_tag>, create_tag already registered for DAG: example_complex
[2022-11-11T01:37:32.917+0000] {processor.py:766} INFO - DAG(s) dict_keys(['example_complex']) retrieved from /home/airflow/.local/lib/python3.7/site-packages/airflow/example_dags/example_complex.py
[2022-11-11T01:37:32.957+0000] {logging_mixin.py:120} INFO - [2022-11-11T01:37:32.957+0000] {dag.py:2585} INFO - Sync 1 DAGs
[2022-11-11T01:37:32.973+0000] {logging_mixin.py:120} INFO - [2022-11-11T01:37:32.973+0000] {dag.py:3340} INFO - Setting next_dagrun for example_complex to None, run_after=None
[2022-11-11T01:37:32.986+0000] {processor.py:176} INFO - Processing /home/airflow/.local/lib/python3.7/site-packages/airflow/example_dags/example_complex.py took 0.095 seconds
[2022-11-11T01:38:03.433+0000] {processor.py:154} INFO - Started process (PID=225) to work on /home/airflow/.local/lib/python3.7/site-packages/airflow/example_dags/example_complex.py
[2022-11-11T01:38:03.435+0000] {processor.py:756} INFO - Processing file /home/airflow/.local/lib/python3.7/site-packages/airflow/example_dags/example_complex.py for tasks to queue
[2022-11-11T01:38:03.437+0000] {logging_mixin.py:120} INFO - [2022-11-11T01:38:03.437+0000] {dagbag.py:537} INFO - Filling up the DagBag from /home/airflow/.local/lib/python3.7/site-packages/airflow/example_dags/example_complex.py
[2022-11-11T01:38:03.447+0000] {logging_mixin.py:120} INFO - [2022-11-11T01:38:03.447+0000] {taskmixin.py:205} WARNING - Dependency <Task(BashOperator): create_entry_group>, delete_entry_group already registered for DAG: example_complex
[2022-11-11T01:38:03.449+0000] {logging_mixin.py:120} INFO - [2022-11-11T01:38:03.449+0000] {taskmixin.py:205} WARNING - Dependency <Task(BashOperator): delete_entry_group>, create_entry_group already registered for DAG: example_complex
[2022-11-11T01:38:03.451+0000] {logging_mixin.py:120} INFO - [2022-11-11T01:38:03.451+0000] {taskmixin.py:205} WARNING - Dependency <Task(BashOperator): create_entry_gcs>, delete_entry already registered for DAG: example_complex
[2022-11-11T01:38:03.452+0000] {logging_mixin.py:120} INFO - [2022-11-11T01:38:03.452+0000] {taskmixin.py:205} WARNING - Dependency <Task(BashOperator): delete_entry>, create_entry_gcs already registered for DAG: example_complex
[2022-11-11T01:38:03.453+0000] {logging_mixin.py:120} INFO - [2022-11-11T01:38:03.453+0000] {taskmixin.py:205} WARNING - Dependency <Task(BashOperator): create_tag>, delete_tag already registered for DAG: example_complex
[2022-11-11T01:38:03.455+0000] {logging_mixin.py:120} INFO - [2022-11-11T01:38:03.454+0000] {taskmixin.py:205} WARNING - Dependency <Task(BashOperator): delete_tag>, create_tag already registered for DAG: example_complex
[2022-11-11T01:38:03.462+0000] {processor.py:766} INFO - DAG(s) dict_keys(['example_complex']) retrieved from /home/airflow/.local/lib/python3.7/site-packages/airflow/example_dags/example_complex.py
[2022-11-11T01:38:03.505+0000] {logging_mixin.py:120} INFO - [2022-11-11T01:38:03.504+0000] {dag.py:2585} INFO - Sync 1 DAGs
[2022-11-11T01:38:03.521+0000] {logging_mixin.py:120} INFO - [2022-11-11T01:38:03.521+0000] {dag.py:3340} INFO - Setting next_dagrun for example_complex to None, run_after=None
[2022-11-11T01:38:03.536+0000] {processor.py:176} INFO - Processing /home/airflow/.local/lib/python3.7/site-packages/airflow/example_dags/example_complex.py took 0.106 seconds
[2022-11-11T01:38:34.139+0000] {processor.py:154} INFO - Started process (PID=279) to work on /home/airflow/.local/lib/python3.7/site-packages/airflow/example_dags/example_complex.py
[2022-11-11T01:38:34.141+0000] {processor.py:756} INFO - Processing file /home/airflow/.local/lib/python3.7/site-packages/airflow/example_dags/example_complex.py for tasks to queue
[2022-11-11T01:38:34.143+0000] {logging_mixin.py:120} INFO - [2022-11-11T01:38:34.143+0000] {dagbag.py:537} INFO - Filling up the DagBag from /home/airflow/.local/lib/python3.7/site-packages/airflow/example_dags/example_complex.py
[2022-11-11T01:38:34.152+0000] {logging_mixin.py:120} INFO - [2022-11-11T01:38:34.152+0000] {taskmixin.py:205} WARNING - Dependency <Task(BashOperator): create_entry_group>, delete_entry_group already registered for DAG: example_complex
[2022-11-11T01:38:34.155+0000] {logging_mixin.py:120} INFO - [2022-11-11T01:38:34.155+0000] {taskmixin.py:205} WARNING - Dependency <Task(BashOperator): delete_entry_group>, create_entry_group already registered for DAG: example_complex
[2022-11-11T01:38:34.157+0000] {logging_mixin.py:120} INFO - [2022-11-11T01:38:34.156+0000] {taskmixin.py:205} WARNING - Dependency <Task(BashOperator): create_entry_gcs>, delete_entry already registered for DAG: example_complex
[2022-11-11T01:38:34.159+0000] {logging_mixin.py:120} INFO - [2022-11-11T01:38:34.159+0000] {taskmixin.py:205} WARNING - Dependency <Task(BashOperator): delete_entry>, create_entry_gcs already registered for DAG: example_complex
[2022-11-11T01:38:34.161+0000] {logging_mixin.py:120} INFO - [2022-11-11T01:38:34.161+0000] {taskmixin.py:205} WARNING - Dependency <Task(BashOperator): create_tag>, delete_tag already registered for DAG: example_complex
[2022-11-11T01:38:34.165+0000] {logging_mixin.py:120} INFO - [2022-11-11T01:38:34.164+0000] {taskmixin.py:205} WARNING - Dependency <Task(BashOperator): delete_tag>, create_tag already registered for DAG: example_complex
[2022-11-11T01:38:34.171+0000] {processor.py:766} INFO - DAG(s) dict_keys(['example_complex']) retrieved from /home/airflow/.local/lib/python3.7/site-packages/airflow/example_dags/example_complex.py
[2022-11-11T01:38:34.207+0000] {logging_mixin.py:120} INFO - [2022-11-11T01:38:34.207+0000] {dag.py:2585} INFO - Sync 1 DAGs
[2022-11-11T01:38:34.223+0000] {logging_mixin.py:120} INFO - [2022-11-11T01:38:34.223+0000] {dag.py:3340} INFO - Setting next_dagrun for example_complex to None, run_after=None
[2022-11-11T01:38:34.235+0000] {processor.py:176} INFO - Processing /home/airflow/.local/lib/python3.7/site-packages/airflow/example_dags/example_complex.py took 0.099 seconds
[2022-11-11T01:39:04.844+0000] {processor.py:154} INFO - Started process (PID=343) to work on /home/airflow/.local/lib/python3.7/site-packages/airflow/example_dags/example_complex.py
[2022-11-11T01:39:04.846+0000] {processor.py:756} INFO - Processing file /home/airflow/.local/lib/python3.7/site-packages/airflow/example_dags/example_complex.py for tasks to queue
[2022-11-11T01:39:04.848+0000] {logging_mixin.py:120} INFO - [2022-11-11T01:39:04.848+0000] {dagbag.py:537} INFO - Filling up the DagBag from /home/airflow/.local/lib/python3.7/site-packages/airflow/example_dags/example_complex.py
[2022-11-11T01:39:04.858+0000] {logging_mixin.py:120} INFO - [2022-11-11T01:39:04.858+0000] {taskmixin.py:205} WARNING - Dependency <Task(BashOperator): create_entry_group>, delete_entry_group already registered for DAG: example_complex
[2022-11-11T01:39:04.859+0000] {logging_mixin.py:120} INFO - [2022-11-11T01:39:04.859+0000] {taskmixin.py:205} WARNING - Dependency <Task(BashOperator): delete_entry_group>, create_entry_group already registered for DAG: example_complex
[2022-11-11T01:39:04.861+0000] {logging_mixin.py:120} INFO - [2022-11-11T01:39:04.860+0000] {taskmixin.py:205} WARNING - Dependency <Task(BashOperator): create_entry_gcs>, delete_entry already registered for DAG: example_complex
[2022-11-11T01:39:04.862+0000] {logging_mixin.py:120} INFO - [2022-11-11T01:39:04.862+0000] {taskmixin.py:205} WARNING - Dependency <Task(BashOperator): delete_entry>, create_entry_gcs already registered for DAG: example_complex
[2022-11-11T01:39:04.863+0000] {logging_mixin.py:120} INFO - [2022-11-11T01:39:04.863+0000] {taskmixin.py:205} WARNING - Dependency <Task(BashOperator): create_tag>, delete_tag already registered for DAG: example_complex
[2022-11-11T01:39:04.864+0000] {logging_mixin.py:120} INFO - [2022-11-11T01:39:04.864+0000] {taskmixin.py:205} WARNING - Dependency <Task(BashOperator): delete_tag>, create_tag already registered for DAG: example_complex
[2022-11-11T01:39:04.871+0000] {processor.py:766} INFO - DAG(s) dict_keys(['example_complex']) retrieved from /home/airflow/.local/lib/python3.7/site-packages/airflow/example_dags/example_complex.py
[2022-11-11T01:39:04.906+0000] {logging_mixin.py:120} INFO - [2022-11-11T01:39:04.906+0000] {dag.py:2585} INFO - Sync 1 DAGs
[2022-11-11T01:39:04.922+0000] {logging_mixin.py:120} INFO - [2022-11-11T01:39:04.922+0000] {dag.py:3340} INFO - Setting next_dagrun for example_complex to None, run_after=None
[2022-11-11T01:39:04.936+0000] {processor.py:176} INFO - Processing /home/airflow/.local/lib/python3.7/site-packages/airflow/example_dags/example_complex.py took 0.094 seconds
[2022-11-11T01:39:35.574+0000] {processor.py:154} INFO - Started process (PID=405) to work on /home/airflow/.local/lib/python3.7/site-packages/airflow/example_dags/example_complex.py
[2022-11-11T01:39:35.576+0000] {processor.py:756} INFO - Processing file /home/airflow/.local/lib/python3.7/site-packages/airflow/example_dags/example_complex.py for tasks to queue
[2022-11-11T01:39:35.578+0000] {logging_mixin.py:120} INFO - [2022-11-11T01:39:35.578+0000] {dagbag.py:537} INFO - Filling up the DagBag from /home/airflow/.local/lib/python3.7/site-packages/airflow/example_dags/example_complex.py
[2022-11-11T01:39:35.587+0000] {logging_mixin.py:120} INFO - [2022-11-11T01:39:35.587+0000] {taskmixin.py:205} WARNING - Dependency <Task(BashOperator): create_entry_group>, delete_entry_group already registered for DAG: example_complex
[2022-11-11T01:39:35.589+0000] {logging_mixin.py:120} INFO - [2022-11-11T01:39:35.589+0000] {taskmixin.py:205} WARNING - Dependency <Task(BashOperator): delete_entry_group>, create_entry_group already registered for DAG: example_complex
[2022-11-11T01:39:35.591+0000] {logging_mixin.py:120} INFO - [2022-11-11T01:39:35.590+0000] {taskmixin.py:205} WARNING - Dependency <Task(BashOperator): create_entry_gcs>, delete_entry already registered for DAG: example_complex
[2022-11-11T01:39:35.592+0000] {logging_mixin.py:120} INFO - [2022-11-11T01:39:35.591+0000] {taskmixin.py:205} WARNING - Dependency <Task(BashOperator): delete_entry>, create_entry_gcs already registered for DAG: example_complex
[2022-11-11T01:39:35.592+0000] {logging_mixin.py:120} INFO - [2022-11-11T01:39:35.592+0000] {taskmixin.py:205} WARNING - Dependency <Task(BashOperator): create_tag>, delete_tag already registered for DAG: example_complex
[2022-11-11T01:39:35.594+0000] {logging_mixin.py:120} INFO - [2022-11-11T01:39:35.594+0000] {taskmixin.py:205} WARNING - Dependency <Task(BashOperator): delete_tag>, create_tag already registered for DAG: example_complex
[2022-11-11T01:39:35.600+0000] {processor.py:766} INFO - DAG(s) dict_keys(['example_complex']) retrieved from /home/airflow/.local/lib/python3.7/site-packages/airflow/example_dags/example_complex.py
[2022-11-11T01:39:35.634+0000] {logging_mixin.py:120} INFO - [2022-11-11T01:39:35.634+0000] {dag.py:2585} INFO - Sync 1 DAGs
[2022-11-11T01:39:35.650+0000] {logging_mixin.py:120} INFO - [2022-11-11T01:39:35.650+0000] {dag.py:3340} INFO - Setting next_dagrun for example_complex to None, run_after=None
[2022-11-11T01:39:35.663+0000] {processor.py:176} INFO - Processing /home/airflow/.local/lib/python3.7/site-packages/airflow/example_dags/example_complex.py took 0.091 seconds
[2022-11-11T01:40:06.466+0000] {processor.py:154} INFO - Started process (PID=468) to work on /home/airflow/.local/lib/python3.7/site-packages/airflow/example_dags/example_complex.py
[2022-11-11T01:40:06.468+0000] {processor.py:756} INFO - Processing file /home/airflow/.local/lib/python3.7/site-packages/airflow/example_dags/example_complex.py for tasks to queue
[2022-11-11T01:40:06.470+0000] {logging_mixin.py:120} INFO - [2022-11-11T01:40:06.470+0000] {dagbag.py:537} INFO - Filling up the DagBag from /home/airflow/.local/lib/python3.7/site-packages/airflow/example_dags/example_complex.py
[2022-11-11T01:40:06.477+0000] {logging_mixin.py:120} INFO - [2022-11-11T01:40:06.477+0000] {taskmixin.py:205} WARNING - Dependency <Task(BashOperator): create_entry_group>, delete_entry_group already registered for DAG: example_complex
[2022-11-11T01:40:06.478+0000] {logging_mixin.py:120} INFO - [2022-11-11T01:40:06.478+0000] {taskmixin.py:205} WARNING - Dependency <Task(BashOperator): delete_entry_group>, create_entry_group already registered for DAG: example_complex
[2022-11-11T01:40:06.479+0000] {logging_mixin.py:120} INFO - [2022-11-11T01:40:06.479+0000] {taskmixin.py:205} WARNING - Dependency <Task(BashOperator): create_entry_gcs>, delete_entry already registered for DAG: example_complex
[2022-11-11T01:40:06.481+0000] {logging_mixin.py:120} INFO - [2022-11-11T01:40:06.481+0000] {taskmixin.py:205} WARNING - Dependency <Task(BashOperator): delete_entry>, create_entry_gcs already registered for DAG: example_complex
[2022-11-11T01:40:06.482+0000] {logging_mixin.py:120} INFO - [2022-11-11T01:40:06.482+0000] {taskmixin.py:205} WARNING - Dependency <Task(BashOperator): create_tag>, delete_tag already registered for DAG: example_complex
[2022-11-11T01:40:06.483+0000] {logging_mixin.py:120} INFO - [2022-11-11T01:40:06.483+0000] {taskmixin.py:205} WARNING - Dependency <Task(BashOperator): delete_tag>, create_tag already registered for DAG: example_complex
[2022-11-11T01:40:06.490+0000] {processor.py:766} INFO - DAG(s) dict_keys(['example_complex']) retrieved from /home/airflow/.local/lib/python3.7/site-packages/airflow/example_dags/example_complex.py
[2022-11-11T01:40:06.524+0000] {logging_mixin.py:120} INFO - [2022-11-11T01:40:06.524+0000] {dag.py:2585} INFO - Sync 1 DAGs
[2022-11-11T01:40:06.540+0000] {logging_mixin.py:120} INFO - [2022-11-11T01:40:06.540+0000] {dag.py:3340} INFO - Setting next_dagrun for example_complex to None, run_after=None
[2022-11-11T01:40:06.551+0000] {processor.py:176} INFO - Processing /home/airflow/.local/lib/python3.7/site-packages/airflow/example_dags/example_complex.py took 0.087 seconds
[2022-11-11T01:40:37.091+0000] {processor.py:154} INFO - Started process (PID=530) to work on /home/airflow/.local/lib/python3.7/site-packages/airflow/example_dags/example_complex.py
[2022-11-11T01:40:37.093+0000] {processor.py:756} INFO - Processing file /home/airflow/.local/lib/python3.7/site-packages/airflow/example_dags/example_complex.py for tasks to queue
[2022-11-11T01:40:37.094+0000] {logging_mixin.py:120} INFO - [2022-11-11T01:40:37.094+0000] {dagbag.py:537} INFO - Filling up the DagBag from /home/airflow/.local/lib/python3.7/site-packages/airflow/example_dags/example_complex.py
[2022-11-11T01:40:37.102+0000] {logging_mixin.py:120} INFO - [2022-11-11T01:40:37.102+0000] {taskmixin.py:205} WARNING - Dependency <Task(BashOperator): create_entry_group>, delete_entry_group already registered for DAG: example_complex
[2022-11-11T01:40:37.104+0000] {logging_mixin.py:120} INFO - [2022-11-11T01:40:37.104+0000] {taskmixin.py:205} WARNING - Dependency <Task(BashOperator): delete_entry_group>, create_entry_group already registered for DAG: example_complex
[2022-11-11T01:40:37.105+0000] {logging_mixin.py:120} INFO - [2022-11-11T01:40:37.105+0000] {taskmixin.py:205} WARNING - Dependency <Task(BashOperator): create_entry_gcs>, delete_entry already registered for DAG: example_complex
[2022-11-11T01:40:37.106+0000] {logging_mixin.py:120} INFO - [2022-11-11T01:40:37.106+0000] {taskmixin.py:205} WARNING - Dependency <Task(BashOperator): delete_entry>, create_entry_gcs already registered for DAG: example_complex
[2022-11-11T01:40:37.107+0000] {logging_mixin.py:120} INFO - [2022-11-11T01:40:37.107+0000] {taskmixin.py:205} WARNING - Dependency <Task(BashOperator): create_tag>, delete_tag already registered for DAG: example_complex
[2022-11-11T01:40:37.108+0000] {logging_mixin.py:120} INFO - [2022-11-11T01:40:37.108+0000] {taskmixin.py:205} WARNING - Dependency <Task(BashOperator): delete_tag>, create_tag already registered for DAG: example_complex
[2022-11-11T01:40:37.114+0000] {processor.py:766} INFO - DAG(s) dict_keys(['example_complex']) retrieved from /home/airflow/.local/lib/python3.7/site-packages/airflow/example_dags/example_complex.py
[2022-11-11T01:40:37.148+0000] {logging_mixin.py:120} INFO - [2022-11-11T01:40:37.148+0000] {dag.py:2585} INFO - Sync 1 DAGs
[2022-11-11T01:40:37.163+0000] {logging_mixin.py:120} INFO - [2022-11-11T01:40:37.163+0000] {dag.py:3340} INFO - Setting next_dagrun for example_complex to None, run_after=None
[2022-11-11T01:40:37.174+0000] {processor.py:176} INFO - Processing /home/airflow/.local/lib/python3.7/site-packages/airflow/example_dags/example_complex.py took 0.086 seconds
[2022-11-11T01:41:08.064+0000] {processor.py:154} INFO - Started process (PID=594) to work on /home/airflow/.local/lib/python3.7/site-packages/airflow/example_dags/example_complex.py
[2022-11-11T01:41:08.067+0000] {processor.py:756} INFO - Processing file /home/airflow/.local/lib/python3.7/site-packages/airflow/example_dags/example_complex.py for tasks to queue
[2022-11-11T01:41:08.068+0000] {logging_mixin.py:120} INFO - [2022-11-11T01:41:08.068+0000] {dagbag.py:537} INFO - Filling up the DagBag from /home/airflow/.local/lib/python3.7/site-packages/airflow/example_dags/example_complex.py
[2022-11-11T01:41:08.076+0000] {logging_mixin.py:120} INFO - [2022-11-11T01:41:08.076+0000] {taskmixin.py:205} WARNING - Dependency <Task(BashOperator): create_entry_group>, delete_entry_group already registered for DAG: example_complex
[2022-11-11T01:41:08.079+0000] {logging_mixin.py:120} INFO - [2022-11-11T01:41:08.078+0000] {taskmixin.py:205} WARNING - Dependency <Task(BashOperator): delete_entry_group>, create_entry_group already registered for DAG: example_complex
[2022-11-11T01:41:08.080+0000] {logging_mixin.py:120} INFO - [2022-11-11T01:41:08.080+0000] {taskmixin.py:205} WARNING - Dependency <Task(BashOperator): create_entry_gcs>, delete_entry already registered for DAG: example_complex
[2022-11-11T01:41:08.081+0000] {logging_mixin.py:120} INFO - [2022-11-11T01:41:08.081+0000] {taskmixin.py:205} WARNING - Dependency <Task(BashOperator): delete_entry>, create_entry_gcs already registered for DAG: example_complex
[2022-11-11T01:41:08.082+0000] {logging_mixin.py:120} INFO - [2022-11-11T01:41:08.082+0000] {taskmixin.py:205} WARNING - Dependency <Task(BashOperator): create_tag>, delete_tag already registered for DAG: example_complex
[2022-11-11T01:41:08.083+0000] {logging_mixin.py:120} INFO - [2022-11-11T01:41:08.083+0000] {taskmixin.py:205} WARNING - Dependency <Task(BashOperator): delete_tag>, create_tag already registered for DAG: example_complex
[2022-11-11T01:41:08.091+0000] {processor.py:766} INFO - DAG(s) dict_keys(['example_complex']) retrieved from /home/airflow/.local/lib/python3.7/site-packages/airflow/example_dags/example_complex.py
[2022-11-11T01:41:08.126+0000] {logging_mixin.py:120} INFO - [2022-11-11T01:41:08.126+0000] {dag.py:2585} INFO - Sync 1 DAGs
[2022-11-11T01:41:08.142+0000] {logging_mixin.py:120} INFO - [2022-11-11T01:41:08.142+0000] {dag.py:3340} INFO - Setting next_dagrun for example_complex to None, run_after=None
[2022-11-11T01:41:08.157+0000] {processor.py:176} INFO - Processing /home/airflow/.local/lib/python3.7/site-packages/airflow/example_dags/example_complex.py took 0.096 seconds
