[2022-11-11T01:36:36.091+0000] {processor.py:154} INFO - Started process (PID=75) to work on /home/airflow/.local/lib/python3.7/site-packages/airflow/example_dags/tutorial_dag.py
[2022-11-11T01:36:36.093+0000] {processor.py:756} INFO - Processing file /home/airflow/.local/lib/python3.7/site-packages/airflow/example_dags/tutorial_dag.py for tasks to queue
[2022-11-11T01:36:36.094+0000] {logging_mixin.py:120} INFO - [2022-11-11T01:36:36.094+0000] {dagbag.py:537} INFO - Filling up the DagBag from /home/airflow/.local/lib/python3.7/site-packages/airflow/example_dags/tutorial_dag.py
[2022-11-11T01:36:36.124+0000] {processor.py:766} INFO - DAG(s) dict_keys(['tutorial_dag']) retrieved from /home/airflow/.local/lib/python3.7/site-packages/airflow/example_dags/tutorial_dag.py
[2022-11-11T01:36:36.177+0000] {logging_mixin.py:120} INFO - [2022-11-11T01:36:36.176+0000] {dag.py:2585} INFO - Sync 1 DAGs
[2022-11-11T01:36:36.215+0000] {logging_mixin.py:120} INFO - [2022-11-11T01:36:36.215+0000] {dag.py:3340} INFO - Setting next_dagrun for tutorial_dag to None, run_after=None
[2022-11-11T01:36:36.245+0000] {processor.py:176} INFO - Processing /home/airflow/.local/lib/python3.7/site-packages/airflow/example_dags/tutorial_dag.py took 0.157 seconds
[2022-11-11T01:37:06.296+0000] {processor.py:154} INFO - Started process (PID=129) to work on /home/airflow/.local/lib/python3.7/site-packages/airflow/example_dags/tutorial_dag.py
[2022-11-11T01:37:06.298+0000] {processor.py:756} INFO - Processing file /home/airflow/.local/lib/python3.7/site-packages/airflow/example_dags/tutorial_dag.py for tasks to queue
[2022-11-11T01:37:06.300+0000] {logging_mixin.py:120} INFO - [2022-11-11T01:37:06.300+0000] {dagbag.py:537} INFO - Filling up the DagBag from /home/airflow/.local/lib/python3.7/site-packages/airflow/example_dags/tutorial_dag.py
[2022-11-11T01:37:06.314+0000] {processor.py:766} INFO - DAG(s) dict_keys(['tutorial_dag']) retrieved from /home/airflow/.local/lib/python3.7/site-packages/airflow/example_dags/tutorial_dag.py
[2022-11-11T01:37:06.348+0000] {logging_mixin.py:120} INFO - [2022-11-11T01:37:06.348+0000] {dag.py:2585} INFO - Sync 1 DAGs
[2022-11-11T01:37:06.365+0000] {logging_mixin.py:120} INFO - [2022-11-11T01:37:06.365+0000] {dag.py:3340} INFO - Setting next_dagrun for tutorial_dag to None, run_after=None
[2022-11-11T01:37:06.379+0000] {processor.py:176} INFO - Processing /home/airflow/.local/lib/python3.7/site-packages/airflow/example_dags/tutorial_dag.py took 0.085 seconds
[2022-11-11T01:37:36.976+0000] {processor.py:154} INFO - Started process (PID=193) to work on /home/airflow/.local/lib/python3.7/site-packages/airflow/example_dags/tutorial_dag.py
[2022-11-11T01:37:36.978+0000] {processor.py:756} INFO - Processing file /home/airflow/.local/lib/python3.7/site-packages/airflow/example_dags/tutorial_dag.py for tasks to queue
[2022-11-11T01:37:36.980+0000] {logging_mixin.py:120} INFO - [2022-11-11T01:37:36.980+0000] {dagbag.py:537} INFO - Filling up the DagBag from /home/airflow/.local/lib/python3.7/site-packages/airflow/example_dags/tutorial_dag.py
[2022-11-11T01:37:36.991+0000] {processor.py:766} INFO - DAG(s) dict_keys(['tutorial_dag']) retrieved from /home/airflow/.local/lib/python3.7/site-packages/airflow/example_dags/tutorial_dag.py
[2022-11-11T01:37:37.024+0000] {logging_mixin.py:120} INFO - [2022-11-11T01:37:37.024+0000] {dag.py:2585} INFO - Sync 1 DAGs
[2022-11-11T01:37:37.041+0000] {logging_mixin.py:120} INFO - [2022-11-11T01:37:37.041+0000] {dag.py:3340} INFO - Setting next_dagrun for tutorial_dag to None, run_after=None
[2022-11-11T01:37:37.057+0000] {processor.py:176} INFO - Processing /home/airflow/.local/lib/python3.7/site-packages/airflow/example_dags/tutorial_dag.py took 0.085 seconds
[2022-11-11T01:38:07.608+0000] {processor.py:154} INFO - Started process (PID=256) to work on /home/airflow/.local/lib/python3.7/site-packages/airflow/example_dags/tutorial_dag.py
[2022-11-11T01:38:07.610+0000] {processor.py:756} INFO - Processing file /home/airflow/.local/lib/python3.7/site-packages/airflow/example_dags/tutorial_dag.py for tasks to queue
[2022-11-11T01:38:07.612+0000] {logging_mixin.py:120} INFO - [2022-11-11T01:38:07.612+0000] {dagbag.py:537} INFO - Filling up the DagBag from /home/airflow/.local/lib/python3.7/site-packages/airflow/example_dags/tutorial_dag.py
[2022-11-11T01:38:07.624+0000] {processor.py:766} INFO - DAG(s) dict_keys(['tutorial_dag']) retrieved from /home/airflow/.local/lib/python3.7/site-packages/airflow/example_dags/tutorial_dag.py
[2022-11-11T01:38:07.660+0000] {logging_mixin.py:120} INFO - [2022-11-11T01:38:07.660+0000] {dag.py:2585} INFO - Sync 1 DAGs
[2022-11-11T01:38:07.679+0000] {logging_mixin.py:120} INFO - [2022-11-11T01:38:07.678+0000] {dag.py:3340} INFO - Setting next_dagrun for tutorial_dag to None, run_after=None
[2022-11-11T01:38:07.694+0000] {processor.py:176} INFO - Processing /home/airflow/.local/lib/python3.7/site-packages/airflow/example_dags/tutorial_dag.py took 0.089 seconds
[2022-11-11T01:38:38.335+0000] {processor.py:154} INFO - Started process (PID=320) to work on /home/airflow/.local/lib/python3.7/site-packages/airflow/example_dags/tutorial_dag.py
[2022-11-11T01:38:38.337+0000] {processor.py:756} INFO - Processing file /home/airflow/.local/lib/python3.7/site-packages/airflow/example_dags/tutorial_dag.py for tasks to queue
[2022-11-11T01:38:38.338+0000] {logging_mixin.py:120} INFO - [2022-11-11T01:38:38.338+0000] {dagbag.py:537} INFO - Filling up the DagBag from /home/airflow/.local/lib/python3.7/site-packages/airflow/example_dags/tutorial_dag.py
[2022-11-11T01:38:38.350+0000] {processor.py:766} INFO - DAG(s) dict_keys(['tutorial_dag']) retrieved from /home/airflow/.local/lib/python3.7/site-packages/airflow/example_dags/tutorial_dag.py
[2022-11-11T01:38:38.389+0000] {logging_mixin.py:120} INFO - [2022-11-11T01:38:38.389+0000] {dag.py:2585} INFO - Sync 1 DAGs
[2022-11-11T01:38:38.408+0000] {logging_mixin.py:120} INFO - [2022-11-11T01:38:38.408+0000] {dag.py:3340} INFO - Setting next_dagrun for tutorial_dag to None, run_after=None
[2022-11-11T01:38:38.423+0000] {processor.py:176} INFO - Processing /home/airflow/.local/lib/python3.7/site-packages/airflow/example_dags/tutorial_dag.py took 0.091 seconds
[2022-11-11T01:39:08.968+0000] {processor.py:154} INFO - Started process (PID=383) to work on /home/airflow/.local/lib/python3.7/site-packages/airflow/example_dags/tutorial_dag.py
[2022-11-11T01:39:08.971+0000] {processor.py:756} INFO - Processing file /home/airflow/.local/lib/python3.7/site-packages/airflow/example_dags/tutorial_dag.py for tasks to queue
[2022-11-11T01:39:08.972+0000] {logging_mixin.py:120} INFO - [2022-11-11T01:39:08.972+0000] {dagbag.py:537} INFO - Filling up the DagBag from /home/airflow/.local/lib/python3.7/site-packages/airflow/example_dags/tutorial_dag.py
[2022-11-11T01:39:08.985+0000] {processor.py:766} INFO - DAG(s) dict_keys(['tutorial_dag']) retrieved from /home/airflow/.local/lib/python3.7/site-packages/airflow/example_dags/tutorial_dag.py
[2022-11-11T01:39:09.025+0000] {logging_mixin.py:120} INFO - [2022-11-11T01:39:09.025+0000] {dag.py:2585} INFO - Sync 1 DAGs
[2022-11-11T01:39:09.047+0000] {logging_mixin.py:120} INFO - [2022-11-11T01:39:09.047+0000] {dag.py:3340} INFO - Setting next_dagrun for tutorial_dag to None, run_after=None
[2022-11-11T01:39:09.064+0000] {processor.py:176} INFO - Processing /home/airflow/.local/lib/python3.7/site-packages/airflow/example_dags/tutorial_dag.py took 0.099 seconds
[2022-11-11T01:39:39.832+0000] {processor.py:154} INFO - Started process (PID=445) to work on /home/airflow/.local/lib/python3.7/site-packages/airflow/example_dags/tutorial_dag.py
[2022-11-11T01:39:39.835+0000] {processor.py:756} INFO - Processing file /home/airflow/.local/lib/python3.7/site-packages/airflow/example_dags/tutorial_dag.py for tasks to queue
[2022-11-11T01:39:39.837+0000] {logging_mixin.py:120} INFO - [2022-11-11T01:39:39.837+0000] {dagbag.py:537} INFO - Filling up the DagBag from /home/airflow/.local/lib/python3.7/site-packages/airflow/example_dags/tutorial_dag.py
[2022-11-11T01:39:39.850+0000] {processor.py:766} INFO - DAG(s) dict_keys(['tutorial_dag']) retrieved from /home/airflow/.local/lib/python3.7/site-packages/airflow/example_dags/tutorial_dag.py
[2022-11-11T01:39:39.889+0000] {logging_mixin.py:120} INFO - [2022-11-11T01:39:39.889+0000] {dag.py:2585} INFO - Sync 1 DAGs
[2022-11-11T01:39:39.912+0000] {logging_mixin.py:120} INFO - [2022-11-11T01:39:39.911+0000] {dag.py:3340} INFO - Setting next_dagrun for tutorial_dag to None, run_after=None
[2022-11-11T01:39:39.931+0000] {processor.py:176} INFO - Processing /home/airflow/.local/lib/python3.7/site-packages/airflow/example_dags/tutorial_dag.py took 0.101 seconds
[2022-11-11T01:40:10.544+0000] {processor.py:154} INFO - Started process (PID=499) to work on /home/airflow/.local/lib/python3.7/site-packages/airflow/example_dags/tutorial_dag.py
[2022-11-11T01:40:10.546+0000] {processor.py:756} INFO - Processing file /home/airflow/.local/lib/python3.7/site-packages/airflow/example_dags/tutorial_dag.py for tasks to queue
[2022-11-11T01:40:10.548+0000] {logging_mixin.py:120} INFO - [2022-11-11T01:40:10.547+0000] {dagbag.py:537} INFO - Filling up the DagBag from /home/airflow/.local/lib/python3.7/site-packages/airflow/example_dags/tutorial_dag.py
[2022-11-11T01:40:10.560+0000] {processor.py:766} INFO - DAG(s) dict_keys(['tutorial_dag']) retrieved from /home/airflow/.local/lib/python3.7/site-packages/airflow/example_dags/tutorial_dag.py
[2022-11-11T01:40:10.601+0000] {logging_mixin.py:120} INFO - [2022-11-11T01:40:10.601+0000] {dag.py:2585} INFO - Sync 1 DAGs
[2022-11-11T01:40:10.621+0000] {logging_mixin.py:120} INFO - [2022-11-11T01:40:10.621+0000] {dag.py:3340} INFO - Setting next_dagrun for tutorial_dag to None, run_after=None
[2022-11-11T01:40:10.640+0000] {processor.py:176} INFO - Processing /home/airflow/.local/lib/python3.7/site-packages/airflow/example_dags/tutorial_dag.py took 0.099 seconds
[2022-11-11T01:40:41.487+0000] {processor.py:154} INFO - Started process (PID=561) to work on /home/airflow/.local/lib/python3.7/site-packages/airflow/example_dags/tutorial_dag.py
[2022-11-11T01:40:41.490+0000] {processor.py:756} INFO - Processing file /home/airflow/.local/lib/python3.7/site-packages/airflow/example_dags/tutorial_dag.py for tasks to queue
[2022-11-11T01:40:41.491+0000] {logging_mixin.py:120} INFO - [2022-11-11T01:40:41.491+0000] {dagbag.py:537} INFO - Filling up the DagBag from /home/airflow/.local/lib/python3.7/site-packages/airflow/example_dags/tutorial_dag.py
[2022-11-11T01:40:41.502+0000] {processor.py:766} INFO - DAG(s) dict_keys(['tutorial_dag']) retrieved from /home/airflow/.local/lib/python3.7/site-packages/airflow/example_dags/tutorial_dag.py
[2022-11-11T01:40:41.541+0000] {logging_mixin.py:120} INFO - [2022-11-11T01:40:41.541+0000] {dag.py:2585} INFO - Sync 1 DAGs
[2022-11-11T01:40:41.557+0000] {logging_mixin.py:120} INFO - [2022-11-11T01:40:41.557+0000] {dag.py:3340} INFO - Setting next_dagrun for tutorial_dag to None, run_after=None
[2022-11-11T01:40:41.572+0000] {processor.py:176} INFO - Processing /home/airflow/.local/lib/python3.7/site-packages/airflow/example_dags/tutorial_dag.py took 0.087 seconds
[2022-11-11T01:41:11.712+0000] {processor.py:154} INFO - Started process (PID=625) to work on /home/airflow/.local/lib/python3.7/site-packages/airflow/example_dags/tutorial_dag.py
[2022-11-11T01:41:11.713+0000] {processor.py:756} INFO - Processing file /home/airflow/.local/lib/python3.7/site-packages/airflow/example_dags/tutorial_dag.py for tasks to queue
[2022-11-11T01:41:11.715+0000] {logging_mixin.py:120} INFO - [2022-11-11T01:41:11.715+0000] {dagbag.py:537} INFO - Filling up the DagBag from /home/airflow/.local/lib/python3.7/site-packages/airflow/example_dags/tutorial_dag.py
[2022-11-11T01:41:11.727+0000] {processor.py:766} INFO - DAG(s) dict_keys(['tutorial_dag']) retrieved from /home/airflow/.local/lib/python3.7/site-packages/airflow/example_dags/tutorial_dag.py
[2022-11-11T01:41:11.761+0000] {logging_mixin.py:120} INFO - [2022-11-11T01:41:11.761+0000] {dag.py:2585} INFO - Sync 1 DAGs
[2022-11-11T01:41:11.779+0000] {logging_mixin.py:120} INFO - [2022-11-11T01:41:11.779+0000] {dag.py:3340} INFO - Setting next_dagrun for tutorial_dag to None, run_after=None
[2022-11-11T01:41:11.799+0000] {processor.py:176} INFO - Processing /home/airflow/.local/lib/python3.7/site-packages/airflow/example_dags/tutorial_dag.py took 0.090 seconds
