[2022-11-11T01:36:34.775+0000] {processor.py:154} INFO - Started process (PID=70) to work on /home/airflow/.local/lib/python3.7/site-packages/airflow/example_dags/tutorial_taskflow_api.py
[2022-11-11T01:36:34.779+0000] {processor.py:756} INFO - Processing file /home/airflow/.local/lib/python3.7/site-packages/airflow/example_dags/tutorial_taskflow_api.py for tasks to queue
[2022-11-11T01:36:34.783+0000] {logging_mixin.py:120} INFO - [2022-11-11T01:36:34.783+0000] {dagbag.py:537} INFO - Filling up the DagBag from /home/airflow/.local/lib/python3.7/site-packages/airflow/example_dags/tutorial_taskflow_api.py
[2022-11-11T01:36:34.952+0000] {processor.py:766} INFO - DAG(s) dict_keys(['tutorial_taskflow_api']) retrieved from /home/airflow/.local/lib/python3.7/site-packages/airflow/example_dags/tutorial_taskflow_api.py
[2022-11-11T01:36:35.059+0000] {logging_mixin.py:120} INFO - [2022-11-11T01:36:35.059+0000] {dag.py:2585} INFO - Sync 1 DAGs
[2022-11-11T01:36:35.141+0000] {logging_mixin.py:120} INFO - [2022-11-11T01:36:35.140+0000] {dag.py:3340} INFO - Setting next_dagrun for tutorial_taskflow_api to None, run_after=None
[2022-11-11T01:36:35.194+0000] {processor.py:176} INFO - Processing /home/airflow/.local/lib/python3.7/site-packages/airflow/example_dags/tutorial_taskflow_api.py took 0.431 seconds
[2022-11-11T01:37:05.847+0000] {processor.py:154} INFO - Started process (PID=124) to work on /home/airflow/.local/lib/python3.7/site-packages/airflow/example_dags/tutorial_taskflow_api.py
[2022-11-11T01:37:05.850+0000] {processor.py:756} INFO - Processing file /home/airflow/.local/lib/python3.7/site-packages/airflow/example_dags/tutorial_taskflow_api.py for tasks to queue
[2022-11-11T01:37:05.853+0000] {logging_mixin.py:120} INFO - [2022-11-11T01:37:05.853+0000] {dagbag.py:537} INFO - Filling up the DagBag from /home/airflow/.local/lib/python3.7/site-packages/airflow/example_dags/tutorial_taskflow_api.py
[2022-11-11T01:37:05.873+0000] {processor.py:766} INFO - DAG(s) dict_keys(['tutorial_taskflow_api']) retrieved from /home/airflow/.local/lib/python3.7/site-packages/airflow/example_dags/tutorial_taskflow_api.py
[2022-11-11T01:37:05.907+0000] {logging_mixin.py:120} INFO - [2022-11-11T01:37:05.907+0000] {dag.py:2585} INFO - Sync 1 DAGs
[2022-11-11T01:37:05.924+0000] {logging_mixin.py:120} INFO - [2022-11-11T01:37:05.924+0000] {dag.py:3340} INFO - Setting next_dagrun for tutorial_taskflow_api to None, run_after=None
[2022-11-11T01:37:05.938+0000] {processor.py:176} INFO - Processing /home/airflow/.local/lib/python3.7/site-packages/airflow/example_dags/tutorial_taskflow_api.py took 0.096 seconds
[2022-11-11T01:37:36.566+0000] {processor.py:154} INFO - Started process (PID=188) to work on /home/airflow/.local/lib/python3.7/site-packages/airflow/example_dags/tutorial_taskflow_api.py
[2022-11-11T01:37:36.567+0000] {processor.py:756} INFO - Processing file /home/airflow/.local/lib/python3.7/site-packages/airflow/example_dags/tutorial_taskflow_api.py for tasks to queue
[2022-11-11T01:37:36.569+0000] {logging_mixin.py:120} INFO - [2022-11-11T01:37:36.568+0000] {dagbag.py:537} INFO - Filling up the DagBag from /home/airflow/.local/lib/python3.7/site-packages/airflow/example_dags/tutorial_taskflow_api.py
[2022-11-11T01:37:36.583+0000] {processor.py:766} INFO - DAG(s) dict_keys(['tutorial_taskflow_api']) retrieved from /home/airflow/.local/lib/python3.7/site-packages/airflow/example_dags/tutorial_taskflow_api.py
[2022-11-11T01:37:36.614+0000] {logging_mixin.py:120} INFO - [2022-11-11T01:37:36.614+0000] {dag.py:2585} INFO - Sync 1 DAGs
[2022-11-11T01:37:36.631+0000] {logging_mixin.py:120} INFO - [2022-11-11T01:37:36.631+0000] {dag.py:3340} INFO - Setting next_dagrun for tutorial_taskflow_api to None, run_after=None
[2022-11-11T01:37:36.644+0000] {processor.py:176} INFO - Processing /home/airflow/.local/lib/python3.7/site-packages/airflow/example_dags/tutorial_taskflow_api.py took 0.081 seconds
[2022-11-11T01:38:07.191+0000] {processor.py:154} INFO - Started process (PID=251) to work on /home/airflow/.local/lib/python3.7/site-packages/airflow/example_dags/tutorial_taskflow_api.py
[2022-11-11T01:38:07.194+0000] {processor.py:756} INFO - Processing file /home/airflow/.local/lib/python3.7/site-packages/airflow/example_dags/tutorial_taskflow_api.py for tasks to queue
[2022-11-11T01:38:07.196+0000] {logging_mixin.py:120} INFO - [2022-11-11T01:38:07.196+0000] {dagbag.py:537} INFO - Filling up the DagBag from /home/airflow/.local/lib/python3.7/site-packages/airflow/example_dags/tutorial_taskflow_api.py
[2022-11-11T01:38:07.210+0000] {processor.py:766} INFO - DAG(s) dict_keys(['tutorial_taskflow_api']) retrieved from /home/airflow/.local/lib/python3.7/site-packages/airflow/example_dags/tutorial_taskflow_api.py
[2022-11-11T01:38:07.242+0000] {logging_mixin.py:120} INFO - [2022-11-11T01:38:07.242+0000] {dag.py:2585} INFO - Sync 1 DAGs
[2022-11-11T01:38:07.259+0000] {logging_mixin.py:120} INFO - [2022-11-11T01:38:07.258+0000] {dag.py:3340} INFO - Setting next_dagrun for tutorial_taskflow_api to None, run_after=None
[2022-11-11T01:38:07.272+0000] {processor.py:176} INFO - Processing /home/airflow/.local/lib/python3.7/site-packages/airflow/example_dags/tutorial_taskflow_api.py took 0.084 seconds
[2022-11-11T01:38:37.861+0000] {processor.py:154} INFO - Started process (PID=315) to work on /home/airflow/.local/lib/python3.7/site-packages/airflow/example_dags/tutorial_taskflow_api.py
[2022-11-11T01:38:37.864+0000] {processor.py:756} INFO - Processing file /home/airflow/.local/lib/python3.7/site-packages/airflow/example_dags/tutorial_taskflow_api.py for tasks to queue
[2022-11-11T01:38:37.866+0000] {logging_mixin.py:120} INFO - [2022-11-11T01:38:37.865+0000] {dagbag.py:537} INFO - Filling up the DagBag from /home/airflow/.local/lib/python3.7/site-packages/airflow/example_dags/tutorial_taskflow_api.py
[2022-11-11T01:38:37.885+0000] {processor.py:766} INFO - DAG(s) dict_keys(['tutorial_taskflow_api']) retrieved from /home/airflow/.local/lib/python3.7/site-packages/airflow/example_dags/tutorial_taskflow_api.py
[2022-11-11T01:38:37.922+0000] {logging_mixin.py:120} INFO - [2022-11-11T01:38:37.922+0000] {dag.py:2585} INFO - Sync 1 DAGs
[2022-11-11T01:38:37.940+0000] {logging_mixin.py:120} INFO - [2022-11-11T01:38:37.940+0000] {dag.py:3340} INFO - Setting next_dagrun for tutorial_taskflow_api to None, run_after=None
[2022-11-11T01:38:37.955+0000] {processor.py:176} INFO - Processing /home/airflow/.local/lib/python3.7/site-packages/airflow/example_dags/tutorial_taskflow_api.py took 0.098 seconds
[2022-11-11T01:39:08.496+0000] {processor.py:154} INFO - Started process (PID=378) to work on /home/airflow/.local/lib/python3.7/site-packages/airflow/example_dags/tutorial_taskflow_api.py
[2022-11-11T01:39:08.498+0000] {processor.py:756} INFO - Processing file /home/airflow/.local/lib/python3.7/site-packages/airflow/example_dags/tutorial_taskflow_api.py for tasks to queue
[2022-11-11T01:39:08.500+0000] {logging_mixin.py:120} INFO - [2022-11-11T01:39:08.500+0000] {dagbag.py:537} INFO - Filling up the DagBag from /home/airflow/.local/lib/python3.7/site-packages/airflow/example_dags/tutorial_taskflow_api.py
[2022-11-11T01:39:08.514+0000] {processor.py:766} INFO - DAG(s) dict_keys(['tutorial_taskflow_api']) retrieved from /home/airflow/.local/lib/python3.7/site-packages/airflow/example_dags/tutorial_taskflow_api.py
[2022-11-11T01:39:08.549+0000] {logging_mixin.py:120} INFO - [2022-11-11T01:39:08.549+0000] {dag.py:2585} INFO - Sync 1 DAGs
[2022-11-11T01:39:08.566+0000] {logging_mixin.py:120} INFO - [2022-11-11T01:39:08.566+0000] {dag.py:3340} INFO - Setting next_dagrun for tutorial_taskflow_api to None, run_after=None
[2022-11-11T01:39:08.580+0000] {processor.py:176} INFO - Processing /home/airflow/.local/lib/python3.7/site-packages/airflow/example_dags/tutorial_taskflow_api.py took 0.087 seconds
[2022-11-11T01:39:39.369+0000] {processor.py:154} INFO - Started process (PID=431) to work on /home/airflow/.local/lib/python3.7/site-packages/airflow/example_dags/tutorial_taskflow_api.py
[2022-11-11T01:39:39.372+0000] {processor.py:756} INFO - Processing file /home/airflow/.local/lib/python3.7/site-packages/airflow/example_dags/tutorial_taskflow_api.py for tasks to queue
[2022-11-11T01:39:39.377+0000] {logging_mixin.py:120} INFO - [2022-11-11T01:39:39.377+0000] {dagbag.py:537} INFO - Filling up the DagBag from /home/airflow/.local/lib/python3.7/site-packages/airflow/example_dags/tutorial_taskflow_api.py
[2022-11-11T01:39:39.394+0000] {processor.py:766} INFO - DAG(s) dict_keys(['tutorial_taskflow_api']) retrieved from /home/airflow/.local/lib/python3.7/site-packages/airflow/example_dags/tutorial_taskflow_api.py
[2022-11-11T01:39:39.430+0000] {logging_mixin.py:120} INFO - [2022-11-11T01:39:39.430+0000] {dag.py:2585} INFO - Sync 1 DAGs
[2022-11-11T01:39:39.449+0000] {logging_mixin.py:120} INFO - [2022-11-11T01:39:39.449+0000] {dag.py:3340} INFO - Setting next_dagrun for tutorial_taskflow_api to None, run_after=None
[2022-11-11T01:39:39.464+0000] {processor.py:176} INFO - Processing /home/airflow/.local/lib/python3.7/site-packages/airflow/example_dags/tutorial_taskflow_api.py took 0.098 seconds
[2022-11-11T01:40:10.053+0000] {processor.py:154} INFO - Started process (PID=494) to work on /home/airflow/.local/lib/python3.7/site-packages/airflow/example_dags/tutorial_taskflow_api.py
[2022-11-11T01:40:10.055+0000] {processor.py:756} INFO - Processing file /home/airflow/.local/lib/python3.7/site-packages/airflow/example_dags/tutorial_taskflow_api.py for tasks to queue
[2022-11-11T01:40:10.057+0000] {logging_mixin.py:120} INFO - [2022-11-11T01:40:10.057+0000] {dagbag.py:537} INFO - Filling up the DagBag from /home/airflow/.local/lib/python3.7/site-packages/airflow/example_dags/tutorial_taskflow_api.py
[2022-11-11T01:40:10.072+0000] {processor.py:766} INFO - DAG(s) dict_keys(['tutorial_taskflow_api']) retrieved from /home/airflow/.local/lib/python3.7/site-packages/airflow/example_dags/tutorial_taskflow_api.py
[2022-11-11T01:40:10.107+0000] {logging_mixin.py:120} INFO - [2022-11-11T01:40:10.107+0000] {dag.py:2585} INFO - Sync 1 DAGs
[2022-11-11T01:40:10.124+0000] {logging_mixin.py:120} INFO - [2022-11-11T01:40:10.124+0000] {dag.py:3340} INFO - Setting next_dagrun for tutorial_taskflow_api to None, run_after=None
[2022-11-11T01:40:10.142+0000] {processor.py:176} INFO - Processing /home/airflow/.local/lib/python3.7/site-packages/airflow/example_dags/tutorial_taskflow_api.py took 0.092 seconds
[2022-11-11T01:40:41.059+0000] {processor.py:154} INFO - Started process (PID=556) to work on /home/airflow/.local/lib/python3.7/site-packages/airflow/example_dags/tutorial_taskflow_api.py
[2022-11-11T01:40:41.061+0000] {processor.py:756} INFO - Processing file /home/airflow/.local/lib/python3.7/site-packages/airflow/example_dags/tutorial_taskflow_api.py for tasks to queue
[2022-11-11T01:40:41.064+0000] {logging_mixin.py:120} INFO - [2022-11-11T01:40:41.064+0000] {dagbag.py:537} INFO - Filling up the DagBag from /home/airflow/.local/lib/python3.7/site-packages/airflow/example_dags/tutorial_taskflow_api.py
[2022-11-11T01:40:41.078+0000] {processor.py:766} INFO - DAG(s) dict_keys(['tutorial_taskflow_api']) retrieved from /home/airflow/.local/lib/python3.7/site-packages/airflow/example_dags/tutorial_taskflow_api.py
[2022-11-11T01:40:41.111+0000] {logging_mixin.py:120} INFO - [2022-11-11T01:40:41.111+0000] {dag.py:2585} INFO - Sync 1 DAGs
[2022-11-11T01:40:41.129+0000] {logging_mixin.py:120} INFO - [2022-11-11T01:40:41.129+0000] {dag.py:3340} INFO - Setting next_dagrun for tutorial_taskflow_api to None, run_after=None
[2022-11-11T01:40:41.144+0000] {processor.py:176} INFO - Processing /home/airflow/.local/lib/python3.7/site-packages/airflow/example_dags/tutorial_taskflow_api.py took 0.087 seconds
[2022-11-11T01:41:11.265+0000] {processor.py:154} INFO - Started process (PID=620) to work on /home/airflow/.local/lib/python3.7/site-packages/airflow/example_dags/tutorial_taskflow_api.py
[2022-11-11T01:41:11.270+0000] {processor.py:756} INFO - Processing file /home/airflow/.local/lib/python3.7/site-packages/airflow/example_dags/tutorial_taskflow_api.py for tasks to queue
[2022-11-11T01:41:11.272+0000] {logging_mixin.py:120} INFO - [2022-11-11T01:41:11.272+0000] {dagbag.py:537} INFO - Filling up the DagBag from /home/airflow/.local/lib/python3.7/site-packages/airflow/example_dags/tutorial_taskflow_api.py
[2022-11-11T01:41:11.292+0000] {processor.py:766} INFO - DAG(s) dict_keys(['tutorial_taskflow_api']) retrieved from /home/airflow/.local/lib/python3.7/site-packages/airflow/example_dags/tutorial_taskflow_api.py
[2022-11-11T01:41:11.330+0000] {logging_mixin.py:120} INFO - [2022-11-11T01:41:11.330+0000] {dag.py:2585} INFO - Sync 1 DAGs
[2022-11-11T01:41:11.349+0000] {logging_mixin.py:120} INFO - [2022-11-11T01:41:11.349+0000] {dag.py:3340} INFO - Setting next_dagrun for tutorial_taskflow_api to None, run_after=None
[2022-11-11T01:41:11.363+0000] {processor.py:176} INFO - Processing /home/airflow/.local/lib/python3.7/site-packages/airflow/example_dags/tutorial_taskflow_api.py took 0.102 seconds
