[2022-11-11T01:36:31.243+0000] {processor.py:154} INFO - Started process (PID=43) to work on /home/airflow/.local/lib/python3.7/site-packages/airflow/example_dags/tutorial.py
[2022-11-11T01:36:31.245+0000] {processor.py:756} INFO - Processing file /home/airflow/.local/lib/python3.7/site-packages/airflow/example_dags/tutorial.py for tasks to queue
[2022-11-11T01:36:31.248+0000] {logging_mixin.py:120} INFO - [2022-11-11T01:36:31.248+0000] {dagbag.py:537} INFO - Filling up the DagBag from /home/airflow/.local/lib/python3.7/site-packages/airflow/example_dags/tutorial.py
[2022-11-11T01:36:31.277+0000] {processor.py:766} INFO - DAG(s) dict_keys(['tutorial']) retrieved from /home/airflow/.local/lib/python3.7/site-packages/airflow/example_dags/tutorial.py
[2022-11-11T01:36:31.397+0000] {logging_mixin.py:120} INFO - [2022-11-11T01:36:31.396+0000] {dag.py:2585} INFO - Sync 1 DAGs
[2022-11-11T01:36:31.445+0000] {logging_mixin.py:120} INFO - [2022-11-11T01:36:31.444+0000] {dag.py:3340} INFO - Setting next_dagrun for tutorial to 2022-11-10T01:36:31.444614+00:00, run_after=2022-11-11T01:36:31.444614+00:00
[2022-11-11T01:36:31.471+0000] {processor.py:176} INFO - Processing /home/airflow/.local/lib/python3.7/site-packages/airflow/example_dags/tutorial.py took 0.231 seconds
[2022-11-11T01:37:02.540+0000] {processor.py:154} INFO - Started process (PID=105) to work on /home/airflow/.local/lib/python3.7/site-packages/airflow/example_dags/tutorial.py
[2022-11-11T01:37:02.543+0000] {processor.py:756} INFO - Processing file /home/airflow/.local/lib/python3.7/site-packages/airflow/example_dags/tutorial.py for tasks to queue
[2022-11-11T01:37:02.545+0000] {logging_mixin.py:120} INFO - [2022-11-11T01:37:02.544+0000] {dagbag.py:537} INFO - Filling up the DagBag from /home/airflow/.local/lib/python3.7/site-packages/airflow/example_dags/tutorial.py
[2022-11-11T01:37:02.559+0000] {processor.py:766} INFO - DAG(s) dict_keys(['tutorial']) retrieved from /home/airflow/.local/lib/python3.7/site-packages/airflow/example_dags/tutorial.py
[2022-11-11T01:37:02.589+0000] {logging_mixin.py:120} INFO - [2022-11-11T01:37:02.589+0000] {dag.py:2585} INFO - Sync 1 DAGs
[2022-11-11T01:37:02.604+0000] {logging_mixin.py:120} INFO - [2022-11-11T01:37:02.604+0000] {dag.py:3340} INFO - Setting next_dagrun for tutorial to 2022-11-10T01:37:02.604708+00:00, run_after=2022-11-11T01:37:02.604708+00:00
[2022-11-11T01:37:02.617+0000] {processor.py:176} INFO - Processing /home/airflow/.local/lib/python3.7/site-packages/airflow/example_dags/tutorial.py took 0.079 seconds
[2022-11-11T01:37:33.372+0000] {processor.py:154} INFO - Started process (PID=169) to work on /home/airflow/.local/lib/python3.7/site-packages/airflow/example_dags/tutorial.py
[2022-11-11T01:37:33.374+0000] {processor.py:756} INFO - Processing file /home/airflow/.local/lib/python3.7/site-packages/airflow/example_dags/tutorial.py for tasks to queue
[2022-11-11T01:37:33.375+0000] {logging_mixin.py:120} INFO - [2022-11-11T01:37:33.375+0000] {dagbag.py:537} INFO - Filling up the DagBag from /home/airflow/.local/lib/python3.7/site-packages/airflow/example_dags/tutorial.py
[2022-11-11T01:37:33.387+0000] {processor.py:766} INFO - DAG(s) dict_keys(['tutorial']) retrieved from /home/airflow/.local/lib/python3.7/site-packages/airflow/example_dags/tutorial.py
[2022-11-11T01:37:33.421+0000] {logging_mixin.py:120} INFO - [2022-11-11T01:37:33.421+0000] {dag.py:2585} INFO - Sync 1 DAGs
[2022-11-11T01:37:33.438+0000] {logging_mixin.py:120} INFO - [2022-11-11T01:37:33.438+0000] {dag.py:3340} INFO - Setting next_dagrun for tutorial to 2022-11-10T01:37:33.438567+00:00, run_after=2022-11-11T01:37:33.438567+00:00
[2022-11-11T01:37:33.454+0000] {processor.py:176} INFO - Processing /home/airflow/.local/lib/python3.7/site-packages/airflow/example_dags/tutorial.py took 0.085 seconds
[2022-11-11T01:38:03.955+0000] {processor.py:154} INFO - Started process (PID=232) to work on /home/airflow/.local/lib/python3.7/site-packages/airflow/example_dags/tutorial.py
[2022-11-11T01:38:03.956+0000] {processor.py:756} INFO - Processing file /home/airflow/.local/lib/python3.7/site-packages/airflow/example_dags/tutorial.py for tasks to queue
[2022-11-11T01:38:03.959+0000] {logging_mixin.py:120} INFO - [2022-11-11T01:38:03.959+0000] {dagbag.py:537} INFO - Filling up the DagBag from /home/airflow/.local/lib/python3.7/site-packages/airflow/example_dags/tutorial.py
[2022-11-11T01:38:03.975+0000] {processor.py:766} INFO - DAG(s) dict_keys(['tutorial']) retrieved from /home/airflow/.local/lib/python3.7/site-packages/airflow/example_dags/tutorial.py
[2022-11-11T01:38:04.020+0000] {logging_mixin.py:120} INFO - [2022-11-11T01:38:04.020+0000] {dag.py:2585} INFO - Sync 1 DAGs
[2022-11-11T01:38:04.040+0000] {logging_mixin.py:120} INFO - [2022-11-11T01:38:04.040+0000] {dag.py:3340} INFO - Setting next_dagrun for tutorial to 2022-11-10T01:38:04.040502+00:00, run_after=2022-11-11T01:38:04.040502+00:00
[2022-11-11T01:38:04.060+0000] {processor.py:176} INFO - Processing /home/airflow/.local/lib/python3.7/site-packages/airflow/example_dags/tutorial.py took 0.109 seconds
[2022-11-11T01:38:34.614+0000] {processor.py:154} INFO - Started process (PID=286) to work on /home/airflow/.local/lib/python3.7/site-packages/airflow/example_dags/tutorial.py
[2022-11-11T01:38:34.616+0000] {processor.py:756} INFO - Processing file /home/airflow/.local/lib/python3.7/site-packages/airflow/example_dags/tutorial.py for tasks to queue
[2022-11-11T01:38:34.617+0000] {logging_mixin.py:120} INFO - [2022-11-11T01:38:34.617+0000] {dagbag.py:537} INFO - Filling up the DagBag from /home/airflow/.local/lib/python3.7/site-packages/airflow/example_dags/tutorial.py
[2022-11-11T01:38:34.629+0000] {processor.py:766} INFO - DAG(s) dict_keys(['tutorial']) retrieved from /home/airflow/.local/lib/python3.7/site-packages/airflow/example_dags/tutorial.py
[2022-11-11T01:38:34.666+0000] {logging_mixin.py:120} INFO - [2022-11-11T01:38:34.665+0000] {dag.py:2585} INFO - Sync 1 DAGs
[2022-11-11T01:38:34.685+0000] {logging_mixin.py:120} INFO - [2022-11-11T01:38:34.685+0000] {dag.py:3340} INFO - Setting next_dagrun for tutorial to 2022-11-10T01:38:34.685627+00:00, run_after=2022-11-11T01:38:34.685627+00:00
[2022-11-11T01:38:34.704+0000] {processor.py:176} INFO - Processing /home/airflow/.local/lib/python3.7/site-packages/airflow/example_dags/tutorial.py took 0.094 seconds
[2022-11-11T01:39:05.318+0000] {processor.py:154} INFO - Started process (PID=350) to work on /home/airflow/.local/lib/python3.7/site-packages/airflow/example_dags/tutorial.py
[2022-11-11T01:39:05.321+0000] {processor.py:756} INFO - Processing file /home/airflow/.local/lib/python3.7/site-packages/airflow/example_dags/tutorial.py for tasks to queue
[2022-11-11T01:39:05.322+0000] {logging_mixin.py:120} INFO - [2022-11-11T01:39:05.322+0000] {dagbag.py:537} INFO - Filling up the DagBag from /home/airflow/.local/lib/python3.7/site-packages/airflow/example_dags/tutorial.py
[2022-11-11T01:39:05.335+0000] {processor.py:766} INFO - DAG(s) dict_keys(['tutorial']) retrieved from /home/airflow/.local/lib/python3.7/site-packages/airflow/example_dags/tutorial.py
[2022-11-11T01:39:05.369+0000] {logging_mixin.py:120} INFO - [2022-11-11T01:39:05.369+0000] {dag.py:2585} INFO - Sync 1 DAGs
[2022-11-11T01:39:05.386+0000] {logging_mixin.py:120} INFO - [2022-11-11T01:39:05.386+0000] {dag.py:3340} INFO - Setting next_dagrun for tutorial to 2022-11-10T01:39:05.386634+00:00, run_after=2022-11-11T01:39:05.386634+00:00
[2022-11-11T01:39:05.404+0000] {processor.py:176} INFO - Processing /home/airflow/.local/lib/python3.7/site-packages/airflow/example_dags/tutorial.py took 0.089 seconds
[2022-11-11T01:39:36.064+0000] {processor.py:154} INFO - Started process (PID=412) to work on /home/airflow/.local/lib/python3.7/site-packages/airflow/example_dags/tutorial.py
[2022-11-11T01:39:36.066+0000] {processor.py:756} INFO - Processing file /home/airflow/.local/lib/python3.7/site-packages/airflow/example_dags/tutorial.py for tasks to queue
[2022-11-11T01:39:36.067+0000] {logging_mixin.py:120} INFO - [2022-11-11T01:39:36.067+0000] {dagbag.py:537} INFO - Filling up the DagBag from /home/airflow/.local/lib/python3.7/site-packages/airflow/example_dags/tutorial.py
[2022-11-11T01:39:36.080+0000] {processor.py:766} INFO - DAG(s) dict_keys(['tutorial']) retrieved from /home/airflow/.local/lib/python3.7/site-packages/airflow/example_dags/tutorial.py
[2022-11-11T01:39:36.109+0000] {logging_mixin.py:120} INFO - [2022-11-11T01:39:36.109+0000] {dag.py:2585} INFO - Sync 1 DAGs
[2022-11-11T01:39:36.126+0000] {logging_mixin.py:120} INFO - [2022-11-11T01:39:36.126+0000] {dag.py:3340} INFO - Setting next_dagrun for tutorial to 2022-11-10T01:39:36.126279+00:00, run_after=2022-11-11T01:39:36.126279+00:00
[2022-11-11T01:39:36.138+0000] {processor.py:176} INFO - Processing /home/airflow/.local/lib/python3.7/site-packages/airflow/example_dags/tutorial.py took 0.077 seconds
[2022-11-11T01:40:06.907+0000] {processor.py:154} INFO - Started process (PID=475) to work on /home/airflow/.local/lib/python3.7/site-packages/airflow/example_dags/tutorial.py
[2022-11-11T01:40:06.909+0000] {processor.py:756} INFO - Processing file /home/airflow/.local/lib/python3.7/site-packages/airflow/example_dags/tutorial.py for tasks to queue
[2022-11-11T01:40:06.910+0000] {logging_mixin.py:120} INFO - [2022-11-11T01:40:06.910+0000] {dagbag.py:537} INFO - Filling up the DagBag from /home/airflow/.local/lib/python3.7/site-packages/airflow/example_dags/tutorial.py
[2022-11-11T01:40:06.922+0000] {processor.py:766} INFO - DAG(s) dict_keys(['tutorial']) retrieved from /home/airflow/.local/lib/python3.7/site-packages/airflow/example_dags/tutorial.py
[2022-11-11T01:40:06.953+0000] {logging_mixin.py:120} INFO - [2022-11-11T01:40:06.953+0000] {dag.py:2585} INFO - Sync 1 DAGs
[2022-11-11T01:40:06.970+0000] {logging_mixin.py:120} INFO - [2022-11-11T01:40:06.969+0000] {dag.py:3340} INFO - Setting next_dagrun for tutorial to 2022-11-10T01:40:06.969721+00:00, run_after=2022-11-11T01:40:06.969721+00:00
[2022-11-11T01:40:06.982+0000] {processor.py:176} INFO - Processing /home/airflow/.local/lib/python3.7/site-packages/airflow/example_dags/tutorial.py took 0.079 seconds
[2022-11-11T01:40:37.530+0000] {processor.py:154} INFO - Started process (PID=537) to work on /home/airflow/.local/lib/python3.7/site-packages/airflow/example_dags/tutorial.py
[2022-11-11T01:40:37.532+0000] {processor.py:756} INFO - Processing file /home/airflow/.local/lib/python3.7/site-packages/airflow/example_dags/tutorial.py for tasks to queue
[2022-11-11T01:40:37.533+0000] {logging_mixin.py:120} INFO - [2022-11-11T01:40:37.533+0000] {dagbag.py:537} INFO - Filling up the DagBag from /home/airflow/.local/lib/python3.7/site-packages/airflow/example_dags/tutorial.py
[2022-11-11T01:40:37.544+0000] {processor.py:766} INFO - DAG(s) dict_keys(['tutorial']) retrieved from /home/airflow/.local/lib/python3.7/site-packages/airflow/example_dags/tutorial.py
[2022-11-11T01:40:37.574+0000] {logging_mixin.py:120} INFO - [2022-11-11T01:40:37.574+0000] {dag.py:2585} INFO - Sync 1 DAGs
[2022-11-11T01:40:37.590+0000] {logging_mixin.py:120} INFO - [2022-11-11T01:40:37.590+0000] {dag.py:3340} INFO - Setting next_dagrun for tutorial to 2022-11-10T01:40:37.589839+00:00, run_after=2022-11-11T01:40:37.589839+00:00
[2022-11-11T01:40:37.602+0000] {processor.py:176} INFO - Processing /home/airflow/.local/lib/python3.7/site-packages/airflow/example_dags/tutorial.py took 0.075 seconds
[2022-11-11T01:41:08.763+0000] {processor.py:154} INFO - Started process (PID=601) to work on /home/airflow/.local/lib/python3.7/site-packages/airflow/example_dags/tutorial.py
[2022-11-11T01:41:08.765+0000] {processor.py:756} INFO - Processing file /home/airflow/.local/lib/python3.7/site-packages/airflow/example_dags/tutorial.py for tasks to queue
[2022-11-11T01:41:08.766+0000] {logging_mixin.py:120} INFO - [2022-11-11T01:41:08.766+0000] {dagbag.py:537} INFO - Filling up the DagBag from /home/airflow/.local/lib/python3.7/site-packages/airflow/example_dags/tutorial.py
[2022-11-11T01:41:08.779+0000] {processor.py:766} INFO - DAG(s) dict_keys(['tutorial']) retrieved from /home/airflow/.local/lib/python3.7/site-packages/airflow/example_dags/tutorial.py
[2022-11-11T01:41:08.819+0000] {logging_mixin.py:120} INFO - [2022-11-11T01:41:08.819+0000] {dag.py:2585} INFO - Sync 1 DAGs
[2022-11-11T01:41:08.846+0000] {logging_mixin.py:120} INFO - [2022-11-11T01:41:08.845+0000] {dag.py:3340} INFO - Setting next_dagrun for tutorial to 2022-11-10T01:41:08.845482+00:00, run_after=2022-11-11T01:41:08.845482+00:00
[2022-11-11T01:41:08.874+0000] {processor.py:176} INFO - Processing /home/airflow/.local/lib/python3.7/site-packages/airflow/example_dags/tutorial.py took 0.114 seconds
